=== MANDELBROT STRONG SCALING TEST ===
Data: Wed Jul 23 11:22:28 PM CEST 2025
Nodo: epyc003.hpc.rd.areasciencepark.it
CPU disponibili: 128

Compilando mandelbrot...
Parametri test:
- Dimensioni: 6000x6000
- Max iterazioni: 500
- Thread testati: 128 configurazioni
- Output: results/omp_strong_scaling.csv

Inizio test strong scaling...
[1/128] Testing 1 threads...
  OMP_NUM_THREADS: 1
  OMP_PROC_BIND: close
  Run 1/3...
    ✓ Tempo: 9.018293
  Run 2/3...
    ✓ Tempo: 9.005278
  Run 3/3...
    ✓ Tempo: 9.002381
  ✓ Tempo medio: 9.008651 s (3 run validi)
[2/128] Testing 2 threads...
  OMP_NUM_THREADS: 2
  OMP_PROC_BIND: close
  Run 1/3...
    ✓ Tempo: 4.499165
  Run 2/3...
    ✓ Tempo: 4.493465
  Run 3/3...
    ✓ Tempo: 4.494076
  ✓ Tempo medio: 4.495569 s (3 run validi)
[3/128] Testing 3 threads...
  OMP_NUM_THREADS: 3
  OMP_PROC_BIND: close
  Run 1/3...
    ✓ Tempo: 3.282913
  Run 2/3...
    ✓ Tempo: 3.277603
  Run 3/3...
    ✓ Tempo: 3.277305
  ✓ Tempo medio: 3.279274 s (3 run validi)
[4/128] Testing 4 threads...
  OMP_NUM_THREADS: 4
  OMP_PROC_BIND: close
  Run 1/3...
    ✓ Tempo: 2.629581
  Run 2/3...
    ✓ Tempo: 2.633007
  Run 3/3...
    ✓ Tempo: 2.630090
  ✓ Tempo medio: 2.630893 s (3 run validi)
[5/128] Testing 5 threads...
  OMP_NUM_THREADS: 5
  OMP_PROC_BIND: close
  Run 1/3...
    ✓ Tempo: 2.218896
  Run 2/3...
    ✓ Tempo: 2.222982
  Run 3/3...
    ✓ Tempo: 2.220614
  ✓ Tempo medio: 2.220831 s (3 run validi)
[6/128] Testing 6 threads...
  OMP_NUM_THREADS: 6
  OMP_PROC_BIND: close
  Run 1/3...
    ✓ Tempo: 1.887446
  Run 2/3...
    ✓ Tempo: 1.885765
  Run 3/3...
    ✓ Tempo: 1.890448
  ✓ Tempo medio: 1.887886 s (3 run validi)
[7/128] Testing 7 threads...
  OMP_NUM_THREADS: 7
  OMP_PROC_BIND: close
  Run 1/3...
    ✓ Tempo: 1.637538
  Run 2/3...
    ✓ Tempo: 1.642109
  Run 3/3...
    ✓ Tempo: 1.637690
  ✓ Tempo medio: 1.639112 s (3 run validi)
[8/128] Testing 8 threads...
  OMP_NUM_THREADS: 8
  OMP_PROC_BIND: close
  Run 1/3...
    ✓ Tempo: 1.443876
  Run 2/3...
    ✓ Tempo: 1.447661
  Run 3/3...
    ✓ Tempo: 1.445151
  ✓ Tempo medio: 1.445563 s (3 run validi)
[9/128] Testing 9 threads...
  OMP_NUM_THREADS: 9
  OMP_PROC_BIND: close
  Run 1/3...
    ✓ Tempo: 1.040587
  Run 2/3...
    ✓ Tempo: 1.041682
  Run 3/3...
    ✓ Tempo: 1.043572
  ✓ Tempo medio: 1.041947 s (3 run validi)
[10/128] Testing 10 threads...
  OMP_NUM_THREADS: 10
  OMP_PROC_BIND: close
  Run 1/3...
    ✓ Tempo: 0.940777
  Run 2/3...
    ✓ Tempo: 0.941323
  Run 3/3...
    ✓ Tempo: 0.939713
  ✓ Tempo medio: 0.940604 s (3 run validi)
[11/128] Testing 11 threads...
  OMP_NUM_THREADS: 11
  OMP_PROC_BIND: close
  Run 1/3...
    ✓ Tempo: 0.855021
  Run 2/3...
    ✓ Tempo: 0.854400
  Run 3/3...
    ✓ Tempo: 0.854729
  ✓ Tempo medio: 0.854717 s (3 run validi)
[12/128] Testing 12 threads...
  OMP_NUM_THREADS: 12
  OMP_PROC_BIND: close
  Run 1/3...
    ✓ Tempo: 0.787768
  Run 2/3...
    ✓ Tempo: 0.786044
  Run 3/3...
    ✓ Tempo: 0.785938
  ✓ Tempo medio: 0.786583 s (3 run validi)
[13/128] Testing 13 threads...
  OMP_NUM_THREADS: 13
  OMP_PROC_BIND: close
  Run 1/3...
    ✓ Tempo: 0.726377
  Run 2/3...
    ✓ Tempo: 0.725237
  Run 3/3...
    ✓ Tempo: 0.726320
  ✓ Tempo medio: 0.725978 s (3 run validi)
[14/128] Testing 14 threads...
  OMP_NUM_THREADS: 14
  OMP_PROC_BIND: close
  Run 1/3...
    ✓ Tempo: 0.674018
  Run 2/3...
    ✓ Tempo: 0.675477
  Run 3/3...
    ✓ Tempo: 0.674780
  ✓ Tempo medio: 0.674758 s (3 run validi)
[15/128] Testing 15 threads...
  OMP_NUM_THREADS: 15
  OMP_PROC_BIND: close
  Run 1/3...
    ✓ Tempo: 0.627282
  Run 2/3...
    ✓ Tempo: 0.627891
  Run 3/3...
    ✓ Tempo: 0.628082
  ✓ Tempo medio: 0.627752 s (3 run validi)
[16/128] Testing 16 threads...
  OMP_NUM_THREADS: 16
  OMP_PROC_BIND: close
  Run 1/3...
    ✓ Tempo: 0.587982
  Run 2/3...
    ✓ Tempo: 0.587492
  Run 3/3...
    ✓ Tempo: 0.586924
  ✓ Tempo medio: 0.587466 s (3 run validi)
[17/128] Testing 17 threads...
  OMP_NUM_THREADS: 17
  OMP_PROC_BIND: close
  Run 1/3...
    ✓ Tempo: 0.552345
  Run 2/3...
    ✓ Tempo: 0.553675
  Run 3/3...
    ✓ Tempo: 0.554327
  ✓ Tempo medio: 0.553449 s (3 run validi)
[18/128] Testing 18 threads...
  OMP_NUM_THREADS: 18
  OMP_PROC_BIND: close
  Run 1/3...
    ✓ Tempo: 0.522193
  Run 2/3...
    ✓ Tempo: 0.522379
  Run 3/3...
    ✓ Tempo: 0.522179
  ✓ Tempo medio: 0.522250 s (3 run validi)
[19/128] Testing 19 threads...
  OMP_NUM_THREADS: 19
  OMP_PROC_BIND: close
  Run 1/3...
    ✓ Tempo: 0.505518
  Run 2/3...
    ✓ Tempo: 0.505226
  Run 3/3...
    ✓ Tempo: 0.504968
  ✓ Tempo medio: 0.505237 s (3 run validi)
[20/128] Testing 20 threads...
  OMP_NUM_THREADS: 20
  OMP_PROC_BIND: close
  Run 1/3...
    ✓ Tempo: 0.473067
  Run 2/3...
    ✓ Tempo: 0.472647
  Run 3/3...
    ✓ Tempo: 0.472575
  ✓ Tempo medio: 0.472763 s (3 run validi)
[21/128] Testing 21 threads...
  OMP_NUM_THREADS: 21
  OMP_PROC_BIND: close
  Run 1/3...
    ✓ Tempo: 0.447959
  Run 2/3...
    ✓ Tempo: 0.448365
  Run 3/3...
    ✓ Tempo: 0.448145
  ✓ Tempo medio: 0.448156 s (3 run validi)
[22/128] Testing 22 threads...
  OMP_NUM_THREADS: 22
  OMP_PROC_BIND: close
  Run 1/3...
    ✓ Tempo: 0.428934
  Run 2/3...
    ✓ Tempo: 0.428892
  Run 3/3...
    ✓ Tempo: 0.429007
  ✓ Tempo medio: 0.428944 s (3 run validi)
[23/128] Testing 23 threads...
  OMP_NUM_THREADS: 23
  OMP_PROC_BIND: close
  Run 1/3...
    ✓ Tempo: 0.410249
  Run 2/3...
    ✓ Tempo: 0.409726
  Run 3/3...
    ✓ Tempo: 0.410085
  ✓ Tempo medio: 0.410020 s (3 run validi)
[24/128] Testing 24 threads...
  OMP_NUM_THREADS: 24
  OMP_PROC_BIND: close
  Run 1/3...
    ✓ Tempo: 0.397971
  Run 2/3...
    ✓ Tempo: 0.398059
  Run 3/3...
    ✓ Tempo: 0.398718
  ✓ Tempo medio: 0.398249 s (3 run validi)
[25/128] Testing 25 threads...
  OMP_NUM_THREADS: 25
  OMP_PROC_BIND: close
  Run 1/3...
    ✓ Tempo: 0.378269
  Run 2/3...
    ✓ Tempo: 0.378398
  Run 3/3...
    ✓ Tempo: 0.378224
  ✓ Tempo medio: 0.378297 s (3 run validi)
[26/128] Testing 26 threads...
  OMP_NUM_THREADS: 26
  OMP_PROC_BIND: close
  Run 1/3...
    ✓ Tempo: 0.371843
  Run 2/3...
    ✓ Tempo: 0.372457
  Run 3/3...
    ✓ Tempo: 0.371912
  ✓ Tempo medio: 0.372071 s (3 run validi)
[27/128] Testing 27 threads...
  OMP_NUM_THREADS: 27
  OMP_PROC_BIND: close
  Run 1/3...
    ✓ Tempo: 0.356836
  Run 2/3...
    ✓ Tempo: 0.356393
  Run 3/3...
    ✓ Tempo: 0.356530
  ✓ Tempo medio: 0.356586 s (3 run validi)
[28/128] Testing 28 threads...
  OMP_NUM_THREADS: 28
  OMP_PROC_BIND: close
  Run 1/3...
    ✓ Tempo: 0.345047
  Run 2/3...
    ✓ Tempo: 0.344605
  Run 3/3...
    ✓ Tempo: 0.344738
  ✓ Tempo medio: 0.344797 s (3 run validi)
[29/128] Testing 29 threads...
  OMP_NUM_THREADS: 29
  OMP_PROC_BIND: close
  Run 1/3...
    ✓ Tempo: 0.334428
  Run 2/3...
    ✓ Tempo: 0.333644
  Run 3/3...
    ✓ Tempo: 0.333534
  ✓ Tempo medio: 0.333869 s (3 run validi)
[30/128] Testing 30 threads...
  OMP_NUM_THREADS: 30
  OMP_PROC_BIND: close
  Run 1/3...
    ✓ Tempo: 0.315569
  Run 2/3...
    ✓ Tempo: 0.315565
  Run 3/3...
    ✓ Tempo: 0.315516
  ✓ Tempo medio: 0.315550 s (3 run validi)
[31/128] Testing 31 threads...
  OMP_NUM_THREADS: 31
  OMP_PROC_BIND: close
  Run 1/3...
    ✓ Tempo: 0.309213
  Run 2/3...
    ✓ Tempo: 0.309667
  Run 3/3...
    ✓ Tempo: 0.371355
  ✓ Tempo medio: 0.330078 s (3 run validi)
[32/128] Testing 32 threads...
  OMP_NUM_THREADS: 32
  OMP_PROC_BIND: close
  Run 1/3...
    ✓ Tempo: 0.301686
  Run 2/3...
    ✓ Tempo: 0.300913
  Run 3/3...
    ✓ Tempo: 0.300565
  ✓ Tempo medio: 0.301055 s (3 run validi)
[33/128] Testing 33 threads...
  OMP_NUM_THREADS: 33
  OMP_PROC_BIND: spread
  Run 1/3...
    ✓ Tempo: 0.280973
  Run 2/3...
    ✓ Tempo: 0.281250
  Run 3/3...
    ✓ Tempo: 0.281176
  ✓ Tempo medio: 0.281133 s (3 run validi)
[34/128] Testing 34 threads...
  OMP_NUM_THREADS: 34
  OMP_PROC_BIND: spread
  Run 1/3...
    ✓ Tempo: 0.270895
  Run 2/3...
    ✓ Tempo: 0.270688
  Run 3/3...
    ✓ Tempo: 0.270801
  ✓ Tempo medio: 0.270795 s (3 run validi)
[35/128] Testing 35 threads...
  OMP_NUM_THREADS: 35
  OMP_PROC_BIND: spread
  Run 1/3...
    ✓ Tempo: 0.264908
  Run 2/3...
    ✓ Tempo: 0.265007
  Run 3/3...
    ✓ Tempo: 0.264619
  ✓ Tempo medio: 0.264845 s (3 run validi)
[36/128] Testing 36 threads...
  OMP_NUM_THREADS: 36
  OMP_PROC_BIND: spread
  Run 1/3...
    ✓ Tempo: 0.257713
  Run 2/3...
    ✓ Tempo: 0.257643
  Run 3/3...
    ✓ Tempo: 0.257601
  ✓ Tempo medio: 0.257652 s (3 run validi)
[37/128] Testing 37 threads...
  OMP_NUM_THREADS: 37
  OMP_PROC_BIND: spread
  Run 1/3...
    ✓ Tempo: 0.249834
  Run 2/3...
    ✓ Tempo: 0.249987
  Run 3/3...
    ✓ Tempo: 0.250270
  ✓ Tempo medio: 0.250030 s (3 run validi)
[38/128] Testing 38 threads...
  OMP_NUM_THREADS: 38
  OMP_PROC_BIND: spread
  Run 1/3...
    ✓ Tempo: 0.244408
  Run 2/3...
    ✓ Tempo: 0.244441
  Run 3/3...
    ✓ Tempo: 0.244596
  ✓ Tempo medio: 0.244482 s (3 run validi)
[39/128] Testing 39 threads...
  OMP_NUM_THREADS: 39
  OMP_PROC_BIND: spread
  Run 1/3...
    ✓ Tempo: 0.236907
  Run 2/3...
    ✓ Tempo: 0.237022
  Run 3/3...
    ✓ Tempo: 0.237053
  ✓ Tempo medio: 0.236994 s (3 run validi)
[40/128] Testing 40 threads...
  OMP_NUM_THREADS: 40
  OMP_PROC_BIND: spread
  Run 1/3...
    ✓ Tempo: 0.232259
  Run 2/3...
    ✓ Tempo: 0.232072
  Run 3/3...
    ✓ Tempo: 0.231884
  ✓ Tempo medio: 0.232072 s (3 run validi)
[41/128] Testing 41 threads...
  OMP_NUM_THREADS: 41
  OMP_PROC_BIND: spread
  Run 1/3...
    ✓ Tempo: 0.226571
  Run 2/3...
    ✓ Tempo: 0.226495
  Run 3/3...
    ✓ Tempo: 0.226355
  ✓ Tempo medio: 0.226474 s (3 run validi)
[42/128] Testing 42 threads...
  OMP_NUM_THREADS: 42
  OMP_PROC_BIND: spread
  Run 1/3...
    ✓ Tempo: 0.220598
  Run 2/3...
    ✓ Tempo: 0.220493
  Run 3/3...
    ✓ Tempo: 0.220517
  ✓ Tempo medio: 0.220536 s (3 run validi)
[43/128] Testing 43 threads...
  OMP_NUM_THREADS: 43
  OMP_PROC_BIND: spread
  Run 1/3...
    ✓ Tempo: 0.216615
  Run 2/3...
    ✓ Tempo: 0.216383
  Run 3/3...
    ✓ Tempo: 0.216546
  ✓ Tempo medio: 0.216515 s (3 run validi)
[44/128] Testing 44 threads...
  OMP_NUM_THREADS: 44
  OMP_PROC_BIND: spread
  Run 1/3...
    ✓ Tempo: 0.210021
  Run 2/3...
    ✓ Tempo: 0.210410
  Run 3/3...
    ✓ Tempo: 0.211077
  ✓ Tempo medio: 0.210503 s (3 run validi)
[45/128] Testing 45 threads...
  OMP_NUM_THREADS: 45
  OMP_PROC_BIND: spread
  Run 1/3...
    ✓ Tempo: 0.207103
  Run 2/3...
    ✓ Tempo: 0.206415
  Run 3/3...
    ✓ Tempo: 0.207004
  ✓ Tempo medio: 0.206841 s (3 run validi)
[46/128] Testing 46 threads...
  OMP_NUM_THREADS: 46
  OMP_PROC_BIND: spread
  Run 1/3...
    ✓ Tempo: 0.201906
  Run 2/3...
    ✓ Tempo: 0.202476
  Run 3/3...
    ✓ Tempo: 0.202626
  ✓ Tempo medio: 0.202336 s (3 run validi)
[47/128] Testing 47 threads...
  OMP_NUM_THREADS: 47
  OMP_PROC_BIND: spread
  Run 1/3...
    ✓ Tempo: 0.198829
  Run 2/3...
    ✓ Tempo: 0.198042
  Run 3/3...
    ✓ Tempo: 0.197581
  ✓ Tempo medio: 0.198151 s (3 run validi)
[48/128] Testing 48 threads...
  OMP_NUM_THREADS: 48
  OMP_PROC_BIND: spread
  Run 1/3...
    ✓ Tempo: 0.194240
  Run 2/3...
    ✓ Tempo: 0.194424
  Run 3/3...
    ✓ Tempo: 0.194281
  ✓ Tempo medio: 0.194315 s (3 run validi)
[49/128] Testing 49 threads...
  OMP_NUM_THREADS: 49
  OMP_PROC_BIND: spread
  Run 1/3...
    ✓ Tempo: 0.190095
  Run 2/3...
    ✓ Tempo: 0.190395
  Run 3/3...
    ✓ Tempo: 0.190684
  ✓ Tempo medio: 0.190391 s (3 run validi)
[50/128] Testing 50 threads...
  OMP_NUM_THREADS: 50
  OMP_PROC_BIND: spread
  Run 1/3...
    ✓ Tempo: 0.185771
  Run 2/3...
    ✓ Tempo: 0.186090
  Run 3/3...
    ✓ Tempo: 0.185661
  ✓ Tempo medio: 0.185841 s (3 run validi)
[51/128] Testing 51 threads...
  OMP_NUM_THREADS: 51
  OMP_PROC_BIND: spread
  Run 1/3...
    ✓ Tempo: 0.182961
  Run 2/3...
    ✓ Tempo: 0.182705
  Run 3/3...
    ✓ Tempo: 0.182740
  ✓ Tempo medio: 0.182802 s (3 run validi)
[52/128] Testing 52 threads...
  OMP_NUM_THREADS: 52
  OMP_PROC_BIND: spread
  Run 1/3...
    ✓ Tempo: 0.180409
  Run 2/3...
    ✓ Tempo: 0.180261
  Run 3/3...
    ✓ Tempo: 0.180067
  ✓ Tempo medio: 0.180246 s (3 run validi)
[53/128] Testing 53 threads...
  OMP_NUM_THREADS: 53
  OMP_PROC_BIND: spread
  Run 1/3...
    ✓ Tempo: 0.176082
  Run 2/3...
    ✓ Tempo: 0.176024
  Run 3/3...
    ✓ Tempo: 0.176270
  ✓ Tempo medio: 0.176125 s (3 run validi)
[54/128] Testing 54 threads...
  OMP_NUM_THREADS: 54
  OMP_PROC_BIND: spread
  Run 1/3...
    ✓ Tempo: 0.174358
  Run 2/3...
    ✓ Tempo: 0.174380
  Run 3/3...
    ✓ Tempo: 0.174002
  ✓ Tempo medio: 0.174247 s (3 run validi)
[55/128] Testing 55 threads...
  OMP_NUM_THREADS: 55
  OMP_PROC_BIND: spread
  Run 1/3...
    ✓ Tempo: 0.169875
  Run 2/3...
    ✓ Tempo: 0.170078
  Run 3/3...
    ✓ Tempo: 0.170118
  ✓ Tempo medio: 0.170024 s (3 run validi)
[56/128] Testing 56 threads...
  OMP_NUM_THREADS: 56
  OMP_PROC_BIND: spread
  Run 1/3...
    ✓ Tempo: 0.167478
  Run 2/3...
    ✓ Tempo: 0.167974
  Run 3/3...
    ✓ Tempo: 0.167636
  ✓ Tempo medio: 0.167696 s (3 run validi)
[57/128] Testing 57 threads...
  OMP_NUM_THREADS: 57
  OMP_PROC_BIND: spread
  Run 1/3...
    ✓ Tempo: 0.164389
  Run 2/3...
    ✓ Tempo: 0.164092
  Run 3/3...
    ✓ Tempo: 0.164160
  ✓ Tempo medio: 0.164214 s (3 run validi)
[58/128] Testing 58 threads...
  OMP_NUM_THREADS: 58
  OMP_PROC_BIND: spread
  Run 1/3...
    ✓ Tempo: 0.163476
  Run 2/3...
    ✓ Tempo: 0.163261
  Run 3/3...
    ✓ Tempo: 0.163819
  ✓ Tempo medio: 0.163519 s (3 run validi)
[59/128] Testing 59 threads...
  OMP_NUM_THREADS: 59
  OMP_PROC_BIND: spread
  Run 1/3...
    ✓ Tempo: 0.158343
  Run 2/3...
    ✓ Tempo: 0.158139
  Run 3/3...
    ✓ Tempo: 0.158046
  ✓ Tempo medio: 0.158176 s (3 run validi)
[60/128] Testing 60 threads...
  OMP_NUM_THREADS: 60
  OMP_PROC_BIND: spread
  Run 1/3...
    ✓ Tempo: 0.156885
  Run 2/3...
    ✓ Tempo: 0.156667
  Run 3/3...
    ✓ Tempo: 0.156852
  ✓ Tempo medio: 0.156801 s (3 run validi)
[61/128] Testing 61 threads...
  OMP_NUM_THREADS: 61
  OMP_PROC_BIND: spread
  Run 1/3...
    ✓ Tempo: 0.154010
  Run 2/3...
    ✓ Tempo: 0.154324
  Run 3/3...
    ✓ Tempo: 0.154664
  ✓ Tempo medio: 0.154333 s (3 run validi)
[62/128] Testing 62 threads...
  OMP_NUM_THREADS: 62
  OMP_PROC_BIND: spread
  Run 1/3...
    ✓ Tempo: 0.151373
  Run 2/3...
    ✓ Tempo: 0.150833
  Run 3/3...
    ✓ Tempo: 0.151157
  ✓ Tempo medio: 0.151121 s (3 run validi)
[63/128] Testing 63 threads...
  OMP_NUM_THREADS: 63
  OMP_PROC_BIND: spread
  Run 1/3...
    ✓ Tempo: 0.150636
  Run 2/3...
    ✓ Tempo: 0.150359
  Run 3/3...
    ✓ Tempo: 0.150366
  ✓ Tempo medio: 0.150454 s (3 run validi)
[64/128] Testing 64 threads...
  OMP_NUM_THREADS: 64
  OMP_PROC_BIND: spread
  Run 1/3...
    ✓ Tempo: 0.200764
  Run 2/3...
    ✓ Tempo: 0.200277
  Run 3/3...
    ✓ Tempo: 0.200524
  ✓ Tempo medio: 0.200522 s (3 run validi)
[65/128] Testing 65 threads...
  OMP_NUM_THREADS: 65
  OMP_PROC_BIND: spread
  Run 1/3...
    ✓ Tempo: 0.196781
  Run 2/3...
    ✓ Tempo: 0.196924
  Run 3/3...
    ✓ Tempo: 0.197153
  ✓ Tempo medio: 0.196953 s (3 run validi)
[66/128] Testing 66 threads...
  OMP_NUM_THREADS: 66
  OMP_PROC_BIND: spread
  Run 1/3...
    ✓ Tempo: 0.195341
  Run 2/3...
    ✓ Tempo: 0.195108
  Run 3/3...
    ✓ Tempo: 0.195059
  ✓ Tempo medio: 0.195169 s (3 run validi)
[67/128] Testing 67 threads...
  OMP_NUM_THREADS: 67
  OMP_PROC_BIND: spread
  Run 1/3...
    ✓ Tempo: 0.192996
  Run 2/3...
    ✓ Tempo: 0.193061
  Run 3/3...
    ✓ Tempo: 0.193248
  ✓ Tempo medio: 0.193102 s (3 run validi)
[68/128] Testing 68 threads...
  OMP_NUM_THREADS: 68
  OMP_PROC_BIND: spread
  Run 1/3...
    ✓ Tempo: 0.190813
  Run 2/3...
    ✓ Tempo: 0.190862
  Run 3/3...
    ✓ Tempo: 0.190990
  ✓ Tempo medio: 0.190888 s (3 run validi)
[69/128] Testing 69 threads...
  OMP_NUM_THREADS: 69
  OMP_PROC_BIND: spread
  Run 1/3...
    ✓ Tempo: 0.188620
  Run 2/3...
    ✓ Tempo: 0.188494
  Run 3/3...
    ✓ Tempo: 0.188632
  ✓ Tempo medio: 0.188582 s (3 run validi)
[70/128] Testing 70 threads...
  OMP_NUM_THREADS: 70
  OMP_PROC_BIND: spread
  Run 1/3...
    ✓ Tempo: 0.182932
  Run 2/3...
    ✓ Tempo: 0.183352
  Run 3/3...
    ✓ Tempo: 0.183234
  ✓ Tempo medio: 0.183173 s (3 run validi)
[71/128] Testing 71 threads...
  OMP_NUM_THREADS: 71
  OMP_PROC_BIND: spread
  Run 1/3...
    ✓ Tempo: 0.181654
  Run 2/3...
    ✓ Tempo: 0.181559
  Run 3/3...
    ✓ Tempo: 0.181448
  ✓ Tempo medio: 0.181554 s (3 run validi)
[72/128] Testing 72 threads...
  OMP_NUM_THREADS: 72
  OMP_PROC_BIND: spread
  Run 1/3...
    ✓ Tempo: 0.179312
  Run 2/3...
    ✓ Tempo: 0.179242
  Run 3/3...
    ✓ Tempo: 0.178937
  ✓ Tempo medio: 0.179164 s (3 run validi)
[73/128] Testing 73 threads...
  OMP_NUM_THREADS: 73
  OMP_PROC_BIND: spread
  Run 1/3...
    ✓ Tempo: 0.177712
  Run 2/3...
    ✓ Tempo: 0.177436
  Run 3/3...
    ✓ Tempo: 0.177254
  ✓ Tempo medio: 0.177467 s (3 run validi)
[74/128] Testing 74 threads...
  OMP_NUM_THREADS: 74
  OMP_PROC_BIND: spread
  Run 1/3...
    ✓ Tempo: 0.174857
  Run 2/3...
    ✓ Tempo: 0.174815
  Run 3/3...
    ✓ Tempo: 0.175038
  ✓ Tempo medio: 0.174903 s (3 run validi)
[75/128] Testing 75 threads...
  OMP_NUM_THREADS: 75
  OMP_PROC_BIND: spread
  Run 1/3...
    ✓ Tempo: 0.172856
  Run 2/3...
    ✓ Tempo: 0.172731
  Run 3/3...
    ✓ Tempo: 0.172706
  ✓ Tempo medio: 0.172764 s (3 run validi)
[76/128] Testing 76 threads...
  OMP_NUM_THREADS: 76
  OMP_PROC_BIND: spread
  Run 1/3...
    ✓ Tempo: 0.170920
  Run 2/3...
    ✓ Tempo: 0.170995
  Run 3/3...
    ✓ Tempo: 0.171070
  ✓ Tempo medio: 0.170995 s (3 run validi)
[77/128] Testing 77 threads...
  OMP_NUM_THREADS: 77
  OMP_PROC_BIND: spread
  Run 1/3...
    ✓ Tempo: 0.168311
  Run 2/3...
    ✓ Tempo: 0.168676
  Run 3/3...
    ✓ Tempo: 0.168549
  ✓ Tempo medio: 0.168512 s (3 run validi)
[78/128] Testing 78 threads...
  OMP_NUM_THREADS: 78
  OMP_PROC_BIND: spread
  Run 1/3...
    ✓ Tempo: 0.166897
  Run 2/3...
    ✓ Tempo: 0.167163
  Run 3/3...
    ✓ Tempo: 0.167149
  ✓ Tempo medio: 0.167070 s (3 run validi)
[79/128] Testing 79 threads...
  OMP_NUM_THREADS: 79
  OMP_PROC_BIND: spread
  Run 1/3...
    ✓ Tempo: 0.164297
  Run 2/3...
    ✓ Tempo: 0.164349
  Run 3/3...
    ✓ Tempo: 0.164194
  ✓ Tempo medio: 0.164280 s (3 run validi)
[80/128] Testing 80 threads...
  OMP_NUM_THREADS: 80
  OMP_PROC_BIND: spread
  Run 1/3...
    ✓ Tempo: 0.162638
  Run 2/3...
    ✓ Tempo: 0.163382
  Run 3/3...
    ✓ Tempo: 0.162933
  ✓ Tempo medio: 0.162984 s (3 run validi)
[81/128] Testing 81 threads...
  OMP_NUM_THREADS: 81
  OMP_PROC_BIND: spread
  Run 1/3...
    ✓ Tempo: 0.160277
  Run 2/3...
    ✓ Tempo: 0.160054
  Run 3/3...
    ✓ Tempo: 0.160038
  ✓ Tempo medio: 0.160123 s (3 run validi)
[82/128] Testing 82 threads...
  OMP_NUM_THREADS: 82
  OMP_PROC_BIND: spread
  Run 1/3...
    ✓ Tempo: 0.159115
  Run 2/3...
    ✓ Tempo: 0.158683
  Run 3/3...
    ✓ Tempo: 0.158766
  ✓ Tempo medio: 0.158855 s (3 run validi)
[83/128] Testing 83 threads...
  OMP_NUM_THREADS: 83
  OMP_PROC_BIND: spread
  Run 1/3...
    ✓ Tempo: 0.156219
  Run 2/3...
    ✓ Tempo: 0.156641
  Run 3/3...
    ✓ Tempo: 0.156246
  ✓ Tempo medio: 0.156369 s (3 run validi)
[84/128] Testing 84 threads...
  OMP_NUM_THREADS: 84
  OMP_PROC_BIND: spread
  Run 1/3...
    ✓ Tempo: 0.154890
  Run 2/3...
    ✓ Tempo: 0.154551
  Run 3/3...
    ✓ Tempo: 0.154522
  ✓ Tempo medio: 0.154654 s (3 run validi)
[85/128] Testing 85 threads...
  OMP_NUM_THREADS: 85
  OMP_PROC_BIND: spread
  Run 1/3...
    ✓ Tempo: 0.153186
  Run 2/3...
    ✓ Tempo: 0.153343
  Run 3/3...
    ✓ Tempo: 0.153114
  ✓ Tempo medio: 0.153214 s (3 run validi)
[86/128] Testing 86 threads...
  OMP_NUM_THREADS: 86
  OMP_PROC_BIND: spread
  Run 1/3...
    ✓ Tempo: 0.153322
  Run 2/3...
    ✓ Tempo: 0.153257
  Run 3/3...
    ✓ Tempo: 0.153228
  ✓ Tempo medio: 0.153269 s (3 run validi)
[87/128] Testing 87 threads...
  OMP_NUM_THREADS: 87
  OMP_PROC_BIND: spread
  Run 1/3...
    ✓ Tempo: 0.149512
  Run 2/3...
    ✓ Tempo: 0.149590
  Run 3/3...
    ✓ Tempo: 0.149582
  ✓ Tempo medio: 0.149561 s (3 run validi)
[88/128] Testing 88 threads...
  OMP_NUM_THREADS: 88
  OMP_PROC_BIND: spread
  Run 1/3...
    ✓ Tempo: 0.149078
  Run 2/3...
    ✓ Tempo: 0.149447
  Run 3/3...
    ✓ Tempo: 0.149319
  ✓ Tempo medio: 0.149281 s (3 run validi)
[89/128] Testing 89 threads...
  OMP_NUM_THREADS: 89
  OMP_PROC_BIND: spread
  Run 1/3...
    ✓ Tempo: 0.147903
  Run 2/3...
    ✓ Tempo: 0.148107
  Run 3/3...
    ✓ Tempo: 0.147755
  ✓ Tempo medio: 0.147922 s (3 run validi)
[90/128] Testing 90 threads...
  OMP_NUM_THREADS: 90
  OMP_PROC_BIND: spread
  Run 1/3...
    ✓ Tempo: 0.145584
  Run 2/3...
    ✓ Tempo: 0.145441
  Run 3/3...
    ✓ Tempo: 0.145416
  ✓ Tempo medio: 0.145480 s (3 run validi)
[91/128] Testing 91 threads...
  OMP_NUM_THREADS: 91
  OMP_PROC_BIND: spread
  Run 1/3...
    ✓ Tempo: 0.144137
  Run 2/3...
    ✓ Tempo: 0.144042
  Run 3/3...
    ✓ Tempo: 0.144059
  ✓ Tempo medio: 0.144079 s (3 run validi)
[92/128] Testing 92 threads...
  OMP_NUM_THREADS: 92
  OMP_PROC_BIND: spread
  Run 1/3...
    ✓ Tempo: 0.141482
  Run 2/3...
    ✓ Tempo: 0.141633
  Run 3/3...
    ✓ Tempo: 0.141718
  ✓ Tempo medio: 0.141611 s (3 run validi)
[93/128] Testing 93 threads...
  OMP_NUM_THREADS: 93
  OMP_PROC_BIND: spread
  Run 1/3...
    ✓ Tempo: 0.142281
  Run 2/3...
    ✓ Tempo: 0.141941
  Run 3/3...
    ✓ Tempo: 0.141898
  ✓ Tempo medio: 0.142040 s (3 run validi)
[94/128] Testing 94 threads...
  OMP_NUM_THREADS: 94
  OMP_PROC_BIND: spread
  Run 1/3...
    ✓ Tempo: 0.139495
  Run 2/3...
    ✓ Tempo: 0.139530
  Run 3/3...
    ✓ Tempo: 0.139467
  ✓ Tempo medio: 0.139497 s (3 run validi)
[95/128] Testing 95 threads...
  OMP_NUM_THREADS: 95
  OMP_PROC_BIND: spread
  Run 1/3...
    ✓ Tempo: 0.138439
  Run 2/3...
    ✓ Tempo: 0.138612
  Run 3/3...
    ✓ Tempo: 0.138537
  ✓ Tempo medio: 0.138529 s (3 run validi)
[96/128] Testing 96 threads...
  OMP_NUM_THREADS: 96
  OMP_PROC_BIND: spread
  Run 1/3...
    ✓ Tempo: 0.137570
  Run 2/3...
    ✓ Tempo: 0.137482
  Run 3/3...
    ✓ Tempo: 0.150378
  ✓ Tempo medio: 0.141810 s (3 run validi)
[97/128] Testing 97 threads...
  OMP_NUM_THREADS: 97
  OMP_PROC_BIND: spread
  Run 1/3...
    ✓ Tempo: 0.135565
  Run 2/3...
    ✓ Tempo: 0.135000
  Run 3/3...
    ✓ Tempo: 0.135225
  ✓ Tempo medio: 0.135263 s (3 run validi)
[98/128] Testing 98 threads...
  OMP_NUM_THREADS: 98
  OMP_PROC_BIND: spread
  Run 1/3...
    ✓ Tempo: 0.134830
  Run 2/3...
    ✓ Tempo: 0.135188
  Run 3/3...
    ✓ Tempo: 0.135025
  ✓ Tempo medio: 0.135014 s (3 run validi)
[99/128] Testing 99 threads...
  OMP_NUM_THREADS: 99
  OMP_PROC_BIND: spread
  Run 1/3...
    ✓ Tempo: 0.134629
  Run 2/3...
    ✓ Tempo: 0.134261
  Run 3/3...
    ✓ Tempo: 0.134370
  ✓ Tempo medio: 0.134420 s (3 run validi)
[100/128] Testing 100 threads...
  OMP_NUM_THREADS: 100
  OMP_PROC_BIND: spread
  Run 1/3...
    ✓ Tempo: 0.131215
  Run 2/3...
    ✓ Tempo: 0.131499
  Run 3/3...
    ✓ Tempo: 0.131571
  ✓ Tempo medio: 0.131428 s (3 run validi)
[101/128] Testing 101 threads...
  OMP_NUM_THREADS: 101
  OMP_PROC_BIND: spread
  Run 1/3...
    ✓ Tempo: 0.130929
  Run 2/3...
    ✓ Tempo: 0.130872
  Run 3/3...
    ✓ Tempo: 0.130500
  ✓ Tempo medio: 0.130767 s (3 run validi)
[102/128] Testing 102 threads...
  OMP_NUM_THREADS: 102
  OMP_PROC_BIND: spread
  Run 1/3...
    ✓ Tempo: 0.129310
  Run 2/3...
    ✓ Tempo: 0.129378
  Run 3/3...
    ✓ Tempo: 0.128935
  ✓ Tempo medio: 0.129208 s (3 run validi)
[103/128] Testing 103 threads...
  OMP_NUM_THREADS: 103
  OMP_PROC_BIND: spread
  Run 1/3...
    ✓ Tempo: 0.128430
  Run 2/3...
    ✓ Tempo: 0.128039
  Run 3/3...
    ✓ Tempo: 0.127991
  ✓ Tempo medio: 0.128153 s (3 run validi)
[104/128] Testing 104 threads...
  OMP_NUM_THREADS: 104
  OMP_PROC_BIND: spread
  Run 1/3...
    ✓ Tempo: 0.127737
  Run 2/3...
    ✓ Tempo: 0.127545
  Run 3/3...
    ✓ Tempo: 0.127761
  ✓ Tempo medio: 0.127681 s (3 run validi)
[105/128] Testing 105 threads...
  OMP_NUM_THREADS: 105
  OMP_PROC_BIND: spread
  Run 1/3...
    ✓ Tempo: 0.126424
  Run 2/3...
    ✓ Tempo: 0.126402
  Run 3/3...
    ✓ Tempo: 0.126425
  ✓ Tempo medio: 0.126417 s (3 run validi)
[106/128] Testing 106 threads...
  OMP_NUM_THREADS: 106
  OMP_PROC_BIND: spread
  Run 1/3...
    ✓ Tempo: 0.124642
  Run 2/3...
    ✓ Tempo: 0.124542
  Run 3/3...
    ✓ Tempo: 0.124888
  ✓ Tempo medio: 0.124691 s (3 run validi)
[107/128] Testing 107 threads...
  OMP_NUM_THREADS: 107
  OMP_PROC_BIND: spread
  Run 1/3...
    ✓ Tempo: 0.124153
  Run 2/3...
    ✓ Tempo: 0.123907
  Run 3/3...
    ✓ Tempo: 0.123912
  ✓ Tempo medio: 0.123991 s (3 run validi)
[108/128] Testing 108 threads...
  OMP_NUM_THREADS: 108
  OMP_PROC_BIND: spread
  Run 1/3...
    ✓ Tempo: 0.123969
  Run 2/3...
    ✓ Tempo: 0.123879
  Run 3/3...
    ✓ Tempo: 0.123549
  ✓ Tempo medio: 0.123799 s (3 run validi)
[109/128] Testing 109 threads...
  OMP_NUM_THREADS: 109
  OMP_PROC_BIND: spread
  Run 1/3...
    ✓ Tempo: 0.121898
  Run 2/3...
    ✓ Tempo: 0.122464
  Run 3/3...
    ✓ Tempo: 0.121978
  ✓ Tempo medio: 0.122113 s (3 run validi)
[110/128] Testing 110 threads...
  OMP_NUM_THREADS: 110
  OMP_PROC_BIND: spread
  Run 1/3...
    ✓ Tempo: 0.120674
  Run 2/3...
    ✓ Tempo: 0.120409
  Run 3/3...
    ✓ Tempo: 0.120730
  ✓ Tempo medio: 0.120604 s (3 run validi)
[111/128] Testing 111 threads...
  OMP_NUM_THREADS: 111
  OMP_PROC_BIND: spread
  Run 1/3...
    ✓ Tempo: 0.120748
  Run 2/3...
    ✓ Tempo: 0.120496
  Run 3/3...
    ✓ Tempo: 0.120700
  ✓ Tempo medio: 0.120648 s (3 run validi)
[112/128] Testing 112 threads...
  OMP_NUM_THREADS: 112
  OMP_PROC_BIND: spread
  Run 1/3...
    ✓ Tempo: 0.119364
  Run 2/3...
    ✓ Tempo: 0.119117
  Run 3/3...
    ✓ Tempo: 0.119325
  ✓ Tempo medio: 0.119269 s (3 run validi)
[113/128] Testing 113 threads...
  OMP_NUM_THREADS: 113
  OMP_PROC_BIND: spread
  Run 1/3...
    ✓ Tempo: 0.118262
  Run 2/3...
    ✓ Tempo: 0.117922
  Run 3/3...
    ✓ Tempo: 0.121359
  ✓ Tempo medio: 0.119181 s (3 run validi)
[114/128] Testing 114 threads...
  OMP_NUM_THREADS: 114
  OMP_PROC_BIND: spread
  Run 1/3...
    ✓ Tempo: 0.117131
  Run 2/3...
    ✓ Tempo: 0.116874
  Run 3/3...
    ✓ Tempo: 0.116915
  ✓ Tempo medio: 0.116973 s (3 run validi)
[115/128] Testing 115 threads...
  OMP_NUM_THREADS: 115
  OMP_PROC_BIND: spread
  Run 1/3...
    ✓ Tempo: 0.116543
  Run 2/3...
    ✓ Tempo: 0.116626
  Run 3/3...
    ✓ Tempo: 0.116565
  ✓ Tempo medio: 0.116578 s (3 run validi)
[116/128] Testing 116 threads...
  OMP_NUM_THREADS: 116
  OMP_PROC_BIND: spread
  Run 1/3...
    ✓ Tempo: 0.115983
  Run 2/3...
    ✓ Tempo: 0.115983
  Run 3/3...
    ✓ Tempo: 0.115712
  ✓ Tempo medio: 0.115893 s (3 run validi)
[117/128] Testing 117 threads...
  OMP_NUM_THREADS: 117
  OMP_PROC_BIND: spread
  Run 1/3...
    ✓ Tempo: 0.114286
  Run 2/3...
    ✓ Tempo: 0.113968
  Run 3/3...
    ✓ Tempo: 0.114019
  ✓ Tempo medio: 0.114091 s (3 run validi)
[118/128] Testing 118 threads...
  OMP_NUM_THREADS: 118
  OMP_PROC_BIND: spread
  Run 1/3...
    ✓ Tempo: 0.113769
  Run 2/3...
    ✓ Tempo: 0.113507
  Run 3/3...
    ✓ Tempo: 0.113663
  ✓ Tempo medio: 0.113646 s (3 run validi)
[119/128] Testing 119 threads...
  OMP_NUM_THREADS: 119
  OMP_PROC_BIND: spread
  Run 1/3...
    ✓ Tempo: 0.113229
  Run 2/3...
    ✓ Tempo: 0.113409
  Run 3/3...
    ✓ Tempo: 0.113366
  ✓ Tempo medio: 0.113335 s (3 run validi)
[120/128] Testing 120 threads...
  OMP_NUM_THREADS: 120
  OMP_PROC_BIND: spread
  Run 1/3...
    ✓ Tempo: 0.113290
  Run 2/3...
    ✓ Tempo: 0.113874
  Run 3/3...
    ✓ Tempo: 0.113536
  ✓ Tempo medio: 0.113567 s (3 run validi)
[121/128] Testing 121 threads...
  OMP_NUM_THREADS: 121
  OMP_PROC_BIND: spread
  Run 1/3...
    ✓ Tempo: 0.112325
  Run 2/3...
    ✓ Tempo: 0.112452
  Run 3/3...
    ✓ Tempo: 0.112183
  ✓ Tempo medio: 0.112320 s (3 run validi)
[122/128] Testing 122 threads...
  OMP_NUM_THREADS: 122
  OMP_PROC_BIND: spread
  Run 1/3...
    ✓ Tempo: 0.109370
  Run 2/3...
    ✓ Tempo: 0.109881
  Run 3/3...
    ✓ Tempo: 0.109453
  ✓ Tempo medio: 0.109568 s (3 run validi)
[123/128] Testing 123 threads...
  OMP_NUM_THREADS: 123
  OMP_PROC_BIND: spread
  Run 1/3...
    ✓ Tempo: 0.109908
  Run 2/3...
    ✓ Tempo: 0.109742
  Run 3/3...
    ✓ Tempo: 0.109880
  ✓ Tempo medio: 0.109843 s (3 run validi)
[124/128] Testing 124 threads...
  OMP_NUM_THREADS: 124
  OMP_PROC_BIND: spread
  Run 1/3...
    ✓ Tempo: 0.110119
  Run 2/3...
    ✓ Tempo: 0.109076
  Run 3/3...
    ✓ Tempo: 0.109395
  ✓ Tempo medio: 0.109530 s (3 run validi)
[125/128] Testing 125 threads...
  OMP_NUM_THREADS: 125
  OMP_PROC_BIND: spread
  Run 1/3...
    ✓ Tempo: 0.108320
  Run 2/3...
    ✓ Tempo: 0.108372
  Run 3/3...
    ✓ Tempo: 0.108290
  ✓ Tempo medio: 0.108327 s (3 run validi)
[126/128] Testing 126 threads...
  OMP_NUM_THREADS: 126
  OMP_PROC_BIND: spread
  Run 1/3...
    ✓ Tempo: 0.107188
  Run 2/3...
    ✓ Tempo: 0.107203
  Run 3/3...
    ✓ Tempo: 0.107087
  ✓ Tempo medio: 0.107159 s (3 run validi)
[127/128] Testing 127 threads...
  OMP_NUM_THREADS: 127
  OMP_PROC_BIND: spread
  Run 1/3...
    ✓ Tempo: 0.106515
  Run 2/3...
    ✓ Tempo: 0.106074
  Run 3/3...
    ✓ Tempo: 0.106089
  ✓ Tempo medio: 0.106226 s (3 run validi)
[128/128] Testing 128 threads...
  OMP_NUM_THREADS: 128
  OMP_PROC_BIND: spread
  Run 1/3...
    ✓ Tempo: 0.106824
  Run 2/3...
    ✓ Tempo: 0.106056
  Run 3/3...
    ✓ Tempo: 0.106061
  ✓ Tempo medio: 0.106314 s (3 run validi)

=== STRONG SCALING COMPLETATO ===
File risultati: results/omp_strong_scaling.csv
Righe generate: 129
Wed Jul 23 11:37:08 PM CEST 2025
