=== MANDELBROT STRONG SCALING TEST ===
Data: Wed Jul 23 10:32:31 PM CEST 2025
Nodo: epyc005.hpc.rd.areasciencepark.it
CPU disponibili: 128

Compilando mandelbrot...
Parametri test:
- Dimensioni: 6000x6000
- Max iterazioni: 500
- Thread testati: 128 configurazioni
- Output: results/omp_strong_scaling.csv

Inizio test strong scaling...
[1/128] Testing 1 threads...
  OMP_NUM_THREADS: 1
  OMP_PROC_BIND: close
  Run 1/3...
    ✓ Tempo: 9.025850
  Run 2/3...
    ✓ Tempo: 9.016889
  Run 3/3...
    ✓ Tempo: 9.021899
  ✓ Tempo medio: 9.021546 s (3 run validi)
[2/128] Testing 2 threads...
  OMP_NUM_THREADS: 2
  OMP_PROC_BIND: close
  Run 1/3...
    ✓ Tempo: 4.503156
  Run 2/3...
    ✓ Tempo: 4.505281
  Run 3/3...
    ✓ Tempo: 4.500149
  ✓ Tempo medio: 4.502862 s (3 run validi)
[3/128] Testing 3 threads...
  OMP_NUM_THREADS: 3
  OMP_PROC_BIND: close
  Run 1/3...
    ✓ Tempo: 3.279590
  Run 2/3...
    ✓ Tempo: 3.278481
  Run 3/3...
    ✓ Tempo: 3.278380
  ✓ Tempo medio: 3.278817 s (3 run validi)
[4/128] Testing 4 threads...
  OMP_NUM_THREADS: 4
  OMP_PROC_BIND: close
  Run 1/3...
    ✓ Tempo: 2.636612
  Run 2/3...
    ✓ Tempo: 2.636019
  Run 3/3...
    ✓ Tempo: 2.629912
  ✓ Tempo medio: 2.634181 s (3 run validi)
[5/128] Testing 5 threads...
  OMP_NUM_THREADS: 5
  OMP_PROC_BIND: close
  Run 1/3...
    ✓ Tempo: 2.220703
  Run 2/3...
    ✓ Tempo: 2.222902
  Run 3/3...
    ✓ Tempo: 2.226515
  ✓ Tempo medio: 2.223373 s (3 run validi)
[6/128] Testing 6 threads...
  OMP_NUM_THREADS: 6
  OMP_PROC_BIND: close
  Run 1/3...
    ✓ Tempo: 1.887078
  Run 2/3...
    ✓ Tempo: 1.890018
  Run 3/3...
    ✓ Tempo: 1.889681
  ✓ Tempo medio: 1.888926 s (3 run validi)
[7/128] Testing 7 threads...
  OMP_NUM_THREADS: 7
  OMP_PROC_BIND: close
  Run 1/3...
    ✓ Tempo: 1.640277
  Run 2/3...
    ✓ Tempo: 1.639050
  Run 3/3...
    ✓ Tempo: 1.644021
  ✓ Tempo medio: 1.641116 s (3 run validi)
[8/128] Testing 8 threads...
  OMP_NUM_THREADS: 8
  OMP_PROC_BIND: close
  Run 1/3...
    ✓ Tempo: 1.446418
  Run 2/3...
    ✓ Tempo: 1.444940
  Run 3/3...
    ✓ Tempo: 1.445843
  ✓ Tempo medio: 1.445734 s (3 run validi)
[9/128] Testing 9 threads...
  OMP_NUM_THREADS: 9
  OMP_PROC_BIND: close
  Run 1/3...
    ✓ Tempo: 1.039797
  Run 2/3...
    ✓ Tempo: 1.047272
  Run 3/3...
    ✓ Tempo: 1.039950
  ✓ Tempo medio: 1.042340 s (3 run validi)
[10/128] Testing 10 threads...
  OMP_NUM_THREADS: 10
  OMP_PROC_BIND: close
  Run 1/3...
    ✓ Tempo: 0.942783
  Run 2/3...
    ✓ Tempo: 0.942508
  Run 3/3...
    ✓ Tempo: 0.940918
  ✓ Tempo medio: 0.942070 s (3 run validi)
[11/128] Testing 11 threads...
  OMP_NUM_THREADS: 11
  OMP_PROC_BIND: close
  Run 1/3...
    ✓ Tempo: 0.854645
  Run 2/3...
    ✓ Tempo: 0.855922
  Run 3/3...
    ✓ Tempo: 0.854426
  ✓ Tempo medio: 0.854998 s (3 run validi)
[12/128] Testing 12 threads...
  OMP_NUM_THREADS: 12
  OMP_PROC_BIND: close
  Run 1/3...
    ✓ Tempo: 0.786768
  Run 2/3...
    ✓ Tempo: 0.785567
  Run 3/3...
    ✓ Tempo: 0.786723
  ✓ Tempo medio: 0.786353 s (3 run validi)
[13/128] Testing 13 threads...
  OMP_NUM_THREADS: 13
  OMP_PROC_BIND: close
  Run 1/3...
    ✓ Tempo: 0.725844
  Run 2/3...
    ✓ Tempo: 0.726368
  Run 3/3...
    ✓ Tempo: 0.840190
  ✓ Tempo medio: 0.764134 s (3 run validi)
[14/128] Testing 14 threads...
  OMP_NUM_THREADS: 14
  OMP_PROC_BIND: close
  Run 1/3...
    ✓ Tempo: 0.673989
  Run 2/3...
    ✓ Tempo: 0.674642
  Run 3/3...
    ✓ Tempo: 0.674218
  ✓ Tempo medio: 0.674283 s (3 run validi)
[15/128] Testing 15 threads...
  OMP_NUM_THREADS: 15
  OMP_PROC_BIND: close
  Run 1/3...
    ✓ Tempo: 0.628277
  Run 2/3...
    ✓ Tempo: 0.628424
  Run 3/3...
    ✓ Tempo: 0.628991
  ✓ Tempo medio: 0.628564 s (3 run validi)
[16/128] Testing 16 threads...
  OMP_NUM_THREADS: 16
  OMP_PROC_BIND: close
  Run 1/3...
    ✓ Tempo: 0.588127
  Run 2/3...
    ✓ Tempo: 0.588390
  Run 3/3...
    ✓ Tempo: 0.587769
  ✓ Tempo medio: 0.588095 s (3 run validi)
[17/128] Testing 17 threads...
  OMP_NUM_THREADS: 17
  OMP_PROC_BIND: close
  Run 1/3...
    ✓ Tempo: 0.555396
  Run 2/3...
    ✓ Tempo: 0.554085
  Run 3/3...
    ✓ Tempo: 0.553376
  ✓ Tempo medio: 0.554286 s (3 run validi)
[18/128] Testing 18 threads...
  OMP_NUM_THREADS: 18
  OMP_PROC_BIND: close
  Run 1/3...
    ✓ Tempo: 0.522411
  Run 2/3...
    ✓ Tempo: 0.521635
  Run 3/3...
    ✓ Tempo: 0.522330
  ✓ Tempo medio: 0.522125 s (3 run validi)
[19/128] Testing 19 threads...
  OMP_NUM_THREADS: 19
  OMP_PROC_BIND: close
  Run 1/3...
    ✓ Tempo: 0.505147
  Run 2/3...
    ✓ Tempo: 0.505176
  Run 3/3...
    ✓ Tempo: 0.505757
  ✓ Tempo medio: 0.505360 s (3 run validi)
[20/128] Testing 20 threads...
  OMP_NUM_THREADS: 20
  OMP_PROC_BIND: close
  Run 1/3...
    ✓ Tempo: 0.473585
  Run 2/3...
    ✓ Tempo: 0.473612
  Run 3/3...
    ✓ Tempo: 0.472103
  ✓ Tempo medio: 0.473100 s (3 run validi)
[21/128] Testing 21 threads...
  OMP_NUM_THREADS: 21
  OMP_PROC_BIND: close
  Run 1/3...
    ✓ Tempo: 0.447949
  Run 2/3...
    ✓ Tempo: 0.447653
  Run 3/3...
    ✓ Tempo: 0.447839
  ✓ Tempo medio: 0.447814 s (3 run validi)
[22/128] Testing 22 threads...
  OMP_NUM_THREADS: 22
  OMP_PROC_BIND: close
  Run 1/3...
    ✓ Tempo: 0.429459
  Run 2/3...
    ✓ Tempo: 0.429021
  Run 3/3...
    ✓ Tempo: 0.429414
  ✓ Tempo medio: 0.429298 s (3 run validi)
[23/128] Testing 23 threads...
  OMP_NUM_THREADS: 23
  OMP_PROC_BIND: close
  Run 1/3...
    ✓ Tempo: 0.409321
  Run 2/3...
    ✓ Tempo: 0.410228
  Run 3/3...
    ✓ Tempo: 0.409522
  ✓ Tempo medio: 0.409690 s (3 run validi)
[24/128] Testing 24 threads...
  OMP_NUM_THREADS: 24
  OMP_PROC_BIND: close
  Run 1/3...
    ✓ Tempo: 0.398507
  Run 2/3...
    ✓ Tempo: 0.397748
  Run 3/3...
    ✓ Tempo: 0.398706
  ✓ Tempo medio: 0.398320 s (3 run validi)
[25/128] Testing 25 threads...
  OMP_NUM_THREADS: 25
  OMP_PROC_BIND: close
  Run 1/3...
    ✓ Tempo: 0.378101
  Run 2/3...
    ✓ Tempo: 0.378332
  Run 3/3...
    ✓ Tempo: 0.377861
  ✓ Tempo medio: 0.378098 s (3 run validi)
[26/128] Testing 26 threads...
  OMP_NUM_THREADS: 26
  OMP_PROC_BIND: close
  Run 1/3...
    ✓ Tempo: 0.371950
  Run 2/3...
    ✓ Tempo: 0.372208
  Run 3/3...
    ✓ Tempo: 0.371590
  ✓ Tempo medio: 0.371916 s (3 run validi)
[27/128] Testing 27 threads...
  OMP_NUM_THREADS: 27
  OMP_PROC_BIND: close
  Run 1/3...
    ✓ Tempo: 0.356532
  Run 2/3...
    ✓ Tempo: 0.356731
  Run 3/3...
    ✓ Tempo: 0.356728
  ✓ Tempo medio: 0.356664 s (3 run validi)
[28/128] Testing 28 threads...
  OMP_NUM_THREADS: 28
  OMP_PROC_BIND: close
  Run 1/3...
    ✓ Tempo: 0.344860
  Run 2/3...
    ✓ Tempo: 0.345075
  Run 3/3...
    ✓ Tempo: 0.344700
  ✓ Tempo medio: 0.344878 s (3 run validi)
[29/128] Testing 29 threads...
  OMP_NUM_THREADS: 29
  OMP_PROC_BIND: close
  Run 1/3...
    ✓ Tempo: 0.334256
  Run 2/3...
    ✓ Tempo: 0.333877
  Run 3/3...
    ✓ Tempo: 0.334136
  ✓ Tempo medio: 0.334090 s (3 run validi)
[30/128] Testing 30 threads...
  OMP_NUM_THREADS: 30
  OMP_PROC_BIND: close
  Run 1/3...
    ✓ Tempo: 0.315433
  Run 2/3...
    ✓ Tempo: 0.315650
  Run 3/3...
    ✓ Tempo: 0.315252
  ✓ Tempo medio: 0.315445 s (3 run validi)
[31/128] Testing 31 threads...
  OMP_NUM_THREADS: 31
  OMP_PROC_BIND: close
  Run 1/3...
    ✓ Tempo: 0.309668
  Run 2/3...
    ✓ Tempo: 0.308847
  Run 3/3...
    ✓ Tempo: 0.309256
  ✓ Tempo medio: 0.309257 s (3 run validi)
[32/128] Testing 32 threads...
  OMP_NUM_THREADS: 32
  OMP_PROC_BIND: close
  Run 1/3...
    ✓ Tempo: 0.301213
  Run 2/3...
    ✓ Tempo: 0.301010
  Run 3/3...
    ✓ Tempo: 0.300794
  ✓ Tempo medio: 0.301006 s (3 run validi)
[33/128] Testing 33 threads...
  OMP_NUM_THREADS: 33
  OMP_PROC_BIND: spread
  Run 1/3...
    ✓ Tempo: 0.280930
  Run 2/3...
    ✓ Tempo: 0.280836
  Run 3/3...
    ✓ Tempo: 0.280520
  ✓ Tempo medio: 0.280762 s (3 run validi)
[34/128] Testing 34 threads...
  OMP_NUM_THREADS: 34
  OMP_PROC_BIND: spread
  Run 1/3...
    ✓ Tempo: 0.271007
  Run 2/3...
    ✓ Tempo: 0.271243
  Run 3/3...
    ✓ Tempo: 0.271579
  ✓ Tempo medio: 0.271276 s (3 run validi)
[35/128] Testing 35 threads...
  OMP_NUM_THREADS: 35
  OMP_PROC_BIND: spread
  Run 1/3...
    ✓ Tempo: 0.264781
  Run 2/3...
    ✓ Tempo: 0.264330
  Run 3/3...
    ✓ Tempo: 0.265030
  ✓ Tempo medio: 0.264714 s (3 run validi)
[36/128] Testing 36 threads...
  OMP_NUM_THREADS: 36
  OMP_PROC_BIND: spread
  Run 1/3...
    ✓ Tempo: 0.257362
  Run 2/3...
    ✓ Tempo: 0.257534
  Run 3/3...
    ✓ Tempo: 0.257421
  ✓ Tempo medio: 0.257439 s (3 run validi)
[37/128] Testing 37 threads...
  OMP_NUM_THREADS: 37
  OMP_PROC_BIND: spread
  Run 1/3...
    ✓ Tempo: 0.249512
  Run 2/3...
    ✓ Tempo: 0.249790
  Run 3/3...
    ✓ Tempo: 0.249638
  ✓ Tempo medio: 0.249647 s (3 run validi)
[38/128] Testing 38 threads...
  OMP_NUM_THREADS: 38
  OMP_PROC_BIND: spread
  Run 1/3...
    ✓ Tempo: 0.244549
  Run 2/3...
    ✓ Tempo: 0.244174
  Run 3/3...
    ✓ Tempo: 0.244654
  ✓ Tempo medio: 0.244459 s (3 run validi)
[39/128] Testing 39 threads...
  OMP_NUM_THREADS: 39
  OMP_PROC_BIND: spread
  Run 1/3...
    ✓ Tempo: 0.237147
  Run 2/3...
    ✓ Tempo: 0.237205
  Run 3/3...
    ✓ Tempo: 0.237227
  ✓ Tempo medio: 0.237193 s (3 run validi)
[40/128] Testing 40 threads...
  OMP_NUM_THREADS: 40
  OMP_PROC_BIND: spread
  Run 1/3...
    ✓ Tempo: 0.232352
  Run 2/3...
    ✓ Tempo: 0.232036
  Run 3/3...
    ✓ Tempo: 0.231942
  ✓ Tempo medio: 0.232110 s (3 run validi)
[41/128] Testing 41 threads...
  OMP_NUM_THREADS: 41
  OMP_PROC_BIND: spread
  Run 1/3...
    ✓ Tempo: 0.225780
  Run 2/3...
    ✓ Tempo: 0.226002
  Run 3/3...
    ✓ Tempo: 0.225685
  ✓ Tempo medio: 0.225822 s (3 run validi)
[42/128] Testing 42 threads...
  OMP_NUM_THREADS: 42
  OMP_PROC_BIND: spread
  Run 1/3...
    ✓ Tempo: 0.220513
  Run 2/3...
    ✓ Tempo: 0.220278
  Run 3/3...
    ✓ Tempo: 0.220285
  ✓ Tempo medio: 0.220359 s (3 run validi)
[43/128] Testing 43 threads...
  OMP_NUM_THREADS: 43
  OMP_PROC_BIND: spread
  Run 1/3...
    ✓ Tempo: 0.216123
  Run 2/3...
    ✓ Tempo: 0.216213
  Run 3/3...
    ✓ Tempo: 0.216532
  ✓ Tempo medio: 0.216289 s (3 run validi)
[44/128] Testing 44 threads...
  OMP_NUM_THREADS: 44
  OMP_PROC_BIND: spread
  Run 1/3...
    ✓ Tempo: 0.210785
  Run 2/3...
    ✓ Tempo: 0.210783
  Run 3/3...
    ✓ Tempo: 0.210423
  ✓ Tempo medio: 0.210664 s (3 run validi)
[45/128] Testing 45 threads...
  OMP_NUM_THREADS: 45
  OMP_PROC_BIND: spread
  Run 1/3...
    ✓ Tempo: 0.206597
  Run 2/3...
    ✓ Tempo: 0.206665
  Run 3/3...
    ✓ Tempo: 0.206463
  ✓ Tempo medio: 0.206575 s (3 run validi)
[46/128] Testing 46 threads...
  OMP_NUM_THREADS: 46
  OMP_PROC_BIND: spread
  Run 1/3...
    ✓ Tempo: 0.202426
  Run 2/3...
    ✓ Tempo: 0.202300
  Run 3/3...
    ✓ Tempo: 0.202632
  ✓ Tempo medio: 0.202453 s (3 run validi)
[47/128] Testing 47 threads...
  OMP_NUM_THREADS: 47
  OMP_PROC_BIND: spread
  Run 1/3...
    ✓ Tempo: 0.198377
  Run 2/3...
    ✓ Tempo: 0.198413
  Run 3/3...
    ✓ Tempo: 0.198299
  ✓ Tempo medio: 0.198363 s (3 run validi)
[48/128] Testing 48 threads...
  OMP_NUM_THREADS: 48
  OMP_PROC_BIND: spread
  Run 1/3...
    ✓ Tempo: 0.194187
  Run 2/3...
    ✓ Tempo: 0.194268
  Run 3/3...
    ✓ Tempo: 0.194059
  ✓ Tempo medio: 0.194171 s (3 run validi)
[49/128] Testing 49 threads...
  OMP_NUM_THREADS: 49
  OMP_PROC_BIND: spread
  Run 1/3...
    ✓ Tempo: 0.189732
  Run 2/3...
    ✓ Tempo: 0.190065
  Run 3/3...
    ✓ Tempo: 0.190099
  ✓ Tempo medio: 0.189965 s (3 run validi)
[50/128] Testing 50 threads...
  OMP_NUM_THREADS: 50
  OMP_PROC_BIND: spread
  Run 1/3...
    ✓ Tempo: 0.185465
  Run 2/3...
    ✓ Tempo: 0.185399
  Run 3/3...
    ✓ Tempo: 0.185305
  ✓ Tempo medio: 0.185390 s (3 run validi)
[51/128] Testing 51 threads...
  OMP_NUM_THREADS: 51
  OMP_PROC_BIND: spread
  Run 1/3...
    ✓ Tempo: 0.182518
  Run 2/3...
    ✓ Tempo: 0.182393
  Run 3/3...
    ✓ Tempo: 0.181990
  ✓ Tempo medio: 0.182300 s (3 run validi)
[52/128] Testing 52 threads...
  OMP_NUM_THREADS: 52
  OMP_PROC_BIND: spread
  Run 1/3...
    ✓ Tempo: 0.179933
  Run 2/3...
    ✓ Tempo: 0.179947
  Run 3/3...
    ✓ Tempo: 0.179961
  ✓ Tempo medio: 0.179947 s (3 run validi)
[53/128] Testing 53 threads...
  OMP_NUM_THREADS: 53
  OMP_PROC_BIND: spread
  Run 1/3...
    ✓ Tempo: 0.175685
  Run 2/3...
    ✓ Tempo: 0.175688
  Run 3/3...
    ✓ Tempo: 0.175878
  ✓ Tempo medio: 0.175750 s (3 run validi)
[54/128] Testing 54 threads...
  OMP_NUM_THREADS: 54
  OMP_PROC_BIND: spread
  Run 1/3...
    ✓ Tempo: 0.173612
  Run 2/3...
    ✓ Tempo: 0.173992
  Run 3/3...
    ✓ Tempo: 0.173358
  ✓ Tempo medio: 0.173654 s (3 run validi)
[55/128] Testing 55 threads...
  OMP_NUM_THREADS: 55
  OMP_PROC_BIND: spread
  Run 1/3...
    ✓ Tempo: 0.169542
  Run 2/3...
    ✓ Tempo: 0.169489
  Run 3/3...
    ✓ Tempo: 0.169431
  ✓ Tempo medio: 0.169487 s (3 run validi)
[56/128] Testing 56 threads...
  OMP_NUM_THREADS: 56
  OMP_PROC_BIND: spread
  Run 1/3...
    ✓ Tempo: 0.167485
  Run 2/3...
    ✓ Tempo: 0.167262
  Run 3/3...
    ✓ Tempo: 0.167105
  ✓ Tempo medio: 0.167284 s (3 run validi)
[57/128] Testing 57 threads...
  OMP_NUM_THREADS: 57
  OMP_PROC_BIND: spread
  Run 1/3...
    ✓ Tempo: 0.163586
  Run 2/3...
    ✓ Tempo: 0.163593
  Run 3/3...
    ✓ Tempo: 0.163795
  ✓ Tempo medio: 0.163658 s (3 run validi)
[58/128] Testing 58 threads...
  OMP_NUM_THREADS: 58
  OMP_PROC_BIND: spread
  Run 1/3...
    ✓ Tempo: 0.162910
  Run 2/3...
    ✓ Tempo: 0.162761
  Run 3/3...
    ✓ Tempo: 0.162933
  ✓ Tempo medio: 0.162868 s (3 run validi)
[59/128] Testing 59 threads...
  OMP_NUM_THREADS: 59
  OMP_PROC_BIND: spread
  Run 1/3...
    ✓ Tempo: 0.158285
  Run 2/3...
    ✓ Tempo: 0.157545
  Run 3/3...
    ✓ Tempo: 0.157856
  ✓ Tempo medio: 0.157895 s (3 run validi)
[60/128] Testing 60 threads...
  OMP_NUM_THREADS: 60
  OMP_PROC_BIND: spread
  Run 1/3...
    ✓ Tempo: 0.156188
  Run 2/3...
    ✓ Tempo: 0.156446
  Run 3/3...
    ✓ Tempo: 0.156439
  ✓ Tempo medio: 0.156358 s (3 run validi)
[61/128] Testing 61 threads...
  OMP_NUM_THREADS: 61
  OMP_PROC_BIND: spread
  Run 1/3...
    ✓ Tempo: 0.154018
  Run 2/3...
    ✓ Tempo: 0.153810
  Run 3/3...
    ✓ Tempo: 0.154072
  ✓ Tempo medio: 0.153967 s (3 run validi)
[62/128] Testing 62 threads...
  OMP_NUM_THREADS: 62
  OMP_PROC_BIND: spread
  Run 1/3...
    ✓ Tempo: 0.151191
  Run 2/3...
    ✓ Tempo: 0.150599
  Run 3/3...
    ✓ Tempo: 0.150728
  ✓ Tempo medio: 0.150839 s (3 run validi)
[63/128] Testing 63 threads...
  OMP_NUM_THREADS: 63
  OMP_PROC_BIND: spread
  Run 1/3...
    ✓ Tempo: 0.150108
  Run 2/3...
    ✓ Tempo: 0.150656
  Run 3/3...
    ✓ Tempo: 0.150293
  ✓ Tempo medio: 0.150352 s (3 run validi)
[64/128] Testing 64 threads...
  OMP_NUM_THREADS: 64
  OMP_PROC_BIND: spread
  Run 1/3...
    ✓ Tempo: 0.199759
  Run 2/3...
    ✓ Tempo: 0.199884
  Run 3/3...
    ✓ Tempo: 0.199578
  ✓ Tempo medio: 0.199740 s (3 run validi)
[65/128] Testing 65 threads...
  OMP_NUM_THREADS: 65
  OMP_PROC_BIND: spread
  Run 1/3...
    ✓ Tempo: 0.196173
  Run 2/3...
    ✓ Tempo: 0.196231
  Run 3/3...
    ✓ Tempo: 0.196112
  ✓ Tempo medio: 0.196172 s (3 run validi)
[66/128] Testing 66 threads...
  OMP_NUM_THREADS: 66
  OMP_PROC_BIND: spread
  Run 1/3...
    ✓ Tempo: 0.194513
  Run 2/3...
    ✓ Tempo: 0.194799
  Run 3/3...
    ✓ Tempo: 0.194606
  ✓ Tempo medio: 0.194639 s (3 run validi)
[67/128] Testing 67 threads...
  OMP_NUM_THREADS: 67
  OMP_PROC_BIND: spread
  Run 1/3...
    ✓ Tempo: 0.192671
  Run 2/3...
    ✓ Tempo: 0.193113
  Run 3/3...
    ✓ Tempo: 0.192480
  ✓ Tempo medio: 0.192755 s (3 run validi)
[68/128] Testing 68 threads...
  OMP_NUM_THREADS: 68
  OMP_PROC_BIND: spread
  Run 1/3...
    ✓ Tempo: 0.190592
  Run 2/3...
    ✓ Tempo: 0.190236
  Run 3/3...
    ✓ Tempo: 0.190156
  ✓ Tempo medio: 0.190328 s (3 run validi)
[69/128] Testing 69 threads...
  OMP_NUM_THREADS: 69
  OMP_PROC_BIND: spread
  Run 1/3...
    ✓ Tempo: 0.188951
  Run 2/3...
    ✓ Tempo: 0.188752
  Run 3/3...
    ✓ Tempo: 0.188622
  ✓ Tempo medio: 0.188775 s (3 run validi)
[70/128] Testing 70 threads...
  OMP_NUM_THREADS: 70
  OMP_PROC_BIND: spread
  Run 1/3...
    ✓ Tempo: 0.182909
  Run 2/3...
    ✓ Tempo: 0.182953
  Run 3/3...
    ✓ Tempo: 0.182814
  ✓ Tempo medio: 0.182892 s (3 run validi)
[71/128] Testing 71 threads...
  OMP_NUM_THREADS: 71
  OMP_PROC_BIND: spread
  Run 1/3...
    ✓ Tempo: 0.181295
  Run 2/3...
    ✓ Tempo: 0.181393
  Run 3/3...
    ✓ Tempo: 0.180826
  ✓ Tempo medio: 0.181171 s (3 run validi)
[72/128] Testing 72 threads...
  OMP_NUM_THREADS: 72
  OMP_PROC_BIND: spread
  Run 1/3...
    ✓ Tempo: 0.179025
  Run 2/3...
    ✓ Tempo: 0.178597
  Run 3/3...
    ✓ Tempo: 0.178783
  ✓ Tempo medio: 0.178802 s (3 run validi)
[73/128] Testing 73 threads...
  OMP_NUM_THREADS: 73
  OMP_PROC_BIND: spread
  Run 1/3...
    ✓ Tempo: 0.177336
  Run 2/3...
    ✓ Tempo: 0.177162
  Run 3/3...
    ✓ Tempo: 0.177087
  ✓ Tempo medio: 0.177195 s (3 run validi)
[74/128] Testing 74 threads...
  OMP_NUM_THREADS: 74
  OMP_PROC_BIND: spread
  Run 1/3...
    ✓ Tempo: 0.174619
  Run 2/3...
    ✓ Tempo: 0.174707
  Run 3/3...
    ✓ Tempo: 0.174583
  ✓ Tempo medio: 0.174636 s (3 run validi)
[75/128] Testing 75 threads...
  OMP_NUM_THREADS: 75
  OMP_PROC_BIND: spread
  Run 1/3...
    ✓ Tempo: 0.172510
  Run 2/3...
    ✓ Tempo: 0.172570
  Run 3/3...
    ✓ Tempo: 0.172711
  ✓ Tempo medio: 0.172597 s (3 run validi)
[76/128] Testing 76 threads...
  OMP_NUM_THREADS: 76
  OMP_PROC_BIND: spread
  Run 1/3...
    ✓ Tempo: 0.170656
  Run 2/3...
    ✓ Tempo: 0.170387
  Run 3/3...
    ✓ Tempo: 0.170612
  ✓ Tempo medio: 0.170552 s (3 run validi)
[77/128] Testing 77 threads...
  OMP_NUM_THREADS: 77
  OMP_PROC_BIND: spread
  Run 1/3...
    ✓ Tempo: 0.168056
  Run 2/3...
    ✓ Tempo: 0.168177
  Run 3/3...
    ✓ Tempo: 0.168427
  ✓ Tempo medio: 0.168220 s (3 run validi)
[78/128] Testing 78 threads...
  OMP_NUM_THREADS: 78
  OMP_PROC_BIND: spread
  Run 1/3...
    ✓ Tempo: 0.166681
  Run 2/3...
    ✓ Tempo: 0.166690
  Run 3/3...
    ✓ Tempo: 0.166628
  ✓ Tempo medio: 0.166666 s (3 run validi)
[79/128] Testing 79 threads...
  OMP_NUM_THREADS: 79
  OMP_PROC_BIND: spread
  Run 1/3...
    ✓ Tempo: 0.164595
  Run 2/3...
    ✓ Tempo: 0.164568
  Run 3/3...
    ✓ Tempo: 0.164047
  ✓ Tempo medio: 0.164403 s (3 run validi)
[80/128] Testing 80 threads...
  OMP_NUM_THREADS: 80
  OMP_PROC_BIND: spread
  Run 1/3...
    ✓ Tempo: 0.162944
  Run 2/3...
    ✓ Tempo: 0.162837
  Run 3/3...
    ✓ Tempo: 0.162698
  ✓ Tempo medio: 0.162826 s (3 run validi)
[81/128] Testing 81 threads...
  OMP_NUM_THREADS: 81
  OMP_PROC_BIND: spread
  Run 1/3...
    ✓ Tempo: 0.159959
  Run 2/3...
    ✓ Tempo: 0.160165
  Run 3/3...
    ✓ Tempo: 0.160137
  ✓ Tempo medio: 0.160087 s (3 run validi)
[82/128] Testing 82 threads...
  OMP_NUM_THREADS: 82
  OMP_PROC_BIND: spread
  Run 1/3...
    ✓ Tempo: 0.158419
  Run 2/3...
    ✓ Tempo: 0.158390
  Run 3/3...
    ✓ Tempo: 0.158475
  ✓ Tempo medio: 0.158428 s (3 run validi)
[83/128] Testing 83 threads...
  OMP_NUM_THREADS: 83
  OMP_PROC_BIND: spread
  Run 1/3...
    ✓ Tempo: 0.156267
  Run 2/3...
    ✓ Tempo: 0.156242
  Run 3/3...
    ✓ Tempo: 0.156093
  ✓ Tempo medio: 0.156201 s (3 run validi)
[84/128] Testing 84 threads...
  OMP_NUM_THREADS: 84
  OMP_PROC_BIND: spread
  Run 1/3...
    ✓ Tempo: 0.154426
  Run 2/3...
    ✓ Tempo: 0.154686
  Run 3/3...
    ✓ Tempo: 0.154520
  ✓ Tempo medio: 0.154544 s (3 run validi)
[85/128] Testing 85 threads...
  OMP_NUM_THREADS: 85
  OMP_PROC_BIND: spread
  Run 1/3...
    ✓ Tempo: 0.153332
  Run 2/3...
    ✓ Tempo: 0.153031
  Run 3/3...
    ✓ Tempo: 0.153032
  ✓ Tempo medio: 0.153132 s (3 run validi)
[86/128] Testing 86 threads...
  OMP_NUM_THREADS: 86
  OMP_PROC_BIND: spread
  Run 1/3...
    ✓ Tempo: 0.152764
  Run 2/3...
    ✓ Tempo: 0.152792
  Run 3/3...
    ✓ Tempo: 0.153016
  ✓ Tempo medio: 0.152857 s (3 run validi)
[87/128] Testing 87 threads...
  OMP_NUM_THREADS: 87
  OMP_PROC_BIND: spread
  Run 1/3...
    ✓ Tempo: 0.150100
  Run 2/3...
    ✓ Tempo: 0.149783
  Run 3/3...
    ✓ Tempo: 0.149836
  ✓ Tempo medio: 0.149906 s (3 run validi)
[88/128] Testing 88 threads...
  OMP_NUM_THREADS: 88
  OMP_PROC_BIND: spread
  Run 1/3...
    ✓ Tempo: 0.149256
  Run 2/3...
    ✓ Tempo: 0.149364
  Run 3/3...
    ✓ Tempo: 0.149332
  ✓ Tempo medio: 0.149317 s (3 run validi)
[89/128] Testing 89 threads...
  OMP_NUM_THREADS: 89
  OMP_PROC_BIND: spread
  Run 1/3...
    ✓ Tempo: 0.147745
  Run 2/3...
    ✓ Tempo: 0.147421
  Run 3/3...
    ✓ Tempo: 0.147600
  ✓ Tempo medio: 0.147589 s (3 run validi)
[90/128] Testing 90 threads...
  OMP_NUM_THREADS: 90
  OMP_PROC_BIND: spread
  Run 1/3...
    ✓ Tempo: 0.145061
  Run 2/3...
    ✓ Tempo: 0.145145
  Run 3/3...
    ✓ Tempo: 0.145199
  ✓ Tempo medio: 0.145135 s (3 run validi)
[91/128] Testing 91 threads...
  OMP_NUM_THREADS: 91
  OMP_PROC_BIND: spread
  Run 1/3...
    ✓ Tempo: 0.143959
  Run 2/3...
    ✓ Tempo: 0.143896
  Run 3/3...
    ✓ Tempo: 0.144016
  ✓ Tempo medio: 0.143957 s (3 run validi)
[92/128] Testing 92 threads...
  OMP_NUM_THREADS: 92
  OMP_PROC_BIND: spread
  Run 1/3...
    ✓ Tempo: 0.141701
  Run 2/3...
    ✓ Tempo: 0.141698
  Run 3/3...
    ✓ Tempo: 0.141697
  ✓ Tempo medio: 0.141699 s (3 run validi)
[93/128] Testing 93 threads...
  OMP_NUM_THREADS: 93
  OMP_PROC_BIND: spread
  Run 1/3...
    ✓ Tempo: 0.142168
  Run 2/3...
    ✓ Tempo: 0.141962
  Run 3/3...
    ✓ Tempo: 0.141911
  ✓ Tempo medio: 0.142014 s (3 run validi)
[94/128] Testing 94 threads...
  OMP_NUM_THREADS: 94
  OMP_PROC_BIND: spread
  Run 1/3...
    ✓ Tempo: 0.139971
  Run 2/3...
    ✓ Tempo: 0.139637
  Run 3/3...
    ✓ Tempo: 0.139572
  ✓ Tempo medio: 0.139727 s (3 run validi)
[95/128] Testing 95 threads...
  OMP_NUM_THREADS: 95
  OMP_PROC_BIND: spread
  Run 1/3...
    ✓ Tempo: 0.138681
  Run 2/3...
    ✓ Tempo: 0.138680
  Run 3/3...
    ✓ Tempo: 0.138085
  ✓ Tempo medio: 0.138482 s (3 run validi)
[96/128] Testing 96 threads...
  OMP_NUM_THREADS: 96
  OMP_PROC_BIND: spread
  Run 1/3...
    ✓ Tempo: 0.137513
  Run 2/3...
    ✓ Tempo: 0.137412
  Run 3/3...
    ✓ Tempo: 0.137486
  ✓ Tempo medio: 0.137470 s (3 run validi)
[97/128] Testing 97 threads...
  OMP_NUM_THREADS: 97
  OMP_PROC_BIND: spread
  Run 1/3...
    ✓ Tempo: 0.135463
  Run 2/3...
    ✓ Tempo: 0.135464
  Run 3/3...
    ✓ Tempo: 0.135376
  ✓ Tempo medio: 0.135434 s (3 run validi)
[98/128] Testing 98 threads...
  OMP_NUM_THREADS: 98
  OMP_PROC_BIND: spread
  Run 1/3...
    ✓ Tempo: 0.135028
  Run 2/3...
    ✓ Tempo: 0.134828
  Run 3/3...
    ✓ Tempo: 0.134764
  ✓ Tempo medio: 0.134873 s (3 run validi)
[99/128] Testing 99 threads...
  OMP_NUM_THREADS: 99
  OMP_PROC_BIND: spread
  Run 1/3...
    ✓ Tempo: 0.134518
  Run 2/3...
    ✓ Tempo: 0.134662
  Run 3/3...
    ✓ Tempo: 0.134320
  ✓ Tempo medio: 0.134500 s (3 run validi)
[100/128] Testing 100 threads...
  OMP_NUM_THREADS: 100
  OMP_PROC_BIND: spread
  Run 1/3...
    ✓ Tempo: 0.131335
  Run 2/3...
    ✓ Tempo: 0.131571
  Run 3/3...
    ✓ Tempo: 0.131559
  ✓ Tempo medio: 0.131488 s (3 run validi)
[101/128] Testing 101 threads...
  OMP_NUM_THREADS: 101
  OMP_PROC_BIND: spread
  Run 1/3...
    ✓ Tempo: 0.131018
  Run 2/3...
    ✓ Tempo: 0.130733
  Run 3/3...
    ✓ Tempo: 0.130589
  ✓ Tempo medio: 0.130780 s (3 run validi)
[102/128] Testing 102 threads...
  OMP_NUM_THREADS: 102
  OMP_PROC_BIND: spread
  Run 1/3...
    ✓ Tempo: 0.129765
  Run 2/3...
    ✓ Tempo: 0.129278
  Run 3/3...
    ✓ Tempo: 0.129241
  ✓ Tempo medio: 0.129428 s (3 run validi)
[103/128] Testing 103 threads...
  OMP_NUM_THREADS: 103
  OMP_PROC_BIND: spread
  Run 1/3...
    ✓ Tempo: 0.128243
  Run 2/3...
    ✓ Tempo: 0.128339
  Run 3/3...
    ✓ Tempo: 0.128142
  ✓ Tempo medio: 0.128241 s (3 run validi)
[104/128] Testing 104 threads...
  OMP_NUM_THREADS: 104
  OMP_PROC_BIND: spread
  Run 1/3...
    ✓ Tempo: 0.127761
  Run 2/3...
    ✓ Tempo: 0.127996
  Run 3/3...
    ✓ Tempo: 0.127499
  ✓ Tempo medio: 0.127752 s (3 run validi)
[105/128] Testing 105 threads...
  OMP_NUM_THREADS: 105
  OMP_PROC_BIND: spread
  Run 1/3...
    ✓ Tempo: 0.126269
  Run 2/3...
    ✓ Tempo: 0.126352
  Run 3/3...
    ✓ Tempo: 0.126483
  ✓ Tempo medio: 0.126368 s (3 run validi)
[106/128] Testing 106 threads...
  OMP_NUM_THREADS: 106
  OMP_PROC_BIND: spread
  Run 1/3...
    ✓ Tempo: 0.124647
  Run 2/3...
    ✓ Tempo: 0.124684
  Run 3/3...
    ✓ Tempo: 0.124822
  ✓ Tempo medio: 0.124718 s (3 run validi)
[107/128] Testing 107 threads...
  OMP_NUM_THREADS: 107
  OMP_PROC_BIND: spread
  Run 1/3...
    ✓ Tempo: 0.124216
  Run 2/3...
    ✓ Tempo: 0.124148
  Run 3/3...
    ✓ Tempo: 0.124139
  ✓ Tempo medio: 0.124168 s (3 run validi)
[108/128] Testing 108 threads...
  OMP_NUM_THREADS: 108
  OMP_PROC_BIND: spread
  Run 1/3...
    ✓ Tempo: 0.123891
  Run 2/3...
    ✓ Tempo: 0.123923
  Run 3/3...
    ✓ Tempo: 0.124537
  ✓ Tempo medio: 0.124117 s (3 run validi)
[109/128] Testing 109 threads...
  OMP_NUM_THREADS: 109
  OMP_PROC_BIND: spread
  Run 1/3...
    ✓ Tempo: 0.122638
  Run 2/3...
    ✓ Tempo: 0.122287
  Run 3/3...
    ✓ Tempo: 0.122139
  ✓ Tempo medio: 0.122355 s (3 run validi)
[110/128] Testing 110 threads...
  OMP_NUM_THREADS: 110
  OMP_PROC_BIND: spread
  Run 1/3...
    ✓ Tempo: 0.120793
  Run 2/3...
    ✓ Tempo: 0.120972
  Run 3/3...
    ✓ Tempo: 0.120769
  ✓ Tempo medio: 0.120845 s (3 run validi)
[111/128] Testing 111 threads...
  OMP_NUM_THREADS: 111
  OMP_PROC_BIND: spread
  Run 1/3...
    ✓ Tempo: 0.120669
  Run 2/3...
    ✓ Tempo: 0.120103
  Run 3/3...
    ✓ Tempo: 0.120208
  ✓ Tempo medio: 0.120327 s (3 run validi)
[112/128] Testing 112 threads...
  OMP_NUM_THREADS: 112
  OMP_PROC_BIND: spread
  Run 1/3...
    ✓ Tempo: 0.119614
  Run 2/3...
    ✓ Tempo: 0.119561
  Run 3/3...
    ✓ Tempo: 0.119421
  ✓ Tempo medio: 0.119532 s (3 run validi)
[113/128] Testing 113 threads...
  OMP_NUM_THREADS: 113
  OMP_PROC_BIND: spread
  Run 1/3...
    ✓ Tempo: 0.118068
  Run 2/3...
    ✓ Tempo: 0.117927
  Run 3/3...
    ✓ Tempo: 0.117814
  ✓ Tempo medio: 0.117936 s (3 run validi)
[114/128] Testing 114 threads...
  OMP_NUM_THREADS: 114
  OMP_PROC_BIND: spread
  Run 1/3...
    ✓ Tempo: 0.117075
  Run 2/3...
    ✓ Tempo: 0.116830
  Run 3/3...
    ✓ Tempo: 0.116691
  ✓ Tempo medio: 0.116865 s (3 run validi)
[115/128] Testing 115 threads...
  OMP_NUM_THREADS: 115
  OMP_PROC_BIND: spread
  Run 1/3...
    ✓ Tempo: 0.116389
  Run 2/3...
    ✓ Tempo: 0.116528
  Run 3/3...
    ✓ Tempo: 0.116799
  ✓ Tempo medio: 0.116572 s (3 run validi)
[116/128] Testing 116 threads...
  OMP_NUM_THREADS: 116
  OMP_PROC_BIND: spread
  Run 1/3...
    ✓ Tempo: 0.115875
  Run 2/3...
    ✓ Tempo: 0.116127
  Run 3/3...
    ✓ Tempo: 0.115652
  ✓ Tempo medio: 0.115885 s (3 run validi)
[117/128] Testing 117 threads...
  OMP_NUM_THREADS: 117
  OMP_PROC_BIND: spread
  Run 1/3...
    ✓ Tempo: 0.114105
  Run 2/3...
    ✓ Tempo: 0.113928
  Run 3/3...
    ✓ Tempo: 0.113669
  ✓ Tempo medio: 0.113901 s (3 run validi)
[118/128] Testing 118 threads...
  OMP_NUM_THREADS: 118
  OMP_PROC_BIND: spread
  Run 1/3...
    ✓ Tempo: 0.113629
  Run 2/3...
    ✓ Tempo: 0.113469
  Run 3/3...
    ✓ Tempo: 0.113660
  ✓ Tempo medio: 0.113586 s (3 run validi)
[119/128] Testing 119 threads...
  OMP_NUM_THREADS: 119
  OMP_PROC_BIND: spread
  Run 1/3...
    ✓ Tempo: 0.113415
  Run 2/3...
    ✓ Tempo: 0.113511
  Run 3/3...
    ✓ Tempo: 0.113256
  ✓ Tempo medio: 0.113394 s (3 run validi)
[120/128] Testing 120 threads...
  OMP_NUM_THREADS: 120
  OMP_PROC_BIND: spread
  Run 1/3...
    ✓ Tempo: 0.113736
  Run 2/3...
    ✓ Tempo: 0.113577
  Run 3/3...
    ✓ Tempo: 0.113573
  ✓ Tempo medio: 0.113629 s (3 run validi)
[121/128] Testing 121 threads...
  OMP_NUM_THREADS: 121
  OMP_PROC_BIND: spread
  Run 1/3...
    ✓ Tempo: 0.111949
  Run 2/3...
    ✓ Tempo: 0.112347
  Run 3/3...
    ✓ Tempo: 0.111704
  ✓ Tempo medio: 0.112000 s (3 run validi)
[122/128] Testing 122 threads...
  OMP_NUM_THREADS: 122
  OMP_PROC_BIND: spread
  Run 1/3...
    ✓ Tempo: 0.109722
  Run 2/3...
    ✓ Tempo: 0.109648
  Run 3/3...
    ✓ Tempo: 0.109466
  ✓ Tempo medio: 0.109612 s (3 run validi)
[123/128] Testing 123 threads...
  OMP_NUM_THREADS: 123
  OMP_PROC_BIND: spread
  Run 1/3...
    ✓ Tempo: 0.110050
  Run 2/3...
    ✓ Tempo: 0.109692
  Run 3/3...
    ✓ Tempo: 0.109690
  ✓ Tempo medio: 0.109811 s (3 run validi)
[124/128] Testing 124 threads...
  OMP_NUM_THREADS: 124
  OMP_PROC_BIND: spread
  Run 1/3...
    ✓ Tempo: 0.109128
  Run 2/3...
    ✓ Tempo: 0.109693
  Run 3/3...
    ✓ Tempo: 0.109281
  ✓ Tempo medio: 0.109367 s (3 run validi)
[125/128] Testing 125 threads...
  OMP_NUM_THREADS: 125
  OMP_PROC_BIND: spread
  Run 1/3...
    ✓ Tempo: 0.108675
  Run 2/3...
    ✓ Tempo: 0.108589
  Run 3/3...
    ✓ Tempo: 0.108226
  ✓ Tempo medio: 0.108497 s (3 run validi)
[126/128] Testing 126 threads...
  OMP_NUM_THREADS: 126
  OMP_PROC_BIND: spread
  Run 1/3...
    ✓ Tempo: 0.107304
  Run 2/3...
    ✓ Tempo: 0.107443
  Run 3/3...
    ✓ Tempo: 0.107228
  ✓ Tempo medio: 0.107325 s (3 run validi)
[127/128] Testing 127 threads...
  OMP_NUM_THREADS: 127
  OMP_PROC_BIND: spread
  Run 1/3...
    ✓ Tempo: 0.106081
  Run 2/3...
    ✓ Tempo: 0.106039
  Run 3/3...
    ✓ Tempo: 0.106340
  ✓ Tempo medio: 0.106153 s (3 run validi)
[128/128] Testing 128 threads...
  OMP_NUM_THREADS: 128
  OMP_PROC_BIND: spread
  Run 1/3...
    ✓ Tempo: 0.106162
  Run 2/3...
    ✓ Tempo: 0.106259
  Run 3/3...
    ✓ Tempo: 0.106018
  ✓ Tempo medio: 0.106146 s (3 run validi)

=== STRONG SCALING COMPLETATO ===
File risultati: results/omp_strong_scaling.csv
Righe generate: 135
Wed Jul 23 10:47:11 PM CEST 2025
