=== MANDELBROT STRONG SCALING TEST ===
Data: Wed Jul 23 08:14:34 PM CEST 2025
Nodo: epyc005.hpc.rd.areasciencepark.it
CPU disponibili: 128

Compilando mandelbrot...
Parametri test:
- Dimensioni: 10000x10000
- Max iterazioni: 1000
- Thread testati: 128 configurazioni
- Output: results/omp_strong_scaling.csv

Inizio test strong scaling...
[1/128] Testing 1 threads...
  OMP_NUM_THREADS: 1
  OMP_PROC_BIND: close
  Run 1/3...
    ✓ Tempo: 48.916207
  Run 2/3...
    ✓ Tempo: 48.860336
  Run 3/3...
    ✓ Tempo: 48.885481
  ✓ Tempo medio: 48.887341 s (3 run validi)
[2/128] Testing 2 threads...
  OMP_NUM_THREADS: 2
  OMP_PROC_BIND: close
  Run 1/3...
    ✓ Tempo: 24.395163
  Run 2/3...
    ✓ Tempo: 24.375828
  Run 3/3...
    ✓ Tempo: 24.394652
  ✓ Tempo medio: 24.388548 s (3 run validi)
[3/128] Testing 3 threads...
  OMP_NUM_THREADS: 3
  OMP_PROC_BIND: close
  Run 1/3...
    ✓ Tempo: 17.851510
  Run 2/3...
    ✓ Tempo: 17.858201
  Run 3/3...
    ✓ Tempo: 17.858629
  ✓ Tempo medio: 17.856113 s (3 run validi)
[4/128] Testing 4 threads...
  OMP_NUM_THREADS: 4
  OMP_PROC_BIND: close
  Run 1/3...
    ✓ Tempo: 14.347614
  Run 2/3...
    ✓ Tempo: 14.358487
  Run 3/3...
    ✓ Tempo: 14.365807
  ✓ Tempo medio: 14.357303 s (3 run validi)
[5/128] Testing 5 threads...
  OMP_NUM_THREADS: 5
  OMP_PROC_BIND: close
  Run 1/3...
    ✓ Tempo: 12.151894
  Run 2/3...
    ✓ Tempo: 12.168784
  Run 3/3...
    ✓ Tempo: 12.156298
  ✓ Tempo medio: 12.158992 s (3 run validi)
[6/128] Testing 6 threads...
  OMP_NUM_THREADS: 6
  OMP_PROC_BIND: close
  Run 1/3...
    ✓ Tempo: 10.340251
  Run 2/3...
    ✓ Tempo: 10.333494
  Run 3/3...
    ✓ Tempo: 10.344761
  ✓ Tempo medio: 10.339502 s (3 run validi)
[7/128] Testing 7 threads...
  OMP_NUM_THREADS: 7
  OMP_PROC_BIND: close
  Run 1/3...
    ✓ Tempo: 8.985503
  Run 2/3...
    ✓ Tempo: 8.990905
  Run 3/3...
    ✓ Tempo: 8.975836
  ✓ Tempo medio: 8.984081 s (3 run validi)
[8/128] Testing 8 threads...
  OMP_NUM_THREADS: 8
  OMP_PROC_BIND: close
  Run 1/3...
    ✓ Tempo: 7.922120
  Run 2/3...
    ✓ Tempo: 7.922406
  Run 3/3...
    ✓ Tempo: 7.915355
  ✓ Tempo medio: 7.919960 s (3 run validi)
[9/128] Testing 9 threads...
  OMP_NUM_THREADS: 9
  OMP_PROC_BIND: close
  Run 1/3...
    ✓ Tempo: 5.693214
  Run 2/3...
    ✓ Tempo: 5.683949
  Run 3/3...
    ✓ Tempo: 5.688093
  ✓ Tempo medio: 5.688419 s (3 run validi)
[10/128] Testing 10 threads...
  OMP_NUM_THREADS: 10
  OMP_PROC_BIND: close
  Run 1/3...
    ✓ Tempo: 5.128234
  Run 2/3...
    ✓ Tempo: 5.140249
  Run 3/3...
    ✓ Tempo: 5.140872
  ✓ Tempo medio: 5.136452 s (3 run validi)
[11/128] Testing 11 threads...
  OMP_NUM_THREADS: 11
  OMP_PROC_BIND: close
  Run 1/3...
    ✓ Tempo: 4.668463
  Run 2/3...
    ✓ Tempo: 4.669480
  Run 3/3...
    ✓ Tempo: 4.669601
  ✓ Tempo medio: 4.669181 s (3 run validi)
[12/128] Testing 12 threads...
  OMP_NUM_THREADS: 12
  OMP_PROC_BIND: close
  Run 1/3...
    ✓ Tempo: 4.284593
  Run 2/3...
    ✓ Tempo: 4.287453
  Run 3/3...
    ✓ Tempo: 4.286807
  ✓ Tempo medio: 4.286284 s (3 run validi)
[13/128] Testing 13 threads...
  OMP_NUM_THREADS: 13
  OMP_PROC_BIND: close
  Run 1/3...
    ✓ Tempo: 3.979420
  Run 2/3...
    ✓ Tempo: 3.956945
  Run 3/3...
    ✓ Tempo: 3.959127
  ✓ Tempo medio: 3.965164 s (3 run validi)
[14/128] Testing 14 threads...
  OMP_NUM_THREADS: 14
  OMP_PROC_BIND: close
  Run 1/3...
    ✓ Tempo: 3.671883
  Run 2/3...
    ✓ Tempo: 3.672514
  Run 3/3...
    ✓ Tempo: 3.669784
  ✓ Tempo medio: 3.671394 s (3 run validi)
[15/128] Testing 15 threads...
  OMP_NUM_THREADS: 15
  OMP_PROC_BIND: close
  Run 1/3...
    ✓ Tempo: 3.424502
  Run 2/3...
    ✓ Tempo: 3.422779
  Run 3/3...
    ✓ Tempo: 3.419942
  ✓ Tempo medio: 3.422408 s (3 run validi)
[16/128] Testing 16 threads...
  OMP_NUM_THREADS: 16
  OMP_PROC_BIND: close
  Run 1/3...
    ✓ Tempo: 3.215555
  Run 2/3...
    ✓ Tempo: 3.215992
  Run 3/3...
    ✓ Tempo: 3.215713
  ✓ Tempo medio: 3.215753 s (3 run validi)
[17/128] Testing 17 threads...
  OMP_NUM_THREADS: 17
  OMP_PROC_BIND: close
  Run 1/3...
    ✓ Tempo: 3.026889
  Run 2/3...
    ✓ Tempo: 3.026067
  Run 3/3...
    ✓ Tempo: 3.026511
  ✓ Tempo medio: 3.026489 s (3 run validi)
[18/128] Testing 18 threads...
  OMP_NUM_THREADS: 18
  OMP_PROC_BIND: close
  Run 1/3...
    ✓ Tempo: 2.842105
  Run 2/3...
    ✓ Tempo: 2.843860
  Run 3/3...
    ✓ Tempo: 2.845085
  ✓ Tempo medio: 2.843683 s (3 run validi)
[19/128] Testing 19 threads...
  OMP_NUM_THREADS: 19
  OMP_PROC_BIND: close
  Run 1/3...
    ✓ Tempo: 2.698355
  Run 2/3...
    ✓ Tempo: 2.692913
  Run 3/3...
    ✓ Tempo: 2.697964
  ✓ Tempo medio: 2.696411 s (3 run validi)
[20/128] Testing 20 threads...
  OMP_NUM_THREADS: 20
  OMP_PROC_BIND: close
  Run 1/3...
    ✓ Tempo: 2.575698
  Run 2/3...
    ✓ Tempo: 2.576842
  Run 3/3...
    ✓ Tempo: 2.570274
  ✓ Tempo medio: 2.574271 s (3 run validi)
[21/128] Testing 21 threads...
  OMP_NUM_THREADS: 21
  OMP_PROC_BIND: close
  Run 1/3...
    ✓ Tempo: 2.447908
  Run 2/3...
    ✓ Tempo: 2.448617
  Run 3/3...
    ✓ Tempo: 2.449350
  ✓ Tempo medio: 2.448625 s (3 run validi)
[22/128] Testing 22 threads...
  OMP_NUM_THREADS: 22
  OMP_PROC_BIND: close
  Run 1/3...
    ✓ Tempo: 2.330290
  Run 2/3...
    ✓ Tempo: 2.334076
  Run 3/3...
    ✓ Tempo: 2.337176
  ✓ Tempo medio: 2.333847 s (3 run validi)
[23/128] Testing 23 threads...
  OMP_NUM_THREADS: 23
  OMP_PROC_BIND: close
  Run 1/3...
    ✓ Tempo: 2.225734
  Run 2/3...
    ✓ Tempo: 2.227467
  Run 3/3...
    ✓ Tempo: 2.224699
  ✓ Tempo medio: 2.225967 s (3 run validi)
[24/128] Testing 24 threads...
  OMP_NUM_THREADS: 24
  OMP_PROC_BIND: close
  Run 1/3...
    ✓ Tempo: 2.141236
  Run 2/3...
    ✓ Tempo: 2.141609
  Run 3/3...
    ✓ Tempo: 2.139153
  ✓ Tempo medio: 2.140666 s (3 run validi)
[25/128] Testing 25 threads...
  OMP_NUM_THREADS: 25
  OMP_PROC_BIND: close
  Run 1/3...
    ✓ Tempo: 2.057422
  Run 2/3...
    ✓ Tempo: 2.057694
  Run 3/3...
    ✓ Tempo: 2.057240
  ✓ Tempo medio: 2.057452 s (3 run validi)
[26/128] Testing 26 threads...
  OMP_NUM_THREADS: 26
  OMP_PROC_BIND: close
  Run 1/3...
    ✓ Tempo: 1.975566
  Run 2/3...
    ✓ Tempo: 1.974378
  Run 3/3...
    ✓ Tempo: 1.974479
  ✓ Tempo medio: 1.974808 s (3 run validi)
[27/128] Testing 27 threads...
  OMP_NUM_THREADS: 27
  OMP_PROC_BIND: close
  Run 1/3...
    ✓ Tempo: 1.897350
  Run 2/3...
    ✓ Tempo: 1.897402
  Run 3/3...
    ✓ Tempo: 1.896956
  ✓ Tempo medio: 1.897236 s (3 run validi)
[28/128] Testing 28 threads...
  OMP_NUM_THREADS: 28
  OMP_PROC_BIND: close
  Run 1/3...
    ✓ Tempo: 1.831283
  Run 2/3...
    ✓ Tempo: 1.829911
  Run 3/3...
    ✓ Tempo: 1.830825
  ✓ Tempo medio: 1.830673 s (3 run validi)
[29/128] Testing 29 threads...
  OMP_NUM_THREADS: 29
  OMP_PROC_BIND: close
  Run 1/3...
    ✓ Tempo: 1.770140
  Run 2/3...
    ✓ Tempo: 1.769972
  Run 3/3...
    ✓ Tempo: 1.770066
  ✓ Tempo medio: 1.770059 s (3 run validi)
[30/128] Testing 30 threads...
  OMP_NUM_THREADS: 30
  OMP_PROC_BIND: close
  Run 1/3...
    ✓ Tempo: 1.710132
  Run 2/3...
    ✓ Tempo: 1.709893
  Run 3/3...
    ✓ Tempo: 1.710179
  ✓ Tempo medio: 1.710068 s (3 run validi)
[31/128] Testing 31 threads...
  OMP_NUM_THREADS: 31
  OMP_PROC_BIND: close
  Run 1/3...
    ✓ Tempo: 1.658732
  Run 2/3...
    ✓ Tempo: 1.659494
  Run 3/3...
    ✓ Tempo: 1.658398
  ✓ Tempo medio: 1.658875 s (3 run validi)
[32/128] Testing 32 threads...
  OMP_NUM_THREADS: 32
  OMP_PROC_BIND: close
  Run 1/3...
    ✓ Tempo: 1.608127
  Run 2/3...
    ✓ Tempo: 1.607893
  Run 3/3...
    ✓ Tempo: 1.609351
  ✓ Tempo medio: 1.608457 s (3 run validi)
[33/128] Testing 33 threads...
  OMP_NUM_THREADS: 33
  OMP_PROC_BIND: spread
  Run 1/3...
    ✓ Tempo: 1.499784
  Run 2/3...
    ✓ Tempo: 1.498355
  Run 3/3...
    ✓ Tempo: 1.500679
  ✓ Tempo medio: 1.499606 s (3 run validi)
[34/128] Testing 34 threads...
  OMP_NUM_THREADS: 34
  OMP_PROC_BIND: spread
  Run 1/3...
    ✓ Tempo: 1.459880
  Run 2/3...
    ✓ Tempo: 1.461460
  Run 3/3...
    ✓ Tempo: 1.461109
  ✓ Tempo medio: 1.460816 s (3 run validi)
[35/128] Testing 35 threads...
  OMP_NUM_THREADS: 35
  OMP_PROC_BIND: spread
  Run 1/3...
    ✓ Tempo: 1.414989
  Run 2/3...
    ✓ Tempo: 1.417766
  Run 3/3...
    ✓ Tempo: 1.416914
  ✓ Tempo medio: 1.416556 s (3 run validi)
[36/128] Testing 36 threads...
  OMP_NUM_THREADS: 36
  OMP_PROC_BIND: spread
  Run 1/3...
    ✓ Tempo: 1.378676
  Run 2/3...
    ✓ Tempo: 1.377667
  Run 3/3...
    ✓ Tempo: 1.378114
  ✓ Tempo medio: 1.378152 s (3 run validi)
[37/128] Testing 37 threads...
  OMP_NUM_THREADS: 37
  OMP_PROC_BIND: spread
  Run 1/3...
    ✓ Tempo: 1.341889
  Run 2/3...
    ✓ Tempo: 1.341698
  Run 3/3...
    ✓ Tempo: 1.342515
  ✓ Tempo medio: 1.342034 s (3 run validi)
[38/128] Testing 38 threads...
  OMP_NUM_THREADS: 38
  OMP_PROC_BIND: spread
  Run 1/3...
    ✓ Tempo: 1.307429
  Run 2/3...
    ✓ Tempo: 1.307541
  Run 3/3...
    ✓ Tempo: 1.307453
  ✓ Tempo medio: 1.307474 s (3 run validi)
[39/128] Testing 39 threads...
  OMP_NUM_THREADS: 39
  OMP_PROC_BIND: spread
  Run 1/3...
    ✓ Tempo: 1.265331
  Run 2/3...
    ✓ Tempo: 1.265155
  Run 3/3...
    ✓ Tempo: 1.264697
  ✓ Tempo medio: 1.265061 s (3 run validi)
[40/128] Testing 40 threads...
  OMP_NUM_THREADS: 40
  OMP_PROC_BIND: spread
  Run 1/3...
    ✓ Tempo: 1.234314
  Run 2/3...
    ✓ Tempo: 1.237133
  Run 3/3...
    ✓ Tempo: 1.234171
  ✓ Tempo medio: 1.235206 s (3 run validi)
[41/128] Testing 41 threads...
  OMP_NUM_THREADS: 41
  OMP_PROC_BIND: spread
  Run 1/3...
    ✓ Tempo: 1.207983
  Run 2/3...
    ✓ Tempo: 1.209516
  Run 3/3...
    ✓ Tempo: 1.207453
  ✓ Tempo medio: 1.208317 s (3 run validi)
[42/128] Testing 42 threads...
  OMP_NUM_THREADS: 42
  OMP_PROC_BIND: spread
  Run 1/3...
    ✓ Tempo: 1.182441
  Run 2/3...
    ✓ Tempo: 1.180920
  Run 3/3...
    ✓ Tempo: 1.182615
  ✓ Tempo medio: 1.181992 s (3 run validi)
[43/128] Testing 43 threads...
  OMP_NUM_THREADS: 43
  OMP_PROC_BIND: spread
  Run 1/3...
    ✓ Tempo: 1.147719
  Run 2/3...
    ✓ Tempo: 1.148808
  Run 3/3...
    ✓ Tempo: 1.147394
  ✓ Tempo medio: 1.147974 s (3 run validi)
[44/128] Testing 44 threads...
  OMP_NUM_THREADS: 44
  OMP_PROC_BIND: spread
  Run 1/3...
    ✓ Tempo: 1.125382
  Run 2/3...
    ✓ Tempo: 1.125798
  Run 3/3...
    ✓ Tempo: 1.126365
  ✓ Tempo medio: 1.125848 s (3 run validi)
[45/128] Testing 45 threads...
  OMP_NUM_THREADS: 45
  OMP_PROC_BIND: spread
  Run 1/3...
    ✓ Tempo: 1.105180
  Run 2/3...
    ✓ Tempo: 1.106619
  Run 3/3...
    ✓ Tempo: 1.105902
  ✓ Tempo medio: 1.105900 s (3 run validi)
[46/128] Testing 46 threads...
  OMP_NUM_THREADS: 46
  OMP_PROC_BIND: spread
  Run 1/3...
    ✓ Tempo: 1.076904
  Run 2/3...
    ✓ Tempo: 1.077001
  Run 3/3...
    ✓ Tempo: 1.075859
  ✓ Tempo medio: 1.076588 s (3 run validi)
[47/128] Testing 47 threads...
  OMP_NUM_THREADS: 47
  OMP_PROC_BIND: spread
  Run 1/3...
    ✓ Tempo: 1.056495
  Run 2/3...
    ✓ Tempo: 1.056926
  Run 3/3...
    ✓ Tempo: 1.056963
  ✓ Tempo medio: 1.056795 s (3 run validi)
[48/128] Testing 48 threads...
  OMP_NUM_THREADS: 48
  OMP_PROC_BIND: spread
  Run 1/3...
    ✓ Tempo: 1.030281
  Run 2/3...
    ✓ Tempo: 1.030441
  Run 3/3...
    ✓ Tempo: 1.029331
  ✓ Tempo medio: 1.030018 s (3 run validi)
[49/128] Testing 49 threads...
  OMP_NUM_THREADS: 49
  OMP_PROC_BIND: spread
  Run 1/3...
    ✓ Tempo: 1.013628
  Run 2/3...
    ✓ Tempo: 1.014061
  Run 3/3...
    ✓ Tempo: 1.014151
  ✓ Tempo medio: 1.013947 s (3 run validi)
[50/128] Testing 50 threads...
  OMP_NUM_THREADS: 50
  OMP_PROC_BIND: spread
  Run 1/3...
    ✓ Tempo: 0.988352
  Run 2/3...
    ✓ Tempo: 0.989042
  Run 3/3...
    ✓ Tempo: 0.988952
  ✓ Tempo medio: 0.988782 s (3 run validi)
[51/128] Testing 51 threads...
  OMP_NUM_THREADS: 51
  OMP_PROC_BIND: spread
  Run 1/3...
    ✓ Tempo: 0.974840
  Run 2/3...
    ✓ Tempo: 0.974458
  Run 3/3...
    ✓ Tempo: 0.974142
  ✓ Tempo medio: 0.974480 s (3 run validi)
[52/128] Testing 52 threads...
  OMP_NUM_THREADS: 52
  OMP_PROC_BIND: spread
  Run 1/3...
    ✓ Tempo: 0.948761
  Run 2/3...
    ✓ Tempo: 0.949321
  Run 3/3...
    ✓ Tempo: 0.950857
  ✓ Tempo medio: 0.949646 s (3 run validi)
[53/128] Testing 53 threads...
  OMP_NUM_THREADS: 53
  OMP_PROC_BIND: spread
  Run 1/3...
    ✓ Tempo: 0.937735
  Run 2/3...
    ✓ Tempo: 0.938562
  Run 3/3...
    ✓ Tempo: 0.938309
  ✓ Tempo medio: 0.938202 s (3 run validi)
[54/128] Testing 54 threads...
  OMP_NUM_THREADS: 54
  OMP_PROC_BIND: spread
  Run 1/3...
    ✓ Tempo: 0.917217
  Run 2/3...
    ✓ Tempo: 0.918207
  Run 3/3...
    ✓ Tempo: 0.917383
  ✓ Tempo medio: 0.917602 s (3 run validi)
[55/128] Testing 55 threads...
  OMP_NUM_THREADS: 55
  OMP_PROC_BIND: spread
  Run 1/3...
    ✓ Tempo: 0.907228
  Run 2/3...
    ✓ Tempo: 0.907321
  Run 3/3...
    ✓ Tempo: 0.906901
  ✓ Tempo medio: 0.907150 s (3 run validi)
[56/128] Testing 56 threads...
  OMP_NUM_THREADS: 56
  OMP_PROC_BIND: spread
  Run 1/3...
    ✓ Tempo: 0.886150
  Run 2/3...
    ✓ Tempo: 0.886071
  Run 3/3...
    ✓ Tempo: 0.885313
  ✓ Tempo medio: 0.885845 s (3 run validi)
[57/128] Testing 57 threads...
  OMP_NUM_THREADS: 57
  OMP_PROC_BIND: spread
  Run 1/3...
    ✓ Tempo: 0.874187
  Run 2/3...
    ✓ Tempo: 0.873160
  Run 3/3...
    ✓ Tempo: 0.873987
  ✓ Tempo medio: 0.873778 s (3 run validi)
[58/128] Testing 58 threads...
  OMP_NUM_THREADS: 58
  OMP_PROC_BIND: spread
  Run 1/3...
    ✓ Tempo: 0.857553
  Run 2/3...
    ✓ Tempo: 0.856527
  Run 3/3...
    ✓ Tempo: 0.857947
  ✓ Tempo medio: 0.857342 s (3 run validi)
[59/128] Testing 59 threads...
  OMP_NUM_THREADS: 59
  OMP_PROC_BIND: spread
  Run 1/3...
    ✓ Tempo: 0.839838
  Run 2/3...
    ✓ Tempo: 0.839767
  Run 3/3...
    ✓ Tempo: 0.840142
  ✓ Tempo medio: 0.839916 s (3 run validi)
[60/128] Testing 60 threads...
  OMP_NUM_THREADS: 60
  OMP_PROC_BIND: spread
  Run 1/3...
    ✓ Tempo: 0.831246
  Run 2/3...
    ✓ Tempo: 0.831046
  Run 3/3...
    ✓ Tempo: 0.830991
  ✓ Tempo medio: 0.831094 s (3 run validi)
[61/128] Testing 61 threads...
  OMP_NUM_THREADS: 61
  OMP_PROC_BIND: spread
  Run 1/3...
    ✓ Tempo: 0.814523
  Run 2/3...
    ✓ Tempo: 0.814479
  Run 3/3...
    ✓ Tempo: 0.814567
  ✓ Tempo medio: 0.814523 s (3 run validi)
[62/128] Testing 62 threads...
  OMP_NUM_THREADS: 62
  OMP_PROC_BIND: spread
  Run 1/3...
    ✓ Tempo: 0.799682
  Run 2/3...
    ✓ Tempo: 0.800573
  Run 3/3...
    ✓ Tempo: 0.799528
  ✓ Tempo medio: 0.799928 s (3 run validi)
[63/128] Testing 63 threads...
  OMP_NUM_THREADS: 63
  OMP_PROC_BIND: spread
  Run 1/3...
    ✓ Tempo: 0.791081
  Run 2/3...
    ✓ Tempo: 0.791122
  Run 3/3...
    ✓ Tempo: 0.791000
  ✓ Tempo medio: 0.791068 s (3 run validi)
[64/128] Testing 64 threads...
  OMP_NUM_THREADS: 64
  OMP_PROC_BIND: spread
  Run 1/3...
    ✓ Tempo: 1.084885
  Run 2/3...
    ✓ Tempo: 1.083193
  Run 3/3...
    ✓ Tempo: 1.083158
  ✓ Tempo medio: 1.083745 s (3 run validi)
[65/128] Testing 65 threads...
  OMP_NUM_THREADS: 65
  OMP_PROC_BIND: spread
  Run 1/3...
    ✓ Tempo: 1.067512
  Run 2/3...
    ✓ Tempo: 1.068822
  Run 3/3...
    ✓ Tempo: 1.067163
  ✓ Tempo medio: 1.067832 s (3 run validi)
[66/128] Testing 66 threads...
  OMP_NUM_THREADS: 66
  OMP_PROC_BIND: spread
  Run 1/3...
    ✓ Tempo: 1.042780
  Run 2/3...
    ✓ Tempo: 1.042401
  Run 3/3...
    ✓ Tempo: 1.043322
  ✓ Tempo medio: 1.042834 s (3 run validi)
[67/128] Testing 67 threads...
  OMP_NUM_THREADS: 67
  OMP_PROC_BIND: spread
  Run 1/3...
    ✓ Tempo: 1.040773
  Run 2/3...
    ✓ Tempo: 1.040566
  Run 3/3...
    ✓ Tempo: 1.041294
  ✓ Tempo medio: 1.040878 s (3 run validi)
[68/128] Testing 68 threads...
  OMP_NUM_THREADS: 68
  OMP_PROC_BIND: spread
  Run 1/3...
    ✓ Tempo: 1.019918
  Run 2/3...
    ✓ Tempo: 1.018812
  Run 3/3...
    ✓ Tempo: 1.019406
  ✓ Tempo medio: 1.019379 s (3 run validi)
[69/128] Testing 69 threads...
  OMP_NUM_THREADS: 69
  OMP_PROC_BIND: spread
  Run 1/3...
    ✓ Tempo: 1.003237
  Run 2/3...
    ✓ Tempo: 1.003981
  Run 3/3...
    ✓ Tempo: 1.003495
  ✓ Tempo medio: 1.003571 s (3 run validi)
[70/128] Testing 70 threads...
  OMP_NUM_THREADS: 70
  OMP_PROC_BIND: spread
  Run 1/3...
    ✓ Tempo: 0.995226
  Run 2/3...
    ✓ Tempo: 0.995326
  Run 3/3...
    ✓ Tempo: 0.995445
  ✓ Tempo medio: 0.995332 s (3 run validi)
[71/128] Testing 71 threads...
  OMP_NUM_THREADS: 71
  OMP_PROC_BIND: spread
  Run 1/3...
    ✓ Tempo: 0.976487
  Run 2/3...
    ✓ Tempo: 0.975331
  Run 3/3...
    ✓ Tempo: 0.976566
  ✓ Tempo medio: 0.976128 s (3 run validi)
[72/128] Testing 72 threads...
  OMP_NUM_THREADS: 72
  OMP_PROC_BIND: spread
  Run 1/3...
    ✓ Tempo: 0.971235
  Run 2/3...
    ✓ Tempo: 0.971681
  Run 3/3...
    ✓ Tempo: 0.971795
  ✓ Tempo medio: 0.971570 s (3 run validi)
[73/128] Testing 73 threads...
  OMP_NUM_THREADS: 73
  OMP_PROC_BIND: spread
  Run 1/3...
    ✓ Tempo: 0.948247
  Run 2/3...
    ✓ Tempo: 0.947679
  Run 3/3...
    ✓ Tempo: 0.947133
  ✓ Tempo medio: 0.947686 s (3 run validi)
[74/128] Testing 74 threads...
  OMP_NUM_THREADS: 74
  OMP_PROC_BIND: spread
  Run 1/3...
    ✓ Tempo: 0.945395
  Run 2/3...
    ✓ Tempo: 0.945050
  Run 3/3...
    ✓ Tempo: 0.945117
  ✓ Tempo medio: 0.945187 s (3 run validi)
[75/128] Testing 75 threads...
  OMP_NUM_THREADS: 75
  OMP_PROC_BIND: spread
  Run 1/3...
    ✓ Tempo: 0.922382
  Run 2/3...
    ✓ Tempo: 0.922218
  Run 3/3...
    ✓ Tempo: 0.922235
  ✓ Tempo medio: 0.922278 s (3 run validi)
[76/128] Testing 76 threads...
  OMP_NUM_THREADS: 76
  OMP_PROC_BIND: spread
  Run 1/3...
    ✓ Tempo: 0.918462
  Run 2/3...
    ✓ Tempo: 0.918212
  Run 3/3...
    ✓ Tempo: 0.918885
  ✓ Tempo medio: 0.918520 s (3 run validi)
[77/128] Testing 77 threads...
  OMP_NUM_THREADS: 77
  OMP_PROC_BIND: spread
  Run 1/3...
    ✓ Tempo: 0.897641
  Run 2/3...
    ✓ Tempo: 0.899074
  Run 3/3...
    ✓ Tempo: 0.896817
  ✓ Tempo medio: 0.897844 s (3 run validi)
[78/128] Testing 78 threads...
  OMP_NUM_THREADS: 78
  OMP_PROC_BIND: spread
  Run 1/3...
    ✓ Tempo: 0.892430
  Run 2/3...
    ✓ Tempo: 0.892567
  Run 3/3...
    ✓ Tempo: 0.892598
  ✓ Tempo medio: 0.892532 s (3 run validi)
[79/128] Testing 79 threads...
  OMP_NUM_THREADS: 79
  OMP_PROC_BIND: spread
  Run 1/3...
    ✓ Tempo: 0.885842
  Run 2/3...
    ✓ Tempo: 0.885248
  Run 3/3...
    ✓ Tempo: 0.883882
  ✓ Tempo medio: 0.884991 s (3 run validi)
[80/128] Testing 80 threads...
  OMP_NUM_THREADS: 80
  OMP_PROC_BIND: spread
  Run 1/3...
    ✓ Tempo: 0.862532
  Run 2/3...
    ✓ Tempo: 0.862049
  Run 3/3...
    ✓ Tempo: 0.862428
  ✓ Tempo medio: 0.862336 s (3 run validi)
[81/128] Testing 81 threads...
  OMP_NUM_THREADS: 81
  OMP_PROC_BIND: spread
  Run 1/3...
    ✓ Tempo: 0.857416
  Run 2/3...
    ✓ Tempo: 0.857882
  Run 3/3...
    ✓ Tempo: 0.859331
  ✓ Tempo medio: 0.858210 s (3 run validi)
[82/128] Testing 82 threads...
  OMP_NUM_THREADS: 82
  OMP_PROC_BIND: spread
  Run 1/3...
    ✓ Tempo: 0.847763
  Run 2/3...
    ✓ Tempo: 0.847561
  Run 3/3...
    ✓ Tempo: 0.847667
  ✓ Tempo medio: 0.847664 s (3 run validi)
[83/128] Testing 83 threads...
  OMP_NUM_THREADS: 83
  OMP_PROC_BIND: spread
  Run 1/3...
    ✓ Tempo: 0.833546
  Run 2/3...
    ✓ Tempo: 0.833401
  Run 3/3...
    ✓ Tempo: 0.833314
  ✓ Tempo medio: 0.833420 s (3 run validi)
[84/128] Testing 84 threads...
  OMP_NUM_THREADS: 84
  OMP_PROC_BIND: spread
  Run 1/3...
    ✓ Tempo: 0.824712
  Run 2/3...
    ✓ Tempo: 0.824169
  Run 3/3...
    ✓ Tempo: 0.824418
  ✓ Tempo medio: 0.824433 s (3 run validi)
[85/128] Testing 85 threads...
  OMP_NUM_THREADS: 85
  OMP_PROC_BIND: spread
  Run 1/3...
    ✓ Tempo: 0.817862
  Run 2/3...
    ✓ Tempo: 0.818232
  Run 3/3...
    ✓ Tempo: 0.817976
  ✓ Tempo medio: 0.818023 s (3 run validi)
[86/128] Testing 86 threads...
  OMP_NUM_THREADS: 86
  OMP_PROC_BIND: spread
  Run 1/3...
    ✓ Tempo: 0.810832
  Run 2/3...
    ✓ Tempo: 0.811724
  Run 3/3...
    ✓ Tempo: 0.811044
  ✓ Tempo medio: 0.811200 s (3 run validi)
[87/128] Testing 87 threads...
  OMP_NUM_THREADS: 87
  OMP_PROC_BIND: spread
  Run 1/3...
    ✓ Tempo: 0.803222
  Run 2/3...
    ✓ Tempo: 0.803062
  Run 3/3...
    ✓ Tempo: 0.803331
  ✓ Tempo medio: 0.803205 s (3 run validi)
[88/128] Testing 88 threads...
  OMP_NUM_THREADS: 88
  OMP_PROC_BIND: spread
  Run 1/3...
    ✓ Tempo: 0.784978
  Run 2/3...
    ✓ Tempo: 0.785517
  Run 3/3...
    ✓ Tempo: 0.785150
  ✓ Tempo medio: 0.785215 s (3 run validi)
[89/128] Testing 89 threads...
  OMP_NUM_THREADS: 89
  OMP_PROC_BIND: spread
  Run 1/3...
    ✓ Tempo: 0.777775
  Run 2/3...
    ✓ Tempo: 0.777810
  Run 3/3...
    ✓ Tempo: 0.778005
  ✓ Tempo medio: 0.777863 s (3 run validi)
[90/128] Testing 90 threads...
  OMP_NUM_THREADS: 90
  OMP_PROC_BIND: spread
  Run 1/3...
    ✓ Tempo: 0.771619
  Run 2/3...
    ✓ Tempo: 0.771771
  Run 3/3...
    ✓ Tempo: 0.771601
  ✓ Tempo medio: 0.771664 s (3 run validi)
[91/128] Testing 91 threads...
  OMP_NUM_THREADS: 91
  OMP_PROC_BIND: spread
  Run 1/3...
    ✓ Tempo: 0.763927
  Run 2/3...
    ✓ Tempo: 0.763667
  Run 3/3...
    ✓ Tempo: 0.763408
  ✓ Tempo medio: 0.763667 s (3 run validi)
[92/128] Testing 92 threads...
  OMP_NUM_THREADS: 92
  OMP_PROC_BIND: spread
  Run 1/3...
    ✓ Tempo: 0.758443
  Run 2/3...
    ✓ Tempo: 0.758552
  Run 3/3...
    ✓ Tempo: 0.758058
  ✓ Tempo medio: 0.758351 s (3 run validi)
[93/128] Testing 93 threads...
  OMP_NUM_THREADS: 93
  OMP_PROC_BIND: spread
  Run 1/3...
    ✓ Tempo: 0.751092
  Run 2/3...
    ✓ Tempo: 0.751596
  Run 3/3...
    ✓ Tempo: 0.750739
  ✓ Tempo medio: 0.751142 s (3 run validi)
[94/128] Testing 94 threads...
  OMP_NUM_THREADS: 94
  OMP_PROC_BIND: spread
  Run 1/3...
    ✓ Tempo: 0.742173
  Run 2/3...
    ✓ Tempo: 0.742272
  Run 3/3...
    ✓ Tempo: 0.742208
  ✓ Tempo medio: 0.742218 s (3 run validi)
[95/128] Testing 95 threads...
  OMP_NUM_THREADS: 95
  OMP_PROC_BIND: spread
  Run 1/3...
    ✓ Tempo: 0.736822
  Run 2/3...
    ✓ Tempo: 0.737270
  Run 3/3...
    ✓ Tempo: 0.737179
  ✓ Tempo medio: 0.737090 s (3 run validi)
[96/128] Testing 96 threads...
  OMP_NUM_THREADS: 96
  OMP_PROC_BIND: spread
  Run 1/3...
    ✓ Tempo: 0.727315
  Run 2/3...
    ✓ Tempo: 0.727445
  Run 3/3...
    ✓ Tempo: 0.726958
  ✓ Tempo medio: 0.727239 s (3 run validi)
[97/128] Testing 97 threads...
  OMP_NUM_THREADS: 97
  OMP_PROC_BIND: spread
  Run 1/3...
    ✓ Tempo: 0.724066
  Run 2/3...
    ✓ Tempo: 0.723092
  Run 3/3...
    ✓ Tempo: 0.723066
  ✓ Tempo medio: 0.723408 s (3 run validi)
[98/128] Testing 98 threads...
  OMP_NUM_THREADS: 98
  OMP_PROC_BIND: spread
  Run 1/3...
    ✓ Tempo: 0.715071
  Run 2/3...
    ✓ Tempo: 0.715079
  Run 3/3...
    ✓ Tempo: 0.715252
  ✓ Tempo medio: 0.715134 s (3 run validi)
[99/128] Testing 99 threads...
  OMP_NUM_THREADS: 99
  OMP_PROC_BIND: spread
  Run 1/3...
    ✓ Tempo: 0.700844
  Run 2/3...
    ✓ Tempo: 0.700443
  Run 3/3...
    ✓ Tempo: 0.700914
  ✓ Tempo medio: 0.700734 s (3 run validi)
[100/128] Testing 100 threads...
  OMP_NUM_THREADS: 100
  OMP_PROC_BIND: spread
  Run 1/3...
    ✓ Tempo: 0.702408
  Run 2/3...
    ✓ Tempo: 0.701881
  Run 3/3...
    ✓ Tempo: 0.703721
  ✓ Tempo medio: 0.702670 s (3 run validi)
[101/128] Testing 101 threads...
  OMP_NUM_THREADS: 101
  OMP_PROC_BIND: spread
  Run 1/3...
    ✓ Tempo: 0.689443
  Run 2/3...
    ✓ Tempo: 0.689676
  Run 3/3...
    ✓ Tempo: 0.689379
  ✓ Tempo medio: 0.689499 s (3 run validi)
[102/128] Testing 102 threads...
  OMP_NUM_THREADS: 102
  OMP_PROC_BIND: spread
  Run 1/3...
    ✓ Tempo: 0.689374
  Run 2/3...
    ✓ Tempo: 0.689394
  Run 3/3...
    ✓ Tempo: 0.689485
  ✓ Tempo medio: 0.689418 s (3 run validi)
[103/128] Testing 103 threads...
  OMP_NUM_THREADS: 103
  OMP_PROC_BIND: spread
  Run 1/3...
    ✓ Tempo: 0.679043
  Run 2/3...
    ✓ Tempo: 0.678470
  Run 3/3...
    ✓ Tempo: 0.678337
  ✓ Tempo medio: 0.678617 s (3 run validi)
[104/128] Testing 104 threads...
  OMP_NUM_THREADS: 104
  OMP_PROC_BIND: spread
  Run 1/3...
    ✓ Tempo: 0.676081
  Run 2/3...
    ✓ Tempo: 0.675434
  Run 3/3...
    ✓ Tempo: 0.675525
  ✓ Tempo medio: 0.675680 s (3 run validi)
[105/128] Testing 105 threads...
  OMP_NUM_THREADS: 105
  OMP_PROC_BIND: spread
  Run 1/3...
    ✓ Tempo: 0.666777
  Run 2/3...
    ✓ Tempo: 0.666698
  Run 3/3...
    ✓ Tempo: 0.666667
  ✓ Tempo medio: 0.666714 s (3 run validi)
[106/128] Testing 106 threads...
  OMP_NUM_THREADS: 106
  OMP_PROC_BIND: spread
  Run 1/3...
    ✓ Tempo: 0.661757
  Run 2/3...
    ✓ Tempo: 0.661284
  Run 3/3...
    ✓ Tempo: 0.660945
  ✓ Tempo medio: 0.661329 s (3 run validi)
[107/128] Testing 107 threads...
  OMP_NUM_THREADS: 107
  OMP_PROC_BIND: spread
  Run 1/3...
    ✓ Tempo: 0.654460
  Run 2/3...
    ✓ Tempo: 0.654320
  Run 3/3...
    ✓ Tempo: 0.653819
  ✓ Tempo medio: 0.654200 s (3 run validi)
[108/128] Testing 108 threads...
  OMP_NUM_THREADS: 108
  OMP_PROC_BIND: spread
  Run 1/3...
    ✓ Tempo: 0.647045
  Run 2/3...
    ✓ Tempo: 0.646784
  Run 3/3...
    ✓ Tempo: 0.646704
  ✓ Tempo medio: 0.646844 s (3 run validi)
[109/128] Testing 109 threads...
  OMP_NUM_THREADS: 109
  OMP_PROC_BIND: spread
  Run 1/3...
    ✓ Tempo: 0.641268
  Run 2/3...
    ✓ Tempo: 0.641370
  Run 3/3...
    ✓ Tempo: 0.641763
  ✓ Tempo medio: 0.641467 s (3 run validi)
[110/128] Testing 110 threads...
  OMP_NUM_THREADS: 110
  OMP_PROC_BIND: spread
  Run 1/3...
    ✓ Tempo: 0.632448
  Run 2/3...
    ✓ Tempo: 0.632748
  Run 3/3...
    ✓ Tempo: 0.632727
  ✓ Tempo medio: 0.632641 s (3 run validi)
[111/128] Testing 111 threads...
  OMP_NUM_THREADS: 111
  OMP_PROC_BIND: spread
  Run 1/3...
    ✓ Tempo: 0.628589
  Run 2/3...
    ✓ Tempo: 0.628000
  Run 3/3...
    ✓ Tempo: 0.628086
  ✓ Tempo medio: 0.628225 s (3 run validi)
[112/128] Testing 112 threads...
  OMP_NUM_THREADS: 112
  OMP_PROC_BIND: spread
  Run 1/3...
    ✓ Tempo: 0.630490
  Run 2/3...
    ✓ Tempo: 0.630426
  Run 3/3...
    ✓ Tempo: 0.630353
  ✓ Tempo medio: 0.630423 s (3 run validi)
[113/128] Testing 113 threads...
  OMP_NUM_THREADS: 113
  OMP_PROC_BIND: spread
  Run 1/3...
    ✓ Tempo: 0.616251
  Run 2/3...
    ✓ Tempo: 0.616189
  Run 3/3...
    ✓ Tempo: 0.616735
  ✓ Tempo medio: 0.616392 s (3 run validi)
[114/128] Testing 114 threads...
  OMP_NUM_THREADS: 114
  OMP_PROC_BIND: spread
  Run 1/3...
    ✓ Tempo: 0.618484
  Run 2/3...
    ✓ Tempo: 0.616580
  Run 3/3...
    ✓ Tempo: 0.618103
  ✓ Tempo medio: 0.617722 s (3 run validi)
[115/128] Testing 115 threads...
  OMP_NUM_THREADS: 115
  OMP_PROC_BIND: spread
  Run 1/3...
    ✓ Tempo: 0.612630
  Run 2/3...
    ✓ Tempo: 0.613709
  Run 3/3...
    ✓ Tempo: 0.612926
  ✓ Tempo medio: 0.613088 s (3 run validi)
[116/128] Testing 116 threads...
  OMP_NUM_THREADS: 116
  OMP_PROC_BIND: spread
  Run 1/3...
    ✓ Tempo: 0.604941
  Run 2/3...
    ✓ Tempo: 0.604964
  Run 3/3...
    ✓ Tempo: 0.605102
  ✓ Tempo medio: 0.605002 s (3 run validi)
[117/128] Testing 117 threads...
  OMP_NUM_THREADS: 117
  OMP_PROC_BIND: spread
  Run 1/3...
    ✓ Tempo: 0.597865
  Run 2/3...
    ✓ Tempo: 0.597859
  Run 3/3...
    ✓ Tempo: 0.597958
  ✓ Tempo medio: 0.597894 s (3 run validi)
[118/128] Testing 118 threads...
  OMP_NUM_THREADS: 118
  OMP_PROC_BIND: spread
  Run 1/3...
    ✓ Tempo: 0.592293
  Run 2/3...
    ✓ Tempo: 0.591815
  Run 3/3...
    ✓ Tempo: 0.591816
  ✓ Tempo medio: 0.591975 s (3 run validi)
[119/128] Testing 119 threads...
  OMP_NUM_THREADS: 119
  OMP_PROC_BIND: spread
  Run 1/3...
    ✓ Tempo: 0.594696
  Run 2/3...
    ✓ Tempo: 0.594514
  Run 3/3...
    ✓ Tempo: 0.594766
  ✓ Tempo medio: 0.594659 s (3 run validi)
[120/128] Testing 120 threads...
  OMP_NUM_THREADS: 120
  OMP_PROC_BIND: spread
  Run 1/3...
    ✓ Tempo: 0.581904
  Run 2/3...
    ✓ Tempo: 0.581764
  Run 3/3...
    ✓ Tempo: 0.581957
  ✓ Tempo medio: 0.581875 s (3 run validi)
[121/128] Testing 121 threads...
  OMP_NUM_THREADS: 121
  OMP_PROC_BIND: spread
  Run 1/3...
    ✓ Tempo: 0.582086
  Run 2/3...
    ✓ Tempo: 0.581916
  Run 3/3...
    ✓ Tempo: 0.581974
  ✓ Tempo medio: 0.581992 s (3 run validi)
[122/128] Testing 122 threads...
  OMP_NUM_THREADS: 122
  OMP_PROC_BIND: spread
  Run 1/3...
    ✓ Tempo: 0.576217
  Run 2/3...
    ✓ Tempo: 0.575052
  Run 3/3...
    ✓ Tempo: 0.575280
  ✓ Tempo medio: 0.575516 s (3 run validi)
[123/128] Testing 123 threads...
  OMP_NUM_THREADS: 123
  OMP_PROC_BIND: spread
  Run 1/3...
    ✓ Tempo: 0.569163
  Run 2/3...
    ✓ Tempo: 0.569187
  Run 3/3...
    ✓ Tempo: 0.569140
  ✓ Tempo medio: 0.569163 s (3 run validi)
[124/128] Testing 124 threads...
  OMP_NUM_THREADS: 124
  OMP_PROC_BIND: spread
  Run 1/3...
    ✓ Tempo: 0.569823
  Run 2/3...
    ✓ Tempo: 0.570218
  Run 3/3...
    ✓ Tempo: 0.569700
  ✓ Tempo medio: 0.569914 s (3 run validi)
[125/128] Testing 125 threads...
  OMP_NUM_THREADS: 125
  OMP_PROC_BIND: spread
  Run 1/3...
    ✓ Tempo: 0.567711
  Run 2/3...
    ✓ Tempo: 0.567550
  Run 3/3...
    ✓ Tempo: 0.569002
  ✓ Tempo medio: 0.568088 s (3 run validi)
[126/128] Testing 126 threads...
  OMP_NUM_THREADS: 126
  OMP_PROC_BIND: spread
  Run 1/3...
    ✓ Tempo: 0.557345
  Run 2/3...
    ✓ Tempo: 0.557436
  Run 3/3...
    ✓ Tempo: 0.557763
  ✓ Tempo medio: 0.557515 s (3 run validi)
[127/128] Testing 127 threads...
  OMP_NUM_THREADS: 127
  OMP_PROC_BIND: spread
  Run 1/3...
    ✓ Tempo: 0.554603
  Run 2/3...
    ✓ Tempo: 0.554324
  Run 3/3...
    ✓ Tempo: 0.554340
  ✓ Tempo medio: 0.554422 s (3 run validi)
[128/128] Testing 128 threads...
  OMP_NUM_THREADS: 128
  OMP_PROC_BIND: spread
  Run 1/3...
    ✓ Tempo: 0.546860
  Run 2/3...
    ✓ Tempo: 0.546933
  Run 3/3...
    ✓ Tempo: 0.546476
  ✓ Tempo medio: 0.546756 s (3 run validi)

=== STRONG SCALING COMPLETATO ===
File risultati: results/omp_strong_scaling.csv
Righe generate: 129
Wed Jul 23 08:41:27 PM CEST 2025
