=== MANDELBROT STRONG SCALING TEST ===
Data: Wed Jul 23 10:26:07 PM CEST 2025
Nodo: epyc004.hpc.rd.areasciencepark.it
CPU disponibili: 128

Compilando mandelbrot...
Parametri test:
- Dimensioni: 6000x6000
- Max iterazioni: 500
- Thread testati: 128 configurazioni
- Output: results/omp_strong_scaling.csv

Inizio test strong scaling...
[1/128] Testing 1 threads...
  OMP_NUM_THREADS: 1
  OMP_PROC_BIND: close
  Run 1/3...
    ✓ Tempo: 9.012799
  Run 2/3...
    ✓ Tempo: 8.998376
  Run 3/3...
    ✓ Tempo: 8.993342
  ✓ Tempo medio: 9.001506 s (3 run validi)
[2/128] Testing 2 threads...
  OMP_NUM_THREADS: 2
  OMP_PROC_BIND: close
  Run 1/3...
    ✓ Tempo: 4.521580
  Run 2/3...
    ✓ Tempo: 4.524493
  Run 3/3...
    ✓ Tempo: 4.520615
  ✓ Tempo medio: 4.522229 s (3 run validi)
[3/128] Testing 3 threads...
  OMP_NUM_THREADS: 3
  OMP_PROC_BIND: close
  Run 1/3...
    ✓ Tempo: 3.308002
  Run 2/3...
    ✓ Tempo: 3.309591
  Run 3/3...
    ✓ Tempo: 3.310743
  ✓ Tempo medio: 3.309445 s (3 run validi)
[4/128] Testing 4 threads...
  OMP_NUM_THREADS: 4
  OMP_PROC_BIND: close
  Run 1/3...
    ✓ Tempo: 2.665716
  Run 2/3...
    ✓ Tempo: 2.662634
  Run 3/3...
    ✓ Tempo: 2.636626
  ✓ Tempo medio: 2.654992 s (3 run validi)
[5/128] Testing 5 threads...
  OMP_NUM_THREADS: 5
  OMP_PROC_BIND: close
  Run 1/3...
    ✓ Tempo: 2.253248
  Run 2/3...
    ✓ Tempo: 2.246594
  Run 3/3...
    ✓ Tempo: 2.250163
  ✓ Tempo medio: 2.250002 s (3 run validi)
[6/128] Testing 6 threads...
  OMP_NUM_THREADS: 6
  OMP_PROC_BIND: close
  Run 1/3...
    ✓ Tempo: 1.912617
  Run 2/3...
    ✓ Tempo: 1.920684
  Run 3/3...
    ✓ Tempo: 1.922799
  ✓ Tempo medio: 1.918700 s (3 run validi)
[7/128] Testing 7 threads...
  OMP_NUM_THREADS: 7
  OMP_PROC_BIND: close
  Run 1/3...
    ✓ Tempo: 1.694157
  Run 2/3...
    ✓ Tempo: 1.673501
  Run 3/3...
    ✓ Tempo: 1.671539
  ✓ Tempo medio: 1.679732 s (3 run validi)
[8/128] Testing 8 threads...
  OMP_NUM_THREADS: 8
  OMP_PROC_BIND: close
  Run 1/3...
    ✓ Tempo: 1.481119
  Run 2/3...
    ✓ Tempo: 1.481015
  Run 3/3...
    ✓ Tempo: 1.487362
  ✓ Tempo medio: 1.483165 s (3 run validi)
[9/128] Testing 9 threads...
  OMP_NUM_THREADS: 9
  OMP_PROC_BIND: close
  Run 1/3...
    ✓ Tempo: 1.073568
  Run 2/3...
    ✓ Tempo: 1.060573
  Run 3/3...
    ✓ Tempo: 1.073156
  ✓ Tempo medio: 1.069099 s (3 run validi)
[10/128] Testing 10 threads...
  OMP_NUM_THREADS: 10
  OMP_PROC_BIND: close
  Run 1/3...
    ✓ Tempo: 0.971392
  Run 2/3...
    ✓ Tempo: 0.977333
  Run 3/3...
    ✓ Tempo: 0.993683
  ✓ Tempo medio: 0.980803 s (3 run validi)
[11/128] Testing 11 threads...
  OMP_NUM_THREADS: 11
  OMP_PROC_BIND: close
  Run 1/3...
    ✓ Tempo: 0.885609
  Run 2/3...
    ✓ Tempo: 0.888355
  Run 3/3...
    ✓ Tempo: 0.889802
  ✓ Tempo medio: 0.887922 s (3 run validi)
[12/128] Testing 12 threads...
  OMP_NUM_THREADS: 12
  OMP_PROC_BIND: close
  Run 1/3...
    ✓ Tempo: 0.818779
  Run 2/3...
    ✓ Tempo: 0.819802
  Run 3/3...
    ✓ Tempo: 0.823720
  ✓ Tempo medio: 0.820767 s (3 run validi)
[13/128] Testing 13 threads...
  OMP_NUM_THREADS: 13
  OMP_PROC_BIND: close
  Run 1/3...
    ✓ Tempo: 0.756748
  Run 2/3...
    ✓ Tempo: 0.762453
  Run 3/3...
    ✓ Tempo: 0.757635
  ✓ Tempo medio: 0.758945 s (3 run validi)
[14/128] Testing 14 threads...
  OMP_NUM_THREADS: 14
  OMP_PROC_BIND: close
  Run 1/3...
    ✓ Tempo: 0.703345
  Run 2/3...
    ✓ Tempo: 0.720314
  Run 3/3...
    ✓ Tempo: 0.706039
  ✓ Tempo medio: 0.709899 s (3 run validi)
[15/128] Testing 15 threads...
  OMP_NUM_THREADS: 15
  OMP_PROC_BIND: close
  Run 1/3...
    ✓ Tempo: 0.664628
  Run 2/3...
    ✓ Tempo: 0.663323
  Run 3/3...
    ✓ Tempo: 0.660476
  ✓ Tempo medio: 0.662809 s (3 run validi)
[16/128] Testing 16 threads...
  OMP_NUM_THREADS: 16
  OMP_PROC_BIND: close
  Run 1/3...
    ✓ Tempo: 0.621454
  Run 2/3...
    ✓ Tempo: 0.623377
  Run 3/3...
    ✓ Tempo: 0.624072
  ✓ Tempo medio: 0.622968 s (3 run validi)
[17/128] Testing 17 threads...
  OMP_NUM_THREADS: 17
  OMP_PROC_BIND: close
  Run 1/3...
    ✓ Tempo: 0.585767
  Run 2/3...
    ✓ Tempo: 0.586174
  Run 3/3...
    ✓ Tempo: 0.585189
  ✓ Tempo medio: 0.585710 s (3 run validi)
[18/128] Testing 18 threads...
  OMP_NUM_THREADS: 18
  OMP_PROC_BIND: close
  Run 1/3...
    ✓ Tempo: 0.553326
  Run 2/3...
    ✓ Tempo: 0.556494
  Run 3/3...
    ✓ Tempo: 0.551744
  ✓ Tempo medio: 0.553855 s (3 run validi)
[19/128] Testing 19 threads...
  OMP_NUM_THREADS: 19
  OMP_PROC_BIND: close
  Run 1/3...
    ✓ Tempo: 0.527967
  Run 2/3...
    ✓ Tempo: 0.528097
  Run 3/3...
    ✓ Tempo: 0.527168
  ✓ Tempo medio: 0.527744 s (3 run validi)
[20/128] Testing 20 threads...
  OMP_NUM_THREADS: 20
  OMP_PROC_BIND: close
  Run 1/3...
    ✓ Tempo: 0.503618
  Run 2/3...
    ✓ Tempo: 0.504693
  Run 3/3...
    ✓ Tempo: 0.507045
  ✓ Tempo medio: 0.505119 s (3 run validi)
[21/128] Testing 21 threads...
  OMP_NUM_THREADS: 21
  OMP_PROC_BIND: close
  Run 1/3...
    ✓ Tempo: 0.478270
  Run 2/3...
    ✓ Tempo: 0.480721
  Run 3/3...
    ✓ Tempo: 0.483123
  ✓ Tempo medio: 0.480705 s (3 run validi)
[22/128] Testing 22 threads...
  OMP_NUM_THREADS: 22
  OMP_PROC_BIND: close
  Run 1/3...
    ✓ Tempo: 0.463572
  Run 2/3...
    ✓ Tempo: 0.461606
  Run 3/3...
    ✓ Tempo: 0.474471
  ✓ Tempo medio: 0.466550 s (3 run validi)
[23/128] Testing 23 threads...
  OMP_NUM_THREADS: 23
  OMP_PROC_BIND: close
  Run 1/3...
    ✓ Tempo: 0.440783
  Run 2/3...
    ✓ Tempo: 0.440373
  Run 3/3...
    ✓ Tempo: 0.444944
  ✓ Tempo medio: 0.442033 s (3 run validi)
[24/128] Testing 24 threads...
  OMP_NUM_THREADS: 24
  OMP_PROC_BIND: close
  Run 1/3...
    ✓ Tempo: 0.423306
  Run 2/3...
    ✓ Tempo: 0.422047
  Run 3/3...
    ✓ Tempo: 0.424902
  ✓ Tempo medio: 0.423418 s (3 run validi)
[25/128] Testing 25 threads...
  OMP_NUM_THREADS: 25
  OMP_PROC_BIND: close
  Run 1/3...
    ✓ Tempo: 0.411059
  Run 2/3...
    ✓ Tempo: 0.407860
  Run 3/3...
    ✓ Tempo: 0.430676
  ✓ Tempo medio: 0.416532 s (3 run validi)
[26/128] Testing 26 threads...
  OMP_NUM_THREADS: 26
  OMP_PROC_BIND: close
  Run 1/3...
    ✓ Tempo: 0.394943
  Run 2/3...
    ✓ Tempo: 0.395180
  Run 3/3...
    ✓ Tempo: 0.396596
  ✓ Tempo medio: 0.395573 s (3 run validi)
[27/128] Testing 27 threads...
  OMP_NUM_THREADS: 27
  OMP_PROC_BIND: close
  Run 1/3...
    ✓ Tempo: 0.378136
  Run 2/3...
    ✓ Tempo: 0.377981
  Run 3/3...
    ✓ Tempo: 0.378613
  ✓ Tempo medio: 0.378243 s (3 run validi)
[28/128] Testing 28 threads...
  OMP_NUM_THREADS: 28
  OMP_PROC_BIND: close
  Run 1/3...
    ✓ Tempo: 0.365282
  Run 2/3...
    ✓ Tempo: 0.365811
  Run 3/3...
    ✓ Tempo: 0.368120
  ✓ Tempo medio: 0.366404 s (3 run validi)
[29/128] Testing 29 threads...
  OMP_NUM_THREADS: 29
  OMP_PROC_BIND: close
  Run 1/3...
    ✓ Tempo: 0.357368
  Run 2/3...
    ✓ Tempo: 0.354750
  Run 3/3...
    ✓ Tempo: 0.356295
  ✓ Tempo medio: 0.356138 s (3 run validi)
[30/128] Testing 30 threads...
  OMP_NUM_THREADS: 30
  OMP_PROC_BIND: close
  Run 1/3...
    ✓ Tempo: 0.345066
  Run 2/3...
    ✓ Tempo: 0.343238
  Run 3/3...
    ✓ Tempo: 0.346026
  ✓ Tempo medio: 0.344777 s (3 run validi)
[31/128] Testing 31 threads...
  OMP_NUM_THREADS: 31
  OMP_PROC_BIND: close
  Run 1/3...
    ✓ Tempo: 0.336874
  Run 2/3...
    ✓ Tempo: 0.339880
  Run 3/3...
    ✓ Tempo: 0.336183
  ✓ Tempo medio: 0.337646 s (3 run validi)
[32/128] Testing 32 threads...
  OMP_NUM_THREADS: 32
  OMP_PROC_BIND: close
  Run 1/3...
    ✓ Tempo: 0.329847
  Run 2/3...
    ✓ Tempo: 0.323423
  Run 3/3...
    ✓ Tempo: 0.329530
  ✓ Tempo medio: 0.327600 s (3 run validi)
[33/128] Testing 33 threads...
  OMP_NUM_THREADS: 33
  OMP_PROC_BIND: spread
  Run 1/3...
    ✓ Tempo: 0.308406
  Run 2/3...
    ✓ Tempo: 0.308974
  Run 3/3...
    ✓ Tempo: 0.308613
  ✓ Tempo medio: 0.308664 s (3 run validi)
[34/128] Testing 34 threads...
  OMP_NUM_THREADS: 34
  OMP_PROC_BIND: spread
  Run 1/3...
    ✓ Tempo: 0.298807
  Run 2/3...
    ✓ Tempo: 0.297710
  Run 3/3...
    ✓ Tempo: 0.298388
  ✓ Tempo medio: 0.298302 s (3 run validi)
[35/128] Testing 35 threads...
  OMP_NUM_THREADS: 35
  OMP_PROC_BIND: spread
  Run 1/3...
    ✓ Tempo: 0.292565
  Run 2/3...
    ✓ Tempo: 0.291991
  Run 3/3...
    ✓ Tempo: 0.292617
  ✓ Tempo medio: 0.292391 s (3 run validi)
[36/128] Testing 36 threads...
  OMP_NUM_THREADS: 36
  OMP_PROC_BIND: spread
  Run 1/3...
    ✓ Tempo: 0.285465
  Run 2/3...
    ✓ Tempo: 0.285918
  Run 3/3...
    ✓ Tempo: 0.298216
  ✓ Tempo medio: 0.289866 s (3 run validi)
[37/128] Testing 37 threads...
  OMP_NUM_THREADS: 37
  OMP_PROC_BIND: spread
  Run 1/3...
    ✓ Tempo: 0.277149
  Run 2/3...
    ✓ Tempo: 0.277193
  Run 3/3...
    ✓ Tempo: 0.276701
  ✓ Tempo medio: 0.277014 s (3 run validi)
[38/128] Testing 38 threads...
  OMP_NUM_THREADS: 38
  OMP_PROC_BIND: spread
  Run 1/3...
    ✓ Tempo: 0.272908
  Run 2/3...
    ✓ Tempo: 0.272652
  Run 3/3...
    ✓ Tempo: 0.272765
  ✓ Tempo medio: 0.272775 s (3 run validi)
[39/128] Testing 39 threads...
  OMP_NUM_THREADS: 39
  OMP_PROC_BIND: spread
  Run 1/3...
    ✓ Tempo: 0.264897
  Run 2/3...
    ✓ Tempo: 0.264046
  Run 3/3...
    ✓ Tempo: 0.264964
  ✓ Tempo medio: 0.264636 s (3 run validi)
[40/128] Testing 40 threads...
  OMP_NUM_THREADS: 40
  OMP_PROC_BIND: spread
  Run 1/3...
    ✓ Tempo: 0.260741
  Run 2/3...
    ✓ Tempo: 0.260384
  Run 3/3...
    ✓ Tempo: 0.259777
  ✓ Tempo medio: 0.260301 s (3 run validi)
[41/128] Testing 41 threads...
  OMP_NUM_THREADS: 41
  OMP_PROC_BIND: spread
  Run 1/3...
    ✓ Tempo: 0.252521
  Run 2/3...
    ✓ Tempo: 0.253616
  Run 3/3...
    ✓ Tempo: 0.254686
  ✓ Tempo medio: 0.253608 s (3 run validi)
[42/128] Testing 42 threads...
  OMP_NUM_THREADS: 42
  OMP_PROC_BIND: spread
  Run 1/3...
    ✓ Tempo: 0.248798
  Run 2/3...
    ✓ Tempo: 0.248555
  Run 3/3...
    ✓ Tempo: 0.249504
  ✓ Tempo medio: 0.248952 s (3 run validi)
[43/128] Testing 43 threads...
  OMP_NUM_THREADS: 43
  OMP_PROC_BIND: spread
  Run 1/3...
    ✓ Tempo: 0.243250
  Run 2/3...
    ✓ Tempo: 0.243237
  Run 3/3...
    ✓ Tempo: 0.244816
  ✓ Tempo medio: 0.243768 s (3 run validi)
[44/128] Testing 44 threads...
  OMP_NUM_THREADS: 44
  OMP_PROC_BIND: spread
  Run 1/3...
    ✓ Tempo: 0.238070
  Run 2/3...
    ✓ Tempo: 0.238179
  Run 3/3...
    ✓ Tempo: 0.238661
  ✓ Tempo medio: 0.238303 s (3 run validi)
[45/128] Testing 45 threads...
  OMP_NUM_THREADS: 45
  OMP_PROC_BIND: spread
  Run 1/3...
    ✓ Tempo: 0.233771
  Run 2/3...
    ✓ Tempo: 0.235179
  Run 3/3...
    ✓ Tempo: 0.234935
  ✓ Tempo medio: 0.234628 s (3 run validi)
[46/128] Testing 46 threads...
  OMP_NUM_THREADS: 46
  OMP_PROC_BIND: spread
  Run 1/3...
    ✓ Tempo: 0.230667
  Run 2/3...
    ✓ Tempo: 0.229933
  Run 3/3...
    ✓ Tempo: 0.229512
  ✓ Tempo medio: 0.230037 s (3 run validi)
[47/128] Testing 47 threads...
  OMP_NUM_THREADS: 47
  OMP_PROC_BIND: spread
  Run 1/3...
    ✓ Tempo: 0.225817
  Run 2/3...
    ✓ Tempo: 0.225796
  Run 3/3...
    ✓ Tempo: 0.225480
  ✓ Tempo medio: 0.225698 s (3 run validi)
[48/128] Testing 48 threads...
  OMP_NUM_THREADS: 48
  OMP_PROC_BIND: spread
  Run 1/3...
    ⚠ Errore: exit=132, output=''
  Run 2/3...
    ⚠ Errore: exit=132, output=''
  Run 3/3...
    ⚠ Errore: exit=132, output=''
  ✗ Nessun run valido per 48 threads
[49/128] Testing 49 threads...
  OMP_NUM_THREADS: 49
  OMP_PROC_BIND: spread
  Run 1/3...
    ⚠ Errore: exit=132, output=''
  Run 2/3...
    ⚠ Errore: exit=132, output=''
  Run 3/3...
    ⚠ Errore: exit=132, output=''
  ✗ Nessun run valido per 49 threads
[50/128] Testing 50 threads...
  OMP_NUM_THREADS: 50
  OMP_PROC_BIND: spread
  Run 1/3...
    ⚠ Errore: exit=132, output=''
  Run 2/3...
    ⚠ Errore: exit=132, output=''
  Run 3/3...
    ✓ Tempo: 0.211938
  ✓ Tempo medio: 0.211938 s (1 run validi)
[51/128] Testing 51 threads...
  OMP_NUM_THREADS: 51
  OMP_PROC_BIND: spread
  Run 1/3...
    ✓ Tempo: 0.211554
  Run 2/3...
    ✓ Tempo: 0.211521
  Run 3/3...
    ✓ Tempo: 0.210286
  ✓ Tempo medio: 0.211120 s (3 run validi)
[52/128] Testing 52 threads...
  OMP_NUM_THREADS: 52
  OMP_PROC_BIND: spread
  Run 1/3...
    ✓ Tempo: 0.208341
  Run 2/3...
    ✓ Tempo: 0.208555
  Run 3/3...
    ✓ Tempo: 0.208210
  ✓ Tempo medio: 0.208369 s (3 run validi)
[53/128] Testing 53 threads...
  OMP_NUM_THREADS: 53
  OMP_PROC_BIND: spread
  Run 1/3...
    ✓ Tempo: 0.203916
  Run 2/3...
    ✓ Tempo: 0.203041
  Run 3/3...
    ✓ Tempo: 0.203497
  ✓ Tempo medio: 0.203485 s (3 run validi)
[54/128] Testing 54 threads...
  OMP_NUM_THREADS: 54
  OMP_PROC_BIND: spread
  Run 1/3...
    ✓ Tempo: 0.201174
  Run 2/3...
    ✓ Tempo: 0.201470
  Run 3/3...
    ✓ Tempo: 0.201663
  ✓ Tempo medio: 0.201436 s (3 run validi)
[55/128] Testing 55 threads...
  OMP_NUM_THREADS: 55
  OMP_PROC_BIND: spread
  Run 1/3...
    ✓ Tempo: 0.198524
  Run 2/3...
    ✓ Tempo: 0.197710
  Run 3/3...
    ✓ Tempo: 0.211399
  ✓ Tempo medio: 0.202544 s (3 run validi)
[56/128] Testing 56 threads...
  OMP_NUM_THREADS: 56
  OMP_PROC_BIND: spread
  Run 1/3...
    ✓ Tempo: 0.195655
  Run 2/3...
    ✓ Tempo: 0.195095
  Run 3/3...
    ✓ Tempo: 0.196463
