=== MANDELBROT WEAK SCALING TEST ===
Data: Wed Jul 23 11:22:24 PM CEST 2025
Nodo: epyc002.hpc.rd.areasciencepark.it
CPU disponibili: 128

Parametri test:
- Dimensione base: 1000x1000 per 1 thread
- Max iterazioni: 500
- Thread testati: 128 configurazioni
- Output: results/omp_weak_scaling.csv

Inizio test weak scaling...
[1/128] Testing 1 threads, size: 1000x1000
  Carico totale: 1000000 punti
  Carico per thread: 1000000 punti
  Run 1/3...
    ✓ Tempo: 0.255500
  Run 2/3...
    ✓ Tempo: 0.252736
  Run 3/3...
    ✓ Tempo: 0.256667
  ✓ Tempo medio: 0.254968 s (3 run validi)
[2/128] Testing 2 threads, size: 1414x1414
  Carico totale: 1999396 punti
  Carico per thread: 999698 punti
  Run 1/3...
    ✓ Tempo: 0.252386
  Run 2/3...
    ✓ Tempo: 0.251849
  Run 3/3...
    ✓ Tempo: 0.252262
  ✓ Tempo medio: 0.252166 s (3 run validi)
[3/128] Testing 3 threads, size: 1732x1732
  Carico totale: 2999824 punti
  Carico per thread: 999941 punti
  Run 1/3...
    ✓ Tempo: 0.276345
  Run 2/3...
    ✓ Tempo: 0.276895
  Run 3/3...
    ✓ Tempo: 0.275356
  ✓ Tempo medio: 0.276199 s (3 run validi)
[4/128] Testing 4 threads, size: 2000x2000
  Carico totale: 4000000 punti
  Carico per thread: 1000000 punti
  Run 1/3...
    ✓ Tempo: 0.294021
  Run 2/3...
    ✓ Tempo: 0.293600
  Run 3/3...
    ✓ Tempo: 0.296341
  ✓ Tempo medio: 0.294654 s (3 run validi)
[5/128] Testing 5 threads, size: 2236x2236
  Carico totale: 4999696 punti
  Carico per thread: 999939 punti
  Run 1/3...
    ✓ Tempo: 0.312046
  Run 2/3...
    ✓ Tempo: 0.310386
  Run 3/3...
    ✓ Tempo: 0.310816
  ✓ Tempo medio: 0.311083 s (3 run validi)
[6/128] Testing 6 threads, size: 2449x2449
  Carico totale: 5997601 punti
  Carico per thread: 999600 punti
  Run 1/3...
    ✓ Tempo: 0.315337
  Run 2/3...
    ✓ Tempo: 0.316180
  Run 3/3...
    ✓ Tempo: 0.315230
  ✓ Tempo medio: 0.315582 s (3 run validi)
[7/128] Testing 7 threads, size: 2645x2645
  Carico totale: 6996025 punti
  Carico per thread: 999432 punti
  Run 1/3...
    ✓ Tempo: 0.320408
  Run 2/3...
    ✓ Tempo: 0.321275
  Run 3/3...
    ✓ Tempo: 0.320372
  ✓ Tempo medio: 0.320685 s (3 run validi)
[8/128] Testing 8 threads, size: 2828x2828
  Carico totale: 7997584 punti
  Carico per thread: 999698 punti
  Run 1/3...
    ✓ Tempo: 0.322413
  Run 2/3...
    ✓ Tempo: 0.321115
  Run 3/3...
    ✓ Tempo: 0.321858
  ✓ Tempo medio: 0.321795 s (3 run validi)
[9/128] Testing 9 threads, size: 3000x3000
  Carico totale: 9000000 punti
  Carico per thread: 1000000 punti
  Run 1/3...
    ✓ Tempo: 0.260830
  Run 2/3...
    ✓ Tempo: 0.261728
  Run 3/3...
    ✓ Tempo: 0.261407
  ✓ Tempo medio: 0.261322 s (3 run validi)
[10/128] Testing 10 threads, size: 3162x3162
  Carico totale: 9998244 punti
  Carico per thread: 999824 punti
  Run 1/3...
    ✓ Tempo: 0.262063
  Run 2/3...
    ✓ Tempo: 0.262194
  Run 3/3...
    ✓ Tempo: 0.263077
  ✓ Tempo medio: 0.262445 s (3 run validi)
[11/128] Testing 11 threads, size: 3316x3316
  Carico totale: 10995856 punti
  Carico per thread: 999623 punti
  Run 1/3...
    ✓ Tempo: 0.262429
  Run 2/3...
    ✓ Tempo: 0.261439
  Run 3/3...
    ✓ Tempo: 0.261165
  ✓ Tempo medio: 0.261678 s (3 run validi)
[12/128] Testing 12 threads, size: 3464x3464
  Carico totale: 11999296 punti
  Carico per thread: 999941 punti
  Run 1/3...
    ✓ Tempo: 0.264122
  Run 2/3...
    ✓ Tempo: 0.263350
  Run 3/3...
    ✓ Tempo: 0.263324
  ✓ Tempo medio: 0.263599 s (3 run validi)
[13/128] Testing 13 threads, size: 3605x3605
  Carico totale: 12996025 punti
  Carico per thread: 999694 punti
  Run 1/3...
    ✓ Tempo: 0.262338
  Run 2/3...
    ✓ Tempo: 0.263331
  Run 3/3...
    ✓ Tempo: 0.263291
  ✓ Tempo medio: 0.262987 s (3 run validi)
[14/128] Testing 14 threads, size: 3741x3741
  Carico totale: 13995081 punti
  Carico per thread: 999648 punti
  Run 1/3...
    ✓ Tempo: 0.262368
  Run 2/3...
    ✓ Tempo: 0.263155
  Run 3/3...
    ✓ Tempo: 0.262719
  ✓ Tempo medio: 0.262747 s (3 run validi)
[15/128] Testing 15 threads, size: 3872x3872
  Carico totale: 14992384 punti
  Carico per thread: 999492 punti
  Run 1/3...
    ✓ Tempo: 0.261797
  Run 2/3...
    ✓ Tempo: 0.262788
  Run 3/3...
    ✓ Tempo: 0.261888
  ✓ Tempo medio: 0.262158 s (3 run validi)
[16/128] Testing 16 threads, size: 4000x4000
  Carico totale: 16000000 punti
  Carico per thread: 1000000 punti
  Run 1/3...
    ✓ Tempo: 0.262270
  Run 2/3...
    ✓ Tempo: 0.262689
  Run 3/3...
    ✓ Tempo: 0.262018
  ✓ Tempo medio: 0.262326 s (3 run validi)
[17/128] Testing 17 threads, size: 4123x4123
  Carico totale: 16999129 punti
  Carico per thread: 999948 punti
  Run 1/3...
    ✓ Tempo: 0.264920
  Run 2/3...
    ✓ Tempo: 0.264330
  Run 3/3...
    ✓ Tempo: 0.264597
  ✓ Tempo medio: 0.264616 s (3 run validi)
[18/128] Testing 18 threads, size: 4242x4242
  Carico totale: 17994564 punti
  Carico per thread: 999698 punti
  Run 1/3...
    ✓ Tempo: 0.267775
  Run 2/3...
    ✓ Tempo: 0.268123
  Run 3/3...
    ✓ Tempo: 0.267803
  ✓ Tempo medio: 0.267900 s (3 run validi)
[19/128] Testing 19 threads, size: 4358x4358
  Carico totale: 18992164 punti
  Carico per thread: 999587 punti
  Run 1/3...
    ✓ Tempo: 0.261615
  Run 2/3...
    ✓ Tempo: 0.261983
  Run 3/3...
    ✓ Tempo: 0.261732
  ✓ Tempo medio: 0.261777 s (3 run validi)
[20/128] Testing 20 threads, size: 4472x4472
  Carico totale: 19998784 punti
  Carico per thread: 999939 punti
  Run 1/3...
    ✓ Tempo: 0.269596
  Run 2/3...
    ✓ Tempo: 0.270055
  Run 3/3...
    ✓ Tempo: 0.269431
  ✓ Tempo medio: 0.269694 s (3 run validi)
[21/128] Testing 21 threads, size: 4582x4582
  Carico totale: 20994724 punti
  Carico per thread: 999748 punti
  Run 1/3...
    ✓ Tempo: 0.265455
  Run 2/3...
    ✓ Tempo: 0.266040
  Run 3/3...
    ✓ Tempo: 0.265211
  ✓ Tempo medio: 0.265569 s (3 run validi)
[22/128] Testing 22 threads, size: 4690x4690
  Carico totale: 21996100 punti
  Carico per thread: 999822 punti
  Run 1/3...
    ✓ Tempo: 0.262328
  Run 2/3...
    ✓ Tempo: 0.262407
  Run 3/3...
    ✓ Tempo: 0.262068
  ✓ Tempo medio: 0.262268 s (3 run validi)
[23/128] Testing 23 threads, size: 4795x4795
  Carico totale: 22992025 punti
  Carico per thread: 999653 punti
  Run 1/3...
    ✓ Tempo: 0.262161
  Run 2/3...
    ✓ Tempo: 0.262804
  Run 3/3...
    ✓ Tempo: 0.262203
  ✓ Tempo medio: 0.262389 s (3 run validi)
[24/128] Testing 24 threads, size: 4898x4898
  Carico totale: 23990404 punti
  Carico per thread: 999600 punti
  Run 1/3...
    ✓ Tempo: 0.263143
  Run 2/3...
    ✓ Tempo: 0.263224
  Run 3/3...
    ✓ Tempo: 0.262945
  ✓ Tempo medio: 0.263104 s (3 run validi)
[25/128] Testing 25 threads, size: 5000x5000
  Carico totale: 25000000 punti
  Carico per thread: 1000000 punti
  Run 1/3...
    ✓ Tempo: 0.263529
  Run 2/3...
    ✓ Tempo: 0.263190
  Run 3/3...
    ✓ Tempo: 0.263490
  ✓ Tempo medio: 0.263403 s (3 run validi)
[26/128] Testing 26 threads, size: 5099x5099
  Carico totale: 25999801 punti
  Carico per thread: 999992 punti
  Run 1/3...
    ✓ Tempo: 0.263371
  Run 2/3...
    ✓ Tempo: 0.263543
  Run 3/3...
    ✓ Tempo: 0.263483
  ✓ Tempo medio: 0.263466 s (3 run validi)
[27/128] Testing 27 threads, size: 5196x5196
  Carico totale: 26998416 punti
  Carico per thread: 999941 punti
  Run 1/3...
    ✓ Tempo: 0.262923
  Run 2/3...
    ✓ Tempo: 0.263103
  Run 3/3...
    ✓ Tempo: 0.262720
  ✓ Tempo medio: 0.262915 s (3 run validi)
[28/128] Testing 28 threads, size: 5291x5291
  Carico totale: 27994681 punti
  Carico per thread: 999810 punti
  Run 1/3...
    ✓ Tempo: 0.263819
  Run 2/3...
    ✓ Tempo: 0.263419
  Run 3/3...
    ✓ Tempo: 0.263539
  ✓ Tempo medio: 0.263592 s (3 run validi)
[29/128] Testing 29 threads, size: 5385x5385
  Carico totale: 28998225 punti
  Carico per thread: 999938 punti
  Run 1/3...
    ✓ Tempo: 0.267225
  Run 2/3...
    ✓ Tempo: 0.267987
  Run 3/3...
    ✓ Tempo: 0.267521
  ✓ Tempo medio: 0.267578 s (3 run validi)
[30/128] Testing 30 threads, size: 5477x5477
  Carico totale: 29997529 punti
  Carico per thread: 999917 punti
  Run 1/3...
    ✓ Tempo: 0.269107
  Run 2/3...
    ✓ Tempo: 0.269203
  Run 3/3...
    ✓ Tempo: 0.269477
  ✓ Tempo medio: 0.269262 s (3 run validi)
[31/128] Testing 31 threads, size: 5567x5567
  Carico totale: 30991489 punti
  Carico per thread: 999725 punti
  Run 1/3...
    ✓ Tempo: 0.268329
  Run 2/3...
    ✓ Tempo: 0.267495
  Run 3/3...
    ✓ Tempo: 0.268440
  ✓ Tempo medio: 0.268088 s (3 run validi)
[32/128] Testing 32 threads, size: 5656x5656
  Carico totale: 31990336 punti
  Carico per thread: 999698 punti
  Run 1/3...
    ✓ Tempo: 0.266208
  Run 2/3...
    ✓ Tempo: 0.265475
  Run 3/3...
    ✓ Tempo: 0.266396
  ✓ Tempo medio: 0.266026 s (3 run validi)
[33/128] Testing 33 threads, size: 5744x5744
  Carico totale: 32993536 punti
  Carico per thread: 999804 punti
  Run 1/3...
    ✓ Tempo: 0.256950
  Run 2/3...
    ✓ Tempo: 0.257098
  Run 3/3...
    ✓ Tempo: 0.257154
  ✓ Tempo medio: 0.257067 s (3 run validi)
[34/128] Testing 34 threads, size: 5830x5830
  Carico totale: 33988900 punti
  Carico per thread: 999673 punti
  Run 1/3...
    ✓ Tempo: 0.256283
  Run 2/3...
    ✓ Tempo: 0.256485
  Run 3/3...
    ✓ Tempo: 0.256388
  ✓ Tempo medio: 0.256385 s (3 run validi)
[35/128] Testing 35 threads, size: 5916x5916
  Carico totale: 34999056 punti
  Carico per thread: 999973 punti
  Run 1/3...
    ✓ Tempo: 0.255573
  Run 2/3...
    ✓ Tempo: 0.255769
  Run 3/3...
    ✓ Tempo: 0.255770
  ✓ Tempo medio: 0.255704 s (3 run validi)
[36/128] Testing 36 threads, size: 6000x6000
  Carico totale: 36000000 punti
  Carico per thread: 1000000 punti
  Run 1/3...
    ✓ Tempo: 0.257004
  Run 2/3...
    ✓ Tempo: 0.257008
  Run 3/3...
    ✓ Tempo: 0.257122
  ✓ Tempo medio: 0.257045 s (3 run validi)
[37/128] Testing 37 threads, size: 6082x6082
  Carico totale: 36990724 punti
  Carico per thread: 999749 punti
  Run 1/3...
    ✓ Tempo: 0.257703
  Run 2/3...
    ✓ Tempo: 0.257507
  Run 3/3...
    ✓ Tempo: 0.257237
  ✓ Tempo medio: 0.257482 s (3 run validi)
[38/128] Testing 38 threads, size: 6164x6164
  Carico totale: 37994896 punti
  Carico per thread: 999865 punti
  Run 1/3...
    ✓ Tempo: 0.256409
  Run 2/3...
    ✓ Tempo: 0.256999
  Run 3/3...
    ✓ Tempo: 0.256765
  ✓ Tempo medio: 0.256724 s (3 run validi)
[39/128] Testing 39 threads, size: 6244x6244
  Carico totale: 38987536 punti
  Carico per thread: 999680 punti
  Run 1/3...
    ✓ Tempo: 0.255419
  Run 2/3...
    ✓ Tempo: 0.255652
  Run 3/3...
    ✓ Tempo: 0.255496
  ✓ Tempo medio: 0.255522 s (3 run validi)
[40/128] Testing 40 threads, size: 6324x6324
  Carico totale: 39992976 punti
  Carico per thread: 999824 punti
  Run 1/3...
    ✓ Tempo: 0.257736
  Run 2/3...
    ✓ Tempo: 0.257382
  Run 3/3...
    ✓ Tempo: 0.257486
  ✓ Tempo medio: 0.257535 s (3 run validi)
[41/128] Testing 41 threads, size: 6403x6403
  Carico totale: 40998409 punti
  Carico per thread: 999961 punti
  Run 1/3...
    ✓ Tempo: 0.257759
  Run 2/3...
    ✓ Tempo: 0.258004
  Run 3/3...
    ✓ Tempo: 0.257802
  ✓ Tempo medio: 0.257855 s (3 run validi)
[42/128] Testing 42 threads, size: 6480x6480
  Carico totale: 41990400 punti
  Carico per thread: 999771 punti
  Run 1/3...
    ✓ Tempo: 0.257015
  Run 2/3...
    ✓ Tempo: 0.257254
  Run 3/3...
    ✓ Tempo: 0.256856
  ✓ Tempo medio: 0.257042 s (3 run validi)
[43/128] Testing 43 threads, size: 6557x6557
  Carico totale: 42994249 punti
  Carico per thread: 999866 punti
  Run 1/3...
    ✓ Tempo: 0.256481
  Run 2/3...
    ✓ Tempo: 0.256645
  Run 3/3...
    ✓ Tempo: 0.256125
  ✓ Tempo medio: 0.256417 s (3 run validi)
[44/128] Testing 44 threads, size: 6633x6633
  Carico totale: 43996689 punti
  Carico per thread: 999924 punti
  Run 1/3...
    ✓ Tempo: 0.257279
  Run 2/3...
    ✓ Tempo: 0.256897
  Run 3/3...
    ✓ Tempo: 0.256459
  ✓ Tempo medio: 0.256878 s (3 run validi)
[45/128] Testing 45 threads, size: 6708x6708
  Carico totale: 44997264 punti
  Carico per thread: 999939 punti
  Run 1/3...
    ✓ Tempo: 0.258192
  Run 2/3...
    ✓ Tempo: 0.257854
  Run 3/3...
    ✓ Tempo: 0.257685
  ✓ Tempo medio: 0.257910 s (3 run validi)
[46/128] Testing 46 threads, size: 6782x6782
  Carico totale: 45995524 punti
  Carico per thread: 999902 punti
  Run 1/3...
    ✓ Tempo: 0.257695
  Run 2/3...
    ✓ Tempo: 0.257839
  Run 3/3...
    ✓ Tempo: 0.257707
  ✓ Tempo medio: 0.257747 s (3 run validi)
[47/128] Testing 47 threads, size: 6855x6855
  Carico totale: 46991025 punti
  Carico per thread: 999809 punti
  Run 1/3...
    ✓ Tempo: 0.257309
  Run 2/3...
    ✓ Tempo: 0.257523
  Run 3/3...
    ✓ Tempo: 0.257386
  ✓ Tempo medio: 0.257406 s (3 run validi)
[48/128] Testing 48 threads, size: 6928x6928
  Carico totale: 47997184 punti
  Carico per thread: 999941 punti
  Run 1/3...
    ✓ Tempo: 0.256481
  Run 2/3...
    ✓ Tempo: 0.256765
  Run 3/3...
    ✓ Tempo: 0.256534
  ✓ Tempo medio: 0.256593 s (3 run validi)
[49/128] Testing 49 threads, size: 7000x7000
  Carico totale: 49000000 punti
  Carico per thread: 1000000 punti
  Run 1/3...
    ✓ Tempo: 0.256674
  Run 2/3...
    ✓ Tempo: 0.256720
  Run 3/3...
    ✓ Tempo: 0.256569
  ✓ Tempo medio: 0.256654 s (3 run validi)
[50/128] Testing 50 threads, size: 7071x7071
  Carico totale: 49999041 punti
  Carico per thread: 999980 punti
  Run 1/3...
    ✓ Tempo: 0.258164
  Run 2/3...
    ✓ Tempo: 0.258338
  Run 3/3...
    ✓ Tempo: 0.258195
  ✓ Tempo medio: 0.258232 s (3 run validi)
[51/128] Testing 51 threads, size: 7141x7141
  Carico totale: 50993881 punti
  Carico per thread: 999880 punti
  Run 1/3...
    ✓ Tempo: 0.259716
  Run 2/3...
    ✓ Tempo: 0.259463
  Run 3/3...
    ✓ Tempo: 0.258591
  ✓ Tempo medio: 0.259257 s (3 run validi)
[52/128] Testing 52 threads, size: 7211x7211
  Carico totale: 51998521 punti
  Carico per thread: 999971 punti
  Run 1/3...
    ✓ Tempo: 0.258201
  Run 2/3...
    ✓ Tempo: 0.258780
  Run 3/3...
    ✓ Tempo: 0.259098
  ✓ Tempo medio: 0.258693 s (3 run validi)
[53/128] Testing 53 threads, size: 7280x7280
  Carico totale: 52998400 punti
  Carico per thread: 999969 punti
  Run 1/3...
    ✓ Tempo: 0.257051
  Run 2/3...
    ✓ Tempo: 0.257255
  Run 3/3...
    ✓ Tempo: 0.256796
  ✓ Tempo medio: 0.257034 s (3 run validi)
[54/128] Testing 54 threads, size: 7348x7348
  Carico totale: 53993104 punti
  Carico per thread: 999872 punti
  Run 1/3...
    ✓ Tempo: 0.256617
  Run 2/3...
    ✓ Tempo: 0.256534
  Run 3/3...
    ✓ Tempo: 0.256363
  ✓ Tempo medio: 0.256505 s (3 run validi)
[55/128] Testing 55 threads, size: 7416x7416
  Carico totale: 54997056 punti
  Carico per thread: 999946 punti
  Run 1/3...
    ✓ Tempo: 0.256325
  Run 2/3...
    ✓ Tempo: 0.256512
  Run 3/3...
    ✓ Tempo: 0.256680
  ✓ Tempo medio: 0.256506 s (3 run validi)
[56/128] Testing 56 threads, size: 7483x7483
  Carico totale: 55995289 punti
  Carico per thread: 999915 punti
  Run 1/3...
    ✓ Tempo: 0.258001
  Run 2/3...
    ✓ Tempo: 0.257900
  Run 3/3...
    ✓ Tempo: 0.257837
  ✓ Tempo medio: 0.257913 s (3 run validi)
[57/128] Testing 57 threads, size: 7549x7549
  Carico totale: 56987401 punti
  Carico per thread: 999778 punti
  Run 1/3...
    ✓ Tempo: 0.258262
  Run 2/3...
    ✓ Tempo: 0.258352
  Run 3/3...
    ✓ Tempo: 0.258317
  ✓ Tempo medio: 0.258310 s (3 run validi)
[58/128] Testing 58 threads, size: 7615x7615
  Carico totale: 57988225 punti
  Carico per thread: 999796 punti
  Run 1/3...
    ✓ Tempo: 0.258005
  Run 2/3...
    ✓ Tempo: 0.258814
  Run 3/3...
    ✓ Tempo: 0.258271
  ✓ Tempo medio: 0.258363 s (3 run validi)
[59/128] Testing 59 threads, size: 7681x7681
  Carico totale: 58997761 punti
  Carico per thread: 999962 punti
  Run 1/3...
    ✓ Tempo: 0.257661
  Run 2/3...
    ✓ Tempo: 0.257840
  Run 3/3...
    ✓ Tempo: 0.257830
  ✓ Tempo medio: 0.257777 s (3 run validi)
[60/128] Testing 60 threads, size: 7745x7745
  Carico totale: 59985025 punti
  Carico per thread: 999750 punti
  Run 1/3...
    ✓ Tempo: 0.257430
  Run 2/3...
    ✓ Tempo: 0.257750
  Run 3/3...
    ✓ Tempo: 0.257533
  ✓ Tempo medio: 0.257571 s (3 run validi)
[61/128] Testing 61 threads, size: 7810x7810
  Carico totale: 60996100 punti
  Carico per thread: 999936 punti
  Run 1/3...
    ✓ Tempo: 0.257310
  Run 2/3...
    ✓ Tempo: 0.257586
  Run 3/3...
    ✓ Tempo: 0.256947
  ✓ Tempo medio: 0.257281 s (3 run validi)
[62/128] Testing 62 threads, size: 7874x7874
  Carico totale: 61999876 punti
  Carico per thread: 999998 punti
  Run 1/3...
    ✓ Tempo: 0.256695
  Run 2/3...
    ✓ Tempo: 0.256635
  Run 3/3...
    ✓ Tempo: 0.256711
  ✓ Tempo medio: 0.256680 s (3 run validi)
[63/128] Testing 63 threads, size: 7937x7937
  Carico totale: 62995969 punti
  Carico per thread: 999936 punti
  Run 1/3...
    ✓ Tempo: 0.257632
  Run 2/3...
    ✓ Tempo: 0.257607
  Run 3/3...
    ✓ Tempo: 0.257710
  ✓ Tempo medio: 0.257650 s (3 run validi)
[64/128] Testing 64 threads, size: 8000x8000
  Carico totale: 64000000 punti
  Carico per thread: 1000000 punti
  Run 1/3...
    ✓ Tempo: 0.351879
  Run 2/3...
    ✓ Tempo: 0.352266
  Run 3/3...
    ✓ Tempo: 0.352326
  ✓ Tempo medio: 0.352157 s (3 run validi)
[65/128] Testing 65 threads, size: 8062x8062
  Carico totale: 64995844 punti
  Carico per thread: 999936 punti
  Run 1/3...
    ✓ Tempo: 0.351423
  Run 2/3...
    ✓ Tempo: 0.351691
  Run 3/3...
    ✓ Tempo: 0.351666
  ✓ Tempo medio: 0.351593 s (3 run validi)
[66/128] Testing 66 threads, size: 8124x8124
  Carico totale: 65999376 punti
  Carico per thread: 999990 punti
  Run 1/3...
    ✓ Tempo: 0.351068
  Run 2/3...
    ✓ Tempo: 0.350415
  Run 3/3...
    ✓ Tempo: 0.350435
  ✓ Tempo medio: 0.350639 s (3 run validi)
[67/128] Testing 67 threads, size: 8185x8185
  Carico totale: 66994225 punti
  Carico per thread: 999913 punti
  Run 1/3...
    ✓ Tempo: 0.351187
  Run 2/3...
    ✓ Tempo: 0.351712
  Run 3/3...
    ✓ Tempo: 0.352053
  ✓ Tempo medio: 0.351651 s (3 run validi)
[68/128] Testing 68 threads, size: 8246x8246
  Carico totale: 67996516 punti
  Carico per thread: 999948 punti
  Run 1/3...
    ✓ Tempo: 0.350153
  Run 2/3...
    ✓ Tempo: 0.349840
  Run 3/3...
    ✓ Tempo: 0.349891
  ✓ Tempo medio: 0.349961 s (3 run validi)
[69/128] Testing 69 threads, size: 8306x8306
  Carico totale: 68989636 punti
  Carico per thread: 999849 punti
  Run 1/3...
    ✓ Tempo: 0.351269
  Run 2/3...
    ✓ Tempo: 0.350820
  Run 3/3...
    ✓ Tempo: 0.350797
  ✓ Tempo medio: 0.350962 s (3 run validi)
[70/128] Testing 70 threads, size: 8366x8366
  Carico totale: 69989956 punti
  Carico per thread: 999856 punti
  Run 1/3...
    ✓ Tempo: 0.350173
  Run 2/3...
    ✓ Tempo: 0.350652
  Run 3/3...
    ✓ Tempo: 0.350682
  ✓ Tempo medio: 0.350502 s (3 run validi)
[71/128] Testing 71 threads, size: 8426x8426
  Carico totale: 70997476 punti
  Carico per thread: 999964 punti
  Run 1/3...
    ✓ Tempo: 0.355482
  Run 2/3...
    ✓ Tempo: 0.355793
  Run 3/3...
    ✓ Tempo: 0.354874
  ✓ Tempo medio: 0.355383 s (3 run validi)
[72/128] Testing 72 threads, size: 8485x8485
  Carico totale: 71995225 punti
  Carico per thread: 999933 punti
  Run 1/3...
    ✓ Tempo: 0.355657
  Run 2/3...
    ✓ Tempo: 0.355364
  Run 3/3...
    ✓ Tempo: 0.354327
  ✓ Tempo medio: 0.355116 s (3 run validi)
[73/128] Testing 73 threads, size: 8544x8544
  Carico totale: 72999936 punti
  Carico per thread: 999999 punti
  Run 1/3...
    ✓ Tempo: 0.354508
  Run 2/3...
    ✓ Tempo: 0.353965
  Run 3/3...
    ✓ Tempo: 0.353917
  ✓ Tempo medio: 0.354130 s (3 run validi)
[74/128] Testing 74 threads, size: 8602x8602
  Carico totale: 73994404 punti
  Carico per thread: 999924 punti
  Run 1/3...
    ✓ Tempo: 0.354051
  Run 2/3...
    ✓ Tempo: 0.353800
  Run 3/3...
    ✓ Tempo: 0.354569
  ✓ Tempo medio: 0.354140 s (3 run validi)
[75/128] Testing 75 threads, size: 8660x8660
  Carico totale: 74995600 punti
  Carico per thread: 999941 punti
  Run 1/3...
    ✓ Tempo: 0.351780
  Run 2/3...
    ✓ Tempo: 0.351139
  Run 3/3...
    ✓ Tempo: 0.351877
  ✓ Tempo medio: 0.351599 s (3 run validi)
[76/128] Testing 76 threads, size: 8717x8717
  Carico totale: 75986089 punti
  Carico per thread: 999816 punti
  Run 1/3...
    ✓ Tempo: 0.352618
  Run 2/3...
    ✓ Tempo: 0.352455
  Run 3/3...
    ✓ Tempo: 0.352050
  ✓ Tempo medio: 0.352374 s (3 run validi)
[77/128] Testing 77 threads, size: 8774x8774
  Carico totale: 76983076 punti
  Carico per thread: 999780 punti
  Run 1/3...
    ✓ Tempo: 0.351324
  Run 2/3...
    ✓ Tempo: 0.351682
  Run 3/3...
    ✓ Tempo: 0.351141
  ✓ Tempo medio: 0.351382 s (3 run validi)
[78/128] Testing 78 threads, size: 8831x8831
  Carico totale: 77986561 punti
  Carico per thread: 999827 punti
  Run 1/3...
    ✓ Tempo: 0.352067
  Run 2/3...
    ✓ Tempo: 0.352504
  Run 3/3...
    ✓ Tempo: 0.352000
  ✓ Tempo medio: 0.352190 s (3 run validi)
[79/128] Testing 79 threads, size: 8888x8888
  Carico totale: 78996544 punti
  Carico per thread: 999956 punti
  Run 1/3...
    ✓ Tempo: 0.354624
  Run 2/3...
    ✓ Tempo: 0.354890
  Run 3/3...
    ✓ Tempo: 0.355813
  ✓ Tempo medio: 0.355109 s (3 run validi)
[80/128] Testing 80 threads, size: 8944x8944
  Carico totale: 79995136 punti
  Carico per thread: 999939 punti
  Run 1/3...
    ✓ Tempo: 0.354010
  Run 2/3...
    ✓ Tempo: 0.353760
  Run 3/3...
    ✓ Tempo: 0.353566
  ✓ Tempo medio: 0.353779 s (3 run validi)
[81/128] Testing 81 threads, size: 9000x9000
  Carico totale: 81000000 punti
  Carico per thread: 1000000 punti
  Run 1/3...
    ✓ Tempo: 0.353470
  Run 2/3...
    ✓ Tempo: 0.353954
  Run 3/3...
    ✓ Tempo: 0.353271
  ✓ Tempo medio: 0.353565 s (3 run validi)
[82/128] Testing 82 threads, size: 9055x9055
  Carico totale: 81993025 punti
  Carico per thread: 999914 punti
  Run 1/3...
    ✓ Tempo: 0.352371
  Run 2/3...
    ✓ Tempo: 0.352138
  Run 3/3...
    ✓ Tempo: 0.353062
  ✓ Tempo medio: 0.352524 s (3 run validi)
[83/128] Testing 83 threads, size: 9110x9110
  Carico totale: 82992100 punti
  Carico per thread: 999904 punti
  Run 1/3...
    ✓ Tempo: 0.352377
  Run 2/3...
    ✓ Tempo: 0.352187
  Run 3/3...
    ✓ Tempo: 0.352121
  ✓ Tempo medio: 0.352228 s (3 run validi)
[84/128] Testing 84 threads, size: 9165x9165
  Carico totale: 83997225 punti
  Carico per thread: 999966 punti
  Run 1/3...
    ✓ Tempo: 0.355115
  Run 2/3...
    ✓ Tempo: 0.355309
  Run 3/3...
    ✓ Tempo: 0.355451
  ✓ Tempo medio: 0.355292 s (3 run validi)
[85/128] Testing 85 threads, size: 9219x9219
  Carico totale: 84989961 punti
  Carico per thread: 999881 punti
  Run 1/3...
    ✓ Tempo: 0.355539
  Run 2/3...
    ✓ Tempo: 0.357478
  Run 3/3...
    ✓ Tempo: 0.354689
  ✓ Tempo medio: 0.355902 s (3 run validi)
[86/128] Testing 86 threads, size: 9273x9273
  Carico totale: 85988529 punti
  Carico per thread: 999866 punti
  Run 1/3...
    ✓ Tempo: 0.353197
  Run 2/3...
    ✓ Tempo: 0.353724
  Run 3/3...
    ✓ Tempo: 0.353307
  ✓ Tempo medio: 0.353409 s (3 run validi)
[87/128] Testing 87 threads, size: 9327x9327
  Carico totale: 86992929 punti
  Carico per thread: 999918 punti
  Run 1/3...
    ✓ Tempo: 0.352454
  Run 2/3...
    ✓ Tempo: 0.352437
  Run 3/3...
    ✓ Tempo: 0.352572
  ✓ Tempo medio: 0.352488 s (3 run validi)
[88/128] Testing 88 threads, size: 9380x9380
  Carico totale: 87984400 punti
  Carico per thread: 999822 punti
  Run 1/3...
    ✓ Tempo: 0.350926
  Run 2/3...
    ✓ Tempo: 0.350763
  Run 3/3...
    ✓ Tempo: 0.351204
  ✓ Tempo medio: 0.350964 s (3 run validi)
[89/128] Testing 89 threads, size: 9433x9433
  Carico totale: 88981489 punti
  Carico per thread: 999792 punti
  Run 1/3...
    ✓ Tempo: 0.355413
  Run 2/3...
    ✓ Tempo: 0.356439
  Run 3/3...
    ✓ Tempo: 0.355346
  ✓ Tempo medio: 0.355733 s (3 run validi)
[90/128] Testing 90 threads, size: 9486x9486
  Carico totale: 89984196 punti
  Carico per thread: 999824 punti
  Run 1/3...
    ✓ Tempo: 0.355204
  Run 2/3...
    ✓ Tempo: 0.354814
  Run 3/3...
    ✓ Tempo: 0.354126
  ✓ Tempo medio: 0.354715 s (3 run validi)
[91/128] Testing 91 threads, size: 9539x9539
  Carico totale: 90992521 punti
  Carico per thread: 999917 punti
  Run 1/3...
    ✓ Tempo: 0.352437
  Run 2/3...
    ✓ Tempo: 0.352140
  Run 3/3...
    ✓ Tempo: 0.352289
  ✓ Tempo medio: 0.352289 s (3 run validi)
[92/128] Testing 92 threads, size: 9591x9591
  Carico totale: 91987281 punti
  Carico per thread: 999861 punti
  Run 1/3...
    ✓ Tempo: 0.352744
  Run 2/3...
    ✓ Tempo: 0.352930
  Run 3/3...
    ✓ Tempo: 0.352400
  ✓ Tempo medio: 0.352691 s (3 run validi)
[93/128] Testing 93 threads, size: 9643x9643
  Carico totale: 92987449 punti
  Carico per thread: 999865 punti
  Run 1/3...
    ✓ Tempo: 0.355554
  Run 2/3...
    ✓ Tempo: 0.355657
  Run 3/3...
    ✓ Tempo: 0.355944
  ✓ Tempo medio: 0.355718 s (3 run validi)
[94/128] Testing 94 threads, size: 9695x9695
  Carico totale: 93993025 punti
  Carico per thread: 999925 punti
  Run 1/3...
    ✓ Tempo: 0.354443
  Run 2/3...
    ✓ Tempo: 0.354359
  Run 3/3...
    ✓ Tempo: 0.354382
  ✓ Tempo medio: 0.354395 s (3 run validi)
[95/128] Testing 95 threads, size: 9746x9746
  Carico totale: 94984516 punti
  Carico per thread: 999837 punti
  Run 1/3...
    ✓ Tempo: 0.353369
  Run 2/3...
    ✓ Tempo: 0.353145
  Run 3/3...
    ✓ Tempo: 0.353382
  ✓ Tempo medio: 0.353299 s (3 run validi)
[96/128] Testing 96 threads, size: 9797x9797
  Carico totale: 95981209 punti
  Carico per thread: 999804 punti
  Run 1/3...
    ✓ Tempo: 0.355720
  Run 2/3...
    ✓ Tempo: 0.356044
  Run 3/3...
    ✓ Tempo: 0.355749
  ✓ Tempo medio: 0.355838 s (3 run validi)
[97/128] Testing 97 threads, size: 9848x9848
  Carico totale: 96983104 punti
  Carico per thread: 999825 punti
  Run 1/3...
    ✓ Tempo: 0.355972
  Run 2/3...
    ✓ Tempo: 0.355997
  Run 3/3...
    ✓ Tempo: 0.356238
  ✓ Tempo medio: 0.356069 s (3 run validi)
[98/128] Testing 98 threads, size: 9899x9899
  Carico totale: 97990201 punti
  Carico per thread: 999900 punti
  Run 1/3...
    ✓ Tempo: 0.353643
  Run 2/3...
    ✓ Tempo: 0.353086
  Run 3/3...
    ✓ Tempo: 0.353107
  ✓ Tempo medio: 0.353279 s (3 run validi)
[99/128] Testing 99 threads, size: 9949x9949
  Carico totale: 98982601 punti
  Carico per thread: 999824 punti
  Run 1/3...
    ✓ Tempo: 0.353885
  Run 2/3...
    ✓ Tempo: 0.354053
  Run 3/3...
    ✓ Tempo: 0.353835
  ✓ Tempo medio: 0.353924 s (3 run validi)
[100/128] Testing 100 threads, size: 10000x10000
  Carico totale: 100000000 punti
  Carico per thread: 1000000 punti
  Run 1/3...
    ✓ Tempo: 0.357271
  Run 2/3...
    ✓ Tempo: 0.356870
  Run 3/3...
    ✓ Tempo: 0.356891
  ✓ Tempo medio: 0.357011 s (3 run validi)
[101/128] Testing 101 threads, size: 10049x10049
  Carico totale: 100982401 punti
  Carico per thread: 999825 punti
  Run 1/3...
    ✓ Tempo: 0.355025
  Run 2/3...
    ✓ Tempo: 0.355397
  Run 3/3...
    ✓ Tempo: 0.355498
  ✓ Tempo medio: 0.355307 s (3 run validi)
[102/128] Testing 102 threads, size: 10099x10099
  Carico totale: 101989801 punti
  Carico per thread: 999900 punti
  Run 1/3...
    ✓ Tempo: 0.353892
  Run 2/3...
    ✓ Tempo: 0.354967
  Run 3/3...
    ✓ Tempo: 0.353315
  ✓ Tempo medio: 0.354058 s (3 run validi)
[103/128] Testing 103 threads, size: 10148x10148
  Carico totale: 102981904 punti
  Carico per thread: 999824 punti
  Run 1/3...
    ✓ Tempo: 0.356857
  Run 2/3...
    ✓ Tempo: 0.356317
  Run 3/3...
    ✓ Tempo: 0.355904
  ✓ Tempo medio: 0.356359 s (3 run validi)
[104/128] Testing 104 threads, size: 10198x10198
  Carico totale: 103999204 punti
  Carico per thread: 999992 punti
  Run 1/3...
    ✓ Tempo: 0.356386
  Run 2/3...
    ✓ Tempo: 0.356158
  Run 3/3...
    ✓ Tempo: 0.356026
  ✓ Tempo medio: 0.356190 s (3 run validi)
[105/128] Testing 105 threads, size: 10246x10246
  Carico totale: 104980516 punti
  Carico per thread: 999814 punti
  Run 1/3...
    ✓ Tempo: 0.353169
  Run 2/3...
    ✓ Tempo: 0.353436
  Run 3/3...
    ✓ Tempo: 0.353252
  ✓ Tempo medio: 0.353286 s (3 run validi)
[106/128] Testing 106 threads, size: 10295x10295
  Carico totale: 105987025 punti
  Carico per thread: 999877 punti
  Run 1/3...
    ✓ Tempo: 0.354007
  Run 2/3...
    ✓ Tempo: 0.354496
  Run 3/3...
    ✓ Tempo: 0.354259
  ✓ Tempo medio: 0.354254 s (3 run validi)
[107/128] Testing 107 threads, size: 10344x10344
  Carico totale: 106998336 punti
  Carico per thread: 999984 punti
  Run 1/3...
    ✓ Tempo: 0.356411
  Run 2/3...
    ✓ Tempo: 0.356588
  Run 3/3...
    ✓ Tempo: 0.356289
  ✓ Tempo medio: 0.356429 s (3 run validi)
[108/128] Testing 108 threads, size: 10392x10392
  Carico totale: 107993664 punti
  Carico per thread: 999941 punti
  Run 1/3...
    ✓ Tempo: 0.354320
  Run 2/3...
    ✓ Tempo: 0.354852
  Run 3/3...
    ✓ Tempo: 0.354188
  ✓ Tempo medio: 0.354453 s (3 run validi)
[109/128] Testing 109 threads, size: 10440x10440
  Carico totale: 108993600 punti
  Carico per thread: 999941 punti
  Run 1/3...
    ✓ Tempo: 0.353761
  Run 2/3...
    ✓ Tempo: 0.353812
  Run 3/3...
    ✓ Tempo: 0.353386
  ✓ Tempo medio: 0.353653 s (3 run validi)
[110/128] Testing 110 threads, size: 10488x10488
  Carico totale: 109998144 punti
  Carico per thread: 999983 punti
  Run 1/3...
    ✓ Tempo: 0.354895
  Run 2/3...
    ✓ Tempo: 0.354976
  Run 3/3...
    ✓ Tempo: 0.354901
  ✓ Tempo medio: 0.354924 s (3 run validi)
[111/128] Testing 111 threads, size: 10535x10535
  Carico totale: 110986225 punti
  Carico per thread: 999875 punti
  Run 1/3...
    ✓ Tempo: 0.354562
  Run 2/3...
    ✓ Tempo: 0.355033
  Run 3/3...
    ✓ Tempo: 0.355286
  ✓ Tempo medio: 0.354960 s (3 run validi)
[112/128] Testing 112 threads, size: 10583x10583
  Carico totale: 111999889 punti
  Carico per thread: 999999 punti
  Run 1/3...
    ✓ Tempo: 0.358484
  Run 2/3...
    ✓ Tempo: 0.358532
  Run 3/3...
    ✓ Tempo: 0.357716
  ✓ Tempo medio: 0.358244 s (3 run validi)
[113/128] Testing 113 threads, size: 10630x10630
  Carico totale: 112996900 punti
  Carico per thread: 999972 punti
  Run 1/3...
    ✓ Tempo: 0.357052
  Run 2/3...
    ✓ Tempo: 0.357623
  Run 3/3...
    ✓ Tempo: 0.357885
  ✓ Tempo medio: 0.357520 s (3 run validi)
[114/128] Testing 114 threads, size: 10677x10677
  Carico totale: 113998329 punti
  Carico per thread: 999985 punti
  Run 1/3...
    ✓ Tempo: 0.354976
  Run 2/3...
    ✓ Tempo: 0.355021
  Run 3/3...
    ✓ Tempo: 0.353826
  ✓ Tempo medio: 0.354608 s (3 run validi)
[115/128] Testing 115 threads, size: 10723x10723
  Carico totale: 114982729 punti
  Carico per thread: 999849 punti
  Run 1/3...
    ✓ Tempo: 0.356050
  Run 2/3...
    ✓ Tempo: 0.355525
  Run 3/3...
    ✓ Tempo: 0.355768
  ✓ Tempo medio: 0.355781 s (3 run validi)
[116/128] Testing 116 threads, size: 10770x10770
  Carico totale: 115992900 punti
  Carico per thread: 999938 punti
  Run 1/3...
    ✓ Tempo: 0.356874
  Run 2/3...
    ✓ Tempo: 0.357286
  Run 3/3...
    ✓ Tempo: 0.357256
  ✓ Tempo medio: 0.357139 s (3 run validi)
[117/128] Testing 117 threads, size: 10816x10816
  Carico totale: 116985856 punti
  Carico per thread: 999879 punti
  Run 1/3...
    ✓ Tempo: 0.354848
  Run 2/3...
    ✓ Tempo: 0.354545
  Run 3/3...
    ✓ Tempo: 0.354591
  ✓ Tempo medio: 0.354661 s (3 run validi)
[118/128] Testing 118 threads, size: 10862x10862
  Carico totale: 117983044 punti
  Carico per thread: 999856 punti
  Run 1/3...
    ✓ Tempo: 0.353058
  Run 2/3...
    ✓ Tempo: 0.353809
  Run 3/3...
    ✓ Tempo: 0.353551
  ✓ Tempo medio: 0.353473 s (3 run validi)
[119/128] Testing 119 threads, size: 10908x10908
  Carico totale: 118984464 punti
  Carico per thread: 999869 punti
  Run 1/3...
    ✓ Tempo: 0.356708
  Run 2/3...
    ✓ Tempo: 0.356149
  Run 3/3...
    ✓ Tempo: 0.355306
  ✓ Tempo medio: 0.356054 s (3 run validi)
[120/128] Testing 120 threads, size: 10954x10954
  Carico totale: 119990116 punti
  Carico per thread: 999917 punti
  Run 1/3...
    ✓ Tempo: 0.357244
  Run 2/3...
    ✓ Tempo: 0.357072
  Run 3/3...
    ✓ Tempo: 0.357150
  ✓ Tempo medio: 0.357155 s (3 run validi)
[121/128] Testing 121 threads, size: 11000x11000
  Carico totale: 121000000 punti
  Carico per thread: 1000000 punti
  Run 1/3...
    ✓ Tempo: 0.358875
  Run 2/3...
    ✓ Tempo: 0.359178
  Run 3/3...
    ✓ Tempo: 0.358620
  ✓ Tempo medio: 0.358891 s (3 run validi)
[122/128] Testing 122 threads, size: 11045x11045
  Carico totale: 121992025 punti
  Carico per thread: 999934 punti
  Run 1/3...
    ✓ Tempo: 0.356600
  Run 2/3...
    ✓ Tempo: 0.356205
  Run 3/3...
    ✓ Tempo: 0.355542
  ✓ Tempo medio: 0.356116 s (3 run validi)
[123/128] Testing 123 threads, size: 11090x11090
  Carico totale: 122988100 punti
  Carico per thread: 999903 punti
  Run 1/3...
    ✓ Tempo: 0.354527
  Run 2/3...
    ✓ Tempo: 0.354199
  Run 3/3...
    ✓ Tempo: 0.354483
  ✓ Tempo medio: 0.354403 s (3 run validi)
[124/128] Testing 124 threads, size: 11135x11135
  Carico totale: 123988225 punti
  Carico per thread: 999905 punti
  Run 1/3...
    ✓ Tempo: 0.356613
  Run 2/3...
    ✓ Tempo: 0.356366
  Run 3/3...
    ✓ Tempo: 0.356355
  ✓ Tempo medio: 0.356445 s (3 run validi)
[125/128] Testing 125 threads, size: 11180x11180
  Carico totale: 124992400 punti
  Carico per thread: 999939 punti
  Run 1/3...
    ✓ Tempo: 0.356131
  Run 2/3...
    ✓ Tempo: 0.356835
  Run 3/3...
    ✓ Tempo: 0.356500
  ✓ Tempo medio: 0.356489 s (3 run validi)
[126/128] Testing 126 threads, size: 11224x11224
  Carico totale: 125978176 punti
  Carico per thread: 999826 punti
  Run 1/3...
    ✓ Tempo: 0.354356
  Run 2/3...
    ✓ Tempo: 0.353237
  Run 3/3...
    ✓ Tempo: 0.353403
  ✓ Tempo medio: 0.353665 s (3 run validi)
[127/128] Testing 127 threads, size: 11269x11269
  Carico totale: 126990361 punti
  Carico per thread: 999924 punti
  Run 1/3...
    ✓ Tempo: 0.353094
  Run 2/3...
    ✓ Tempo: 0.353266
  Run 3/3...
    ✓ Tempo: 0.353178
  ✓ Tempo medio: 0.353179 s (3 run validi)
[128/128] Testing 128 threads, size: 11313x11313
  Carico totale: 127983969 punti
  Carico per thread: 999874 punti
  Run 1/3...
    ✓ Tempo: 0.355051
  Run 2/3...
    ✓ Tempo: 0.355539
  Run 3/3...
    ✓ Tempo: 0.355119
  ✓ Tempo medio: 0.355236 s (3 run validi)

=== WEAK SCALING COMPLETATO ===
File risultati: results/omp_weak_scaling.csv
Righe generate: 129
Wed Jul 23 11:39:08 PM CEST 2025
