=== MANDELBROT WEAK SCALING TEST ===
Data: Wed Jul 23 08:14:29 PM CEST 2025
Nodo: epyc004.hpc.rd.areasciencepark.it
CPU disponibili: 128

Parametri test:
- Dimensione base: 2500x2500 per 1 thread
- Max iterazioni: 1000
- Thread testati: 128 configurazioni
- Output: results/omp_weak_scaling.csv

Inizio test weak scaling...
[1/128] Testing 1 threads, size: 2500x2500
  Carico totale: 6250000 punti
  Carico per thread: 6250000 punti
  Run 1/3...
    ✓ Tempo: 3.053033
  Run 2/3...
    ✓ Tempo: 3.053887
  Run 3/3...
    ✓ Tempo: 3.062756
  ✓ Tempo medio: 3.056559 s (3 run validi)
[2/128] Testing 2 threads, size: 3535x3535
  Carico totale: 12496225 punti
  Carico per thread: 6248112 punti
  Run 1/3...
    ✓ Tempo: 3.066341
  Run 2/3...
    ✓ Tempo: 3.064157
  Run 3/3...
    ✓ Tempo: 3.065653
  ✓ Tempo medio: 3.065384 s (3 run validi)
[3/128] Testing 3 threads, size: 4330x4330
  Carico totale: 18748900 punti
  Carico per thread: 6249633 punti
  Run 1/3...
    ✓ Tempo: 3.358032
  Run 2/3...
    ✓ Tempo: 3.359590
  Run 3/3...
    ✓ Tempo: 3.364868
  ✓ Tempo medio: 3.360830 s (3 run validi)
[4/128] Testing 4 threads, size: 5000x5000
  Carico totale: 25000000 punti
  Carico per thread: 6250000 punti
  Run 1/3...
    ✓ Tempo: 3.621879
  Run 2/3...
    ✓ Tempo: 3.599287
  Run 3/3...
    ✓ Tempo: 3.598190
  ✓ Tempo medio: 3.606452 s (3 run validi)
[5/128] Testing 5 threads, size: 5590x5590
  Carico totale: 31248100 punti
  Carico per thread: 6249620 punti
  Run 1/3...
    ✓ Tempo: 3.802345
  Run 2/3...
    ✓ Tempo: 3.829244
  Run 3/3...
    ✓ Tempo: 3.812259
  ✓ Tempo medio: 3.814616 s (3 run validi)
[6/128] Testing 6 threads, size: 6123x6123
  Carico totale: 37491129 punti
  Carico per thread: 6248521 punti
  Run 1/3...
    ✓ Tempo: 3.881930
  Run 2/3...
    ✓ Tempo: 3.877724
  Run 3/3...
    ✓ Tempo: 3.886681
  ✓ Tempo medio: 3.882112 s (3 run validi)
[7/128] Testing 7 threads, size: 6614x6614
  Carico totale: 43744996 punti
  Carico per thread: 6249285 punti
  Run 1/3...
    ✓ Tempo: 3.950552
  Run 2/3...
    ✓ Tempo: 3.941094
  Run 3/3...
    ✓ Tempo: 3.932719
  ✓ Tempo medio: 3.941455 s (3 run validi)
[8/128] Testing 8 threads, size: 7071x7071
  Carico totale: 49999041 punti
  Carico per thread: 6249880 punti
  Run 1/3...
    ✓ Tempo: 4.013715
  Run 2/3...
    ✓ Tempo: 4.036490
  Run 3/3...
    ✓ Tempo: 3.998381
  ✓ Tempo medio: 4.016195 s (3 run validi)
[9/128] Testing 9 threads, size: 7500x7500
  Carico totale: 56250000 punti
  Carico per thread: 6250000 punti
  Run 1/3...
    ✓ Tempo: 3.236864
  Run 2/3...
    ✓ Tempo: 3.236222
  Run 3/3...
    ✓ Tempo: 3.236351
  ✓ Tempo medio: 3.236479 s (3 run validi)
[10/128] Testing 10 threads, size: 7905x7905
  Carico totale: 62489025 punti
  Carico per thread: 6248902 punti
  Run 1/3...
    ✓ Tempo: 3.230614
  Run 2/3...
    ✓ Tempo: 3.233551
  Run 3/3...
    ✓ Tempo: 3.231368
  ✓ Tempo medio: 3.231844 s (3 run validi)
[11/128] Testing 11 threads, size: 8291x8291
  Carico totale: 68740681 punti
  Carico per thread: 6249152 punti
  Run 1/3...
    ✓ Tempo: 3.216618
  Run 2/3...
    ✓ Tempo: 3.237093
  Run 3/3...
    ✓ Tempo: 3.237283
  ✓ Tempo medio: 3.230331 s (3 run validi)
[12/128] Testing 12 threads, size: 8660x8660
  Carico totale: 74995600 punti
  Carico per thread: 6249633 punti
  Run 1/3...
    ✓ Tempo: 3.238588
  Run 2/3...
    ✓ Tempo: 3.222948
  Run 3/3...
    ✓ Tempo: 3.241123
  ✓ Tempo medio: 3.234220 s (3 run validi)
[13/128] Testing 13 threads, size: 9013x9013
  Carico totale: 81234169 punti
  Carico per thread: 6248782 punti
  Run 1/3...
    ✓ Tempo: 3.246149
  Run 2/3...
    ✓ Tempo: 3.245522
  Run 3/3...
    ✓ Tempo: 3.221530
  ✓ Tempo medio: 3.237734 s (3 run validi)
[14/128] Testing 14 threads, size: 9354x9354
  Carico totale: 87497316 punti
  Carico per thread: 6249808 punti
  Run 1/3...
    ✓ Tempo: 3.235821
  Run 2/3...
    ✓ Tempo: 3.240670
  Run 3/3...
    ✓ Tempo: 3.236151
  ✓ Tempo medio: 3.237547 s (3 run validi)
[15/128] Testing 15 threads, size: 9682x9682
  Carico totale: 93741124 punti
  Carico per thread: 6249408 punti
  Run 1/3...
    ✓ Tempo: 3.220619
  Run 2/3...
    ✓ Tempo: 3.234215
  Run 3/3...
    ✓ Tempo: 3.232046
  ✓ Tempo medio: 3.228960 s (3 run validi)
[16/128] Testing 16 threads, size: 10000x10000
  Carico totale: 100000000 punti
  Carico per thread: 6250000 punti
  Run 1/3...
    ✓ Tempo: 3.214651
  Run 2/3...
    ✓ Tempo: 3.254797
  Run 3/3...
    ✓ Tempo: 3.241855
  ✓ Tempo medio: 3.237101 s (3 run validi)
[17/128] Testing 17 threads, size: 10307x10307
  Carico totale: 106234249 punti
  Carico per thread: 6249073 punti
  Run 1/3...
    ✓ Tempo: 3.230009
  Run 2/3...
    ✓ Tempo: 3.230890
  Run 3/3...
    ✓ Tempo: 3.232695
  ✓ Tempo medio: 3.231198 s (3 run validi)
[18/128] Testing 18 threads, size: 10606x10606
  Carico totale: 112487236 punti
  Carico per thread: 6249290 punti
  Run 1/3...
    ✓ Tempo: 3.232744
  Run 2/3...
    ✓ Tempo: 3.244714
  Run 3/3...
    ✓ Tempo: 3.231611
  ✓ Tempo medio: 3.236356 s (3 run validi)
[19/128] Testing 19 threads, size: 10897x10897
  Carico totale: 118744609 punti
  Carico per thread: 6249716 punti
  Run 1/3...
    ✓ Tempo: 3.234850
  Run 2/3...
    ✓ Tempo: 3.243393
  Run 3/3...
    ✓ Tempo: 3.245864
  ✓ Tempo medio: 3.241369 s (3 run validi)
[20/128] Testing 20 threads, size: 11180x11180
  Carico totale: 124992400 punti
  Carico per thread: 6249620 punti
  Run 1/3...
    ✓ Tempo: 3.227658
  Run 2/3...
    ✓ Tempo: 3.228164
  Run 3/3...
    ✓ Tempo: 3.228185
  ✓ Tempo medio: 3.228002 s (3 run validi)
[21/128] Testing 21 threads, size: 11456x11456
  Carico totale: 131239936 punti
  Carico per thread: 6249520 punti
  Run 1/3...
    ✓ Tempo: 3.242921
  Run 2/3...
    ✓ Tempo: 3.231516
  Run 3/3...
    ✓ Tempo: 3.244614
  ✓ Tempo medio: 3.239684 s (3 run validi)
[22/128] Testing 22 threads, size: 11726x11726
  Carico totale: 137499076 punti
  Carico per thread: 6249958 punti
  Run 1/3...
    ✓ Tempo: 3.236211
  Run 2/3...
    ✓ Tempo: 3.239303
  Run 3/3...
    ✓ Tempo: 3.235131
  ✓ Tempo medio: 3.236882 s (3 run validi)
[23/128] Testing 23 threads, size: 11989x11989
  Carico totale: 143736121 punti
  Carico per thread: 6249396 punti
  Run 1/3...
    ✓ Tempo: 3.231823
  Run 2/3...
    ✓ Tempo: 3.247434
  Run 3/3...
    ✓ Tempo: 3.233048
  ✓ Tempo medio: 3.237435 s (3 run validi)
[24/128] Testing 24 threads, size: 12247x12247
  Carico totale: 149989009 punti
  Carico per thread: 6249542 punti
  Run 1/3...
    ✓ Tempo: 3.226603
  Run 2/3...
    ✓ Tempo: 3.226317
  Run 3/3...
    ✓ Tempo: 3.227884
  ✓ Tempo medio: 3.226935 s (3 run validi)
[25/128] Testing 25 threads, size: 12500x12500
  Carico totale: 156250000 punti
  Carico per thread: 6250000 punti
  Run 1/3...
    ✓ Tempo: 3.245417
  Run 2/3...
    ✓ Tempo: 3.258752
  Run 3/3...
    ✓ Tempo: 3.242339
  ✓ Tempo medio: 3.248836 s (3 run validi)
[26/128] Testing 26 threads, size: 12747x12747
  Carico totale: 162486009 punti
  Carico per thread: 6249461 punti
  Run 1/3...
    ✓ Tempo: 3.239759
  Run 2/3...
    ✓ Tempo: 3.231969
  Run 3/3...
    ✓ Tempo: 3.231924
  ✓ Tempo medio: 3.234551 s (3 run validi)
[27/128] Testing 27 threads, size: 12990x12990
  Carico totale: 168740100 punti
  Carico per thread: 6249633 punti
  Run 1/3...
    ✓ Tempo: 3.231917
  Run 2/3...
    ✓ Tempo: 3.247937
  Run 3/3...
    ✓ Tempo: 3.231568
  ✓ Tempo medio: 3.237141 s (3 run validi)
[28/128] Testing 28 threads, size: 13228x13228
  Carico totale: 174979984 punti
  Carico per thread: 6249285 punti
  Run 1/3...
    ✓ Tempo: 3.234051
  Run 2/3...
    ✓ Tempo: 3.233943
  Run 3/3...
    ✓ Tempo: 3.237867
  ✓ Tempo medio: 3.235287 s (3 run validi)
[29/128] Testing 29 threads, size: 13462x13462
  Carico totale: 181225444 punti
  Carico per thread: 6249153 punti
  Run 1/3...
    ✓ Tempo: 3.239419
  Run 2/3...
    ✓ Tempo: 3.237912
  Run 3/3...
    ✓ Tempo: 3.252508
  ✓ Tempo medio: 3.243280 s (3 run validi)
[30/128] Testing 30 threads, size: 13693x13693
  Carico totale: 187498249 punti
  Carico per thread: 6249941 punti
  Run 1/3...
    ✓ Tempo: 3.238433
  Run 2/3...
    ✓ Tempo: 3.238700
  Run 3/3...
    ✓ Tempo: 3.238396
  ✓ Tempo medio: 3.238510 s (3 run validi)
[31/128] Testing 31 threads, size: 13919x13919
  Carico totale: 193738561 punti
  Carico per thread: 6249631 punti
  Run 1/3...
    ✓ Tempo: 3.237572
  Run 2/3...
    ✓ Tempo: 3.235651
  Run 3/3...
    ✓ Tempo: 3.248538
  ✓ Tempo medio: 3.240587 s (3 run validi)
[32/128] Testing 32 threads, size: 14142x14142
  Carico totale: 199996164 punti
  Carico per thread: 6249880 punti
  Run 1/3...
    ✓ Tempo: 3.232500
  Run 2/3...
    ✓ Tempo: 3.233944
  Run 3/3...
    ✓ Tempo: 3.234847
  ✓ Tempo medio: 3.233764 s (3 run validi)
[33/128] Testing 33 threads, size: 14361x14361
  Carico totale: 206238321 punti
  Carico per thread: 6249646 punti
  Run 1/3...
    ✓ Tempo: 3.100364
  Run 2/3...
    ✓ Tempo: 3.100711
  Run 3/3...
    ✓ Tempo: 3.101228
  ✓ Tempo medio: 3.100768 s (3 run validi)
[34/128] Testing 34 threads, size: 14577x14577
  Carico totale: 212488929 punti
  Carico per thread: 6249674 punti
  Run 1/3...
    ✓ Tempo: 3.106615
  Run 2/3...
    ✓ Tempo: 3.106851
  Run 3/3...
    ✓ Tempo: 3.106539
  ✓ Tempo medio: 3.106668 s (3 run validi)
[35/128] Testing 35 threads, size: 14790x14790
  Carico totale: 218744100 punti
  Carico per thread: 6249831 punti
  Run 1/3...
    ✓ Tempo: 3.111694
  Run 2/3...
    ✓ Tempo: 3.111475
  Run 3/3...
    ✓ Tempo: 3.111777
  ✓ Tempo medio: 3.111649 s (3 run validi)
[36/128] Testing 36 threads, size: 15000x15000
  Carico totale: 225000000 punti
  Carico per thread: 6250000 punti
  Run 1/3...
    ✓ Tempo: 3.102730
  Run 2/3...
    ✓ Tempo: 3.103625
  Run 3/3...
    ✓ Tempo: 3.104137
  ✓ Tempo medio: 3.103497 s (3 run validi)
[37/128] Testing 37 threads, size: 15206x15206
  Carico totale: 231222436 punti
  Carico per thread: 6249255 punti
  Run 1/3...
    ✓ Tempo: 3.102803
  Run 2/3...
    ✓ Tempo: 3.102977
  Run 3/3...
    ✓ Tempo: 3.104913
  ✓ Tempo medio: 3.103564 s (3 run validi)
[38/128] Testing 38 threads, size: 15411x15411
  Carico totale: 237498921 punti
  Carico per thread: 6249971 punti
  Run 1/3...
    ✓ Tempo: 3.109327
  Run 2/3...
    ✓ Tempo: 3.109320
  Run 3/3...
    ✓ Tempo: 3.109393
  ✓ Tempo medio: 3.109347 s (3 run validi)
[39/128] Testing 39 threads, size: 15612x15612
  Carico totale: 243734544 punti
  Carico per thread: 6249603 punti
  Run 1/3...
    ✓ Tempo: 3.102024
  Run 2/3...
    ✓ Tempo: 3.100360
  Run 3/3...
    ✓ Tempo: 3.101308
  ✓ Tempo medio: 3.101231 s (3 run validi)
[40/128] Testing 40 threads, size: 15811x15811
  Carico totale: 249987721 punti
  Carico per thread: 6249693 punti
  Run 1/3...
    ✓ Tempo: 3.105162
  Run 2/3...
    ✓ Tempo: 3.105579
  Run 3/3...
    ✓ Tempo: 3.109358
  ✓ Tempo medio: 3.106700 s (3 run validi)
[41/128] Testing 41 threads, size: 16007x16007
  Carico totale: 256224049 punti
  Carico per thread: 6249367 punti
  Run 1/3...
    ✓ Tempo: 3.113964
  Run 2/3...
    ✓ Tempo: 3.114322
  Run 3/3...
    ✓ Tempo: 3.115498
  ✓ Tempo medio: 3.114595 s (3 run validi)
[42/128] Testing 42 threads, size: 16201x16201
  Carico totale: 262472401 punti
  Carico per thread: 6249342 punti
  Run 1/3...
    ✓ Tempo: 3.104750
  Run 2/3...
    ✓ Tempo: 3.106133
  Run 3/3...
    ✓ Tempo: 3.120009
  ✓ Tempo medio: 3.110297 s (3 run validi)
[43/128] Testing 43 threads, size: 16393x16393
  Carico totale: 268730449 punti
  Carico per thread: 6249545 punti
  Run 1/3...
    ✓ Tempo: 3.108206
  Run 2/3...
    ✓ Tempo: 3.110755
  Run 3/3...
    ✓ Tempo: 3.106280
  ✓ Tempo medio: 3.108414 s (3 run validi)
[44/128] Testing 44 threads, size: 16583x16583
  Carico totale: 274995889 punti
  Carico per thread: 6249906 punti
  Run 1/3...
    ✓ Tempo: 3.101126
  Run 2/3...
    ✓ Tempo: 3.101095
  Run 3/3...
    ✓ Tempo: 3.101342
  ✓ Tempo medio: 3.101188 s (3 run validi)
[45/128] Testing 45 threads, size: 16770x16770
  Carico totale: 281232900 punti
  Carico per thread: 6249620 punti
  Run 1/3...
    ✓ Tempo: 3.112229
  Run 2/3...
    ✓ Tempo: 3.112414
  Run 3/3...
    ✓ Tempo: 3.114016
  ✓ Tempo medio: 3.112886 s (3 run validi)
[46/128] Testing 46 threads, size: 16955x16955
  Carico totale: 287472025 punti
  Carico per thread: 6249391 punti
  Run 1/3...
    ✓ Tempo: 3.102860
  Run 2/3...
    ✓ Tempo: 3.102787
  Run 3/3...
    ✓ Tempo: 3.103574
  ✓ Tempo medio: 3.103074 s (3 run validi)
[47/128] Testing 47 threads, size: 17139x17139
  Carico totale: 293745321 punti
  Carico per thread: 6249900 punti
  Run 1/3...
    ✓ Tempo: 3.109722
  Run 2/3...
    ✓ Tempo: 3.110205
  Run 3/3...
    ✓ Tempo: 3.109893
  ✓ Tempo medio: 3.109940 s (3 run validi)
[48/128] Testing 48 threads, size: 17320x17320
  Carico totale: 299982400 punti
  Carico per thread: 6249633 punti
  Run 1/3...
    ✓ Tempo: 3.099972
  Run 2/3...
    ✓ Tempo: 3.099469
  Run 3/3...
    ✓ Tempo: 3.099235
  ✓ Tempo medio: 3.099559 s (3 run validi)
[49/128] Testing 49 threads, size: 17500x17500
  Carico totale: 306250000 punti
  Carico per thread: 6250000 punti
  Run 1/3...
    ✓ Tempo: 3.113109
  Run 2/3...
    ✓ Tempo: 3.111675
  Run 3/3...
    ✓ Tempo: 3.111724
  ✓ Tempo medio: 3.112169 s (3 run validi)
[50/128] Testing 50 threads, size: 17677x17677
  Carico totale: 312476329 punti
  Carico per thread: 6249526 punti
  Run 1/3...
    ✓ Tempo: 3.102743
  Run 2/3...
    ✓ Tempo: 3.106389
  Run 3/3...
    ✓ Tempo: 3.106490
  ✓ Tempo medio: 3.105207 s (3 run validi)
[51/128] Testing 51 threads, size: 17853x17853
  Carico totale: 318729609 punti
  Carico per thread: 6249600 punti
  Run 1/3...
    ✓ Tempo: 3.120713
  Run 2/3...
    ✓ Tempo: 3.107762
  Run 3/3...
    ✓ Tempo: 3.109278
  ✓ Tempo medio: 3.112584 s (3 run validi)
[52/128] Testing 52 threads, size: 18027x18027
  Carico totale: 324972729 punti
  Carico per thread: 6249475 punti
  Run 1/3...
    ✓ Tempo: 3.105834
  Run 2/3...
    ✓ Tempo: 3.105941
  Run 3/3...
    ✓ Tempo: 3.105205
  ✓ Tempo medio: 3.105660 s (3 run validi)
[53/128] Testing 53 threads, size: 18200x18200
  Carico totale: 331240000 punti
  Carico per thread: 6249811 punti
  Run 1/3...
    ✓ Tempo: 3.117322
  Run 2/3...
    ✓ Tempo: 3.118397
  Run 3/3...
    ✓ Tempo: 3.120766
  ✓ Tempo medio: 3.118828 s (3 run validi)
[54/128] Testing 54 threads, size: 18371x18371
  Carico totale: 337493641 punti
  Carico per thread: 6249882 punti
  Run 1/3...
    ✓ Tempo: 3.115628
  Run 2/3...
    ✓ Tempo: 3.113426
  Run 3/3...
    ✓ Tempo: 3.115097
  ✓ Tempo medio: 3.114717 s (3 run validi)
[55/128] Testing 55 threads, size: 18540x18540
  Carico totale: 343731600 punti
  Carico per thread: 6249665 punti
  Run 1/3...
    ✓ Tempo: 3.105229
  Run 2/3...
    ✓ Tempo: 3.104855
  Run 3/3...
    ✓ Tempo: 3.104870
  ✓ Tempo medio: 3.104985 s (3 run validi)
[56/128] Testing 56 threads, size: 18708x18708
  Carico totale: 349989264 punti
  Carico per thread: 6249808 punti
  Run 1/3...
    ✓ Tempo: 3.116310
  Run 2/3...
    ✓ Tempo: 3.127046
  Run 3/3...
    ✓ Tempo: 3.118646
  ✓ Tempo medio: 3.120667 s (3 run validi)
[57/128] Testing 57 threads, size: 18874x18874
  Carico totale: 356227876 punti
  Carico per thread: 6249611 punti
  Run 1/3...
    ✓ Tempo: 3.106593
  Run 2/3...
    ✓ Tempo: 3.107623
  Run 3/3...
    ✓ Tempo: 3.108180
  ✓ Tempo medio: 3.107465 s (3 run validi)
[58/128] Testing 58 threads, size: 19039x19039
  Carico totale: 362483521 punti
  Carico per thread: 6249715 punti
  Run 1/3...
    ✓ Tempo: 3.101166
  Run 2/3...
    ✓ Tempo: 3.099959
  Run 3/3...
    ✓ Tempo: 3.102391
  ✓ Tempo medio: 3.101172 s (3 run validi)
[59/128] Testing 59 threads, size: 19202x19202
  Carico totale: 368716804 punti
  Carico per thread: 6249437 punti
  Run 1/3...
    ✓ Tempo: 3.113693
  Run 2/3...
    ✓ Tempo: 3.114695
  Run 3/3...
    ✓ Tempo: 3.113168
  ✓ Tempo medio: 3.113852 s (3 run validi)
[60/128] Testing 60 threads, size: 19364x19364
  Carico totale: 374964496 punti
  Carico per thread: 6249408 punti
  Run 1/3...
    ✓ Tempo: 3.107767
  Run 2/3...
    ✓ Tempo: 3.107848
  Run 3/3...
    ✓ Tempo: 3.106196
  ✓ Tempo medio: 3.107270 s (3 run validi)
[61/128] Testing 61 threads, size: 19525x19525
  Carico totale: 381225625 punti
  Carico per thread: 6249600 punti
  Run 1/3...
    ✓ Tempo: 3.103027
  Run 2/3...
    ✓ Tempo: 3.106814
  Run 3/3...
    ✓ Tempo: 3.101593
  ✓ Tempo medio: 3.103811 s (3 run validi)
[62/128] Testing 62 threads, size: 19685x19685
  Carico totale: 387499225 punti
  Carico per thread: 6249987 punti
  Run 1/3...
    ✓ Tempo: 3.115757
  Run 2/3...
    ✓ Tempo: 3.115778
  Run 3/3...
    ✓ Tempo: 3.116414
  ✓ Tempo medio: 3.115983 s (3 run validi)
[63/128] Testing 63 threads, size: 19843x19843
  Carico totale: 393744649 punti
  Carico per thread: 6249915 punti
  Run 1/3...
    ✓ Tempo: 3.105940
  Run 2/3...
    ✓ Tempo: 3.106069
  Run 3/3...
    ✓ Tempo: 3.106968
  ✓ Tempo medio: 3.106326 s (3 run validi)
[64/128] Testing 64 threads, size: 20000x20000
  Carico totale: 400000000 punti
  Carico per thread: 6250000 punti
  Run 1/3...
    ✓ Tempo: 4.328616
  Run 2/3...
    ✓ Tempo: 4.329613
  Run 3/3...
    ✓ Tempo: 4.328633
  ✓ Tempo medio: 4.328954 s (3 run validi)
[65/128] Testing 65 threads, size: 20155x20155
  Carico totale: 406224025 punti
  Carico per thread: 6249600 punti
  Run 1/3...
    ✓ Tempo: 4.336557
  Run 2/3...
    ✓ Tempo: 4.331725
  Run 3/3...
    ✓ Tempo: 4.331431
  ✓ Tempo medio: 4.333238 s (3 run validi)
[66/128] Testing 66 threads, size: 20310x20310
  Carico totale: 412496100 punti
  Carico per thread: 6249940 punti
  Run 1/3...
    ✓ Tempo: 4.314857
  Run 2/3...
    ✓ Tempo: 4.314482
  Run 3/3...
    ✓ Tempo: 4.313736
  ✓ Tempo medio: 4.314358 s (3 run validi)
[67/128] Testing 67 threads, size: 20463x20463
  Carico totale: 418734369 punti
  Carico per thread: 6249766 punti
  Run 1/3...
    ✓ Tempo: 4.332600
  Run 2/3...
    ✓ Tempo: 4.331951
  Run 3/3...
    ✓ Tempo: 4.329655
  ✓ Tempo medio: 4.331402 s (3 run validi)
[68/128] Testing 68 threads, size: 20615x20615
  Carico totale: 424978225 punti
  Carico per thread: 6249679 punti
  Run 1/3...
    ✓ Tempo: 4.307046
  Run 2/3...
    ✓ Tempo: 4.309553
  Run 3/3...
    ✓ Tempo: 4.306962
  ✓ Tempo medio: 4.307854 s (3 run validi)
[69/128] Testing 69 threads, size: 20766x20766
  Carico totale: 431226756 punti
  Carico per thread: 6249663 punti
  Run 1/3...
    ✓ Tempo: 4.336024
  Run 2/3...
    ✓ Tempo: 4.338371
  Run 3/3...
    ✓ Tempo: 4.333395
  ✓ Tempo medio: 4.335930 s (3 run validi)
[70/128] Testing 70 threads, size: 20916x20916
  Carico totale: 437479056 punti
  Carico per thread: 6249700 punti
  Run 1/3...
    ✓ Tempo: 4.319980
  Run 2/3...
    ✓ Tempo: 4.322727
  Run 3/3...
    ✓ Tempo: 4.321056
  ✓ Tempo medio: 4.321254 s (3 run validi)
[71/128] Testing 71 threads, size: 21065x21065
  Carico totale: 443734225 punti
  Carico per thread: 6249777 punti
  Run 1/3...
    ✓ Tempo: 4.334756
  Run 2/3...
    ✓ Tempo: 4.333986
  Run 3/3...
    ✓ Tempo: 4.327102
  ✓ Tempo medio: 4.331948 s (3 run validi)
[72/128] Testing 72 threads, size: 21213x21213
  Carico totale: 449991369 punti
  Carico per thread: 6249880 punti
  Run 1/3...
    ✓ Tempo: 4.317391
  Run 2/3...
    ✓ Tempo: 4.324300
  Run 3/3...
    ✓ Tempo: 4.321390
  ✓ Tempo medio: 4.321027 s (3 run validi)
[73/128] Testing 73 threads, size: 21360x21360
  Carico totale: 456249600 punti
  Carico per thread: 6249994 punti
  Run 1/3...
    ✓ Tempo: 4.319055
  Run 2/3...
    ✓ Tempo: 4.316917
  Run 3/3...
    ✓ Tempo: 4.313301
  ✓ Tempo medio: 4.316424 s (3 run validi)
[74/128] Testing 74 threads, size: 21505x21505
  Carico totale: 462465025 punti
  Carico per thread: 6249527 punti
  Run 1/3...
    ✓ Tempo: 4.316208
  Run 2/3...
    ✓ Tempo: 4.320813
  Run 3/3...
    ✓ Tempo: 4.314435
  ✓ Tempo medio: 4.317152 s (3 run validi)
[75/128] Testing 75 threads, size: 21650x21650
  Carico totale: 468722500 punti
  Carico per thread: 6249633 punti
  Run 1/3...
    ✓ Tempo: 4.316127
  Run 2/3...
    ✓ Tempo: 4.310988
  Run 3/3...
    ✓ Tempo: 4.316948
  ✓ Tempo medio: 4.314688 s (3 run validi)
[76/128] Testing 76 threads, size: 21794x21794
  Carico totale: 474978436 punti
  Carico per thread: 6249716 punti
  Run 1/3...
    ✓ Tempo: 4.335645
  Run 2/3...
    ✓ Tempo: 4.334663
  Run 3/3...
    ✓ Tempo: 4.343153
  ✓ Tempo medio: 4.337820 s (3 run validi)
[77/128] Testing 77 threads, size: 21937x21937
  Carico totale: 481231969 punti
  Carico per thread: 6249765 punti
  Run 1/3...
    ✓ Tempo: 4.342132
  Run 2/3...
    ✓ Tempo: 4.338412
  Run 3/3...
    ✓ Tempo: 4.346779
  ✓ Tempo medio: 4.342441 s (3 run validi)
[78/128] Testing 78 threads, size: 22079x22079
  Carico totale: 487482241 punti
  Carico per thread: 6249772 punti
  Run 1/3...
    ✓ Tempo: 4.327986
  Run 2/3...
    ✓ Tempo: 4.321192
  Run 3/3...
    ✓ Tempo: 4.327640
  ✓ Tempo medio: 4.325606 s (3 run validi)
[79/128] Testing 79 threads, size: 22220x22220
  Carico totale: 493728400 punti
  Carico per thread: 6249726 punti
  Run 1/3...
    ✓ Tempo: 4.337786
  Run 2/3...
    ✓ Tempo: 4.339693
  Run 3/3...
    ✓ Tempo: 4.337876
  ✓ Tempo medio: 4.338452 s (3 run validi)
[80/128] Testing 80 threads, size: 22360x22360
  Carico totale: 499969600 punti
  Carico per thread: 6249620 punti
  Run 1/3...
    ✓ Tempo: 4.318959
  Run 2/3...
    ✓ Tempo: 4.318445
  Run 3/3...
    ✓ Tempo: 4.313029
  ✓ Tempo medio: 4.316811 s (3 run validi)
[81/128] Testing 81 threads, size: 22500x22500
  Carico totale: 506250000 punti
  Carico per thread: 6250000 punti
  Run 1/3...
    ✓ Tempo: 4.328910
  Run 2/3...
    ✓ Tempo: 4.330006
  Run 3/3...
    ✓ Tempo: 4.325730
  ✓ Tempo medio: 4.328215 s (3 run validi)
[82/128] Testing 82 threads, size: 22638x22638
  Carico totale: 512479044 punti
  Carico per thread: 6249744 punti
  Run 1/3...
    ✓ Tempo: 4.319556
  Run 2/3...
    ✓ Tempo: 4.321414
  Run 3/3...
    ✓ Tempo: 4.318582
  ✓ Tempo medio: 4.319851 s (3 run validi)
[83/128] Testing 83 threads, size: 22776x22776
  Carico totale: 518746176 punti
  Carico per thread: 6249953 punti
  Run 1/3...
    ✓ Tempo: 4.336996
  Run 2/3...
    ✓ Tempo: 4.338317
  Run 3/3...
    ✓ Tempo: 4.333627
  ✓ Tempo medio: 4.336313 s (3 run validi)
[84/128] Testing 84 threads, size: 22912x22912
  Carico totale: 524959744 punti
  Carico per thread: 6249520 punti
  Run 1/3...
    ✓ Tempo: 4.341780
  Run 2/3...
    ✓ Tempo: 4.339771
  Run 3/3...
    ✓ Tempo: 4.340729
  ✓ Tempo medio: 4.340760 s (3 run validi)
[85/128] Testing 85 threads, size: 23048x23048
  Carico totale: 531210304 punti
  Carico per thread: 6249532 punti
  Run 1/3...
    ✓ Tempo: 4.315231
  Run 2/3...
    ✓ Tempo: 4.311787
  Run 3/3...
    ✓ Tempo: 4.311650
  ✓ Tempo medio: 4.312889 s (3 run validi)
[86/128] Testing 86 threads, size: 23184x23184
  Carico totale: 537497856 punti
  Carico per thread: 6249975 punti
  Run 1/3...
    ✓ Tempo: 4.325740
  Run 2/3...
    ✓ Tempo: 4.326620
  Run 3/3...
    ✓ Tempo: 4.323780
  ✓ Tempo medio: 4.325380 s (3 run validi)
[87/128] Testing 87 threads, size: 23318x23318
  Carico totale: 543729124 punti
  Carico per thread: 6249760 punti
  Run 1/3...
    ✓ Tempo: 4.337666
  Run 2/3...
    ✓ Tempo: 4.338667
  Run 3/3...
    ✓ Tempo: 4.337968
  ✓ Tempo medio: 4.338100 s (3 run validi)
[88/128] Testing 88 threads, size: 23452x23452
  Carico totale: 549996304 punti
  Carico per thread: 6249958 punti
  Run 1/3...
    ✓ Tempo: 4.337283
  Run 2/3...
    ✓ Tempo: 4.340012
  Run 3/3...
    ✓ Tempo: 4.337887
  ✓ Tempo medio: 4.338394 s (3 run validi)
[89/128] Testing 89 threads, size: 23584x23584
  Carico totale: 556205056 punti
  Carico per thread: 6249495 punti
  Run 1/3...
    ✓ Tempo: 4.329043
  Run 2/3...
    ✓ Tempo: 4.328966
  Run 3/3...
    ✓ Tempo: 4.322274
  ✓ Tempo medio: 4.326761 s (3 run validi)
[90/128] Testing 90 threads, size: 23717x23717
  Carico totale: 562496089 punti
  Carico per thread: 6249956 punti
  Run 1/3...
    ✓ Tempo: 4.320383
  Run 2/3...
    ✓ Tempo: 4.319196
  Run 3/3...
    ✓ Tempo: 4.308296
  ✓ Tempo medio: 4.315958 s (3 run validi)
[91/128] Testing 91 threads, size: 23848x23848
  Carico totale: 568727104 punti
  Carico per thread: 6249748 punti
  Run 1/3...
    ✓ Tempo: 4.340841
  Run 2/3...
    ✓ Tempo: 4.333813
  Run 3/3...
    ✓ Tempo: 4.339772
  ✓ Tempo medio: 4.338142 s (3 run validi)
[92/128] Testing 92 threads, size: 23979x23979
  Carico totale: 574992441 punti
  Carico per thread: 6249917 punti
  Run 1/3...
    ✓ Tempo: 4.311162
  Run 2/3...
    ✓ Tempo: 4.316954
  Run 3/3...
    ✓ Tempo: 4.312997
  ✓ Tempo medio: 4.313704 s (3 run validi)
[93/128] Testing 93 threads, size: 24109x24109
  Carico totale: 581243881 punti
  Carico per thread: 6249934 punti
  Run 1/3...
    ✓ Tempo: 4.326913
  Run 2/3...
    ✓ Tempo: 4.320631
  Run 3/3...
    ✓ Tempo: 4.318287
  ✓ Tempo medio: 4.321944 s (3 run validi)
[94/128] Testing 94 threads, size: 24238x24238
  Carico totale: 587480644 punti
  Carico per thread: 6249794 punti
  Run 1/3...
    ✓ Tempo: 4.330512
  Run 2/3...
    ✓ Tempo: 4.328278
  Run 3/3...
    ✓ Tempo: 4.329577
  ✓ Tempo medio: 4.329456 s (3 run validi)
[95/128] Testing 95 threads, size: 24366x24366
  Carico totale: 593701956 punti
  Carico per thread: 6249494 punti
  Run 1/3...
    ✓ Tempo: 4.325883
  Run 2/3...
    ✓ Tempo: 4.319612
  Run 3/3...
    ✓ Tempo: 4.321708
  ✓ Tempo medio: 4.322401 s (3 run validi)
[96/128] Testing 96 threads, size: 24494x24494
  Carico totale: 599956036 punti
  Carico per thread: 6249542 punti
  Run 1/3...
    ✓ Tempo: 4.343083
  Run 2/3...
    ✓ Tempo: 4.338996
  Run 3/3...
    ✓ Tempo: 4.337878
  ✓ Tempo medio: 4.339986 s (3 run validi)
[97/128] Testing 97 threads, size: 24622x24622
  Carico totale: 606242884 punti
  Carico per thread: 6249926 punti
  Run 1/3...
    ✓ Tempo: 4.322064
  Run 2/3...
    ✓ Tempo: 4.322200
  Run 3/3...
    ✓ Tempo: 4.319840
  ✓ Tempo medio: 4.321368 s (3 run validi)
[98/128] Testing 98 threads, size: 24748x24748
  Carico totale: 612463504 punti
  Carico per thread: 6249627 punti
  Run 1/3...
    ✓ Tempo: 4.322971
  Run 2/3...
    ✓ Tempo: 4.316862
  Run 3/3...
    ✓ Tempo: 4.317813
  ✓ Tempo medio: 4.319215 s (3 run validi)
[99/128] Testing 99 threads, size: 24874x24874
  Carico totale: 618715876 punti
  Carico per thread: 6249655 punti
  Run 1/3...
    ✓ Tempo: 4.316876
  Run 2/3...
    ✓ Tempo: 4.316344
  Run 3/3...
    ✓ Tempo: 4.323127
  ✓ Tempo medio: 4.318782 s (3 run validi)
[100/128] Testing 100 threads, size: 25000x25000
  Carico totale: 625000000 punti
  Carico per thread: 6250000 punti
  Run 1/3...
    ✓ Tempo: 4.328487
  Run 2/3...
    ✓ Tempo: 4.321473
  Run 3/3...
    ✓ Tempo: 4.328624
  ✓ Tempo medio: 4.326195 s (3 run validi)
[101/128] Testing 101 threads, size: 25124x25124
  Carico totale: 631215376 punti
  Carico per thread: 6249657 punti
  Run 1/3...
    ✓ Tempo: 4.327385
  Run 2/3...
    ✓ Tempo: 4.337626
  Run 3/3...
    ✓ Tempo: 4.334317
  ✓ Tempo medio: 4.333109 s (3 run validi)
[102/128] Testing 102 threads, size: 25248x25248
  Carico totale: 637461504 punti
  Carico per thread: 6249622 punti
  Run 1/3...
    ✓ Tempo: 4.325580
  Run 2/3...
    ✓ Tempo: 4.325347
  Run 3/3...
    ✓ Tempo: 4.325538
  ✓ Tempo medio: 4.325488 s (3 run validi)
[103/128] Testing 103 threads, size: 25372x25372
  Carico totale: 643738384 punti
  Carico per thread: 6249887 punti
  Run 1/3...
    ✓ Tempo: 4.341795
  Run 2/3...
    ✓ Tempo: 4.338766
  Run 3/3...
    ✓ Tempo: 4.342932
  ✓ Tempo medio: 4.341164 s (3 run validi)
[104/128] Testing 104 threads, size: 25495x25495
  Carico totale: 649995025 punti
  Carico per thread: 6249952 punti
  Run 1/3...
    ✓ Tempo: 4.329019
  Run 2/3...
    ✓ Tempo: 4.330369
  Run 3/3...
    ✓ Tempo: 4.327483
  ✓ Tempo medio: 4.328957 s (3 run validi)
[105/128] Testing 105 threads, size: 25617x25617
  Carico totale: 656230689 punti
  Carico per thread: 6249816 punti
  Run 1/3...
    ✓ Tempo: 4.351281
  Run 2/3...
    ✓ Tempo: 4.345344
  Run 3/3...
    ✓ Tempo: 4.347157
  ✓ Tempo medio: 4.347927 s (3 run validi)
[106/128] Testing 106 threads, size: 25739x25739
  Carico totale: 662496121 punti
  Carico per thread: 6249963 punti
  Run 1/3...
    ✓ Tempo: 4.359573
  Run 2/3...
    ✓ Tempo: 4.346596
  Run 3/3...
    ✓ Tempo: 4.339710
  ✓ Tempo medio: 4.348626 s (3 run validi)
[107/128] Testing 107 threads, size: 25860x25860
  Carico totale: 668739600 punti
  Carico per thread: 6249902 punti
  Run 1/3...
    ✓ Tempo: 4.341705
  Run 2/3...
    ✓ Tempo: 4.342539
  Run 3/3...
    ✓ Tempo: 4.341659
  ✓ Tempo medio: 4.341968 s (3 run validi)
[108/128] Testing 108 threads, size: 25980x25980
  Carico totale: 674960400 punti
  Carico per thread: 6249633 punti
  Run 1/3...
    ✓ Tempo: 4.325857
  Run 2/3...
    ✓ Tempo: 4.321842
  Run 3/3...
    ✓ Tempo: 4.320244
  ✓ Tempo medio: 4.322648 s (3 run validi)
[109/128] Testing 109 threads, size: 26100x26100
  Carico totale: 681210000 punti
  Carico per thread: 6249633 punti
  Run 1/3...
    ✓ Tempo: 4.312105
  Run 2/3...
    ✓ Tempo: 4.302934
  Run 3/3...
    ✓ Tempo: 4.312131
  ✓ Tempo medio: 4.309057 s (3 run validi)
[110/128] Testing 110 threads, size: 26220x26220
  Carico totale: 687488400 punti
  Carico per thread: 6249894 punti
  Run 1/3...
    ✓ Tempo: 4.329382
  Run 2/3...
    ✓ Tempo: 4.325481
  Run 3/3...
    ✓ Tempo: 4.328789
  ✓ Tempo medio: 4.327884 s (3 run validi)
[111/128] Testing 111 threads, size: 26339x26339
  Carico totale: 693742921 punti
  Carico per thread: 6249936 punti
  Run 1/3...
    ✓ Tempo: 4.313260
  Run 2/3...
    ✓ Tempo: 4.311786
  Run 3/3...
    ✓ Tempo: 4.312369
  ✓ Tempo medio: 4.312472 s (3 run validi)
[112/128] Testing 112 threads, size: 26457x26457
  Carico totale: 699972849 punti
  Carico per thread: 6249757 punti
  Run 1/3...
    ✓ Tempo: 4.332165
  Run 2/3...
    ✓ Tempo: 4.328457
  Run 3/3...
    ✓ Tempo: 4.322367
  ✓ Tempo medio: 4.327663 s (3 run validi)
[113/128] Testing 113 threads, size: 26575x26575
  Carico totale: 706230625 punti
  Carico per thread: 6249828 punti
  Run 1/3...
    ✓ Tempo: 4.321943
  Run 2/3...
    ✓ Tempo: 4.323791
  Run 3/3...
    ✓ Tempo: 4.320991
  ✓ Tempo medio: 4.322242 s (3 run validi)
[114/128] Testing 114 threads, size: 26692x26692
  Carico totale: 712462864 punti
  Carico per thread: 6249674 punti
  Run 1/3...
    ✓ Tempo: 4.317168
  Run 2/3...
    ✓ Tempo: 4.317669
  Run 3/3...
    ✓ Tempo: 4.323148
  ✓ Tempo medio: 4.319328 s (3 run validi)
[115/128] Testing 115 threads, size: 26809x26809
  Carico totale: 718722481 punti
  Carico per thread: 6249760 punti
  Run 1/3...
    ✓ Tempo: 4.329691
  Run 2/3...
    ✓ Tempo: 4.329054
  Run 3/3...
    ✓ Tempo: 4.323542
  ✓ Tempo medio: 4.327429 s (3 run validi)
[116/128] Testing 116 threads, size: 26925x26925
  Carico totale: 724955625 punti
  Carico per thread: 6249617 punti
  Run 1/3...
    ✓ Tempo: 4.311117
  Run 2/3...
    ✓ Tempo: 4.316884
  Run 3/3...
    ✓ Tempo: 4.310620
  ✓ Tempo medio: 4.312874 s (3 run validi)
[117/128] Testing 117 threads, size: 27041x27041
  Carico totale: 731215681 punti
  Carico per thread: 6249706 punti
  Run 1/3...
    ✓ Tempo: 4.330896
  Run 2/3...
    ✓ Tempo: 4.332311
  Run 3/3...
    ✓ Tempo: 4.324816
  ✓ Tempo medio: 4.329341 s (3 run validi)
[118/128] Testing 118 threads, size: 27156x27156
  Carico totale: 737448336 punti
  Carico per thread: 6249562 punti
  Run 1/3...
    ✓ Tempo: 4.312105
  Run 2/3...
    ✓ Tempo: 4.309443
  Run 3/3...
    ✓ Tempo: 4.313233
  ✓ Tempo medio: 4.311594 s (3 run validi)
[119/128] Testing 119 threads, size: 27271x27271
  Carico totale: 743707441 punti
  Carico per thread: 6249642 punti
  Run 1/3...
    ✓ Tempo: 4.320862
  Run 2/3...
    ✓ Tempo: 4.319571
  Run 3/3...
    ✓ Tempo: 4.322041
  ✓ Tempo medio: 4.320825 s (3 run validi)
[120/128] Testing 120 threads, size: 27386x27386
  Carico totale: 749992996 punti
  Carico per thread: 6249941 punti
  Run 1/3...
    ✓ Tempo: 4.318272
  Run 2/3...
    ✓ Tempo: 4.324429
  Run 3/3...
    ✓ Tempo: 4.325658
  ✓ Tempo medio: 4.322786 s (3 run validi)
[121/128] Testing 121 threads, size: 27500x27500
  Carico totale: 756250000 punti
  Carico per thread: 6250000 punti
  Run 1/3...
    ✓ Tempo: 4.320571
  Run 2/3...
    ✓ Tempo: 4.318897
  Run 3/3...
    ✓ Tempo: 4.316130
  ✓ Tempo medio: 4.318533 s (3 run validi)
[122/128] Testing 122 threads, size: 27613x27613
  Carico totale: 762477769 punti
  Carico per thread: 6249817 punti
  Run 1/3...
    ✓ Tempo: 4.319095
  Run 2/3...
    ✓ Tempo: 4.319971
  Run 3/3...
    ✓ Tempo: 4.320115
  ✓ Tempo medio: 4.319727 s (3 run validi)
[123/128] Testing 123 threads, size: 27726x27726
  Carico totale: 768731076 punti
  Carico per thread: 6249846 punti
  Run 1/3...
    ✓ Tempo: 4.337712
  Run 2/3...
    ✓ Tempo: 4.333247
  Run 3/3...
    ✓ Tempo: 4.333169
  ✓ Tempo medio: 4.334709 s (3 run validi)
[124/128] Testing 124 threads, size: 27838x27838
  Carico totale: 774954244 punti
  Carico per thread: 6249631 punti
  Run 1/3...
    ✓ Tempo: 4.355724
  Run 2/3...
    ✓ Tempo: 4.355555
  Run 3/3...
    ✓ Tempo: 4.349048
  ✓ Tempo medio: 4.353442 s (3 run validi)
[125/128] Testing 125 threads, size: 27950x27950
  Carico totale: 781202500 punti
  Carico per thread: 6249620 punti
  Run 1/3...
    ✓ Tempo: 4.336244
  Run 2/3...
    ✓ Tempo: 4.336990
  Run 3/3...
    ✓ Tempo: 4.340873
  ✓ Tempo medio: 4.338036 s (3 run validi)
[126/128] Testing 126 threads, size: 28062x28062
  Carico totale: 787475844 punti
  Carico per thread: 6249808 punti
  Run 1/3...
    ✓ Tempo: 4.347643
  Run 2/3...
    ✓ Tempo: 4.346434
  Run 3/3...
    ✓ Tempo: 4.349208
  ✓ Tempo medio: 4.347762 s (3 run validi)
[127/128] Testing 127 threads, size: 28173x28173
  Carico totale: 793717929 punti
  Carico per thread: 6249747 punti
  Run 1/3...
    ✓ Tempo: 4.341252
  Run 2/3...
    ✓ Tempo: 4.345573
  Run 3/3...
    ✓ Tempo: 4.347223
  ✓ Tempo medio: 4.344683 s (3 run validi)
[128/128] Testing 128 threads, size: 28284x28284
  Carico totale: 799984656 punti
  Carico per thread: 6249880 punti
  Run 1/3...
    ✓ Tempo: 4.327293
  Run 2/3...
    ✓ Tempo: 4.347515
  Run 3/3...
    ✓ Tempo: 4.332453
  ✓ Tempo medio: 4.335754 s (3 run validi)

=== WEAK SCALING COMPLETATO ===
File risultati: results/omp_weak_scaling.csv
Righe generate: 129
Wed Jul 23 08:54:09 PM CEST 2025
