=== MANDELBROT WEAK SCALING TEST ===
Data: Wed Jul 23 10:32:28 PM CEST 2025
Nodo: epyc003.hpc.rd.areasciencepark.it
CPU disponibili: 128

Parametri test:
- Dimensione base: 1000x1000 per 1 thread
- Max iterazioni: 500
- Thread testati: 128 configurazioni
- Output: results/omp_weak_scaling.csv

Inizio test weak scaling...
[1/128] Testing 1 threads, size: 1000x1000
  Carico totale: 1000000 punti
  Carico per thread: 1000000 punti
  Run 1/3...
    ⚠ Errore: exit=132, output=''
  Run 2/3...
    ⚠ Errore: exit=132, output=''
  Run 3/3...
    ⚠ Errore: exit=132, output=''
  ✗ Nessun run valido per 1 threads
[2/128] Testing 2 threads, size: 1414x1414
  Carico totale: 1999396 punti
  Carico per thread: 999698 punti
  Run 1/3...
    ✓ Tempo: 0.251223
  Run 2/3...
    ✓ Tempo: 0.252476
  Run 3/3...
    ✓ Tempo: 0.251119
  ✓ Tempo medio: 0.251606 s (3 run validi)
[3/128] Testing 3 threads, size: 1732x1732
  Carico totale: 2999824 punti
  Carico per thread: 999941 punti
  Run 1/3...
    ✓ Tempo: 0.274982
  Run 2/3...
    ✓ Tempo: 0.274658
  Run 3/3...
    ✓ Tempo: 0.274528
  ✓ Tempo medio: 0.274723 s (3 run validi)
[4/128] Testing 4 threads, size: 2000x2000
  Carico totale: 4000000 punti
  Carico per thread: 1000000 punti
  Run 1/3...
    ✓ Tempo: 0.293529
  Run 2/3...
    ✓ Tempo: 0.293652
  Run 3/3...
    ✓ Tempo: 0.293561
  ✓ Tempo medio: 0.293581 s (3 run validi)
[5/128] Testing 5 threads, size: 2236x2236
  Carico totale: 4999696 punti
  Carico per thread: 999939 punti
  Run 1/3...
    ✓ Tempo: 0.309742
  Run 2/3...
    ✓ Tempo: 0.309146
  Run 3/3...
    ✓ Tempo: 0.309916
  ✓ Tempo medio: 0.309601 s (3 run validi)
[6/128] Testing 6 threads, size: 2449x2449
  Carico totale: 5997601 punti
  Carico per thread: 999600 punti
  Run 1/3...
    ✓ Tempo: 0.314844
  Run 2/3...
    ✓ Tempo: 0.315575
  Run 3/3...
    ✓ Tempo: 0.315278
  ✓ Tempo medio: 0.315232 s (3 run validi)
[7/128] Testing 7 threads, size: 2645x2645
  Carico totale: 6996025 punti
  Carico per thread: 999432 punti
  Run 1/3...
    ✓ Tempo: 0.319669
  Run 2/3...
    ✓ Tempo: 0.319007
  Run 3/3...
    ✓ Tempo: 0.320016
  ✓ Tempo medio: 0.319564 s (3 run validi)
[8/128] Testing 8 threads, size: 2828x2828
  Carico totale: 7997584 punti
  Carico per thread: 999698 punti
  Run 1/3...
    ✓ Tempo: 0.320938
  Run 2/3...
    ✓ Tempo: 0.321391
  Run 3/3...
    ✓ Tempo: 0.321524
  ✓ Tempo medio: 0.321284 s (3 run validi)
[9/128] Testing 9 threads, size: 3000x3000
  Carico totale: 9000000 punti
  Carico per thread: 1000000 punti
  Run 1/3...
    ✓ Tempo: 0.260830
  Run 2/3...
    ✓ Tempo: 0.261191
  Run 3/3...
    ✓ Tempo: 0.260787
  ✓ Tempo medio: 0.260936 s (3 run validi)
[10/128] Testing 10 threads, size: 3162x3162
  Carico totale: 9998244 punti
  Carico per thread: 999824 punti
  Run 1/3...
    ✓ Tempo: 0.261814
  Run 2/3...
    ✓ Tempo: 0.262085
  Run 3/3...
    ✓ Tempo: 0.261681
  ✓ Tempo medio: 0.261860 s (3 run validi)
[11/128] Testing 11 threads, size: 3316x3316
  Carico totale: 10995856 punti
  Carico per thread: 999623 punti
  Run 1/3...
    ✓ Tempo: 0.261382
  Run 2/3...
    ✓ Tempo: 0.261033
  Run 3/3...
    ✓ Tempo: 0.261056
  ✓ Tempo medio: 0.261157 s (3 run validi)
[12/128] Testing 12 threads, size: 3464x3464
  Carico totale: 11999296 punti
  Carico per thread: 999941 punti
  Run 1/3...
    ✓ Tempo: 0.261958
  Run 2/3...
    ✓ Tempo: 0.262735
  Run 3/3...
    ✓ Tempo: 0.262061
  ✓ Tempo medio: 0.262251 s (3 run validi)
[13/128] Testing 13 threads, size: 3605x3605
  Carico totale: 12996025 punti
  Carico per thread: 999694 punti
  Run 1/3...
    ✓ Tempo: 0.262005
  Run 2/3...
    ✓ Tempo: 0.261770
  Run 3/3...
    ✓ Tempo: 0.262355
  ✓ Tempo medio: 0.262043 s (3 run validi)
[14/128] Testing 14 threads, size: 3741x3741
  Carico totale: 13995081 punti
  Carico per thread: 999648 punti
  Run 1/3...
    ✓ Tempo: 0.261721
  Run 2/3...
    ✓ Tempo: 0.261857
  Run 3/3...
    ✓ Tempo: 0.261823
  ✓ Tempo medio: 0.261800 s (3 run validi)
[15/128] Testing 15 threads, size: 3872x3872
  Carico totale: 14992384 punti
  Carico per thread: 999492 punti
  Run 1/3...
    ✓ Tempo: 0.261809
  Run 2/3...
    ✓ Tempo: 0.261449
  Run 3/3...
    ✓ Tempo: 0.261909
  ✓ Tempo medio: 0.261722 s (3 run validi)
[16/128] Testing 16 threads, size: 4000x4000
  Carico totale: 16000000 punti
  Carico per thread: 1000000 punti
  Run 1/3...
    ✓ Tempo: 0.261832
  Run 2/3...
    ✓ Tempo: 0.261820
  Run 3/3...
    ✓ Tempo: 0.324327
  ✓ Tempo medio: 0.282660 s (3 run validi)
[17/128] Testing 17 threads, size: 4123x4123
  Carico totale: 16999129 punti
  Carico per thread: 999948 punti
  Run 1/3...
    ✓ Tempo: 0.263848
  Run 2/3...
    ✓ Tempo: 0.264414
  Run 3/3...
    ✓ Tempo: 0.263918
  ✓ Tempo medio: 0.264060 s (3 run validi)
[18/128] Testing 18 threads, size: 4242x4242
  Carico totale: 17994564 punti
  Carico per thread: 999698 punti
  Run 1/3...
    ✓ Tempo: 0.267628
  Run 2/3...
    ✓ Tempo: 0.267771
  Run 3/3...
    ✓ Tempo: 0.268031
  ✓ Tempo medio: 0.267810 s (3 run validi)
[19/128] Testing 19 threads, size: 4358x4358
  Carico totale: 18992164 punti
  Carico per thread: 999587 punti
  Run 1/3...
    ✓ Tempo: 0.261229
  Run 2/3...
    ✓ Tempo: 0.261628
  Run 3/3...
    ✓ Tempo: 0.261162
  ✓ Tempo medio: 0.261340 s (3 run validi)
[20/128] Testing 20 threads, size: 4472x4472
  Carico totale: 19998784 punti
  Carico per thread: 999939 punti
  Run 1/3...
    ✓ Tempo: 0.269141
  Run 2/3...
    ✓ Tempo: 0.269322
  Run 3/3...
    ✓ Tempo: 0.268678
  ✓ Tempo medio: 0.269047 s (3 run validi)
[21/128] Testing 21 threads, size: 4582x4582
  Carico totale: 20994724 punti
  Carico per thread: 999748 punti
  Run 1/3...
    ✓ Tempo: 0.266007
  Run 2/3...
    ✓ Tempo: 0.265894
  Run 3/3...
    ✓ Tempo: 0.265396
  ✓ Tempo medio: 0.265766 s (3 run validi)
[22/128] Testing 22 threads, size: 4690x4690
  Carico totale: 21996100 punti
  Carico per thread: 999822 punti
  Run 1/3...
    ✓ Tempo: 0.262049
  Run 2/3...
    ✓ Tempo: 0.262418
  Run 3/3...
    ✓ Tempo: 0.262492
  ✓ Tempo medio: 0.262320 s (3 run validi)
[23/128] Testing 23 threads, size: 4795x4795
  Carico totale: 22992025 punti
  Carico per thread: 999653 punti
  Run 1/3...
    ✓ Tempo: 0.262214
  Run 2/3...
    ✓ Tempo: 0.262782
  Run 3/3...
    ✓ Tempo: 0.269211
  ✓ Tempo medio: 0.264736 s (3 run validi)
[24/128] Testing 24 threads, size: 4898x4898
  Carico totale: 23990404 punti
  Carico per thread: 999600 punti
  Run 1/3...
    ✓ Tempo: 0.262667
  Run 2/3...
    ✓ Tempo: 0.262641
  Run 3/3...
    ✓ Tempo: 0.262886
  ✓ Tempo medio: 0.262731 s (3 run validi)
[25/128] Testing 25 threads, size: 5000x5000
  Carico totale: 25000000 punti
  Carico per thread: 1000000 punti
  Run 1/3...
    ✓ Tempo: 0.262947
  Run 2/3...
    ✓ Tempo: 0.263255
  Run 3/3...
    ✓ Tempo: 0.262996
  ✓ Tempo medio: 0.263066 s (3 run validi)
[26/128] Testing 26 threads, size: 5099x5099
  Carico totale: 25999801 punti
  Carico per thread: 999992 punti
  Run 1/3...
    ✓ Tempo: 0.262791
  Run 2/3...
    ✓ Tempo: 0.262935
  Run 3/3...
    ✓ Tempo: 0.262808
  ✓ Tempo medio: 0.262845 s (3 run validi)
[27/128] Testing 27 threads, size: 5196x5196
  Carico totale: 26998416 punti
  Carico per thread: 999941 punti
  Run 1/3...
    ✓ Tempo: 0.262843
  Run 2/3...
    ✓ Tempo: 0.262338
  Run 3/3...
    ✓ Tempo: 0.262831
  ✓ Tempo medio: 0.262671 s (3 run validi)
[28/128] Testing 28 threads, size: 5291x5291
  Carico totale: 27994681 punti
  Carico per thread: 999810 punti
  Run 1/3...
    ✓ Tempo: 0.263088
  Run 2/3...
    ✓ Tempo: 0.263177
  Run 3/3...
    ✓ Tempo: 0.263284
  ✓ Tempo medio: 0.263183 s (3 run validi)
[29/128] Testing 29 threads, size: 5385x5385
  Carico totale: 28998225 punti
  Carico per thread: 999938 punti
  Run 1/3...
    ✓ Tempo: 0.267134
  Run 2/3...
    ✓ Tempo: 0.266887
  Run 3/3...
    ✓ Tempo: 0.267204
  ✓ Tempo medio: 0.267075 s (3 run validi)
[30/128] Testing 30 threads, size: 5477x5477
  Carico totale: 29997529 punti
  Carico per thread: 999917 punti
  Run 1/3...
    ✓ Tempo: 0.268993
  Run 2/3...
    ✓ Tempo: 0.269166
  Run 3/3...
    ✓ Tempo: 0.269288
  ✓ Tempo medio: 0.269149 s (3 run validi)
[31/128] Testing 31 threads, size: 5567x5567
  Carico totale: 30991489 punti
  Carico per thread: 999725 punti
  Run 1/3...
    ✓ Tempo: 0.267590
  Run 2/3...
    ✓ Tempo: 0.267922
  Run 3/3...
    ✓ Tempo: 0.267423
  ✓ Tempo medio: 0.267645 s (3 run validi)
[32/128] Testing 32 threads, size: 5656x5656
  Carico totale: 31990336 punti
  Carico per thread: 999698 punti
  Run 1/3...
    ✓ Tempo: 0.266057
  Run 2/3...
    ✓ Tempo: 0.267056
  Run 3/3...
    ✓ Tempo: 0.266009
  ✓ Tempo medio: 0.266374 s (3 run validi)
[33/128] Testing 33 threads, size: 5744x5744
  Carico totale: 32993536 punti
  Carico per thread: 999804 punti
  Run 1/3...
    ✓ Tempo: 0.257569
  Run 2/3...
    ✓ Tempo: 0.257686
  Run 3/3...
    ✓ Tempo: 0.257607
  ✓ Tempo medio: 0.257621 s (3 run validi)
[34/128] Testing 34 threads, size: 5830x5830
  Carico totale: 33988900 punti
  Carico per thread: 999673 punti
  Run 1/3...
    ✓ Tempo: 0.256837
  Run 2/3...
    ✓ Tempo: 0.256880
  Run 3/3...
    ✓ Tempo: 0.257078
  ✓ Tempo medio: 0.256932 s (3 run validi)
[35/128] Testing 35 threads, size: 5916x5916
  Carico totale: 34999056 punti
  Carico per thread: 999973 punti
  Run 1/3...
    ✓ Tempo: 0.255856
  Run 2/3...
    ✓ Tempo: 0.256014
  Run 3/3...
    ✓ Tempo: 0.255912
  ✓ Tempo medio: 0.255927 s (3 run validi)
[36/128] Testing 36 threads, size: 6000x6000
  Carico totale: 36000000 punti
  Carico per thread: 1000000 punti
  Run 1/3...
    ✓ Tempo: 0.257799
  Run 2/3...
    ✓ Tempo: 0.257187
  Run 3/3...
    ✓ Tempo: 0.257488
  ✓ Tempo medio: 0.257491 s (3 run validi)
[37/128] Testing 37 threads, size: 6082x6082
  Carico totale: 36990724 punti
  Carico per thread: 999749 punti
  Run 1/3...
    ✓ Tempo: 0.257629
  Run 2/3...
    ✓ Tempo: 0.258056
  Run 3/3...
    ✓ Tempo: 0.258190
  ✓ Tempo medio: 0.257958 s (3 run validi)
[38/128] Testing 38 threads, size: 6164x6164
  Carico totale: 37994896 punti
  Carico per thread: 999865 punti
  Run 1/3...
    ✓ Tempo: 0.257334
  Run 2/3...
    ✓ Tempo: 0.256805
  Run 3/3...
    ✓ Tempo: 0.257573
  ✓ Tempo medio: 0.257237 s (3 run validi)
[39/128] Testing 39 threads, size: 6244x6244
  Carico totale: 38987536 punti
  Carico per thread: 999680 punti
  Run 1/3...
    ✓ Tempo: 0.256320
  Run 2/3...
    ✓ Tempo: 0.256315
  Run 3/3...
    ✓ Tempo: 0.256163
  ✓ Tempo medio: 0.256266 s (3 run validi)
[40/128] Testing 40 threads, size: 6324x6324
  Carico totale: 39992976 punti
  Carico per thread: 999824 punti
  Run 1/3...
    ✓ Tempo: 0.257882
  Run 2/3...
    ✓ Tempo: 0.257409
  Run 3/3...
    ✓ Tempo: 0.257874
  ✓ Tempo medio: 0.257722 s (3 run validi)
[41/128] Testing 41 threads, size: 6403x6403
  Carico totale: 40998409 punti
  Carico per thread: 999961 punti
  Run 1/3...
    ✓ Tempo: 0.258294
  Run 2/3...
    ✓ Tempo: 0.258344
  Run 3/3...
    ✓ Tempo: 0.258665
  ✓ Tempo medio: 0.258434 s (3 run validi)
[42/128] Testing 42 threads, size: 6480x6480
  Carico totale: 41990400 punti
  Carico per thread: 999771 punti
  Run 1/3...
    ✓ Tempo: 0.257560
  Run 2/3...
    ✓ Tempo: 0.257101
  Run 3/3...
    ✓ Tempo: 0.257498
  ✓ Tempo medio: 0.257386 s (3 run validi)
[43/128] Testing 43 threads, size: 6557x6557
  Carico totale: 42994249 punti
  Carico per thread: 999866 punti
  Run 1/3...
    ✓ Tempo: 0.256925
  Run 2/3...
    ✓ Tempo: 0.256057
  Run 3/3...
    ✓ Tempo: 0.256713
  ✓ Tempo medio: 0.256565 s (3 run validi)
[44/128] Testing 44 threads, size: 6633x6633
  Carico totale: 43996689 punti
  Carico per thread: 999924 punti
  Run 1/3...
    ✓ Tempo: 0.257073
  Run 2/3...
    ✓ Tempo: 0.257109
  Run 3/3...
    ✓ Tempo: 0.256787
  ✓ Tempo medio: 0.256990 s (3 run validi)
[45/128] Testing 45 threads, size: 6708x6708
  Carico totale: 44997264 punti
  Carico per thread: 999939 punti
  Run 1/3...
    ✓ Tempo: 0.258014
  Run 2/3...
    ✓ Tempo: 0.257566
  Run 3/3...
    ✓ Tempo: 0.258271
  ✓ Tempo medio: 0.257950 s (3 run validi)
[46/128] Testing 46 threads, size: 6782x6782
  Carico totale: 45995524 punti
  Carico per thread: 999902 punti
  Run 1/3...
    ✓ Tempo: 0.258444
  Run 2/3...
    ✓ Tempo: 0.257430
  Run 3/3...
    ✓ Tempo: 0.258061
  ✓ Tempo medio: 0.257978 s (3 run validi)
[47/128] Testing 47 threads, size: 6855x6855
  Carico totale: 46991025 punti
  Carico per thread: 999809 punti
  Run 1/3...
    ✓ Tempo: 0.257548
  Run 2/3...
    ✓ Tempo: 0.257825
  Run 3/3...
    ✓ Tempo: 0.257353
  ✓ Tempo medio: 0.257575 s (3 run validi)
[48/128] Testing 48 threads, size: 6928x6928
  Carico totale: 47997184 punti
  Carico per thread: 999941 punti
  Run 1/3...
    ✓ Tempo: 0.257012
  Run 2/3...
    ✓ Tempo: 0.257068
  Run 3/3...
    ✓ Tempo: 0.256601
  ✓ Tempo medio: 0.256894 s (3 run validi)
[49/128] Testing 49 threads, size: 7000x7000
  Carico totale: 49000000 punti
  Carico per thread: 1000000 punti
  Run 1/3...
    ✓ Tempo: 0.256416
  Run 2/3...
    ✓ Tempo: 0.256795
  Run 3/3...
    ✓ Tempo: 0.256338
  ✓ Tempo medio: 0.256516 s (3 run validi)
[50/128] Testing 50 threads, size: 7071x7071
  Carico totale: 49999041 punti
  Carico per thread: 999980 punti
  Run 1/3...
    ✓ Tempo: 0.258468
  Run 2/3...
    ✓ Tempo: 0.257709
  Run 3/3...
    ✓ Tempo: 0.258197
  ✓ Tempo medio: 0.258125 s (3 run validi)
[51/128] Testing 51 threads, size: 7141x7141
  Carico totale: 50993881 punti
  Carico per thread: 999880 punti
  Run 1/3...
    ✓ Tempo: 0.258880
  Run 2/3...
    ✓ Tempo: 0.258569
  Run 3/3...
    ✓ Tempo: 0.258758
  ✓ Tempo medio: 0.258736 s (3 run validi)
[52/128] Testing 52 threads, size: 7211x7211
  Carico totale: 51998521 punti
  Carico per thread: 999971 punti
  Run 1/3...
    ✓ Tempo: 0.257510
  Run 2/3...
    ✓ Tempo: 0.258079
  Run 3/3...
    ✓ Tempo: 0.257936
  ✓ Tempo medio: 0.257842 s (3 run validi)
[53/128] Testing 53 threads, size: 7280x7280
  Carico totale: 52998400 punti
  Carico per thread: 999969 punti
  Run 1/3...
    ✓ Tempo: 0.257299
  Run 2/3...
    ✓ Tempo: 0.257333
  Run 3/3...
    ✓ Tempo: 0.257277
  ✓ Tempo medio: 0.257303 s (3 run validi)
[54/128] Testing 54 threads, size: 7348x7348
  Carico totale: 53993104 punti
  Carico per thread: 999872 punti
  Run 1/3...
    ✓ Tempo: 0.256655
  Run 2/3...
    ✓ Tempo: 0.257244
  Run 3/3...
    ✓ Tempo: 0.257058
  ✓ Tempo medio: 0.256986 s (3 run validi)
[55/128] Testing 55 threads, size: 7416x7416
  Carico totale: 54997056 punti
  Carico per thread: 999946 punti
  Run 1/3...
    ✓ Tempo: 0.256831
  Run 2/3...
    ✓ Tempo: 0.257314
  Run 3/3...
    ✓ Tempo: 0.256922
  ✓ Tempo medio: 0.257022 s (3 run validi)
[56/128] Testing 56 threads, size: 7483x7483
  Carico totale: 55995289 punti
  Carico per thread: 999915 punti
  Run 1/3...
    ✓ Tempo: 0.258155
  Run 2/3...
    ✓ Tempo: 0.258261
  Run 3/3...
    ✓ Tempo: 0.257824
  ✓ Tempo medio: 0.258080 s (3 run validi)
[57/128] Testing 57 threads, size: 7549x7549
  Carico totale: 56987401 punti
  Carico per thread: 999778 punti
  Run 1/3...
    ✓ Tempo: 0.258425
  Run 2/3...
    ✓ Tempo: 0.258151
  Run 3/3...
    ✓ Tempo: 0.258909
  ✓ Tempo medio: 0.258495 s (3 run validi)
[58/128] Testing 58 threads, size: 7615x7615
  Carico totale: 57988225 punti
  Carico per thread: 999796 punti
  Run 1/3...
    ✓ Tempo: 0.258880
  Run 2/3...
    ✓ Tempo: 0.258833
  Run 3/3...
    ✓ Tempo: 0.258248
  ✓ Tempo medio: 0.258654 s (3 run validi)
[59/128] Testing 59 threads, size: 7681x7681
  Carico totale: 58997761 punti
  Carico per thread: 999962 punti
  Run 1/3...
    ✓ Tempo: 0.257952
  Run 2/3...
    ✓ Tempo: 0.257905
  Run 3/3...
    ✓ Tempo: 0.258256
  ✓ Tempo medio: 0.258038 s (3 run validi)
[60/128] Testing 60 threads, size: 7745x7745
  Carico totale: 59985025 punti
  Carico per thread: 999750 punti
  Run 1/3...
    ✓ Tempo: 0.257788
  Run 2/3...
    ✓ Tempo: 0.257268
  Run 3/3...
    ✓ Tempo: 0.257929
  ✓ Tempo medio: 0.257662 s (3 run validi)
[61/128] Testing 61 threads, size: 7810x7810
  Carico totale: 60996100 punti
  Carico per thread: 999936 punti
  Run 1/3...
    ✓ Tempo: 0.257211
  Run 2/3...
    ✓ Tempo: 0.257181
  Run 3/3...
    ✓ Tempo: 0.257613
  ✓ Tempo medio: 0.257335 s (3 run validi)
[62/128] Testing 62 threads, size: 7874x7874
  Carico totale: 61999876 punti
  Carico per thread: 999998 punti
  Run 1/3...
    ✓ Tempo: 0.257371
  Run 2/3...
    ✓ Tempo: 0.257138
  Run 3/3...
    ✓ Tempo: 0.256924
  ✓ Tempo medio: 0.257144 s (3 run validi)
[63/128] Testing 63 threads, size: 7937x7937
  Carico totale: 62995969 punti
  Carico per thread: 999936 punti
  Run 1/3...
    ✓ Tempo: 0.257931
  Run 2/3...
    ✓ Tempo: 0.258350
  Run 3/3...
    ✓ Tempo: 0.257850
  ✓ Tempo medio: 0.258044 s (3 run validi)
[64/128] Testing 64 threads, size: 8000x8000
  Carico totale: 64000000 punti
  Carico per thread: 1000000 punti
  Run 1/3...
    ✓ Tempo: 0.352535
  Run 2/3...
    ✓ Tempo: 0.351718
  Run 3/3...
    ✓ Tempo: 0.352323
  ✓ Tempo medio: 0.352192 s (3 run validi)
[65/128] Testing 65 threads, size: 8062x8062
  Carico totale: 64995844 punti
  Carico per thread: 999936 punti
  Run 1/3...
    ✓ Tempo: 0.352253
  Run 2/3...
    ✓ Tempo: 0.352010
  Run 3/3...
    ✓ Tempo: 0.352462
  ✓ Tempo medio: 0.352242 s (3 run validi)
[66/128] Testing 66 threads, size: 8124x8124
  Carico totale: 65999376 punti
  Carico per thread: 999990 punti
  Run 1/3...
    ✓ Tempo: 0.351363
  Run 2/3...
    ✓ Tempo: 0.351718
  Run 3/3...
    ✓ Tempo: 0.352085
  ✓ Tempo medio: 0.351722 s (3 run validi)
[67/128] Testing 67 threads, size: 8185x8185
  Carico totale: 66994225 punti
  Carico per thread: 999913 punti
  Run 1/3...
    ✓ Tempo: 0.352459
  Run 2/3...
    ✓ Tempo: 0.352637
  Run 3/3...
    ✓ Tempo: 0.351996
  ✓ Tempo medio: 0.352364 s (3 run validi)
[68/128] Testing 68 threads, size: 8246x8246
  Carico totale: 67996516 punti
  Carico per thread: 999948 punti
  Run 1/3...
    ✓ Tempo: 0.349859
  Run 2/3...
    ✓ Tempo: 0.349772
  Run 3/3...
    ✓ Tempo: 0.350724
  ✓ Tempo medio: 0.350118 s (3 run validi)
[69/128] Testing 69 threads, size: 8306x8306
  Carico totale: 68989636 punti
  Carico per thread: 999849 punti
  Run 1/3...
    ✓ Tempo: 0.351567
  Run 2/3...
    ✓ Tempo: 0.351303
  Run 3/3...
    ✓ Tempo: 0.351791
  ✓ Tempo medio: 0.351554 s (3 run validi)
[70/128] Testing 70 threads, size: 8366x8366
  Carico totale: 69989956 punti
  Carico per thread: 999856 punti
  Run 1/3...
    ✓ Tempo: 0.351728
  Run 2/3...
    ✓ Tempo: 0.351555
  Run 3/3...
    ✓ Tempo: 0.351518
  ✓ Tempo medio: 0.351600 s (3 run validi)
[71/128] Testing 71 threads, size: 8426x8426
  Carico totale: 70997476 punti
  Carico per thread: 999964 punti
  Run 1/3...
    ✓ Tempo: 0.355719
  Run 2/3...
    ✓ Tempo: 0.355488
  Run 3/3...
    ✓ Tempo: 0.355758
  ✓ Tempo medio: 0.355655 s (3 run validi)
[72/128] Testing 72 threads, size: 8485x8485
  Carico totale: 71995225 punti
  Carico per thread: 999933 punti
  Run 1/3...
    ✓ Tempo: 0.354923
  Run 2/3...
    ✓ Tempo: 0.354976
  Run 3/3...
    ✓ Tempo: 0.355214
  ✓ Tempo medio: 0.355038 s (3 run validi)
[73/128] Testing 73 threads, size: 8544x8544
  Carico totale: 72999936 punti
  Carico per thread: 999999 punti
  Run 1/3...
    ✓ Tempo: 0.354078
  Run 2/3...
    ✓ Tempo: 0.354281
  Run 3/3...
    ✓ Tempo: 0.354791
  ✓ Tempo medio: 0.354383 s (3 run validi)
[74/128] Testing 74 threads, size: 8602x8602
  Carico totale: 73994404 punti
  Carico per thread: 999924 punti
  Run 1/3...
    ✓ Tempo: 0.354446
  Run 2/3...
    ✓ Tempo: 0.354145
  Run 3/3...
    ✓ Tempo: 0.354402
  ✓ Tempo medio: 0.354331 s (3 run validi)
[75/128] Testing 75 threads, size: 8660x8660
  Carico totale: 74995600 punti
  Carico per thread: 999941 punti
  Run 1/3...
    ✓ Tempo: 0.352057
  Run 2/3...
    ✓ Tempo: 0.352052
  Run 3/3...
    ✓ Tempo: 0.351298
  ✓ Tempo medio: 0.351802 s (3 run validi)
[76/128] Testing 76 threads, size: 8717x8717
  Carico totale: 75986089 punti
  Carico per thread: 999816 punti
  Run 1/3...
    ✓ Tempo: 0.353060
  Run 2/3...
    ✓ Tempo: 0.353080
  Run 3/3...
    ✓ Tempo: 0.352496
  ✓ Tempo medio: 0.352879 s (3 run validi)
[77/128] Testing 77 threads, size: 8774x8774
  Carico totale: 76983076 punti
  Carico per thread: 999780 punti
  Run 1/3...
    ✓ Tempo: 0.352488
  Run 2/3...
    ✓ Tempo: 0.352124
  Run 3/3...
    ✓ Tempo: 0.352075
  ✓ Tempo medio: 0.352229 s (3 run validi)
[78/128] Testing 78 threads, size: 8831x8831
  Carico totale: 77986561 punti
  Carico per thread: 999827 punti
  Run 1/3...
    ✓ Tempo: 0.352850
  Run 2/3...
    ✓ Tempo: 0.352499
  Run 3/3...
    ✓ Tempo: 0.352705
  ✓ Tempo medio: 0.352685 s (3 run validi)
[79/128] Testing 79 threads, size: 8888x8888
  Carico totale: 78996544 punti
  Carico per thread: 999956 punti
  Run 1/3...
    ✓ Tempo: 0.356545
  Run 2/3...
    ✓ Tempo: 0.356007
  Run 3/3...
    ✓ Tempo: 0.356489
  ✓ Tempo medio: 0.356347 s (3 run validi)
[80/128] Testing 80 threads, size: 8944x8944
  Carico totale: 79995136 punti
  Carico per thread: 999939 punti
  Run 1/3...
    ✓ Tempo: 0.355404
  Run 2/3...
    ✓ Tempo: 0.354473
  Run 3/3...
    ✓ Tempo: 0.353858
  ✓ Tempo medio: 0.354578 s (3 run validi)
[81/128] Testing 81 threads, size: 9000x9000
  Carico totale: 81000000 punti
  Carico per thread: 1000000 punti
  Run 1/3...
    ✓ Tempo: 0.354321
  Run 2/3...
    ✓ Tempo: 0.354806
  Run 3/3...
    ✓ Tempo: 0.354112
  ✓ Tempo medio: 0.354413 s (3 run validi)
[82/128] Testing 82 threads, size: 9055x9055
  Carico totale: 81993025 punti
  Carico per thread: 999914 punti
  Run 1/3...
    ✓ Tempo: 0.352663
  Run 2/3...
    ✓ Tempo: 0.353022
  Run 3/3...
    ✓ Tempo: 0.386137
  ✓ Tempo medio: 0.363941 s (3 run validi)
[83/128] Testing 83 threads, size: 9110x9110
  Carico totale: 82992100 punti
  Carico per thread: 999904 punti
  Run 1/3...
    ✓ Tempo: 0.352582
  Run 2/3...
    ✓ Tempo: 0.352654
  Run 3/3...
    ✓ Tempo: 0.352776
  ✓ Tempo medio: 0.352671 s (3 run validi)
[84/128] Testing 84 threads, size: 9165x9165
  Carico totale: 83997225 punti
  Carico per thread: 999966 punti
  Run 1/3...
    ✓ Tempo: 0.356481
  Run 2/3...
    ✓ Tempo: 0.355708
  Run 3/3...
    ✓ Tempo: 0.355893
  ✓ Tempo medio: 0.356027 s (3 run validi)
[85/128] Testing 85 threads, size: 9219x9219
  Carico totale: 84989961 punti
  Carico per thread: 999881 punti
  Run 1/3...
    ✓ Tempo: 0.355223
  Run 2/3...
    ✓ Tempo: 0.355605
  Run 3/3...
    ✓ Tempo: 0.356040
  ✓ Tempo medio: 0.355623 s (3 run validi)
[86/128] Testing 86 threads, size: 9273x9273
  Carico totale: 85988529 punti
  Carico per thread: 999866 punti
  Run 1/3...
    ✓ Tempo: 0.354687
  Run 2/3...
    ✓ Tempo: 0.355143
  Run 3/3...
    ✓ Tempo: 0.354212
  ✓ Tempo medio: 0.354681 s (3 run validi)
[87/128] Testing 87 threads, size: 9327x9327
  Carico totale: 86992929 punti
  Carico per thread: 999918 punti
  Run 1/3...
    ✓ Tempo: 0.353302
  Run 2/3...
    ✓ Tempo: 0.353043
  Run 3/3...
    ✓ Tempo: 0.352380
  ✓ Tempo medio: 0.352908 s (3 run validi)
[88/128] Testing 88 threads, size: 9380x9380
  Carico totale: 87984400 punti
  Carico per thread: 999822 punti
  Run 1/3...
    ✓ Tempo: 0.351269
  Run 2/3...
    ✓ Tempo: 0.351154
  Run 3/3...
    ✓ Tempo: 0.351327
  ✓ Tempo medio: 0.351250 s (3 run validi)
[89/128] Testing 89 threads, size: 9433x9433
  Carico totale: 88981489 punti
  Carico per thread: 999792 punti
  Run 1/3...
    ✓ Tempo: 0.356093
  Run 2/3...
    ✓ Tempo: 0.355330
  Run 3/3...
    ✓ Tempo: 0.355059
  ✓ Tempo medio: 0.355494 s (3 run validi)
[90/128] Testing 90 threads, size: 9486x9486
  Carico totale: 89984196 punti
  Carico per thread: 999824 punti
  Run 1/3...
    ✓ Tempo: 0.355009
  Run 2/3...
    ✓ Tempo: 0.355135
  Run 3/3...
    ✓ Tempo: 0.354610
  ✓ Tempo medio: 0.354918 s (3 run validi)
[91/128] Testing 91 threads, size: 9539x9539
  Carico totale: 90992521 punti
  Carico per thread: 999917 punti
  Run 1/3...
    ✓ Tempo: 0.352607
  Run 2/3...
    ✓ Tempo: 0.352203
  Run 3/3...
    ✓ Tempo: 0.353015
  ✓ Tempo medio: 0.352608 s (3 run validi)
[92/128] Testing 92 threads, size: 9591x9591
  Carico totale: 91987281 punti
  Carico per thread: 999861 punti
  Run 1/3...
    ✓ Tempo: 0.353569
  Run 2/3...
    ✓ Tempo: 0.353016
  Run 3/3...
    ✓ Tempo: 0.353239
  ✓ Tempo medio: 0.353275 s (3 run validi)
[93/128] Testing 93 threads, size: 9643x9643
  Carico totale: 92987449 punti
  Carico per thread: 999865 punti
  Run 1/3...
    ✓ Tempo: 0.355944
  Run 2/3...
    ✓ Tempo: 0.356609
  Run 3/3...
    ✓ Tempo: 0.356325
  ✓ Tempo medio: 0.356293 s (3 run validi)
[94/128] Testing 94 threads, size: 9695x9695
  Carico totale: 93993025 punti
  Carico per thread: 999925 punti
  Run 1/3...
    ✓ Tempo: 0.354317
  Run 2/3...
    ✓ Tempo: 0.354387
  Run 3/3...
    ✓ Tempo: 0.354346
  ✓ Tempo medio: 0.354350 s (3 run validi)
[95/128] Testing 95 threads, size: 9746x9746
  Carico totale: 94984516 punti
  Carico per thread: 999837 punti
  Run 1/3...
    ✓ Tempo: 0.353599
  Run 2/3...
    ✓ Tempo: 0.353927
  Run 3/3...
    ✓ Tempo: 0.353644
  ✓ Tempo medio: 0.353723 s (3 run validi)
[96/128] Testing 96 threads, size: 9797x9797
  Carico totale: 95981209 punti
  Carico per thread: 999804 punti
  Run 1/3...
    ✓ Tempo: 0.356140
  Run 2/3...
    ✓ Tempo: 0.355869
  Run 3/3...
    ✓ Tempo: 0.355746
  ✓ Tempo medio: 0.355918 s (3 run validi)
[97/128] Testing 97 threads, size: 9848x9848
  Carico totale: 96983104 punti
  Carico per thread: 999825 punti
  Run 1/3...
    ✓ Tempo: 0.355856
  Run 2/3...
    ✓ Tempo: 0.355761
  Run 3/3...
    ✓ Tempo: 0.356108
  ✓ Tempo medio: 0.355908 s (3 run validi)
[98/128] Testing 98 threads, size: 9899x9899
  Carico totale: 97990201 punti
  Carico per thread: 999900 punti
  Run 1/3...
    ✓ Tempo: 0.353756
  Run 2/3...
    ✓ Tempo: 0.353606
  Run 3/3...
    ✓ Tempo: 0.354201
  ✓ Tempo medio: 0.353854 s (3 run validi)
[99/128] Testing 99 threads, size: 9949x9949
  Carico totale: 98982601 punti
  Carico per thread: 999824 punti
  Run 1/3...
    ✓ Tempo: 0.353931
  Run 2/3...
    ✓ Tempo: 0.354435
  Run 3/3...
    ✓ Tempo: 0.353702
  ✓ Tempo medio: 0.354023 s (3 run validi)
[100/128] Testing 100 threads, size: 10000x10000
  Carico totale: 100000000 punti
  Carico per thread: 1000000 punti
  Run 1/3...
    ✓ Tempo: 0.356911
  Run 2/3...
    ✓ Tempo: 0.357307
  Run 3/3...
    ✓ Tempo: 0.357492
  ✓ Tempo medio: 0.357237 s (3 run validi)
[101/128] Testing 101 threads, size: 10049x10049
  Carico totale: 100982401 punti
  Carico per thread: 999825 punti
  Run 1/3...
    ✓ Tempo: 0.355381
  Run 2/3...
    ✓ Tempo: 0.355316
  Run 3/3...
    ✓ Tempo: 0.354953
  ✓ Tempo medio: 0.355217 s (3 run validi)
[102/128] Testing 102 threads, size: 10099x10099
  Carico totale: 101989801 punti
  Carico per thread: 999900 punti
  Run 1/3...
    ✓ Tempo: 0.353799
  Run 2/3...
    ✓ Tempo: 0.353490
  Run 3/3...
    ✓ Tempo: 0.354013
  ✓ Tempo medio: 0.353767 s (3 run validi)
[103/128] Testing 103 threads, size: 10148x10148
  Carico totale: 102981904 punti
  Carico per thread: 999824 punti
  Run 1/3...
    ✓ Tempo: 0.356680
  Run 2/3...
    ✓ Tempo: 0.356597
  Run 3/3...
    ✓ Tempo: 0.356374
  ✓ Tempo medio: 0.356550 s (3 run validi)
[104/128] Testing 104 threads, size: 10198x10198
  Carico totale: 103999204 punti
  Carico per thread: 999992 punti
  Run 1/3...
    ✓ Tempo: 0.356536
  Run 2/3...
    ✓ Tempo: 0.356287
  Run 3/3...
    ✓ Tempo: 0.356245
  ✓ Tempo medio: 0.356356 s (3 run validi)
[105/128] Testing 105 threads, size: 10246x10246
  Carico totale: 104980516 punti
  Carico per thread: 999814 punti
  Run 1/3...
    ✓ Tempo: 0.353459
  Run 2/3...
    ✓ Tempo: 0.353787
  Run 3/3...
    ✓ Tempo: 0.353392
  ✓ Tempo medio: 0.353546 s (3 run validi)
[106/128] Testing 106 threads, size: 10295x10295
  Carico totale: 105987025 punti
  Carico per thread: 999877 punti
  Run 1/3...
    ✓ Tempo: 0.354238
  Run 2/3...
    ✓ Tempo: 0.354646
  Run 3/3...
    ✓ Tempo: 0.353963
  ✓ Tempo medio: 0.354282 s (3 run validi)
[107/128] Testing 107 threads, size: 10344x10344
  Carico totale: 106998336 punti
  Carico per thread: 999984 punti
  Run 1/3...
    ✓ Tempo: 0.356535
  Run 2/3...
    ✓ Tempo: 0.356522
  Run 3/3...
    ✓ Tempo: 0.356981
  ✓ Tempo medio: 0.356679 s (3 run validi)
[108/128] Testing 108 threads, size: 10392x10392
  Carico totale: 107993664 punti
  Carico per thread: 999941 punti
  Run 1/3...
    ✓ Tempo: 0.354450
  Run 2/3...
    ✓ Tempo: 0.368855
  Run 3/3...
    ✓ Tempo: 0.354456
  ✓ Tempo medio: 0.359254 s (3 run validi)
[109/128] Testing 109 threads, size: 10440x10440
  Carico totale: 108993600 punti
  Carico per thread: 999941 punti
  Run 1/3...
    ✓ Tempo: 0.353438
  Run 2/3...
    ✓ Tempo: 0.353898
  Run 3/3...
    ✓ Tempo: 0.353525
  ✓ Tempo medio: 0.353620 s (3 run validi)
[110/128] Testing 110 threads, size: 10488x10488
  Carico totale: 109998144 punti
  Carico per thread: 999983 punti
  Run 1/3...
    ✓ Tempo: 0.355160
  Run 2/3...
    ✓ Tempo: 0.354606
  Run 3/3...
    ✓ Tempo: 0.354740
  ✓ Tempo medio: 0.354835 s (3 run validi)
[111/128] Testing 111 threads, size: 10535x10535
  Carico totale: 110986225 punti
  Carico per thread: 999875 punti
  Run 1/3...
    ✓ Tempo: 0.355181
  Run 2/3...
    ✓ Tempo: 0.355357
  Run 3/3...
    ✓ Tempo: 0.355665
  ✓ Tempo medio: 0.355401 s (3 run validi)
[112/128] Testing 112 threads, size: 10583x10583
  Carico totale: 111999889 punti
  Carico per thread: 999999 punti
  Run 1/3...
    ✓ Tempo: 0.358519
  Run 2/3...
    ✓ Tempo: 0.358780
  Run 3/3...
    ✓ Tempo: 0.358060
  ✓ Tempo medio: 0.358453 s (3 run validi)
[113/128] Testing 113 threads, size: 10630x10630
  Carico totale: 112996900 punti
  Carico per thread: 999972 punti
  Run 1/3...
    ✓ Tempo: 0.357311
  Run 2/3...
    ✓ Tempo: 0.358075
  Run 3/3...
    ✓ Tempo: 0.357281
  ✓ Tempo medio: 0.357556 s (3 run validi)
[114/128] Testing 114 threads, size: 10677x10677
  Carico totale: 113998329 punti
  Carico per thread: 999985 punti
  Run 1/3...
    ✓ Tempo: 0.354795
  Run 2/3...
    ✓ Tempo: 0.355258
  Run 3/3...
    ✓ Tempo: 0.354764
  ✓ Tempo medio: 0.354939 s (3 run validi)
[115/128] Testing 115 threads, size: 10723x10723
  Carico totale: 114982729 punti
  Carico per thread: 999849 punti
  Run 1/3...
    ✓ Tempo: 0.356662
  Run 2/3...
    ✓ Tempo: 0.356887
  Run 3/3...
    ✓ Tempo: 0.356902
  ✓ Tempo medio: 0.356817 s (3 run validi)
[116/128] Testing 116 threads, size: 10770x10770
  Carico totale: 115992900 punti
  Carico per thread: 999938 punti
  Run 1/3...
    ✓ Tempo: 0.357767
  Run 2/3...
    ✓ Tempo: 0.357070
  Run 3/3...
    ✓ Tempo: 0.357679
  ✓ Tempo medio: 0.357505 s (3 run validi)
[117/128] Testing 117 threads, size: 10816x10816
  Carico totale: 116985856 punti
  Carico per thread: 999879 punti
  Run 1/3...
    ✓ Tempo: 0.354906
  Run 2/3...
    ✓ Tempo: 0.355527
  Run 3/3...
    ✓ Tempo: 0.354851
  ✓ Tempo medio: 0.355095 s (3 run validi)
[118/128] Testing 118 threads, size: 10862x10862
  Carico totale: 117983044 punti
  Carico per thread: 999856 punti
  Run 1/3...
    ✓ Tempo: 0.354862
  Run 2/3...
    ✓ Tempo: 0.354160
  Run 3/3...
    ✓ Tempo: 0.353369
  ✓ Tempo medio: 0.354130 s (3 run validi)
[119/128] Testing 119 threads, size: 10908x10908
  Carico totale: 118984464 punti
  Carico per thread: 999869 punti
  Run 1/3...
    ✓ Tempo: 0.356445
  Run 2/3...
    ✓ Tempo: 0.356323
  Run 3/3...
    ✓ Tempo: 0.356441
  ✓ Tempo medio: 0.356403 s (3 run validi)
[120/128] Testing 120 threads, size: 10954x10954
  Carico totale: 119990116 punti
  Carico per thread: 999917 punti
  Run 1/3...
    ✓ Tempo: 0.357336
  Run 2/3...
    ✓ Tempo: 0.357345
  Run 3/3...
    ✓ Tempo: 0.357402
  ✓ Tempo medio: 0.357361 s (3 run validi)
[121/128] Testing 121 threads, size: 11000x11000
  Carico totale: 121000000 punti
  Carico per thread: 1000000 punti
  Run 1/3...
    ✓ Tempo: 0.358741
  Run 2/3...
    ✓ Tempo: 0.358868
  Run 3/3...
    ✓ Tempo: 0.359012
  ✓ Tempo medio: 0.358874 s (3 run validi)
[122/128] Testing 122 threads, size: 11045x11045
  Carico totale: 121992025 punti
  Carico per thread: 999934 punti
  Run 1/3...
    ✓ Tempo: 0.356058
  Run 2/3...
    ✓ Tempo: 0.356336
  Run 3/3...
    ✓ Tempo: 0.356625
  ✓ Tempo medio: 0.356340 s (3 run validi)
[123/128] Testing 123 threads, size: 11090x11090
  Carico totale: 122988100 punti
  Carico per thread: 999903 punti
  Run 1/3...
    ✓ Tempo: 0.355301
  Run 2/3...
    ✓ Tempo: 0.354146
  Run 3/3...
    ✓ Tempo: 0.354550
  ✓ Tempo medio: 0.354666 s (3 run validi)
[124/128] Testing 124 threads, size: 11135x11135
  Carico totale: 123988225 punti
  Carico per thread: 999905 punti
  Run 1/3...
    ✓ Tempo: 0.356641
  Run 2/3...
    ✓ Tempo: 0.356863
  Run 3/3...
    ✓ Tempo: 0.356203
  ✓ Tempo medio: 0.356569 s (3 run validi)
[125/128] Testing 125 threads, size: 11180x11180
  Carico totale: 124992400 punti
  Carico per thread: 999939 punti
  Run 1/3...
    ✓ Tempo: 0.356495
  Run 2/3...
    ✓ Tempo: 0.356360
  Run 3/3...
    ✓ Tempo: 0.356256
  ✓ Tempo medio: 0.356370 s (3 run validi)
[126/128] Testing 126 threads, size: 11224x11224
  Carico totale: 125978176 punti
  Carico per thread: 999826 punti
  Run 1/3...
    ✓ Tempo: 0.353775
  Run 2/3...
    ✓ Tempo: 0.353778
  Run 3/3...
    ✓ Tempo: 0.353464
  ✓ Tempo medio: 0.353672 s (3 run validi)
[127/128] Testing 127 threads, size: 11269x11269
  Carico totale: 126990361 punti
  Carico per thread: 999924 punti
  Run 1/3...
    ✓ Tempo: 0.353696
  Run 2/3...
    ✓ Tempo: 0.353670
  Run 3/3...
    ✓ Tempo: 0.353569
  ✓ Tempo medio: 0.353645 s (3 run validi)
[128/128] Testing 128 threads, size: 11313x11313
  Carico totale: 127983969 punti
  Carico per thread: 999874 punti
  Run 1/3...
    ✓ Tempo: 0.355466
  Run 2/3...
    ✓ Tempo: 0.355324
  Run 3/3...
    ✓ Tempo: 0.355235
  ✓ Tempo medio: 0.355342 s (3 run validi)

=== WEAK SCALING COMPLETATO ===
File risultati: results/omp_weak_scaling.csv
Righe generate: 128
Wed Jul 23 10:49:11 PM CEST 2025
