=== MANDELBROT WEAK SCALING ULTRA-OTTIMIZZATO ===
Data: Thu Jul 24 12:56:18 PM CEST 2025
Nodo: epyc006.hpc.rd.areasciencepark.it
CPU disponibili: 128
NUMA nodes: 8

Parametri ottimizzati:
- Dimensione base: 1200x1200
- Max iterazioni: 400
- Thread testati: 128 configurazioni
- Output: results/omp_weak_scaling.csv
- Scaling: Mantenimento carico/thread costante

Inizio weak scaling ottimizzato...
[1/128] Testing 1 threads, size: 1200x1200
  Memoria richiesta: 5 MB
  Work per thread: 1440000 punti
  Run 1/4...
    ✓ Tempo: 0.299797 s
  Run 2/4...
    ✓ Tempo: 0.299773 s
  Run 3/4...
    ✓ Tempo: 0.299677 s
  Run 4/4...
    ✓ Tempo: 0.299993 s
  ✓ Tempo mediano: 0.299785 s (4 run validi)
    Efficienza weak: 100.0%
[2/128] Testing 2 threads, size: 1704x1704
  Memoria richiesta: 11 MB
  Work per thread: 1451808 punti
  Run 1/4...
    ✓ Tempo: 0.325053 s
  Run 2/4...
    ✓ Tempo: 0.324054 s
  Run 3/4...
    ✓ Tempo: 0.324530 s
  Run 4/4...
    ✓ Tempo: 0.294968 s
  ✓ Tempo mediano: 0.324292 s (4 run validi)
    Efficienza weak: 92.4%
[3/128] Testing 3 threads, size: 2080x2080
  Memoria richiesta: 16 MB
  Work per thread: 1442133 punti
  Run 1/4...
    ✓ Tempo: 0.349024 s
  Run 2/4...
    ✓ Tempo: 0.350555 s
  Run 3/4...
    ✓ Tempo: 0.348730 s
  Run 4/4...
    ✓ Tempo: 0.341115 s
  ✓ Tempo mediano: 0.348877 s (4 run validi)
    Efficienza weak: 85.9%
[4/128] Testing 4 threads, size: 2400x2400
  Memoria richiesta: 21 MB
  Work per thread: 1440000 punti
  Run 1/4...
    ✓ Tempo: 0.370744 s
  Run 2/4...
    ✓ Tempo: 0.366867 s
  Run 3/4...
    ✓ Tempo: 0.341289 s
  Run 4/4...
    ✓ Tempo: 0.371527 s
  ✓ Tempo mediano: 0.368806 s (4 run validi)
    Efficienza weak: 81.3%
[5/128] Testing 5 threads, size: 2688x2688
  Memoria richiesta: 27 MB
  Work per thread: 1445068 punti
  Run 1/4...
    ✓ Tempo: 0.389954 s
  Run 2/4...
    ✓ Tempo: 0.385261 s
  Run 3/4...
    ✓ Tempo: 0.390908 s
  Run 4/4...
    ✓ Tempo: 0.389293 s
  ✓ Tempo mediano: 0.389624 s (4 run validi)
    Efficienza weak: 76.9%
[6/128] Testing 6 threads, size: 2944x2944
  Memoria richiesta: 33 MB
  Work per thread: 1444522 punti
  Run 1/4...
    ✓ Tempo: 0.399349 s
  Run 2/4...
    ✓ Tempo: 0.397725 s
  Run 3/4...
    ✓ Tempo: 0.401114 s
  Run 4/4...
    ✓ Tempo: 0.401004 s
  ✓ Tempo mediano: 0.400177 s (4 run validi)
    Efficienza weak: 74.9%
[7/128] Testing 7 threads, size: 3176x3176
  Memoria richiesta: 38 MB
  Work per thread: 1440996 punti
  Run 1/4...
    ✓ Tempo: 0.401062 s
  Run 2/4...
    ✓ Tempo: 0.397519 s
  Run 3/4...
    ✓ Tempo: 0.405931 s
  Run 4/4...
    ✓ Tempo: 0.397526 s
  ✓ Tempo mediano: 0.399294 s (4 run validi)
    Efficienza weak: 75.1%
[8/128] Testing 8 threads, size: 3400x3400
  Memoria richiesta: 44 MB
  Work per thread: 1445000 punti
  Run 1/4...
    ✓ Tempo: 0.402968 s
  Run 2/4...
    ✓ Tempo: 0.408697 s
  Run 3/4...
    ✓ Tempo: 0.411543 s
  Run 4/4...
    ✓ Tempo: 0.409538 s
  ✓ Tempo mediano: 0.409118 s (4 run validi)
    Efficienza weak: 73.3%
[9/128] Testing 9 threads, size: 3600x3600
  Memoria richiesta: 49 MB
  Work per thread: 1440000 punti
  Run 1/4...
    ✓ Tempo: 0.332597 s
  Run 2/4...
    ✓ Tempo: 0.338761 s
  Run 3/4...
    ✓ Tempo: 0.334452 s
  Run 4/4...
    ✓ Tempo: 0.330362 s
  ✓ Tempo mediano: 0.333525 s (4 run validi)
    Efficienza weak: 89.9%
[10/128] Testing 10 threads, size: 3800x3800
  Memoria richiesta: 55 MB
  Work per thread: 1444000 punti
  Run 1/4...
    ✓ Tempo: 0.336280 s
  Run 2/4...
    ✓ Tempo: 0.334171 s
  Run 3/4...
    ✓ Tempo: 0.336643 s
  Run 4/4...
    ✓ Tempo: 0.333962 s
  ✓ Tempo mediano: 0.335226 s (4 run validi)
    Efficienza weak: 89.4%
[11/128] Testing 11 threads, size: 3984x3984
  Memoria richiesta: 60 MB
  Work per thread: 1442932 punti
  Run 1/4...
    ✓ Tempo: 0.334489 s
  Run 2/4...
    ✓ Tempo: 0.337268 s
  Run 3/4...
    ✓ Tempo: 0.332978 s
  Run 4/4...
    ✓ Tempo: 0.335309 s
  ✓ Tempo mediano: 0.334899 s (4 run validi)
    Efficienza weak: 89.5%
[12/128] Testing 12 threads, size: 4160x4160
  Memoria richiesta: 66 MB
  Work per thread: 1442133 punti
  Run 1/4...
    ✓ Tempo: 0.335011 s
  Run 2/4...
    ✓ Tempo: 0.334356 s
  Run 3/4...
    ✓ Tempo: 0.337904 s
  Run 4/4...
    ✓ Tempo: 0.337626 s
  ✓ Tempo mediano: 0.336318 s (4 run validi)
    Efficienza weak: 89.1%
[13/128] Testing 13 threads, size: 4328x4328
  Memoria richiesta: 71 MB
  Work per thread: 1440891 punti
  Run 1/4...
    ✓ Tempo: 0.339167 s
  Run 2/4...
    ✓ Tempo: 0.336331 s
  Run 3/4...
    ✓ Tempo: 0.341696 s
  Run 4/4...
    ✓ Tempo: 0.337424 s
  ✓ Tempo mediano: 0.338295 s (4 run validi)
    Efficienza weak: 88.6%
[14/128] Testing 14 threads, size: 4496x4496
  Memoria richiesta: 77 MB
  Work per thread: 1443858 punti
  Run 1/4...
    ✓ Tempo: 0.337154 s
  Run 2/4...
    ✓ Tempo: 0.335151 s
  Run 3/4...
    ✓ Tempo: 0.337624 s
  Run 4/4...
    ✓ Tempo: 0.340719 s
  ✓ Tempo mediano: 0.337389 s (4 run validi)
    Efficienza weak: 88.9%
[15/128] Testing 15 threads, size: 4648x4648
  Memoria richiesta: 82 MB
  Work per thread: 1440260 punti
  Run 1/4...
    ✓ Tempo: 0.337514 s
  Run 2/4...
    ✓ Tempo: 0.339615 s
  Run 3/4...
    ✓ Tempo: 0.339191 s
  Run 4/4...
    ✓ Tempo: 0.339737 s
  ✓ Tempo mediano: 0.339403 s (4 run validi)
    Efficienza weak: 88.3%
[16/128] Testing 16 threads, size: 4800x4800
  Memoria richiesta: 87 MB
  Work per thread: 1440000 punti
  Run 1/4...
    ✓ Tempo: 0.337277 s
  Run 2/4...
    ✓ Tempo: 0.334702 s
  Run 3/4...
    ✓ Tempo: 0.339646 s
  Run 4/4...
    ✓ Tempo: 0.336189 s
  ✓ Tempo mediano: 0.336733 s (4 run validi)
    Efficienza weak: 89.0%
[17/128] Testing 17 threads, size: 1264x1264
  Memoria richiesta: 6 MB
  Work per thread: 93982 punti
  Run 1/4...
    ✓ Tempo: 0.039461 s
  Run 2/4...
    ✓ Tempo: 0.042020 s
  Run 3/4...
    ✓ Tempo: 0.040884 s
  Run 4/4...
    ✓ Tempo: 0.040009 s
  ✓ Tempo mediano: 0.040446 s (4 run validi)
    Efficienza weak: 741.2%
[18/128] Testing 18 threads, size: 1320x1320
  Memoria richiesta: 6 MB
  Work per thread: 96800 punti
  Run 1/4...
    ✓ Tempo: 0.040490 s
  Run 2/4...
    ✓ Tempo: 0.041532 s
  Run 3/4...
    ✓ Tempo: 0.044192 s
  Run 4/4...
    ✓ Tempo: 0.043040 s
  ✓ Tempo mediano: 0.042286 s (4 run validi)
    Efficienza weak: 708.9%
[19/128] Testing 19 threads, size: 1368x1368
  Memoria richiesta: 7 MB
  Work per thread: 98496 punti
  Run 1/4...
    ✓ Tempo: 0.042753 s
  Run 2/4...
    ✓ Tempo: 0.043800 s
  Run 3/4...
    ✓ Tempo: 0.044499 s
  Run 4/4...
    ✓ Tempo: 0.042845 s
  ✓ Tempo mediano: 0.043322 s (4 run validi)
    Efficienza weak: 692.0%
[20/128] Testing 20 threads, size: 1416x1416
  Memoria richiesta: 7 MB
  Work per thread: 100252 punti
  Run 1/4...
    ✓ Tempo: 0.043727 s
  Run 2/4...
    ✓ Tempo: 0.042183 s
  Run 3/4...
    ✓ Tempo: 0.042416 s
  Run 4/4...
    ✓ Tempo: 0.042980 s
  ✓ Tempo mediano: 0.042698 s (4 run validi)
    Efficienza weak: 702.1%
[21/128] Testing 21 threads, size: 1464x1464
  Memoria richiesta: 8 MB
  Work per thread: 102061 punti
  Run 1/4...
    ✓ Tempo: 0.042214 s
  Run 2/4...
    ✓ Tempo: 0.047622 s
  Run 3/4...
    ✓ Tempo: 0.043779 s
  Run 4/4...
    ✓ Tempo: 0.043655 s
  ✓ Tempo mediano: 0.043717 s (4 run validi)
    Efficienza weak: 685.7%
[22/128] Testing 22 threads, size: 1512x1512
  Memoria richiesta: 8 MB
  Work per thread: 103915 punti
  Run 1/4...
    ✓ Tempo: 0.044086 s
  Run 2/4...
    ✓ Tempo: 0.046059 s
  Run 3/4...
    ✓ Tempo: 0.044631 s
  Run 4/4...
    ✓ Tempo: 0.047934 s
  ✓ Tempo mediano: 0.045345 s (4 run validi)
    Efficienza weak: 661.1%
[23/128] Testing 23 threads, size: 1552x1552
  Memoria richiesta: 9 MB
  Work per thread: 104726 punti
  Run 1/4...
    ✓ Tempo: 0.050635 s
  Run 2/4...
    ✓ Tempo: 0.045439 s
  Run 3/4...
    ✓ Tempo: 0.045261 s
  Run 4/4...
    ✓ Tempo: 0.044285 s
  ✓ Tempo mediano: 0.045350 s (4 run validi)
    Efficienza weak: 661.0%
[24/128] Testing 24 threads, size: 1592x1592
  Memoria richiesta: 9 MB
  Work per thread: 105602 punti
  Run 1/4...
    ✓ Tempo: 0.044104 s
  Run 2/4...
    ✓ Tempo: 0.046910 s
  Run 3/4...
    ✓ Tempo: 0.045958 s
  Run 4/4...
    ✓ Tempo: 0.045995 s
  ✓ Tempo mediano: 0.045977 s (4 run validi)
    Efficienza weak: 652.0%
[25/128] Testing 25 threads, size: 1632x1632
  Memoria richiesta: 10 MB
  Work per thread: 106536 punti
  Run 1/4...
    ✓ Tempo: 0.044414 s
  Run 2/4...
    ✓ Tempo: 0.047938 s
  Run 3/4...
    ✓ Tempo: 0.045967 s
  Run 4/4...
    ✓ Tempo: 0.046502 s
  ✓ Tempo mediano: 0.046234 s (4 run validi)
    Efficienza weak: 648.4%
[26/128] Testing 26 threads, size: 1672x1672
  Memoria richiesta: 10 MB
  Work per thread: 107522 punti
  Run 1/4...
    ✓ Tempo: 0.047685 s
  Run 2/4...
    ✓ Tempo: 0.047533 s
  Run 3/4...
    ✓ Tempo: 0.046849 s
  Run 4/4...
    ✓ Tempo: 0.046578 s
  ✓ Tempo mediano: 0.047191 s (4 run validi)
    Efficienza weak: 635.3%
[27/128] Testing 27 threads, size: 1704x1704
  Memoria richiesta: 11 MB
  Work per thread: 107541 punti
  Run 1/4...
    ✓ Tempo: 0.046022 s
  Run 2/4...
    ✓ Tempo: 0.046383 s
  Run 3/4...
    ✓ Tempo: 0.048138 s
  Run 4/4...
    ✓ Tempo: 0.047756 s
  ✓ Tempo mediano: 0.047070 s (4 run validi)
    Efficienza weak: 636.9%
[28/128] Testing 28 threads, size: 1744x1744
  Memoria richiesta: 11 MB
  Work per thread: 108626 punti
  Run 1/4...
    ✓ Tempo: 0.046096 s
  Run 2/4...
    ✓ Tempo: 0.047821 s
  Run 3/4...
    ✓ Tempo: 0.048545 s
  Run 4/4...
    ✓ Tempo: 0.048219 s
  ✓ Tempo mediano: 0.048020 s (4 run validi)
    Efficienza weak: 624.3%
[29/128] Testing 29 threads, size: 1776x1776
  Memoria richiesta: 12 MB
  Work per thread: 108764 punti
  Run 1/4...
    ✓ Tempo: 0.048270 s
  Run 2/4...
    ✓ Tempo: 0.047776 s
  Run 3/4...
    ✓ Tempo: 0.048102 s
  Run 4/4...
    ✓ Tempo: 0.048863 s
  ✓ Tempo mediano: 0.048186 s (4 run validi)
    Efficienza weak: 622.1%
[30/128] Testing 30 threads, size: 1808x1808
  Memoria richiesta: 12 MB
  Work per thread: 108962 punti
  Run 1/4...
    ✓ Tempo: 0.047245 s
  Run 2/4...
    ✓ Tempo: 0.048213 s
  Run 3/4...
    ✓ Tempo: 0.048392 s
  Run 4/4...
    ✓ Tempo: 0.048150 s
  ✓ Tempo mediano: 0.048182 s (4 run validi)
    Efficienza weak: 622.2%
[31/128] Testing 31 threads, size: 1840x1840
  Memoria richiesta: 12 MB
  Work per thread: 109212 punti
  Run 1/4...
    ✓ Tempo: 0.047276 s
  Run 2/4...
    ✓ Tempo: 0.046745 s
  Run 3/4...
    ✓ Tempo: 0.045844 s
  Run 4/4...
    ✓ Tempo: 0.046450 s
  ✓ Tempo mediano: 0.046598 s (4 run validi)
    Efficienza weak: 643.3%
[32/128] Testing 32 threads, size: 1872x1872
  Memoria richiesta: 13 MB
  Work per thread: 109512 punti
  Run 1/4...
    ✓ Tempo: 0.048434 s
  Run 2/4...
    ✓ Tempo: 0.046433 s
  Run 3/4...
    ✓ Tempo: 0.047147 s
  Run 4/4...
    ✓ Tempo: 0.048274 s
  ✓ Tempo mediano: 0.047711 s (4 run validi)
    Efficienza weak: 628.3%
[33/128] Testing 33 threads, size: 1896x1896
  Memoria richiesta: 13 MB
  Work per thread: 108933 punti
  Run 1/4...
    ✓ Tempo: 0.045240 s
  Run 2/4...
    ✓ Tempo: 0.045890 s
  Run 3/4...
    ✓ Tempo: 0.046850 s
  Run 4/4...
    ✓ Tempo: 0.045742 s
  ✓ Tempo mediano: 0.045816 s (4 run validi)
    Efficienza weak: 654.3%
[34/128] Testing 34 threads, size: 1928x1928
  Memoria richiesta: 14 MB
  Work per thread: 109328 punti
  Run 1/4...
    ✓ Tempo: 0.046559 s
  Run 2/4...
    ✓ Tempo: 0.046140 s
  Run 3/4...
    ✓ Tempo: 0.046266 s
  Run 4/4...
    ✓ Tempo: 0.046492 s
  ✓ Tempo mediano: 0.046379 s (4 run validi)
    Efficienza weak: 646.4%
[35/128] Testing 35 threads, size: 1952x1952
  Memoria richiesta: 14 MB
  Work per thread: 108865 punti
  Run 1/4...
    ✓ Tempo: 0.044614 s
  Run 2/4...
    ✓ Tempo: 0.046053 s
  Run 3/4...
    ✓ Tempo: 0.045389 s
  Run 4/4...
    ✓ Tempo: 0.045774 s
  ✓ Tempo mediano: 0.045581 s (4 run validi)
    Efficienza weak: 657.7%
[36/128] Testing 36 threads, size: 1984x1984
  Memoria richiesta: 15 MB
  Work per thread: 109340 punti
  Run 1/4...
    ✓ Tempo: 0.044017 s
  Run 2/4...
    ✓ Tempo: 0.047128 s
  Run 3/4...
    ✓ Tempo: 0.046272 s
  Run 4/4...
    ✓ Tempo: 0.046540 s
  ✓ Tempo mediano: 0.046406 s (4 run validi)
    Efficienza weak: 646.0%
[37/128] Testing 37 threads, size: 2008x2008
  Memoria richiesta: 15 MB
  Work per thread: 108974 punti
  Run 1/4...
    ✓ Tempo: 0.045616 s
  Run 2/4...
    ✓ Tempo: 0.046386 s
  Run 3/4...
    ✓ Tempo: 0.046096 s
  Run 4/4...
    ✓ Tempo: 0.046255 s
  ✓ Tempo mediano: 0.046175 s (4 run validi)
    Efficienza weak: 649.2%
[38/128] Testing 38 threads, size: 2032x2032
  Memoria richiesta: 15 MB
  Work per thread: 108658 punti
  Run 1/4...
    ✓ Tempo: 0.046146 s
  Run 2/4...
    ✓ Tempo: 0.046350 s
  Run 3/4...
    ✓ Tempo: 0.046078 s
  Run 4/4...
    ✓ Tempo: 0.045442 s
  ✓ Tempo mediano: 0.046112 s (4 run validi)
    Efficienza weak: 650.1%
[39/128] Testing 39 threads, size: 2056x2056
  Memoria richiesta: 16 MB
  Work per thread: 108388 punti
  Run 1/4...
    ✓ Tempo: 0.045226 s
  Run 2/4...
    ✓ Tempo: 0.045955 s
  Run 3/4...
    ✓ Tempo: 0.045998 s
  Run 4/4...
    ✓ Tempo: 0.046463 s
  ✓ Tempo mediano: 0.045977 s (4 run validi)
    Efficienza weak: 652.0%
[40/128] Testing 40 threads, size: 2080x2080
  Memoria richiesta: 16 MB
  Work per thread: 108160 punti
  Run 1/4...
    ✓ Tempo: 0.044892 s
  Run 2/4...
    ✓ Tempo: 0.045949 s
  Run 3/4...
    ✓ Tempo: 0.046093 s
  Run 4/4...
    ✓ Tempo: 0.046115 s
  ✓ Tempo mediano: 0.046021 s (4 run validi)
    Efficienza weak: 651.4%
[41/128] Testing 41 threads, size: 2104x2104
  Memoria richiesta: 16 MB
  Work per thread: 107971 punti
  Run 1/4...
    ✓ Tempo: 0.045165 s
  Run 2/4...
    ✓ Tempo: 0.046251 s
  Run 3/4...
    ✓ Tempo: 0.046218 s
  Run 4/4...
    ✓ Tempo: 0.046362 s
  ✓ Tempo mediano: 0.046234 s (4 run validi)
    Efficienza weak: 648.4%
[42/128] Testing 42 threads, size: 2128x2128
  Memoria richiesta: 17 MB
  Work per thread: 107818 punti
  Run 1/4...
    ✓ Tempo: 0.045259 s
  Run 2/4...
    ✓ Tempo: 0.044687 s
  Run 3/4...
    ✓ Tempo: 0.046940 s
  Run 4/4...
    ✓ Tempo: 0.046235 s
  ✓ Tempo mediano: 0.045747 s (4 run validi)
    Efficienza weak: 655.3%
[43/128] Testing 43 threads, size: 2152x2152
  Memoria richiesta: 17 MB
  Work per thread: 107700 punti
  Run 1/4...
    ✓ Tempo: 0.045795 s
  Run 2/4...
    ✓ Tempo: 0.045776 s
  Run 3/4...
    ✓ Tempo: 0.045892 s
  Run 4/4...
    ✓ Tempo: 0.045763 s
  ✓ Tempo mediano: 0.045785 s (4 run validi)
    Efficienza weak: 654.8%
[44/128] Testing 44 threads, size: 2176x2176
  Memoria richiesta: 18 MB
  Work per thread: 107613 punti
  Run 1/4...
    ✓ Tempo: 0.045604 s
  Run 2/4...
    ✓ Tempo: 0.047347 s
  Run 3/4...
    ✓ Tempo: 0.046714 s
  Run 4/4...
    ✓ Tempo: 0.046499 s
  ✓ Tempo mediano: 0.046606 s (4 run validi)
    Efficienza weak: 643.2%
[45/128] Testing 45 threads, size: 2192x2192
  Memoria richiesta: 18 MB
  Work per thread: 106774 punti
  Run 1/4...
    ✓ Tempo: 0.046277 s
  Run 2/4...
    ✓ Tempo: 0.046135 s
  Run 3/4...
    ✓ Tempo: 0.046036 s
  Run 4/4...
    ✓ Tempo: 0.046845 s
  ✓ Tempo mediano: 0.046206 s (4 run validi)
    Efficienza weak: 648.8%
[46/128] Testing 46 threads, size: 2216x2216
  Memoria richiesta: 18 MB
  Work per thread: 106753 punti
  Run 1/4...
    ✓ Tempo: 0.046371 s
  Run 2/4...
    ✓ Tempo: 0.046510 s
  Run 3/4...
    ✓ Tempo: 0.045982 s
  Run 4/4...
    ✓ Tempo: 0.046336 s
  ✓ Tempo mediano: 0.046354 s (4 run validi)
    Efficienza weak: 646.7%
[47/128] Testing 47 threads, size: 2240x2240
  Memoria richiesta: 19 MB
  Work per thread: 106757 punti
  Run 1/4...
    ✓ Tempo: 0.046626 s
  Run 2/4...
    ✓ Tempo: 0.046500 s
  Run 3/4...
    ✓ Tempo: 0.046318 s
  Run 4/4...
    ✓ Tempo: 0.046679 s
  ✓ Tempo mediano: 0.046563 s (4 run validi)
    Efficienza weak: 643.8%
[48/128] Testing 48 threads, size: 2256x2256
  Memoria richiesta: 19 MB
  Work per thread: 106032 punti
  Run 1/4...
    ✓ Tempo: 0.045637 s
  Run 2/4...
    ✓ Tempo: 0.046321 s
  Run 3/4...
    ✓ Tempo: 0.046789 s
  Run 4/4...
    ✓ Tempo: 0.046234 s
  ✓ Tempo mediano: 0.046277 s (4 run validi)
    Efficienza weak: 647.8%
[49/128] Testing 49 threads, size: 2280x2280
  Memoria richiesta: 19 MB
  Work per thread: 106089 punti
  Run 1/4...
    ✓ Tempo: 0.045979 s
  Run 2/4...
    ✓ Tempo: 0.046504 s
  Run 3/4...
    ✓ Tempo: 0.049901 s
  Run 4/4...
    ✓ Tempo: 0.046519 s
  ✓ Tempo mediano: 0.046511 s (4 run validi)
    Efficienza weak: 644.5%
[50/128] Testing 50 threads, size: 2296x2296
  Memoria richiesta: 20 MB
  Work per thread: 105432 punti
  Run 1/4...
    ✓ Tempo: 0.045640 s
  Run 2/4...
    ✓ Tempo: 0.046695 s
  Run 3/4...
    ✓ Tempo: 0.047007 s
  Run 4/4...
    ✓ Tempo: 0.046643 s
  ✓ Tempo mediano: 0.046669 s (4 run validi)
    Efficienza weak: 642.4%
[51/128] Testing 51 threads, size: 2312x2312
  Memoria richiesta: 20 MB
  Work per thread: 104810 punti
  Run 1/4...
    ✓ Tempo: 0.046030 s
  Run 2/4...
    ✓ Tempo: 0.046167 s
  Run 3/4...
    ✓ Tempo: 0.046796 s
  Run 4/4...
    ✓ Tempo: 0.046093 s
  ✓ Tempo mediano: 0.046130 s (4 run validi)
    Efficienza weak: 649.9%
[52/128] Testing 52 threads, size: 2336x2336
  Memoria richiesta: 20 MB
  Work per thread: 104940 punti
  Run 1/4...
    ✓ Tempo: 0.045205 s
  Run 2/4...
    ✓ Tempo: 0.046399 s
  Run 3/4...
    ✓ Tempo: 0.046597 s
  Run 4/4...
    ✓ Tempo: 0.046467 s
  ✓ Tempo mediano: 0.046433 s (4 run validi)
    Efficienza weak: 645.6%
[53/128] Testing 53 threads, size: 2352x2352
  Memoria richiesta: 21 MB
  Work per thread: 104375 punti
  Run 1/4...
    ✓ Tempo: 0.046680 s
  Run 2/4...
    ✓ Tempo: 0.045983 s
  Run 3/4...
    ✓ Tempo: 0.045954 s
  Run 4/4...
    ✓ Tempo: 0.046760 s
  ✓ Tempo mediano: 0.046331 s (4 run validi)
    Efficienza weak: 647.1%
[54/128] Testing 54 threads, size: 2368x2368
  Memoria richiesta: 21 MB
  Work per thread: 103841 punti
  Run 1/4...
    ✓ Tempo: 0.045590 s
  Run 2/4...
    ✓ Tempo: 0.049511 s
  Run 3/4...
    ✓ Tempo: 0.044777 s
  Run 4/4...
    ✓ Tempo: 0.045978 s
  ✓ Tempo mediano: 0.045784 s (4 run validi)
    Efficienza weak: 654.8%
[55/128] Testing 55 threads, size: 2392x2392
  Memoria richiesta: 21 MB
  Work per thread: 104030 punti
  Run 1/4...
    ✓ Tempo: 0.046457 s
  Run 2/4...
    ✓ Tempo: 0.045954 s
  Run 3/4...
    ✓ Tempo: 0.045970 s
  Run 4/4...
    ✓ Tempo: 0.045874 s
  ✓ Tempo mediano: 0.045962 s (4 run validi)
    Efficienza weak: 652.2%
[56/128] Testing 56 threads, size: 2408x2408
  Memoria richiesta: 22 MB
  Work per thread: 103544 punti
  Run 1/4...
    ✓ Tempo: 0.046210 s
  Run 2/4...
    ✓ Tempo: 0.045600 s
  Run 3/4...
    ✓ Tempo: 0.046165 s
  Run 4/4...
    ✓ Tempo: 0.048949 s
  ✓ Tempo mediano: 0.046187 s (4 run validi)
    Efficienza weak: 649.1%
[57/128] Testing 57 threads, size: 2424x2424
  Memoria richiesta: 22 MB
  Work per thread: 103083 punti
  Run 1/4...
    ✓ Tempo: 0.046478 s
  Run 2/4...
    ✓ Tempo: 0.045695 s
  Run 3/4...
    ✓ Tempo: 0.045659 s
  Run 4/4...
    ✓ Tempo: 0.045524 s
  ✓ Tempo mediano: 0.045677 s (4 run validi)
    Efficienza weak: 656.3%
[58/128] Testing 58 threads, size: 2440x2440
  Memoria richiesta: 22 MB
  Work per thread: 102648 punti
  Run 1/4...
    ✓ Tempo: 0.045888 s
  Run 2/4...
    ✓ Tempo: 0.045700 s
  Run 3/4...
    ✓ Tempo: 0.045761 s
  Run 4/4...
    ✓ Tempo: 0.061696 s
  ✓ Tempo mediano: 0.045825 s (4 run validi)
    Efficienza weak: 654.2%
[59/128] Testing 59 threads, size: 2456x2456
  Memoria richiesta: 23 MB
  Work per thread: 102236 punti
  Run 1/4...
    ✓ Tempo: 0.044979 s
  Run 2/4...
    ✓ Tempo: 0.045263 s
  Run 3/4...
    ✓ Tempo: 0.045730 s
  Run 4/4...
    ✓ Tempo: 0.045965 s
  ✓ Tempo mediano: 0.045496 s (4 run validi)
    Efficienza weak: 658.9%
[60/128] Testing 60 threads, size: 2472x2472
  Memoria richiesta: 23 MB
  Work per thread: 101846 punti
  Run 1/4...
    ✓ Tempo: 0.045129 s
  Run 2/4...
    ✓ Tempo: 0.045769 s
  Run 3/4...
    ✓ Tempo: 0.046050 s
  Run 4/4...
    ✓ Tempo: 0.045055 s
  ✓ Tempo mediano: 0.045449 s (4 run validi)
    Efficienza weak: 659.6%
[61/128] Testing 61 threads, size: 2488x2488
  Memoria richiesta: 23 MB
  Work per thread: 101477 punti
  Run 1/4...
    ✓ Tempo: 0.045572 s
  Run 2/4...
    ✓ Tempo: 0.047203 s
  Run 3/4...
    ✓ Tempo: 0.045621 s
  Run 4/4...
    ✓ Tempo: 0.045583 s
  ✓ Tempo mediano: 0.045602 s (4 run validi)
    Efficienza weak: 657.4%
[62/128] Testing 62 threads, size: 2504x2504
  Memoria richiesta: 23 MB
  Work per thread: 101129 punti
  Run 1/4...
    ✓ Tempo: 0.046064 s
  Run 2/4...
    ✓ Tempo: 0.045363 s
  Run 3/4...
    ✓ Tempo: 0.045434 s
  Run 4/4...
    ✓ Tempo: 0.045023 s
  ✓ Tempo mediano: 0.045399 s (4 run validi)
    Efficienza weak: 660.3%
[63/128] Testing 63 threads, size: 2520x2520
  Memoria richiesta: 24 MB
  Work per thread: 100800 punti
  Run 1/4...
    ✓ Tempo: 0.046379 s
  Run 2/4...
    ✓ Tempo: 0.045612 s
  Run 3/4...
    ✓ Tempo: 0.045747 s
  Run 4/4...
    ✓ Tempo: 0.044964 s
  ✓ Tempo mediano: 0.045679 s (4 run validi)
    Efficienza weak: 656.3%
[64/128] Testing 64 threads, size: 2536x2536
  Memoria richiesta: 24 MB
4-way interleave
  Work per thread: 100489 punti
  Run 1/4...
    ✓ Tempo: 0.066311 s
  Run 2/4...
    ✓ Tempo: 0.060489 s
  Run 3/4...
    ✓ Tempo: 0.061921 s
  Run 4/4...
    ✓ Tempo: 0.061698 s
  ✓ Tempo mediano: 0.061810 s (4 run validi)
    Efficienza weak: 485.0%
[65/128] Testing 65 threads, size: 1872x1872
  Memoria richiesta: 13 MB
4-way interleave
  Work per thread: 53913 punti
  Run 1/4...
    ✓ Tempo: 0.038215 s
  Run 2/4...
    ✓ Tempo: 0.038690 s
  Run 3/4...
    ✓ Tempo: 0.038038 s
  Run 4/4...
    ✓ Tempo: 0.038459 s
  ✓ Tempo mediano: 0.038337 s (4 run validi)
    Efficienza weak: 782.0%
[66/128] Testing 66 threads, size: 1880x1880
  Memoria richiesta: 13 MB
4-way interleave
  Work per thread: 53551 punti
  Run 1/4...
    ✓ Tempo: 0.038118 s
  Run 2/4...
    ✓ Tempo: 0.038302 s
  Run 3/4...
    ✓ Tempo: 0.038138 s
  Run 4/4...
    ✓ Tempo: 0.038099 s
  ✓ Tempo mediano: 0.038128 s (4 run validi)
    Efficienza weak: 786.3%
[67/128] Testing 67 threads, size: 1888x1888
  Memoria richiesta: 13 MB
4-way interleave
  Work per thread: 53202 punti
  Run 1/4...
    ✓ Tempo: 0.037489 s
  Run 2/4...
    ✓ Tempo: 0.038073 s
  Run 3/4...
    ✓ Tempo: 0.037646 s
  Run 4/4...
    ✓ Tempo: 0.037343 s
  ✓ Tempo mediano: 0.037568 s (4 run validi)
    Efficienza weak: 798.0%
[68/128] Testing 68 threads, size: 1896x1896
  Memoria richiesta: 13 MB
4-way interleave
  Work per thread: 52864 punti
  Run 1/4...
    ✓ Tempo: 0.038128 s
  Run 2/4...
    ✓ Tempo: 0.037720 s
  Run 3/4...
    ✓ Tempo: 0.042188 s
  Run 4/4...
    ✓ Tempo: 0.037504 s
  ✓ Tempo mediano: 0.037924 s (4 run validi)
    Efficienza weak: 790.5%
[69/128] Testing 69 threads, size: 1904x1904
  Memoria richiesta: 13 MB
4-way interleave
  Work per thread: 52539 punti
  Run 1/4...
    ✓ Tempo: 0.037547 s
  Run 2/4...
    ✓ Tempo: 0.037753 s
  Run 3/4...
    ✓ Tempo: 0.037585 s
  Run 4/4...
    ✓ Tempo: 0.037894 s
  ✓ Tempo mediano: 0.037669 s (4 run validi)
    Efficienza weak: 795.8%
[70/128] Testing 70 threads, size: 1912x1912
  Memoria richiesta: 13 MB
4-way interleave
  Work per thread: 52224 punti
  Run 1/4...
    ✓ Tempo: 0.037837 s
  Run 2/4...
    ✓ Tempo: 0.038202 s
  Run 3/4...
    ✓ Tempo: 0.037656 s
  Run 4/4...
    ✓ Tempo: 0.037855 s
  ✓ Tempo mediano: 0.037846 s (4 run validi)
    Efficienza weak: 792.1%
[71/128] Testing 71 threads, size: 1920x1920
  Memoria richiesta: 14 MB
4-way interleave
  Work per thread: 51921 punti
  Run 1/4...
    ✓ Tempo: 0.037655 s
  Run 2/4...
    ✓ Tempo: 0.037618 s
  Run 3/4...
    ✓ Tempo: 0.038095 s
  Run 4/4...
    ✓ Tempo: 0.037566 s
  ✓ Tempo mediano: 0.037637 s (4 run validi)
    Efficienza weak: 796.5%
[72/128] Testing 72 threads, size: 1928x1928
  Memoria richiesta: 14 MB
4-way interleave
  Work per thread: 51627 punti
  Run 1/4...
    ✓ Tempo: 0.038015 s
  Run 2/4...
    ✓ Tempo: 0.037408 s
  Run 3/4...
    ✓ Tempo: 0.037773 s
  Run 4/4...
    ✓ Tempo: 0.041464 s
  ✓ Tempo mediano: 0.037894 s (4 run validi)
    Efficienza weak: 791.1%
[73/128] Testing 73 threads, size: 1928x1928
  Memoria richiesta: 14 MB
4-way interleave
  Work per thread: 50920 punti
  Run 1/4...
    ✓ Tempo: 0.036071 s
  Run 2/4...
    ✓ Tempo: 0.036590 s
  Run 3/4...
    ✓ Tempo: 0.036375 s
  Run 4/4...
    ✓ Tempo: 0.036516 s
  ✓ Tempo mediano: 0.036445 s (4 run validi)
    Efficienza weak: 822.6%
[74/128] Testing 74 threads, size: 1936x1936
  Memoria richiesta: 14 MB
4-way interleave
  Work per thread: 50649 punti
  Run 1/4...
    ✓ Tempo: 0.036858 s
  Run 2/4...
    ✓ Tempo: 0.037162 s
  Run 3/4...
    ✓ Tempo: 0.037551 s
  Run 4/4...
    ✓ Tempo: 0.037115 s
  ✓ Tempo mediano: 0.037139 s (4 run validi)
    Efficienza weak: 807.2%
[75/128] Testing 75 threads, size: 1944x1944
  Memoria richiesta: 14 MB
4-way interleave
  Work per thread: 50388 punti
  Run 1/4...
    ✓ Tempo: 0.036582 s
  Run 2/4...
    ✓ Tempo: 0.037243 s
  Run 3/4...
    ✓ Tempo: 0.037101 s
  Run 4/4...
    ✓ Tempo: 0.036657 s
  ✓ Tempo mediano: 0.036879 s (4 run validi)
    Efficienza weak: 812.9%
[76/128] Testing 76 threads, size: 1952x1952
  Memoria richiesta: 14 MB
4-way interleave
  Work per thread: 50135 punti
  Run 1/4...
    ✓ Tempo: 0.036089 s
  Run 2/4...
    ✓ Tempo: 0.036716 s
  Run 3/4...
    ✓ Tempo: 0.036581 s
  Run 4/4...
    ✓ Tempo: 0.036868 s
  ✓ Tempo mediano: 0.036649 s (4 run validi)
    Efficienza weak: 818.0%
[77/128] Testing 77 threads, size: 1960x1960
  Memoria richiesta: 14 MB
4-way interleave
  Work per thread: 49890 punti
  Run 1/4...
    ✓ Tempo: 0.036998 s
  Run 2/4...
    ✓ Tempo: 0.036732 s
  Run 3/4...
    ✓ Tempo: 0.036492 s
  Run 4/4...
    ✓ Tempo: 0.036608 s
  ✓ Tempo mediano: 0.036670 s (4 run validi)
    Efficienza weak: 817.5%
[78/128] Testing 78 threads, size: 1960x1960
  Memoria richiesta: 14 MB
4-way interleave
  Work per thread: 49251 punti
  Run 1/4...
    ✓ Tempo: 0.035917 s
  Run 2/4...
    ✓ Tempo: 0.036549 s
  Run 3/4...
    ✓ Tempo: 0.036781 s
  Run 4/4...
    ✓ Tempo: 0.036477 s
  ✓ Tempo mediano: 0.036513 s (4 run validi)
    Efficienza weak: 821.0%
[79/128] Testing 79 threads, size: 1968x1968
  Memoria richiesta: 14 MB
4-way interleave
  Work per thread: 49025 punti
  Run 1/4...
    ✓ Tempo: 0.036901 s
  Run 2/4...
    ✓ Tempo: 0.037125 s
  Run 3/4...
    ✓ Tempo: 0.036711 s
  Run 4/4...
    ✓ Tempo: 0.036578 s
  ✓ Tempo mediano: 0.036806 s (4 run validi)
    Efficienza weak: 814.5%
[80/128] Testing 80 threads, size: 1976x1976
  Memoria richiesta: 14 MB
6-way interleave
  Work per thread: 48807 punti
  Run 1/4...
    ✓ Tempo: 0.035254 s
  Run 2/4...
    ✓ Tempo: 0.035649 s
  Run 3/4...
    ✓ Tempo: 0.035513 s
  Run 4/4...
    ✓ Tempo: 0.035627 s
  ✓ Tempo mediano: 0.035570 s (4 run validi)
    Efficienza weak: 842.8%
[81/128] Testing 81 threads, size: 1984x1984
  Memoria richiesta: 15 MB
6-way interleave
  Work per thread: 48595 punti
  Run 1/4...
    ✓ Tempo: 0.035736 s
  Run 2/4...
    ✓ Tempo: 0.035652 s
  Run 3/4...
    ✓ Tempo: 0.038723 s
  Run 4/4...
    ✓ Tempo: 0.035515 s
  ✓ Tempo mediano: 0.035694 s (4 run validi)
    Efficienza weak: 839.9%
[82/128] Testing 82 threads, size: 1984x1984
  Memoria richiesta: 15 MB
6-way interleave
  Work per thread: 48003 punti
  Run 1/4...
    ✓ Tempo: 0.035819 s
  Run 2/4...
    ✓ Tempo: 0.035691 s
  Run 3/4...
    ✓ Tempo: 0.035645 s
  Run 4/4...
    ✓ Tempo: 0.035669 s
  ✓ Tempo mediano: 0.035680 s (4 run validi)
    Efficienza weak: 840.2%
[83/128] Testing 83 threads, size: 1992x1992
  Memoria richiesta: 15 MB
6-way interleave
  Work per thread: 47808 punti
  Run 1/4...
    ✓ Tempo: 0.036174 s
  Run 2/4...
    ✓ Tempo: 0.036391 s
  Run 3/4...
    ✓ Tempo: 0.036085 s
  Run 4/4...
    ✓ Tempo: 0.036006 s
  ✓ Tempo mediano: 0.036129 s (4 run validi)
    Efficienza weak: 829.8%
[84/128] Testing 84 threads, size: 2000x2000
  Memoria richiesta: 15 MB
6-way interleave
  Work per thread: 47619 punti
  Run 1/4...
    ✓ Tempo: 0.036035 s
  Run 2/4...
    ✓ Tempo: 0.036393 s
  Run 3/4...
    ✓ Tempo: 0.036017 s
  Run 4/4...
    ✓ Tempo: 0.036053 s
  ✓ Tempo mediano: 0.036044 s (4 run validi)
    Efficienza weak: 831.7%
[85/128] Testing 85 threads, size: 2008x2008
  Memoria richiesta: 15 MB
6-way interleave
  Work per thread: 47436 punti
  Run 1/4...
    ✓ Tempo: 0.035664 s
  Run 2/4...
    ✓ Tempo: 0.036012 s
  Run 3/4...
    ✓ Tempo: 0.036211 s
  Run 4/4...
    ✓ Tempo: 0.035683 s
  ✓ Tempo mediano: 0.035848 s (4 run validi)
    Efficienza weak: 836.3%
[86/128] Testing 86 threads, size: 2008x2008
  Memoria richiesta: 15 MB
6-way interleave
  Work per thread: 46884 punti
  Run 1/4...
    ✓ Tempo: 0.035567 s
  Run 2/4...
    ✓ Tempo: 0.035881 s
  Run 3/4...
    ✓ Tempo: 0.035790 s
  Run 4/4...
    ✓ Tempo: 0.035680 s
  ✓ Tempo mediano: 0.035735 s (4 run validi)
    Efficienza weak: 838.9%
[87/128] Testing 87 threads, size: 2016x2016
  Memoria richiesta: 15 MB
6-way interleave
  Work per thread: 46715 punti
  Run 1/4...
    ✓ Tempo: 0.035623 s
  Run 2/4...
    ✓ Tempo: 0.035636 s
  Run 3/4...
    ✓ Tempo: 0.035831 s
  Run 4/4...
    ✓ Tempo: 0.035778 s
  ✓ Tempo mediano: 0.035707 s (4 run validi)
    Efficienza weak: 839.6%
[88/128] Testing 88 threads, size: 2024x2024
  Memoria richiesta: 15 MB
6-way interleave
  Work per thread: 46552 punti
  Run 1/4...
    ✓ Tempo: 0.035479 s
  Run 2/4...
    ✓ Tempo: 0.035025 s
  Run 3/4...
    ✓ Tempo: 0.036232 s
  Run 4/4...
    ✓ Tempo: 0.035748 s
  ✓ Tempo mediano: 0.035613 s (4 run validi)
    Efficienza weak: 841.8%
[89/128] Testing 89 threads, size: 2024x2024
  Memoria richiesta: 15 MB
6-way interleave
  Work per thread: 46028 punti
  Run 1/4...
    ✓ Tempo: 0.034657 s
  Run 2/4...
    ✓ Tempo: 0.034846 s
  Run 3/4...
    ✓ Tempo: 0.034832 s
  Run 4/4...
    ✓ Tempo: 0.034510 s
  ✓ Tempo mediano: 0.034744 s (4 run validi)
    Efficienza weak: 862.8%
[90/128] Testing 90 threads, size: 2032x2032
  Memoria richiesta: 15 MB
6-way interleave
  Work per thread: 45878 punti
  Run 1/4...
    ✓ Tempo: 0.034127 s
  Run 2/4...
    ✓ Tempo: 0.034760 s
  Run 3/4...
    ✓ Tempo: 0.034255 s
  Run 4/4...
    ✓ Tempo: 0.034528 s
  ✓ Tempo mediano: 0.034392 s (4 run validi)
    Efficienza weak: 871.7%
[91/128] Testing 91 threads, size: 2040x2040
  Memoria richiesta: 15 MB
6-way interleave
  Work per thread: 45731 punti
  Run 1/4...
    ✓ Tempo: 0.034837 s
  Run 2/4...
    ✓ Tempo: 0.034433 s
  Run 3/4...
    ✓ Tempo: 0.034589 s
  Run 4/4...
    ✓ Tempo: 0.034821 s
  ✓ Tempo mediano: 0.034705 s (4 run validi)
    Efficienza weak: 863.8%
[92/128] Testing 92 threads, size: 2040x2040
  Memoria richiesta: 15 MB
6-way interleave
  Work per thread: 45234 punti
  Run 1/4...
    ✓ Tempo: 0.034927 s
  Run 2/4...
    ✓ Tempo: 0.034511 s
  Run 3/4...
    ✓ Tempo: 0.034812 s
  Run 4/4...
    ✓ Tempo: 0.034691 s
  ✓ Tempo mediano: 0.034752 s (4 run validi)
    Efficienza weak: 862.6%
[93/128] Testing 93 threads, size: 2048x2048
  Memoria richiesta: 16 MB
6-way interleave
  Work per thread: 45100 punti
  Run 1/4...
    ✓ Tempo: 0.035077 s
  Run 2/4...
    ✓ Tempo: 0.034917 s
  Run 3/4...
    ✓ Tempo: 0.035407 s
  Run 4/4...
    ✓ Tempo: 0.037114 s
  ✓ Tempo mediano: 0.035242 s (4 run validi)
    Efficienza weak: 850.6%
[94/128] Testing 94 threads, size: 2056x2056
  Memoria richiesta: 16 MB
6-way interleave
  Work per thread: 44969 punti
  Run 1/4...
    ✓ Tempo: 0.035297 s
  Run 2/4...
    ✓ Tempo: 0.035089 s
  Run 3/4...
    ✓ Tempo: 0.034764 s
  Run 4/4...
    ✓ Tempo: 0.034880 s
  ✓ Tempo mediano: 0.034985 s (4 run validi)
    Efficienza weak: 856.9%
[95/128] Testing 95 threads, size: 2056x2056
  Memoria richiesta: 16 MB
6-way interleave
  Work per thread: 44496 punti
  Run 1/4...
    ✓ Tempo: 0.034554 s
  Run 2/4...
    ✓ Tempo: 0.034434 s
  Run 3/4...
    ✓ Tempo: 0.034596 s
  Run 4/4...
    ✓ Tempo: 0.034385 s
  ✓ Tempo mediano: 0.034494 s (4 run validi)
    Efficienza weak: 869.1%
[96/128] Testing 96 threads, size: 2064x2064
  Memoria richiesta: 16 MB
6-way interleave
  Work per thread: 44376 punti
  Run 1/4...
    ✓ Tempo: 0.034448 s
  Run 2/4...
    ✓ Tempo: 0.034067 s
  Run 3/4...
    ✓ Tempo: 0.034291 s
  Run 4/4...
    ✓ Tempo: 0.034568 s
  ✓ Tempo mediano: 0.034369 s (4 run validi)
    Efficienza weak: 872.3%
[97/128] Testing 97 threads, size: 2072x2072
  Memoria richiesta: 16 MB
6-way interleave
  Work per thread: 44259 punti
  Run 1/4...
    ✓ Tempo: 0.034977 s
  Run 2/4...
    ✓ Tempo: 0.034649 s
  Run 3/4...
    ✓ Tempo: 0.034541 s
  Run 4/4...
    ✓ Tempo: 0.034106 s
  ✓ Tempo mediano: 0.034595 s (4 run validi)
    Efficienza weak: 866.6%
[98/128] Testing 98 threads, size: 2072x2072
  Memoria richiesta: 16 MB
6-way interleave
  Work per thread: 43808 punti
  Run 1/4...
    ✓ Tempo: 0.037690 s
  Run 2/4...
    ✓ Tempo: 0.034135 s
  Run 3/4...
    ✓ Tempo: 0.034082 s
  Run 4/4...
    ✓ Tempo: 0.034599 s
  ✓ Tempo mediano: 0.034367 s (4 run validi)
    Efficienza weak: 872.3%
[99/128] Testing 99 threads, size: 2080x2080
  Memoria richiesta: 16 MB
6-way interleave
  Work per thread: 43701 punti
  Run 1/4...
    ✓ Tempo: 0.033660 s
  Run 2/4...
    ✓ Tempo: 0.034231 s
  Run 3/4...
    ✓ Tempo: 0.034142 s
  Run 4/4...
    ✓ Tempo: 0.033661 s
  ✓ Tempo mediano: 0.033902 s (4 run validi)
    Efficienza weak: 884.3%
[100/128] Testing 100 threads, size: 2080x2080
  Memoria richiesta: 16 MB
6-way interleave
  Work per thread: 43264 punti
  Run 1/4...
    ✓ Tempo: 0.033343 s
  Run 2/4...
    ✓ Tempo: 0.033769 s
  Run 3/4...
    ✓ Tempo: 0.036600 s
  Run 4/4...
    ✓ Tempo: 0.032920 s
  ✓ Tempo mediano: 0.033556 s (4 run validi)
    Efficienza weak: 893.4%
[101/128] Testing 101 threads, size: 2088x2088
  Memoria richiesta: 16 MB
6-way interleave
  Work per thread: 43165 punti
  Run 1/4...
    ✓ Tempo: 0.033571 s
  Run 2/4...
    ✓ Tempo: 0.033277 s
  Run 3/4...
    ✓ Tempo: 0.033326 s
  Run 4/4...
    ✓ Tempo: 0.033473 s
  ✓ Tempo mediano: 0.033399 s (4 run validi)
    Efficienza weak: 897.6%
[102/128] Testing 102 threads, size: 2096x2096
  Memoria richiesta: 16 MB
6-way interleave
  Work per thread: 43070 punti
  Run 1/4...
    ✓ Tempo: 0.033288 s
  Run 2/4...
    ✓ Tempo: 0.033559 s
  Run 3/4...
    ✓ Tempo: 0.033149 s
  Run 4/4...
    ✓ Tempo: 0.033403 s
  ✓ Tempo mediano: 0.033346 s (4 run validi)
    Efficienza weak: 899.0%
[103/128] Testing 103 threads, size: 2096x2096
  Memoria richiesta: 16 MB
6-way interleave
  Work per thread: 42652 punti
  Run 1/4...
    ✓ Tempo: 0.033272 s
  Run 2/4...
    ✓ Tempo: 0.033582 s
  Run 3/4...
    ✓ Tempo: 0.034132 s
  Run 4/4...
    ✓ Tempo: 0.033540 s
  ✓ Tempo mediano: 0.033561 s (4 run validi)
    Efficienza weak: 893.3%
[104/128] Testing 104 threads, size: 2104x2104
  Memoria richiesta: 16 MB
6-way interleave
  Work per thread: 42565 punti
  Run 1/4...
    ✓ Tempo: 0.033999 s
  Run 2/4...
    ✓ Tempo: 0.034005 s
  Run 3/4...
    ✓ Tempo: 0.033681 s
  Run 4/4...
    ✓ Tempo: 0.033480 s
  ✓ Tempo mediano: 0.033840 s (4 run validi)
    Efficienza weak: 885.9%
[105/128] Testing 105 threads, size: 2104x2104
  Memoria richiesta: 16 MB
6-way interleave
  Work per thread: 42160 punti
  Run 1/4...
    ✓ Tempo: 0.033741 s
  Run 2/4...
    ✓ Tempo: 0.033320 s
  Run 3/4...
    ✓ Tempo: 0.033665 s
  Run 4/4...
    ✓ Tempo: 0.033423 s
  ✓ Tempo mediano: 0.033544 s (4 run validi)
    Efficienza weak: 893.7%
[106/128] Testing 106 threads, size: 2112x2112
  Memoria richiesta: 17 MB
6-way interleave
  Work per thread: 42080 punti
  Run 1/4...
    ✓ Tempo: 0.034014 s
  Run 2/4...
    ✓ Tempo: 0.033699 s
  Run 3/4...
    ✓ Tempo: 0.034337 s
  Run 4/4...
    ✓ Tempo: 0.033878 s
  ✓ Tempo mediano: 0.033946 s (4 run validi)
    Efficienza weak: 883.1%
[107/128] Testing 107 threads, size: 2112x2112
  Memoria richiesta: 17 MB
6-way interleave
  Work per thread: 41687 punti
  Run 1/4...
    ✓ Tempo: 0.033790 s
  Run 2/4...
    ✓ Tempo: 0.033373 s
  Run 3/4...
    ✓ Tempo: 0.033500 s
  Run 4/4...
    ✓ Tempo: 0.033548 s
  ✓ Tempo mediano: 0.033524 s (4 run validi)
    Efficienza weak: 894.2%
[108/128] Testing 108 threads, size: 2120x2120
  Memoria richiesta: 17 MB
6-way interleave
  Work per thread: 41614 punti
  Run 1/4...
    ✓ Tempo: 0.033831 s
  Run 2/4...
    ✓ Tempo: 0.033275 s
  Run 3/4...
    ✓ Tempo: 0.033468 s
  Run 4/4...
    ✓ Tempo: 0.033869 s
  ✓ Tempo mediano: 0.033649 s (4 run validi)
    Efficienza weak: 890.9%
[109/128] Testing 109 threads, size: 2128x2128
  Memoria richiesta: 17 MB
6-way interleave
  Work per thread: 41544 punti
  Run 1/4...
    ✓ Tempo: 0.033774 s
  Run 2/4...
    ✓ Tempo: 0.033529 s
  Run 3/4...
    ✓ Tempo: 0.033651 s
  Run 4/4...
    ✓ Tempo: 0.033656 s
  ✓ Tempo mediano: 0.033654 s (4 run validi)
    Efficienza weak: 890.8%
[110/128] Testing 110 threads, size: 2128x2128
  Memoria richiesta: 17 MB
6-way interleave
  Work per thread: 41167 punti
  Run 1/4...
    ✓ Tempo: 0.033260 s
  Run 2/4...
    ✓ Tempo: 0.032700 s
  Run 3/4...
    ✓ Tempo: 0.032872 s
  Run 4/4...
    ✓ Tempo: 0.033086 s
  ✓ Tempo mediano: 0.032979 s (4 run validi)
    Efficienza weak: 909.0%
[111/128] Testing 111 threads, size: 2136x2136
  Memoria richiesta: 17 MB
6-way interleave
  Work per thread: 41103 punti
  Run 1/4...
    ✓ Tempo: 0.033215 s
  Run 2/4...
    ✓ Tempo: 0.032872 s
  Run 3/4...
    ✓ Tempo: 0.032904 s
  Run 4/4...
    ✓ Tempo: 0.033170 s
  ✓ Tempo mediano: 0.033037 s (4 run validi)
    Efficienza weak: 907.4%
[112/128] Testing 112 threads, size: 2136x2136
  Memoria richiesta: 17 MB
8-way interleave
  Work per thread: 40736 punti
  Run 1/4...
    ✓ Tempo: 0.032275 s
  Run 2/4...
    ✓ Tempo: 0.032431 s
  Run 3/4...
    ✓ Tempo: 0.032778 s
  Run 4/4...
    ✓ Tempo: 0.032476 s
  ✓ Tempo mediano: 0.032453 s (4 run validi)
    Efficienza weak: 923.8%
[113/128] Testing 113 threads, size: 2144x2144
  Memoria richiesta: 17 MB
8-way interleave
  Work per thread: 40679 punti
  Run 1/4...
    ✓ Tempo: 0.032337 s
  Run 2/4...
    ✓ Tempo: 0.032474 s
  Run 3/4...
    ✓ Tempo: 0.032369 s
  Run 4/4...
    ✓ Tempo: 0.032311 s
  ✓ Tempo mediano: 0.032353 s (4 run validi)
    Efficienza weak: 926.6%
[114/128] Testing 114 threads, size: 2144x2144
  Memoria richiesta: 17 MB
8-way interleave
  Work per thread: 40322 punti
  Run 1/4...
    ✓ Tempo: 0.032817 s
  Run 2/4...
    ✓ Tempo: 0.032654 s
  Run 3/4...
    ✓ Tempo: 0.032315 s
  Run 4/4...
    ✓ Tempo: 0.032214 s
  ✓ Tempo mediano: 0.032484 s (4 run validi)
    Efficienza weak: 922.9%
[115/128] Testing 115 threads, size: 2152x2152
  Memoria richiesta: 17 MB
8-way interleave
  Work per thread: 40270 punti
  Run 1/4...
    ✓ Tempo: 0.032159 s
  Run 2/4...
    ✓ Tempo: 0.033195 s
  Run 3/4...
    ✓ Tempo: 0.032531 s
  Run 4/4...
    ✓ Tempo: 0.032421 s
  ✓ Tempo mediano: 0.032476 s (4 run validi)
    Efficienza weak: 923.1%
[116/128] Testing 116 threads, size: 2152x2152
  Memoria richiesta: 17 MB
8-way interleave
  Work per thread: 39923 punti
  Run 1/4...
    ✓ Tempo: 0.032576 s
  Run 2/4...
    ✓ Tempo: 0.032398 s
  Run 3/4...
    ✓ Tempo: 0.032521 s
  Run 4/4...
    ✓ Tempo: 0.032387 s
  ✓ Tempo mediano: 0.032460 s (4 run validi)
    Efficienza weak: 923.6%
[117/128] Testing 117 threads, size: 2160x2160
  Memoria richiesta: 17 MB
8-way interleave
  Work per thread: 39876 punti
  Run 1/4...
    ✓ Tempo: 0.032745 s
  Run 2/4...
    ✓ Tempo: 0.032777 s
  Run 3/4...
    ✓ Tempo: 0.032663 s
  Run 4/4...
    ✓ Tempo: 0.032486 s
  ✓ Tempo mediano: 0.032704 s (4 run validi)
    Efficienza weak: 916.7%
[118/128] Testing 118 threads, size: 2160x2160
  Memoria richiesta: 17 MB
8-way interleave
  Work per thread: 39538 punti
  Run 1/4...
    ✓ Tempo: 0.032806 s
  Run 2/4...
    ✓ Tempo: 0.032398 s
  Run 3/4...
    ✓ Tempo: 0.032426 s
  Run 4/4...
    ✓ Tempo: 0.032679 s
  ✓ Tempo mediano: 0.032552 s (4 run validi)
    Efficienza weak: 920.9%
[119/128] Testing 119 threads, size: 2168x2168
  Memoria richiesta: 17 MB
8-way interleave
  Work per thread: 39497 punti
  Run 1/4...
    ✓ Tempo: 0.033300 s
  Run 2/4...
    ✓ Tempo: 0.033456 s
  Run 3/4...
    ✓ Tempo: 0.032623 s
  Run 4/4...
    ✓ Tempo: 0.032784 s
  ✓ Tempo mediano: 0.033042 s (4 run validi)
    Efficienza weak: 907.3%
[120/128] Testing 120 threads, size: 2168x2168
  Memoria richiesta: 17 MB
8-way interleave
  Work per thread: 39168 punti
  Run 1/4...
    ✓ Tempo: 0.032988 s
  Run 2/4...
    ✓ Tempo: 0.032832 s
  Run 3/4...
    ✓ Tempo: 0.032842 s
  Run 4/4...
    ✓ Tempo: 0.033037 s
  ✓ Tempo mediano: 0.032915 s (4 run validi)
    Efficienza weak: 910.8%
[121/128] Testing 121 threads, size: 2176x2176
  Memoria richiesta: 18 MB
8-way interleave
  Work per thread: 39132 punti
  Run 1/4...
    ✓ Tempo: 0.033051 s
  Run 2/4...
    ✓ Tempo: 0.033347 s
  Run 3/4...
    ✓ Tempo: 0.032681 s
  Run 4/4...
    ✓ Tempo: 0.032951 s
  ✓ Tempo mediano: 0.033001 s (4 run validi)
    Efficienza weak: 908.4%
[122/128] Testing 122 threads, size: 2176x2176
  Memoria richiesta: 18 MB
8-way interleave
  Work per thread: 38811 punti
  Run 1/4...
    ✓ Tempo: 0.032176 s
  Run 2/4...
    ✓ Tempo: 0.032647 s
  Run 3/4...
    ✓ Tempo: 0.032881 s
  Run 4/4...
    ✓ Tempo: 0.032663 s
  ✓ Tempo mediano: 0.032655 s (4 run validi)
    Efficienza weak: 918.0%
[123/128] Testing 123 threads, size: 2184x2184
  Memoria richiesta: 18 MB
8-way interleave
  Work per thread: 38779 punti
  Run 1/4...
    ✓ Tempo: 0.032380 s
  Run 2/4...
    ✓ Tempo: 0.032652 s
  Run 3/4...
    ✓ Tempo: 0.032286 s
  Run 4/4...
    ✓ Tempo: 0.032586 s
  ✓ Tempo mediano: 0.032483 s (4 run validi)
    Efficienza weak: 922.9%
[124/128] Testing 124 threads, size: 2184x2184
  Memoria richiesta: 18 MB
8-way interleave
  Work per thread: 38466 punti
  Run 1/4...
    ✓ Tempo: 0.035656 s
  Run 2/4...
    ✓ Tempo: 0.032948 s
  Run 3/4...
    ✓ Tempo: 0.032196 s
  Run 4/4...
    ✓ Tempo: 0.032551 s
  ✓ Tempo mediano: 0.032750 s (4 run validi)
    Efficienza weak: 915.4%
[125/128] Testing 125 threads, size: 2192x2192
  Memoria richiesta: 18 MB
8-way interleave
  Work per thread: 38438 punti
  Run 1/4...
    ✓ Tempo: 0.032794 s
  Run 2/4...
    ✓ Tempo: 0.033345 s
  Run 3/4...
    ✓ Tempo: 0.033067 s
  Run 4/4...
    ✓ Tempo: 0.032455 s
  ✓ Tempo mediano: 0.032931 s (4 run validi)
    Efficienza weak: 910.3%
[126/128] Testing 126 threads, size: 2192x2192
  Memoria richiesta: 18 MB
8-way interleave
  Work per thread: 38133 punti
  Run 1/4...
    ✓ Tempo: 0.032531 s
  Run 2/4...
    ✓ Tempo: 0.032775 s
  Run 3/4...
    ✓ Tempo: 0.032436 s
  Run 4/4...
    ✓ Tempo: 0.032617 s
  ✓ Tempo mediano: 0.032574 s (4 run validi)
    Efficienza weak: 920.3%
[127/128] Testing 127 threads, size: 2200x2200
  Memoria richiesta: 18 MB
8-way interleave
  Work per thread: 38110 punti
  Run 1/4...
    ✓ Tempo: 0.032398 s
  Run 2/4...
    ✓ Tempo: 0.032637 s
  Run 3/4...
    ✓ Tempo: 0.032337 s
  Run 4/4...
    ✓ Tempo: 0.033204 s
  ✓ Tempo mediano: 0.032518 s (4 run validi)
    Efficienza weak: 921.9%
[128/128] Testing 128 threads, size: 2200x2200
  Memoria richiesta: 18 MB
8-way interleave
  Work per thread: 37812 punti
  Run 1/4...
    ✓ Tempo: 0.032374 s
  Run 2/4...
    ✓ Tempo: 0.032257 s
  Run 3/4...
    ✓ Tempo: 0.032339 s
  Run 4/4...
    ✓ Tempo: 0.032529 s
  ✓ Tempo mediano: 0.032356 s (4 run validi)
    Efficienza weak: 926.5%

=== WEAK SCALING COMPLETATO ===
File risultati: results/omp_weak_scaling.csv
Righe generate: 129

=== SUMMARY VELOCE ===
Efficienza weak finale: 926.5% con 128 threads
✓ Excellent weak scaling!

=== GENERAZIONE IMMAGINE MANDELBROT ===
Creando immagine con configurazione weak scaling ottimale...
Generando immagine con 64 threads (4096x4096)...
4-way interleave
1,64,4096,4096,0.254458
✓ Immagine Mandelbrot salvata: results/mandelbrot_weak.pgm
  Risoluzione: 4096x4096
  Thread usati: 64
  Iterazioni: 1200 (alta qualità)
Convertendo in PNG...
✓ Immagine PNG: results/mandelbrot_weak.png
Generando versione zoom...
1,64,1024,1024,0.054290
✓ Immagine zoom salvata: results/mandelbrot_zoom.pgm
✓ Zoom PNG: results/mandelbrot_zoom.png
