Nodi usati: genoa[008-009]
=== SCATTER ALGORITHM 0 ===
2, 2, 0.11
2, 4, 0.11
2, 8, 0.11
2, 16, 0.11
2, 32, 0.11
2, 64, 0.11
2, 128, 0.15
2, 256, 0.15
2, 512, 0.17
2, 1024, 0.19
2, 2048, 0.26
2, 4096, 0.46
2, 8192, 0.72
2, 16384, 1.06
2, 32768, 1.78
2, 65536, 3.23
2, 131072, 8.16
2, 262144, 18.24
4, 2, 0.15
4, 4, 0.16
4, 8, 0.15
4, 16, 0.16
4, 32, 0.16
4, 64, 0.21
4, 128, 0.27
4, 256, 0.28
4, 512, 0.31
4, 1024, 0.44
4, 2048, 0.52
4, 4096, 1.00
4, 8192, 1.41
4, 16384, 1.91
4, 32768, 8.73
4, 65536, 11.39
4, 131072, 22.27
4, 262144, 40.42
8, 2, 0.56
8, 4, 0.56
8, 8, 0.66
8, 16, 0.65
8, 32, 0.70
8, 64, 0.96
8, 128, 1.14
8, 256, 1.27
8, 512, 1.66
8, 1024, 2.54
8, 2048, 4.48
8, 4096, 8.14
8, 8192, 14.27
8, 16384, 14.76
8, 32768, 20.10
8, 65536, 33.11
8, 131072, 49.82
8, 262144, 88.78
16, 2, 0.89
16, 4, 0.92
16, 8, 1.02
16, 16, 1.20
16, 32, 1.43
16, 64, 1.68
16, 128, 1.91
16, 256, 2.29
16, 512, 3.45
16, 1024, 6.28
16, 2048, 11.10
16, 4096, 20.67
16, 8192, 39.45
16, 16384, 36.92
16, 32768, 22.07
16, 65536, 48.21
16, 131072, 60.69
16, 262144, 105.03
32, 2, 1.36
32, 4, 1.36
32, 8, 1.55
32, 16, 1.88
32, 32, 2.22
32, 64, 2.55
32, 128, 3.07
32, 256, 4.52
32, 512, 6.15
32, 1024, 7.71
32, 2048, 13.26
32, 4096, 24.10
32, 8192, 92.46
32, 16384, 16.06
32, 32768, 27.03
32, 65536, 94.50
32, 131072, 80.55
32, 262144, 104.29
64, 2, 1.50
64, 4, 1.68
64, 8, 2.29
64, 16, 2.56
64, 32, 2.82
64, 64, 3.68
64, 128, 6.01
64, 256, 10.69
64, 512, 15.90
64, 1024, 16.21
64, 2048, 30.22
64, 4096, 50.06
64, 8192, 78.30
64, 16384, 55.00
64, 32768, 83.04
64, 65536, 115.44
64, 131072, 129.32
64, 262144, 139.35
128, 2, 2.51
128, 4, 2.94
128, 8, 3.48
128, 16, 3.86
128, 32, 4.54
128, 64, 5.72
128, 128, 7.95
128, 256, 13.03
128, 512, 23.00
128, 1024, 25.46
128, 2048, 46.23
128, 4096, 71.36
128, 8192, 113.19
128, 16384, 878.89
128, 32768, 1778.48
128, 65536, 3157.67
128, 131072, 6061.20
128, 262144, 11609.81
=== SCATTER ALGORITHM 1 ===
2, 2, 0.11
2, 4, 0.11
2, 8, 0.11
2, 16, 0.11
2, 32, 0.11
2, 64, 0.11
2, 128, 0.15
2, 256, 0.16
2, 512, 0.17
2, 1024, 0.19
2, 2048, 0.25
2, 4096, 0.43
2, 8192, 0.72
2, 16384, 1.07
2, 32768, 1.78
2, 65536, 3.33
2, 131072, 6.21
2, 262144, 14.75
4, 2, 0.13
4, 4, 0.13
4, 8, 0.13
4, 16, 0.12
4, 32, 0.14
4, 64, 0.14
4, 128, 0.20
4, 256, 0.23
4, 512, 0.27
4, 1024, 0.33
4, 2048, 0.54
4, 4096, 0.98
4, 8192, 1.41
4, 16384, 1.93
4, 32768, 3.22
4, 65536, 6.03
4, 131072, 11.42
4, 262144, 34.46
8, 2, 0.66
8, 4, 0.66
8, 8, 0.77
8, 16, 0.68
8, 32, 0.84
8, 64, 0.86
8, 128, 1.18
8, 256, 1.35
8, 512, 1.38
8, 1024, 1.59
8, 2048, 2.54
8, 4096, 4.55
8, 8192, 8.23
8, 16384, 13.55
8, 32768, 24.58
8, 65536, 48.38
8, 131072, 95.53
8, 262144, 72.20
16, 2, 1.16
16, 4, 1.28
16, 8, 1.19
16, 16, 1.13
16, 32, 1.49
16, 64, 1.53
16, 128, 1.82
16, 256, 2.39
16, 512, 2.90
16, 1024, 3.72
16, 2048, 6.19
16, 4096, 10.38
16, 8192, 18.41
16, 16384, 36.92
16, 32768, 73.81
16, 65536, 139.76
16, 131072, 278.24
16, 262144, 151.42
32, 2, 2.25
32, 4, 2.35
32, 8, 2.41
32, 16, 2.34
32, 32, 2.66
32, 64, 2.70
32, 128, 3.85
32, 256, 5.16
32, 512, 6.60
32, 1024, 7.69
32, 2048, 13.95
32, 4096, 24.09
32, 8192, 43.65
32, 16384, 77.42
32, 32768, 159.03
32, 65536, 311.29
32, 131072, 625.09
32, 262144, 331.68
64, 2, 6.09
64, 4, 5.78
64, 8, 5.62
64, 16, 5.81
64, 32, 7.18
64, 64, 6.89
64, 128, 12.95
64, 256, 13.54
64, 512, 15.54
64, 1024, 16.37
64, 2048, 30.45
64, 4096, 51.88
64, 8192, 78.28
64, 16384, 218.94
64, 32768, 301.12
64, 65536, 619.60
64, 131072, 1260.39
64, 262144, 702.60
128, 2, 3.82
128, 4, 3.93
128, 8, 3.94
128, 16, 4.18
128, 32, 8.91
128, 64, 9.24
128, 128, 17.48
128, 256, 20.37
128, 512, 23.20
128, 1024, 28.65
128, 2048, 41.75
128, 4096, 71.31
128, 8192, 113.34
128, 16384, 245.09
128, 32768, 569.30
128, 65536, 847.78
128, 131072, 1803.35
128, 262144, 12251.13
=== SCATTER ALGORITHM 2 ===
2, 2, 0.12
2, 4, 0.12
2, 8, 0.11
2, 16, 0.12
2, 32, 0.12
2, 64, 0.12
2, 128, 0.15
2, 256, 0.16
2, 512, 0.17
2, 1024, 0.20
2, 2048, 0.27
2, 4096, 0.43
2, 8192, 0.75
2, 16384, 1.07
2, 32768, 1.81
2, 65536, 3.37
2, 131072, 6.26
2, 262144, 17.51
4, 2, 0.15
4, 4, 0.15
4, 8, 0.15
4, 16, 0.15
4, 32, 0.16
4, 64, 0.20
4, 128, 0.26
4, 256, 0.28
4, 512, 0.32
4, 1024, 0.44
4, 2048, 0.70
4, 4096, 1.03
4, 8192, 1.54
4, 16384, 2.40
4, 32768, 4.25
4, 65536, 7.88
4, 131072, 36.36
4, 262144, 749.57
8, 2, 0.58
8, 4, 0.57
8, 8, 0.61
8, 16, 0.63
8, 32, 0.73
8, 64, 0.94
8, 128, 1.15
8, 256, 1.31
8, 512, 1.72
8, 1024, 2.56
8, 2048, 4.45
8, 4096, 8.15
8, 8192, 14.26
8, 16384, 26.80
8, 32768, 52.13
8, 65536, 101.97
8, 131072, 896.58
8, 262144, 2044.85
16, 2, 0.92
16, 4, 0.92
16, 8, 1.00
16, 16, 1.19
16, 32, 1.50
16, 64, 1.72
16, 128, 1.90
16, 256, 2.30
16, 512, 3.44
16, 1024, 6.26
16, 2048, 11.13
16, 4096, 20.67
16, 8192, 39.46
16, 16384, 77.78
16, 32768, 70.18
16, 65536, 161.31
16, 131072, 355.03
16, 262144, 728.81
32, 2, 1.35
32, 4, 1.38
32, 8, 1.56
32, 16, 1.88
32, 32, 2.19
32, 64, 2.59
32, 128, 3.07
32, 256, 4.54
32, 512, 7.31
32, 1024, 13.44
32, 2048, 24.87
32, 4096, 47.45
32, 8192, 92.86
32, 16384, 94.89
32, 32768, 217.25
32, 65536, 516.33
32, 131072, 1086.19
32, 262144, 2145.05
64, 2, 1.51
64, 4, 1.62
64, 8, 2.18
64, 16, 2.60
64, 32, 2.82
64, 64, 3.56
64, 128, 6.00
64, 256, 10.71
64, 512, 19.56
64, 1024, 36.54
64, 2048, 70.64
64, 4096, 139.17
64, 8192, 111.28
64, 16384, 251.63
64, 32768, 525.76
64, 65536, 1103.68
64, 131072, 2290.97
64, 262144, 4908.29
128, 2, 2.54
128, 4, 2.99
128, 8, 3.52
128, 16, 3.87
128, 32, 4.59
128, 64, 5.74
128, 128, 7.96
128, 256, 13.13
128, 512, 22.61
128, 1024, 42.60
128, 2048, 80.63
128, 4096, 160.44
128, 8192, 428.90
128, 16384, 880.83
128, 32768, 1702.21
128, 65536, 3208.53
128, 131072, 6340.66
128, 262144, 11054.56
=== SCATTER ALGORITHM 3 ===
2, 2, 0.11
2, 4, 0.11
2, 8, 0.12
2, 16, 0.11
2, 32, 0.12
2, 64, 0.12
2, 128, 0.15
2, 256, 0.17
2, 512, 0.18
2, 1024, 0.21
2, 2048, 0.27
2, 4096, 0.46
2, 8192, 0.74
2, 16384, 3.88
2, 32768, 4.23
2, 65536, 5.40
2, 131072, 8.39
2, 262144, 14.98
4, 2, 0.13
4, 4, 0.12
4, 8, 0.12
4, 16, 0.13
4, 32, 0.14
4, 64, 0.15
4, 128, 0.20
4, 256, 0.23
4, 512, 0.25
4, 1024, 0.34
4, 2048, 0.56
4, 4096, 1.00
4, 8192, 1.42
4, 16384, 6.49
4, 32768, 8.93
4, 65536, 11.54
4, 131072, 22.76
4, 262144, 40.51
8, 2, 0.67
8, 4, 0.69
8, 8, 0.66
8, 16, 0.66
8, 32, 0.84
