=== MANDELBROT STRONG SCALING ULTRA-OTTIMIZZATO ===
Data: Thu Jul 24 12:56:05 PM CEST 2025
Nodo: epyc005.hpc.rd.areasciencepark.it
CPU disponibili: 128
NUMA nodes: 8

Parametri ottimizzati:
- Dimensioni: 8000x8000 (problema grande)
- Max iterazioni: 500
- Thread testati: 128 configurazioni
- Output: results/omp_strong_scaling.csv
- Focus: Boundaries NUMA (16, 32, 64, 96, 128)

Inizio strong scaling ottimizzato...
[1/128] Testing 1 threads (8000x8000)
  Cache warm-up...
  Run 1/5...
    ✓ Tempo: 16.022013 s
  Run 2/5...
    ✓ Tempo: 16.049718 s
  Run 3/5...
    ✓ Tempo: 16.073823 s
  Run 4/5...
    ✓ Tempo: 16.032051 s
  Run 5/5...
    ✓ Tempo: 16.029265 s
  ✓ Tempo mediano: 16.032051 s (5 run validi)
    Speedup: 1.00x, Efficienza: 100.0%
[2/128] Testing 2 threads (8000x8000)
  Cache warm-up...
  Run 1/5...
    ✓ Tempo: 7.997091 s
  Run 2/5...
    ✓ Tempo: 7.998942 s
  Run 3/5...
    ✓ Tempo: 7.993729 s
  Run 4/5...
    ✓ Tempo: 7.994847 s
  Run 5/5...
    ✓ Tempo: 7.991435 s
  ✓ Tempo mediano: 7.994847 s (5 run validi)
    Speedup: 2.01x, Efficienza: 100.3%
[3/128] Testing 3 threads (8000x8000)
  Cache warm-up...
  Run 1/5...
    ✓ Tempo: 5.824000 s
  Run 2/5...
    ✓ Tempo: 5.827769 s
  Run 3/5...
    ✓ Tempo: 5.831532 s
  Run 4/5...
    ✓ Tempo: 5.835526 s
  Run 5/5...
    ✓ Tempo: 5.832508 s
  ✓ Tempo mediano: 5.831532 s (5 run validi)
    Speedup: 2.75x, Efficienza: 91.6%
[4/128] Testing 4 threads (8000x8000)
  Cache warm-up...
  Run 1/5...
    ✓ Tempo: 4.674743 s
  Run 2/5...
    ✓ Tempo: 4.671595 s
  Run 3/5...
    ✓ Tempo: 4.675821 s
  Run 4/5...
    ✓ Tempo: 4.678320 s
  Run 5/5...
    ✓ Tempo: 4.674977 s
  ✓ Tempo mediano: 4.674977 s (5 run validi)
    Speedup: 3.43x, Efficienza: 85.7%
[5/128] Testing 5 threads (8000x8000)
  Cache warm-up...
  Run 1/5...
    ✓ Tempo: 3.951088 s
  Run 2/5...
    ✓ Tempo: 3.946974 s
  Run 3/5...
    ✓ Tempo: 3.956363 s
  Run 4/5...
    ✓ Tempo: 3.955621 s
  Run 5/5...
    ✓ Tempo: 3.950497 s
  ✓ Tempo mediano: 3.951088 s (5 run validi)
    Speedup: 4.06x, Efficienza: 81.2%
[6/128] Testing 6 threads (8000x8000)
  Cache warm-up...
  Run 1/5...
    ✓ Tempo: 3.369229 s
  Run 2/5...
    ✓ Tempo: 3.364744 s
  Run 3/5...
    ✓ Tempo: 3.363414 s
  Run 4/5...
    ✓ Tempo: 3.359299 s
  Run 5/5...
    ✓ Tempo: 3.363184 s
  ✓ Tempo mediano: 3.363414 s (5 run validi)
    Speedup: 4.77x, Efficienza: 79.4%
[7/128] Testing 7 threads (8000x8000)
  Cache warm-up...
  Run 1/5...
    ✓ Tempo: 2.913162 s
  Run 2/5...
    ✓ Tempo: 2.918249 s
  Run 3/5...
    ✓ Tempo: 2.916692 s
  Run 4/5...
    ✓ Tempo: 2.915700 s
  Run 5/5...
    ✓ Tempo: 2.916249 s
  ✓ Tempo mediano: 2.916249 s (5 run validi)
    Speedup: 5.50x, Efficienza: 78.5%
[8/128] Testing 8 threads (8000x8000)
  Cache warm-up...
  Run 1/5...
    ✓ Tempo: 2.568229 s
  Run 2/5...
    ✓ Tempo: 2.569655 s
  Run 3/5...
    ✓ Tempo: 2.574068 s
  Run 4/5...
    ✓ Tempo: 2.569915 s
  Run 5/5...
    ✓ Tempo: 2.568216 s
  ✓ Tempo mediano: 2.569655 s (5 run validi)
    Speedup: 6.24x, Efficienza: 78.0%
[9/128] Testing 9 threads (8000x8000)
  Cache warm-up...
  Run 1/5...
    ✓ Tempo: 1.858989 s
  Run 2/5...
    ✓ Tempo: 1.859155 s
  Run 3/5...
    ✓ Tempo: 1.854383 s
  Run 4/5...
    ✓ Tempo: 1.854257 s
  Run 5/5...
    ✓ Tempo: 1.854502 s
  ✓ Tempo mediano: 1.854502 s (5 run validi)
    Speedup: 8.64x, Efficienza: 96.1%
[10/128] Testing 10 threads (8000x8000)
  Cache warm-up...
  Run 1/5...
    ✓ Tempo: 1.681025 s
  Run 2/5...
    ✓ Tempo: 1.671151 s
  Run 3/5...
    ✓ Tempo: 1.675738 s
  Run 4/5...
    ✓ Tempo: 1.673245 s
  Run 5/5...
    ✓ Tempo: 1.673140 s
  ✓ Tempo mediano: 1.673245 s (5 run validi)
    Speedup: 9.58x, Efficienza: 95.8%
[11/128] Testing 11 threads (8000x8000)
  Cache warm-up...
  Run 1/5...
    ✓ Tempo: 1.515117 s
  Run 2/5...
    ✓ Tempo: 1.515119 s
  Run 3/5...
    ✓ Tempo: 1.514665 s
  Run 4/5...
    ✓ Tempo: 1.517992 s
  Run 5/5...
    ✓ Tempo: 1.514620 s
  ✓ Tempo mediano: 1.515117 s (5 run validi)
    Speedup: 10.58x, Efficienza: 96.2%
[12/128] Testing 12 threads (8000x8000)
  Cache warm-up...
  Run 1/5...
    ✓ Tempo: 1.391489 s
  Run 2/5...
    ✓ Tempo: 1.393520 s
  Run 3/5...
    ✓ Tempo: 1.391732 s
  Run 4/5...
    ✓ Tempo: 1.392446 s
  Run 5/5...
    ✓ Tempo: 1.391839 s
  ✓ Tempo mediano: 1.391839 s (5 run validi)
    Speedup: 11.52x, Efficienza: 96.0%
[13/128] Testing 13 threads (8000x8000)
  Cache warm-up...
  Run 1/5...
    ✓ Tempo: 1.285858 s
  Run 2/5...
    ✓ Tempo: 1.284865 s
  Run 3/5...
    ✓ Tempo: 1.287201 s
  Run 4/5...
    ✓ Tempo: 1.287104 s
  Run 5/5...
    ✓ Tempo: 1.285984 s
  ✓ Tempo mediano: 1.285984 s (5 run validi)
    Speedup: 12.47x, Efficienza: 95.9%
[14/128] Testing 14 threads (8000x8000)
  Cache warm-up...
  Run 1/5...
    ✓ Tempo: 1.196489 s
  Run 2/5...
    ✓ Tempo: 1.197696 s
  Run 3/5...
    ✓ Tempo: 1.195866 s
  Run 4/5...
    ✓ Tempo: 1.197114 s
  Run 5/5...
    ✓ Tempo: 1.198485 s
  ✓ Tempo mediano: 1.197114 s (5 run validi)
    Speedup: 13.39x, Efficienza: 95.7%
[15/128] Testing 15 threads (8000x8000)
  Cache warm-up...
  Run 1/5...
    ✓ Tempo: 1.115651 s
  Run 2/5...
    ✓ Tempo: 1.116579 s
  Run 3/5...
    ✓ Tempo: 1.116496 s
  Run 4/5...
    ✓ Tempo: 1.115128 s
  Run 5/5...
    ✓ Tempo: 1.115616 s
  ✓ Tempo mediano: 1.115651 s (5 run validi)
    Speedup: 14.37x, Efficienza: 95.8%
[16/128] Testing 16 threads (8000x8000)
  Cache warm-up...
  Run 1/5...
    ✓ Tempo: 1.048607 s
  Run 2/5...
    ✓ Tempo: 1.048430 s
  Run 3/5...
    ✓ Tempo: 1.048112 s
  Run 4/5...
    ✓ Tempo: 1.050089 s
  Run 5/5...
    ✓ Tempo: 1.048740 s
  ✓ Tempo mediano: 1.048607 s (5 run validi)
    Speedup: 15.29x, Efficienza: 95.6%
[17/128] Testing 17 threads (8000x8000)
  Cache warm-up...
  Run 1/5...
    ✓ Tempo: 0.984476 s
  Run 2/5...
    ✓ Tempo: 0.982838 s
  Run 3/5...
    ✓ Tempo: 0.984794 s
  Run 4/5...
    ✓ Tempo: 0.983601 s
  Run 5/5...
    ✓ Tempo: 0.986252 s
  ✓ Tempo mediano: 0.984476 s (5 run validi)
    Speedup: 16.28x, Efficienza: 95.8%
[18/128] Testing 18 threads (8000x8000)
  Cache warm-up...
  Run 1/5...
    ✓ Tempo: 0.930820 s
  Run 2/5...
    ✓ Tempo: 0.931337 s
  Run 3/5...
    ✓ Tempo: 0.931072 s
  Run 4/5...
    ✓ Tempo: 0.930321 s
  Run 5/5...
    ✓ Tempo: 0.930644 s
  ✓ Tempo mediano: 0.930820 s (5 run validi)
    Speedup: 17.22x, Efficienza: 95.7%
[19/128] Testing 19 threads (8000x8000)
  Cache warm-up...
  Run 1/5...
    ✓ Tempo: 0.880975 s
  Run 2/5...
    ✓ Tempo: 0.881322 s
  Run 3/5...
    ✓ Tempo: 0.965150 s
  Run 4/5...
    ✓ Tempo: 0.881707 s
  Run 5/5...
    ✓ Tempo: 0.881951 s
  ✓ Tempo mediano: 0.881707 s (5 run validi)
    Speedup: 18.18x, Efficienza: 95.7%
[20/128] Testing 20 threads (8000x8000)
  Cache warm-up...
  Run 1/5...
    ✓ Tempo: 0.841119 s
  Run 2/5...
    ✓ Tempo: 0.840194 s
  Run 3/5...
    ✓ Tempo: 0.838616 s
  Run 4/5...
    ✓ Tempo: 0.840460 s
  Run 5/5...
    ✓ Tempo: 0.840280 s
  ✓ Tempo mediano: 0.840280 s (5 run validi)
    Speedup: 19.08x, Efficienza: 95.4%
[21/128] Testing 21 threads (8000x8000)
  Cache warm-up...
  Run 1/5...
    ✓ Tempo: 0.799767 s
  Run 2/5...
    ✓ Tempo: 0.798515 s
  Run 3/5...
    ✓ Tempo: 0.797375 s
  Run 4/5...
    ✓ Tempo: 0.798330 s
  Run 5/5...
    ✓ Tempo: 0.799056 s
  ✓ Tempo mediano: 0.798515 s (5 run validi)
    Speedup: 20.08x, Efficienza: 95.6%
[22/128] Testing 22 threads (8000x8000)
  Cache warm-up...
  Run 1/5...
    ✓ Tempo: 0.774340 s
  Run 2/5...
    ✓ Tempo: 0.773739 s
  Run 3/5...
    ✓ Tempo: 0.774101 s
  Run 4/5...
    ✓ Tempo: 0.773556 s
  Run 5/5...
    ✓ Tempo: 0.774254 s
  ✓ Tempo mediano: 0.774101 s (5 run validi)
    Speedup: 20.71x, Efficienza: 94.1%
[23/128] Testing 23 threads (8000x8000)
  Cache warm-up...
  Run 1/5...
    ✓ Tempo: 0.743035 s
  Run 2/5...
    ✓ Tempo: 0.742366 s
  Run 3/5...
    ✓ Tempo: 0.741993 s
  Run 4/5...
    ✓ Tempo: 0.741814 s
  Run 5/5...
    ✓ Tempo: 0.742137 s
  ✓ Tempo mediano: 0.742137 s (5 run validi)
    Speedup: 21.60x, Efficienza: 93.9%
[24/128] Testing 24 threads (8000x8000)
  Cache warm-up...
  Run 1/5...
    ✓ Tempo: 0.697379 s
  Run 2/5...
    ✓ Tempo: 0.695602 s
  Run 3/5...
    ✓ Tempo: 0.696533 s
  Run 4/5...
    ✓ Tempo: 0.696980 s
  Run 5/5...
    ✓ Tempo: 0.694847 s
  ✓ Tempo mediano: 0.696533 s (5 run validi)
    Speedup: 23.02x, Efficienza: 95.9%
[25/128] Testing 25 threads (8000x8000)
  Cache warm-up...
  Run 1/5...
    ✓ Tempo: 0.671740 s
  Run 2/5...
    ✓ Tempo: 0.670832 s
  Run 3/5...
    ✓ Tempo: 0.672086 s
  Run 4/5...
    ✓ Tempo: 0.671499 s
  Run 5/5...
    ✓ Tempo: 0.671732 s
  ✓ Tempo mediano: 0.671732 s (5 run validi)
    Speedup: 23.87x, Efficienza: 95.5%
[26/128] Testing 26 threads (8000x8000)
  Cache warm-up...
  Run 1/5...
    ✓ Tempo: 0.659263 s
  Run 2/5...
    ✓ Tempo: 0.659078 s
  Run 3/5...
    ✓ Tempo: 0.660788 s
  Run 4/5...
    ✓ Tempo: 0.659084 s
  Run 5/5...
    ✓ Tempo: 0.659184 s
  ✓ Tempo mediano: 0.659184 s (5 run validi)
    Speedup: 24.32x, Efficienza: 93.5%
[27/128] Testing 27 threads (8000x8000)
  Cache warm-up...
  Run 1/5...
    ✓ Tempo: 0.620558 s
  Run 2/5...
    ✓ Tempo: 0.619504 s
  Run 3/5...
    ✓ Tempo: 0.620424 s
  Run 4/5...
    ✓ Tempo: 0.619548 s
  Run 5/5...
    ✓ Tempo: 0.620227 s
  ✓ Tempo mediano: 0.620227 s (5 run validi)
    Speedup: 25.85x, Efficienza: 95.7%
[28/128] Testing 28 threads (8000x8000)
  Cache warm-up...
  Run 1/5...
    ✓ Tempo: 0.601469 s
  Run 2/5...
    ✓ Tempo: 0.601710 s
  Run 3/5...
    ✓ Tempo: 0.601839 s
  Run 4/5...
    ✓ Tempo: 0.602456 s
  Run 5/5...
    ✓ Tempo: 0.601895 s
  ✓ Tempo mediano: 0.601839 s (5 run validi)
    Speedup: 26.64x, Efficienza: 95.1%
[29/128] Testing 29 threads (8000x8000)
  Cache warm-up...
  Run 1/5...
    ✓ Tempo: 0.598066 s
  Run 2/5...
    ✓ Tempo: 0.591715 s
  Run 3/5...
    ✓ Tempo: 0.593468 s
  Run 4/5...
    ✓ Tempo: 0.594424 s
  Run 5/5...
    ✓ Tempo: 0.592199 s
  ✓ Tempo mediano: 0.593468 s (5 run validi)
    Speedup: 27.01x, Efficienza: 93.2%
[30/128] Testing 30 threads (8000x8000)
  Cache warm-up...
  Run 1/5...
    ✓ Tempo: 0.570485 s
  Run 2/5...
    ✓ Tempo: 0.570506 s
  Run 3/5...
    ✓ Tempo: 0.569901 s
  Run 4/5...
    ✓ Tempo: 0.570188 s
  Run 5/5...
    ✓ Tempo: 0.569853 s
  ✓ Tempo mediano: 0.570188 s (5 run validi)
    Speedup: 28.12x, Efficienza: 93.7%
[31/128] Testing 31 threads (8000x8000)
  Cache warm-up...
  Run 1/5...
    ✓ Tempo: 0.547837 s
  Run 2/5...
    ✓ Tempo: 0.548437 s
  Run 3/5...
    ✓ Tempo: 0.548886 s
  Run 4/5...
    ✓ Tempo: 0.548439 s
  Run 5/5...
    ✓ Tempo: 0.547636 s
  ✓ Tempo mediano: 0.548437 s (5 run validi)
    Speedup: 29.23x, Efficienza: 94.3%
[32/128] Testing 32 threads (8000x8000)
  Cache warm-up...
  Run 1/5...
    ✓ Tempo: 0.532748 s
  Run 2/5...
    ✓ Tempo: 0.532506 s
  Run 3/5...
    ✓ Tempo: 0.532379 s
  Run 4/5...
    ✓ Tempo: 0.533276 s
  Run 5/5...
    ✓ Tempo: 0.532261 s
  ✓ Tempo mediano: 0.532506 s (5 run validi)
    Speedup: 30.11x, Efficienza: 94.1%
[33/128] Testing 33 threads (8000x8000)
  Cache warm-up...
  Run 1/5...
    ✓ Tempo: 0.491800 s
  Run 2/5...
    ✓ Tempo: 0.490700 s
  Run 3/5...
    ✓ Tempo: 0.490660 s
  Run 4/5...
    ✓ Tempo: 0.490630 s
  Run 5/5...
    ✓ Tempo: 0.491832 s
  ✓ Tempo mediano: 0.490700 s (5 run validi)
    Speedup: 32.67x, Efficienza: 99.0%
[34/128] Testing 34 threads (8000x8000)
  Cache warm-up...
  Run 1/5...
    ✓ Tempo: 0.476048 s
  Run 2/5...
    ✓ Tempo: 0.476747 s
  Run 3/5...
    ✓ Tempo: 0.476511 s
  Run 4/5...
    ✓ Tempo: 0.476560 s
  Run 5/5...
    ✓ Tempo: 0.477200 s
  ✓ Tempo mediano: 0.476560 s (5 run validi)
    Speedup: 33.64x, Efficienza: 98.9%
[35/128] Testing 35 threads (8000x8000)
  Cache warm-up...
  Run 1/5...
    ✓ Tempo: 0.464786 s
  Run 2/5...
    ✓ Tempo: 0.464543 s
  Run 3/5...
    ✓ Tempo: 0.464526 s
  Run 4/5...
    ✓ Tempo: 0.465372 s
  Run 5/5...
    ✓ Tempo: 0.463780 s
  ✓ Tempo mediano: 0.464543 s (5 run validi)
    Speedup: 34.51x, Efficienza: 98.6%
[36/128] Testing 36 threads (8000x8000)
  Cache warm-up...
  Run 1/5...
    ✓ Tempo: 0.453042 s
  Run 2/5...
    ✓ Tempo: 0.452928 s
  Run 3/5...
    ✓ Tempo: 0.451627 s
  Run 4/5...
    ✓ Tempo: 0.452823 s
  Run 5/5...
    ✓ Tempo: 0.452076 s
  ✓ Tempo mediano: 0.452823 s (5 run validi)
    Speedup: 35.40x, Efficienza: 98.3%
[37/128] Testing 37 threads (8000x8000)
  Cache warm-up...
  Run 1/5...
    ✓ Tempo: 0.436994 s
  Run 2/5...
    ✓ Tempo: 0.436829 s
  Run 3/5...
    ✓ Tempo: 0.436866 s
  Run 4/5...
    ✓ Tempo: 0.437381 s
  Run 5/5...
    ✓ Tempo: 0.459010 s
  ✓ Tempo mediano: 0.436994 s (5 run validi)
    Speedup: 36.69x, Efficienza: 99.2%
[38/128] Testing 38 threads (8000x8000)
  Cache warm-up...
  Run 1/5...
    ✓ Tempo: 0.426835 s
  Run 2/5...
    ✓ Tempo: 0.426872 s
  Run 3/5...
    ✓ Tempo: 0.427335 s
  Run 4/5...
    ✓ Tempo: 0.426653 s
  Run 5/5...
    ✓ Tempo: 0.427172 s
  ✓ Tempo mediano: 0.426872 s (5 run validi)
    Speedup: 37.56x, Efficienza: 98.8%
[39/128] Testing 39 threads (8000x8000)
  Cache warm-up...
  Run 1/5...
    ✓ Tempo: 0.417909 s
  Run 2/5...
    ✓ Tempo: 0.417400 s
  Run 3/5...
    ✓ Tempo: 0.417849 s
  Run 4/5...
    ✓ Tempo: 0.417480 s
  Run 5/5...
    ✓ Tempo: 0.417950 s
  ✓ Tempo mediano: 0.417849 s (5 run validi)
    Speedup: 38.37x, Efficienza: 98.4%
[40/128] Testing 40 threads (8000x8000)
  Cache warm-up...
  Run 1/5...
    ✓ Tempo: 0.404887 s
  Run 2/5...
    ✓ Tempo: 0.405317 s
  Run 3/5...
    ✓ Tempo: 0.405209 s
  Run 4/5...
    ✓ Tempo: 0.404852 s
  Run 5/5...
    ✓ Tempo: 0.405379 s
  ✓ Tempo mediano: 0.405209 s (5 run validi)
    Speedup: 39.56x, Efficienza: 98.9%
[41/128] Testing 41 threads (8000x8000)
  Cache warm-up...
  Run 1/5...
    ✓ Tempo: 0.396388 s
  Run 2/5...
    ✓ Tempo: 0.395687 s
  Run 3/5...
    ✓ Tempo: 0.397178 s
  Run 4/5...
    ✓ Tempo: 0.427399 s
  Run 5/5...
    ✓ Tempo: 0.395551 s
  ✓ Tempo mediano: 0.396388 s (5 run validi)
    Speedup: 40.45x, Efficienza: 98.6%
[42/128] Testing 42 threads (8000x8000)
  Cache warm-up...
  Run 1/5...
    ✓ Tempo: 0.388691 s
  Run 2/5...
    ✓ Tempo: 0.388196 s
  Run 3/5...
    ✓ Tempo: 0.388763 s
  Run 4/5...
    ✓ Tempo: 0.388019 s
  Run 5/5...
    ✓ Tempo: 0.388518 s
  ✓ Tempo mediano: 0.388518 s (5 run validi)
    Speedup: 41.26x, Efficienza: 98.2%
[43/128] Testing 43 threads (8000x8000)
  Cache warm-up...
  Run 1/5...
    ✓ Tempo: 0.377417 s
  Run 2/5...
    ✓ Tempo: 0.376970 s
  Run 3/5...
    ✓ Tempo: 0.377186 s
  Run 4/5...
    ✓ Tempo: 0.377675 s
  Run 5/5...
    ✓ Tempo: 0.377527 s
  ✓ Tempo mediano: 0.377417 s (5 run validi)
    Speedup: 42.48x, Efficienza: 98.8%
[44/128] Testing 44 threads (8000x8000)
  Cache warm-up...
  Run 1/5...
    ✓ Tempo: 0.371384 s
  Run 2/5...
    ✓ Tempo: 0.370556 s
  Run 3/5...
    ✓ Tempo: 0.371118 s
  Run 4/5...
    ✓ Tempo: 0.370633 s
  Run 5/5...
    ✓ Tempo: 0.370810 s
  ✓ Tempo mediano: 0.370810 s (5 run validi)
    Speedup: 43.24x, Efficienza: 98.3%
[45/128] Testing 45 threads (8000x8000)
  Cache warm-up...
  Run 1/5...
    ✓ Tempo: 0.360351 s
  Run 2/5...
    ✓ Tempo: 0.360902 s
  Run 3/5...
    ✓ Tempo: 0.360107 s
  Run 4/5...
    ✓ Tempo: 0.361431 s
  Run 5/5...
    ✓ Tempo: 0.360433 s
  ✓ Tempo mediano: 0.360433 s (5 run validi)
    Speedup: 44.48x, Efficienza: 98.8%
[46/128] Testing 46 threads (8000x8000)
  Cache warm-up...
  Run 1/5...
    ✓ Tempo: 0.354837 s
  Run 2/5...
    ✓ Tempo: 0.354642 s
  Run 3/5...
    ✓ Tempo: 0.354802 s
  Run 4/5...
    ✓ Tempo: 0.355168 s
  Run 5/5...
    ✓ Tempo: 0.354445 s
  ✓ Tempo mediano: 0.354802 s (5 run validi)
    Speedup: 45.19x, Efficienza: 98.2%
[47/128] Testing 47 threads (8000x8000)
  Cache warm-up...
  Run 1/5...
    ✓ Tempo: 0.346403 s
  Run 2/5...
    ✓ Tempo: 0.346037 s
  Run 3/5...
    ✓ Tempo: 0.345779 s
  Run 4/5...
    ✓ Tempo: 0.345736 s
  Run 5/5...
    ✓ Tempo: 0.346435 s
  ✓ Tempo mediano: 0.346037 s (5 run validi)
    Speedup: 46.33x, Efficienza: 98.6%
[48/128] Testing 48 threads (8000x8000)
  Cache warm-up...
  Run 1/5...
    ✓ Tempo: 0.339972 s
  Run 2/5...
    ✓ Tempo: 0.340053 s
  Run 3/5...
    ✓ Tempo: 0.339994 s
  Run 4/5...
    ✓ Tempo: 0.339913 s
  Run 5/5...
    ✓ Tempo: 0.340346 s
  ✓ Tempo mediano: 0.339994 s (5 run validi)
    Speedup: 47.15x, Efficienza: 98.2%
[49/128] Testing 49 threads (8000x8000)
  Cache warm-up...
  Run 1/5...
    ✓ Tempo: 0.332678 s
  Run 2/5...
    ✓ Tempo: 0.332907 s
  Run 3/5...
    ✓ Tempo: 0.333033 s
  Run 4/5...
    ✓ Tempo: 0.332569 s
  Run 5/5...
    ✓ Tempo: 0.332308 s
  ✓ Tempo mediano: 0.332678 s (5 run validi)
    Speedup: 48.19x, Efficienza: 98.3%
[50/128] Testing 50 threads (8000x8000)
  Cache warm-up...
  Run 1/5...
    ✓ Tempo: 0.325369 s
  Run 2/5...
    ✓ Tempo: 0.325109 s
  Run 3/5...
    ✓ Tempo: 0.325437 s
  Run 4/5...
    ✓ Tempo: 0.325206 s
  Run 5/5...
    ✓ Tempo: 0.325193 s
  ✓ Tempo mediano: 0.325206 s (5 run validi)
    Speedup: 49.30x, Efficienza: 98.6%
[51/128] Testing 51 threads (8000x8000)
  Cache warm-up...
  Run 1/5...
    ✓ Tempo: 0.321425 s
  Run 2/5...
    ✓ Tempo: 0.320946 s
  Run 3/5...
    ✓ Tempo: 0.320862 s
  Run 4/5...
    ✓ Tempo: 0.321252 s
  Run 5/5...
    ✓ Tempo: 0.321111 s
  ✓ Tempo mediano: 0.321111 s (5 run validi)
    Speedup: 49.93x, Efficienza: 97.9%
[52/128] Testing 52 threads (8000x8000)
  Cache warm-up...
  Run 1/5...
    ✓ Tempo: 0.313578 s
  Run 2/5...
    ✓ Tempo: 0.313397 s
  Run 3/5...
    ✓ Tempo: 0.312790 s
  Run 4/5...
    ✓ Tempo: 0.313065 s
  Run 5/5...
    ✓ Tempo: 0.313604 s
  ✓ Tempo mediano: 0.313397 s (5 run validi)
    Speedup: 51.16x, Efficienza: 98.4%
[53/128] Testing 53 threads (8000x8000)
  Cache warm-up...
  Run 1/5...
    ✓ Tempo: 0.306998 s
  Run 2/5...
    ✓ Tempo: 0.306781 s
  Run 3/5...
    ✓ Tempo: 0.307487 s
  Run 4/5...
    ✓ Tempo: 0.307015 s
  Run 5/5...
    ✓ Tempo: 0.307465 s
  ✓ Tempo mediano: 0.307015 s (5 run validi)
    Speedup: 52.22x, Efficienza: 98.5%
[54/128] Testing 54 threads (8000x8000)
  Cache warm-up...
  Run 1/5...
    ✓ Tempo: 0.303197 s
  Run 2/5...
    ✓ Tempo: 0.303582 s
  Run 3/5...
    ✓ Tempo: 0.303019 s
  Run 4/5...
    ✓ Tempo: 0.303470 s
  Run 5/5...
    ✓ Tempo: 0.303346 s
  ✓ Tempo mediano: 0.303346 s (5 run validi)
    Speedup: 52.85x, Efficienza: 97.9%
[55/128] Testing 55 threads (8000x8000)
  Cache warm-up...
  Run 1/5...
    ✓ Tempo: 0.296419 s
  Run 2/5...
    ✓ Tempo: 0.296548 s
  Run 3/5...
    ✓ Tempo: 0.296358 s
  Run 4/5...
    ✓ Tempo: 0.296584 s
  Run 5/5...
    ✓ Tempo: 0.295875 s
  ✓ Tempo mediano: 0.296419 s (5 run validi)
    Speedup: 54.09x, Efficienza: 98.3%
[56/128] Testing 56 threads (8000x8000)
  Cache warm-up...
  Run 1/5...
    ✓ Tempo: 0.290881 s
  Run 2/5...
    ✓ Tempo: 0.291431 s
  Run 3/5...
    ✓ Tempo: 0.290839 s
  Run 4/5...
    ✓ Tempo: 0.290495 s
  Run 5/5...
    ✓ Tempo: 0.290328 s
  ✓ Tempo mediano: 0.290839 s (5 run validi)
    Speedup: 55.12x, Efficienza: 98.4%
[57/128] Testing 57 threads (8000x8000)
  Cache warm-up...
  Run 1/5...
    ✓ Tempo: 0.287994 s
  Run 2/5...
    ✓ Tempo: 0.287020 s
  Run 3/5...
    ✓ Tempo: 0.287077 s
  Run 4/5...
    ✓ Tempo: 0.287278 s
  Run 5/5...
    ✓ Tempo: 0.287420 s
  ✓ Tempo mediano: 0.287278 s (5 run validi)
    Speedup: 55.81x, Efficienza: 97.9%
[58/128] Testing 58 threads (8000x8000)
  Cache warm-up...
  Run 1/5...
    ✓ Tempo: 0.281154 s
  Run 2/5...
    ✓ Tempo: 0.281506 s
  Run 3/5...
    ✓ Tempo: 0.281967 s
  Run 4/5...
    ✓ Tempo: 0.281287 s
  Run 5/5...
    ✓ Tempo: 0.282117 s
  ✓ Tempo mediano: 0.281506 s (5 run validi)
    Speedup: 56.95x, Efficienza: 98.2%
[59/128] Testing 59 threads (8000x8000)
  Cache warm-up...
  Run 1/5...
    ✓ Tempo: 0.276205 s
  Run 2/5...
    ✓ Tempo: 0.276022 s
  Run 3/5...
    ✓ Tempo: 0.275674 s
  Run 4/5...
    ✓ Tempo: 0.276658 s
  Run 5/5...
    ✓ Tempo: 0.275622 s
  ✓ Tempo mediano: 0.276022 s (5 run validi)
    Speedup: 58.08x, Efficienza: 98.4%
[60/128] Testing 60 threads (8000x8000)
  Cache warm-up...
  Run 1/5...
    ✓ Tempo: 0.273797 s
  Run 2/5...
    ✓ Tempo: 0.272966 s
  Run 3/5...
    ✓ Tempo: 0.272855 s
  Run 4/5...
    ✓ Tempo: 0.273523 s
  Run 5/5...
    ✓ Tempo: 0.273304 s
  ✓ Tempo mediano: 0.273304 s (5 run validi)
    Speedup: 58.66x, Efficienza: 97.8%
[61/128] Testing 61 threads (8000x8000)
  Cache warm-up...
  Run 1/5...
    ✓ Tempo: 0.269423 s
  Run 2/5...
    ✓ Tempo: 0.268735 s
  Run 3/5...
    ✓ Tempo: 0.268638 s
  Run 4/5...
    ✓ Tempo: 0.268713 s
  Run 5/5...
    ✓ Tempo: 0.268905 s
  ✓ Tempo mediano: 0.268735 s (5 run validi)
    Speedup: 59.66x, Efficienza: 97.8%
[62/128] Testing 62 threads (8000x8000)
  Cache warm-up...
  Run 1/5...
    ✓ Tempo: 0.263812 s
  Run 2/5...
    ✓ Tempo: 0.263148 s
  Run 3/5...
    ✓ Tempo: 0.263038 s
  Run 4/5...
    ✓ Tempo: 0.263211 s
  Run 5/5...
    ✓ Tempo: 0.263286 s
  ✓ Tempo mediano: 0.263211 s (5 run validi)
    Speedup: 60.91x, Efficienza: 98.2%
[63/128] Testing 63 threads (8000x8000)
  Cache warm-up...
  Run 1/5...
    ✓ Tempo: 0.259115 s
  Run 2/5...
    ✓ Tempo: 0.259021 s
  Run 3/5...
    ✓ Tempo: 0.259129 s
  Run 4/5...
    ✓ Tempo: 0.259194 s
  Run 5/5...
    ✓ Tempo: 0.259470 s
  ✓ Tempo mediano: 0.259129 s (5 run validi)
    Speedup: 61.87x, Efficienza: 98.2%
[64/128] Testing 64 threads (8000x8000)
  Cache warm-up...
  Run 1/5...
    ✓ Tempo: 0.351586 s
  Run 2/5...
    ✓ Tempo: 0.351185 s
  Run 3/5...
    ✓ Tempo: 0.351249 s
  Run 4/5...
    ✓ Tempo: 0.351241 s
  Run 5/5...
    ✓ Tempo: 0.351280 s
  ✓ Tempo mediano: 0.351249 s (5 run validi)
    Speedup: 45.64x, Efficienza: 71.3%
[65/128] Testing 65 threads (8000x8000)
  Cache warm-up...
  Run 1/5...
    ✓ Tempo: 0.348881 s
  Run 2/5...
    ✓ Tempo: 0.348519 s
  Run 3/5...
    ✓ Tempo: 0.348402 s
  Run 4/5...
    ✓ Tempo: 0.348560 s
  Run 5/5...
    ✓ Tempo: 0.348440 s
  ✓ Tempo mediano: 0.348519 s (5 run validi)
    Speedup: 46.00x, Efficienza: 70.8%
[66/128] Testing 66 threads (8000x8000)
  Cache warm-up...
  Run 1/5...
    ✓ Tempo: 0.340348 s
  Run 2/5...
    ✓ Tempo: 0.339850 s
  Run 3/5...
    ✓ Tempo: 0.340309 s
  Run 4/5...
    ✓ Tempo: 0.340053 s
  Run 5/5...
    ✓ Tempo: 0.340230 s
  ✓ Tempo mediano: 0.340230 s (5 run validi)
    Speedup: 47.12x, Efficienza: 71.4%
[67/128] Testing 67 threads (8000x8000)
  Cache warm-up...
  Run 1/5...
    ✓ Tempo: 0.338778 s
  Run 2/5...
    ✓ Tempo: 0.338434 s
  Run 3/5...
    ✓ Tempo: 0.338458 s
  Run 4/5...
    ✓ Tempo: 0.338364 s
  Run 5/5...
    ✓ Tempo: 0.338511 s
  ✓ Tempo mediano: 0.338458 s (5 run validi)
    Speedup: 47.37x, Efficienza: 70.7%
[68/128] Testing 68 threads (8000x8000)
  Cache warm-up...
  Run 1/5...
    ✓ Tempo: 0.330218 s
  Run 2/5...
    ✓ Tempo: 0.330150 s
  Run 3/5...
    ✓ Tempo: 0.330006 s
  Run 4/5...
    ✓ Tempo: 0.330189 s
  Run 5/5...
    ✓ Tempo: 0.330138 s
  ✓ Tempo mediano: 0.330150 s (5 run validi)
    Speedup: 48.56x, Efficienza: 71.4%
[69/128] Testing 69 threads (8000x8000)
  Cache warm-up...
  Run 1/5...
    ✓ Tempo: 0.327629 s
  Run 2/5...
    ✓ Tempo: 0.327889 s
  Run 3/5...
    ✓ Tempo: 0.327995 s
  Run 4/5...
    ✓ Tempo: 0.327796 s
  Run 5/5...
    ✓ Tempo: 0.327643 s
  ✓ Tempo mediano: 0.327796 s (5 run validi)
    Speedup: 48.91x, Efficienza: 70.9%
[70/128] Testing 70 threads (8000x8000)
  Cache warm-up...
  Run 1/5...
    ✓ Tempo: 0.324287 s
  Run 2/5...
    ✓ Tempo: 0.324412 s
  Run 3/5...
    ✓ Tempo: 0.324197 s
  Run 4/5...
    ✓ Tempo: 0.324595 s
  Run 5/5...
    ✓ Tempo: 0.324292 s
  ✓ Tempo mediano: 0.324292 s (5 run validi)
    Speedup: 49.44x, Efficienza: 70.6%
[71/128] Testing 71 threads (8000x8000)
  Cache warm-up...
  Run 1/5...
    ✓ Tempo: 0.317539 s
  Run 2/5...
    ✓ Tempo: 0.317572 s
  Run 3/5...
    ✓ Tempo: 0.317398 s
  Run 4/5...
    ✓ Tempo: 0.317359 s
  Run 5/5...
    ✓ Tempo: 0.317304 s
  ✓ Tempo mediano: 0.317398 s (5 run validi)
    Speedup: 50.51x, Efficienza: 71.1%
[72/128] Testing 72 threads (8000x8000)
  Cache warm-up...
  Run 1/5...
    ✓ Tempo: 0.314235 s
  Run 2/5...
    ✓ Tempo: 0.314335 s
  Run 3/5...
    ✓ Tempo: 0.314246 s
  Run 4/5...
    ✓ Tempo: 0.314581 s
  Run 5/5...
    ✓ Tempo: 0.314343 s
  ✓ Tempo mediano: 0.314335 s (5 run validi)
    Speedup: 51.00x, Efficienza: 70.8%
[73/128] Testing 73 threads (8000x8000)
  Cache warm-up...
  Run 1/5...
    ✓ Tempo: 0.312076 s
  Run 2/5...
    ✓ Tempo: 0.311757 s
  Run 3/5...
    ✓ Tempo: 0.312144 s
  Run 4/5...
    ✓ Tempo: 0.312076 s
  Run 5/5...
    ✓ Tempo: 0.312040 s
  ✓ Tempo mediano: 0.312076 s (5 run validi)
    Speedup: 51.37x, Efficienza: 70.4%
[74/128] Testing 74 threads (8000x8000)
  Cache warm-up...
  Run 1/5...
    ✓ Tempo: 0.304764 s
  Run 2/5...
    ✓ Tempo: 0.304585 s
  Run 3/5...
    ✓ Tempo: 0.304153 s
  Run 4/5...
    ✓ Tempo: 0.304457 s
  Run 5/5...
    ✓ Tempo: 0.304473 s
  ✓ Tempo mediano: 0.304473 s (5 run validi)
    Speedup: 52.66x, Efficienza: 71.2%
[75/128] Testing 75 threads (8000x8000)
  Cache warm-up...
  Run 1/5...
    ✓ Tempo: 0.301630 s
  Run 2/5...
    ✓ Tempo: 0.301227 s
  Run 3/5...
    ✓ Tempo: 0.300949 s
  Run 4/5...
    ✓ Tempo: 0.301104 s
  Run 5/5...
    ✓ Tempo: 0.301419 s
  ✓ Tempo mediano: 0.301227 s (5 run validi)
    Speedup: 53.22x, Efficienza: 71.0%
[76/128] Testing 76 threads (8000x8000)
  Cache warm-up...
  Run 1/5...
    ✓ Tempo: 0.298773 s
  Run 2/5...
    ✓ Tempo: 0.298427 s
  Run 3/5...
    ✓ Tempo: 0.298813 s
  Run 4/5...
    ✓ Tempo: 0.298783 s
  Run 5/5...
    ✓ Tempo: 0.298644 s
  ✓ Tempo mediano: 0.298773 s (5 run validi)
    Speedup: 53.66x, Efficienza: 70.6%
[77/128] Testing 77 threads (8000x8000)
  Cache warm-up...
  Run 1/5...
    ✓ Tempo: 0.295014 s
  Run 2/5...
    ✓ Tempo: 0.295021 s
  Run 3/5...
    ✓ Tempo: 0.295319 s
  Run 4/5...
    ✓ Tempo: 0.295197 s
  Run 5/5...
    ✓ Tempo: 0.294976 s
  ✓ Tempo mediano: 0.295021 s (5 run validi)
    Speedup: 54.34x, Efficienza: 70.6%
[78/128] Testing 78 threads (8000x8000)
  Cache warm-up...
  Run 1/5...
    ✓ Tempo: 0.289983 s
  Run 2/5...
    ✓ Tempo: 0.289717 s
  Run 3/5...
    ✓ Tempo: 0.289527 s
  Run 4/5...
    ✓ Tempo: 0.289585 s
  Run 5/5...
    ✓ Tempo: 0.290100 s
  ✓ Tempo mediano: 0.289717 s (5 run validi)
    Speedup: 55.34x, Efficienza: 70.9%
[79/128] Testing 79 threads (8000x8000)
  Cache warm-up...
  Run 1/5...
    ✓ Tempo: 0.285532 s
  Run 2/5...
    ✓ Tempo: 0.285332 s
  Run 3/5...
    ✓ Tempo: 0.285237 s
  Run 4/5...
    ✓ Tempo: 0.286192 s
  Run 5/5...
    ✓ Tempo: 0.285408 s
  ✓ Tempo mediano: 0.285408 s (5 run validi)
    Speedup: 56.17x, Efficienza: 71.1%
[80/128] Testing 80 threads (8000x8000)
  Cache warm-up...
  Run 1/5...
    ✓ Tempo: 0.283305 s
  Run 2/5...
    ✓ Tempo: 0.283294 s
  Run 3/5...
    ✓ Tempo: 0.283719 s
  Run 4/5...
    ✓ Tempo: 0.283599 s
  Run 5/5...
    ✓ Tempo: 0.283895 s
  ✓ Tempo mediano: 0.283599 s (5 run validi)
    Speedup: 56.53x, Efficienza: 70.7%
[81/128] Testing 81 threads (8000x8000)
  Cache warm-up...
  Run 1/5...
    ✓ Tempo: 0.280649 s
  Run 2/5...
    ✓ Tempo: 0.280459 s
  Run 3/5...
    ✓ Tempo: 0.280693 s
  Run 4/5...
    ✓ Tempo: 0.280973 s
  Run 5/5...
    ✓ Tempo: 0.280572 s
  ✓ Tempo mediano: 0.280649 s (5 run validi)
    Speedup: 57.12x, Efficienza: 70.5%
[82/128] Testing 82 threads (8000x8000)
  Cache warm-up...
  Run 1/5...
    ✓ Tempo: 0.278025 s
  Run 2/5...
    ✓ Tempo: 0.278356 s
  Run 3/5...
    ✓ Tempo: 0.277927 s
  Run 4/5...
    ✓ Tempo: 0.277990 s
  Run 5/5...
    ✓ Tempo: 0.278156 s
  ✓ Tempo mediano: 0.278025 s (5 run validi)
    Speedup: 57.66x, Efficienza: 70.3%
[83/128] Testing 83 threads (8000x8000)
  Cache warm-up...
  Run 1/5...
    ✓ Tempo: 0.275419 s
  Run 2/5...
    ✓ Tempo: 0.275461 s
  Run 3/5...
    ✓ Tempo: 0.275474 s
  Run 4/5...
    ✓ Tempo: 0.275966 s
  Run 5/5...
    ✓ Tempo: 0.275710 s
  ✓ Tempo mediano: 0.275474 s (5 run validi)
    Speedup: 58.20x, Efficienza: 70.1%
[84/128] Testing 84 threads (8000x8000)
  Cache warm-up...
  Run 1/5...
    ✓ Tempo: 0.271487 s
  Run 2/5...
    ✓ Tempo: 0.271450 s
  Run 3/5...
    ✓ Tempo: 0.272334 s
  Run 4/5...
    ✓ Tempo: 0.271703 s
  Run 5/5...
    ✓ Tempo: 0.271613 s
  ✓ Tempo mediano: 0.271613 s (5 run validi)
    Speedup: 59.03x, Efficienza: 70.3%
[85/128] Testing 85 threads (8000x8000)
  Cache warm-up...
  Run 1/5...
    ✓ Tempo: 0.269631 s
  Run 2/5...
    ✓ Tempo: 0.270008 s
  Run 3/5...
    ✓ Tempo: 0.269852 s
  Run 4/5...
    ✓ Tempo: 0.269832 s
  Run 5/5...
    ✓ Tempo: 0.269771 s
  ✓ Tempo mediano: 0.269832 s (5 run validi)
    Speedup: 59.41x, Efficienza: 69.9%
[86/128] Testing 86 threads (8000x8000)
  Cache warm-up...
  Run 1/5...
    ✓ Tempo: 0.266442 s
  Run 2/5...
    ✓ Tempo: 0.267165 s
  Run 3/5...
    ✓ Tempo: 0.266876 s
  Run 4/5...
    ✓ Tempo: 0.266783 s
  Run 5/5...
    ✓ Tempo: 0.266968 s
  ✓ Tempo mediano: 0.266876 s (5 run validi)
    Speedup: 60.07x, Efficienza: 69.9%
[87/128] Testing 87 threads (8000x8000)
  Cache warm-up...
  Run 1/5...
    ✓ Tempo: 0.260976 s
  Run 2/5...
    ✓ Tempo: 0.261032 s
  Run 3/5...
    ✓ Tempo: 0.260948 s
  Run 4/5...
    ✓ Tempo: 0.261305 s
  Run 5/5...
    ✓ Tempo: 0.261040 s
  ✓ Tempo mediano: 0.261032 s (5 run validi)
    Speedup: 61.42x, Efficienza: 70.6%
[88/128] Testing 88 threads (8000x8000)
  Cache warm-up...
  Run 1/5...
    ✓ Tempo: 0.261564 s
  Run 2/5...
    ✓ Tempo: 0.261414 s
  Run 3/5...
    ✓ Tempo: 0.261545 s
  Run 4/5...
    ✓ Tempo: 0.261646 s
  Run 5/5...
    ✓ Tempo: 0.261455 s
  ✓ Tempo mediano: 0.261545 s (5 run validi)
    Speedup: 61.30x, Efficienza: 69.7%
[89/128] Testing 89 threads (8000x8000)
  Cache warm-up...
  Run 1/5...
    ✓ Tempo: 0.256574 s
  Run 2/5...
    ✓ Tempo: 0.256769 s
  Run 3/5...
    ✓ Tempo: 0.256478 s
  Run 4/5...
    ✓ Tempo: 0.256597 s
  Run 5/5...
    ✓ Tempo: 0.257014 s
  ✓ Tempo mediano: 0.256597 s (5 run validi)
    Speedup: 62.48x, Efficienza: 70.2%
[90/128] Testing 90 threads (8000x8000)
  Cache warm-up...
  Run 1/5...
    ✓ Tempo: 0.255637 s
  Run 2/5...
    ✓ Tempo: 0.255878 s
  Run 3/5...
    ✓ Tempo: 0.255905 s
  Run 4/5...
    ✓ Tempo: 0.256614 s
  Run 5/5...
    ✓ Tempo: 0.256356 s
  ✓ Tempo mediano: 0.255905 s (5 run validi)
    Speedup: 62.65x, Efficienza: 69.6%
[91/128] Testing 91 threads (8000x8000)
  Cache warm-up...
  Run 1/5...
    ✓ Tempo: 0.252063 s
  Run 2/5...
    ✓ Tempo: 0.251702 s
  Run 3/5...
    ✓ Tempo: 0.252079 s
  Run 4/5...
    ✓ Tempo: 0.251998 s
  Run 5/5...
    ✓ Tempo: 0.252526 s
  ✓ Tempo mediano: 0.252063 s (5 run validi)
    Speedup: 63.60x, Efficienza: 69.9%
[92/128] Testing 92 threads (8000x8000)
  Cache warm-up...
  Run 1/5...
    ✓ Tempo: 0.251196 s
  Run 2/5...
    ✓ Tempo: 0.250618 s
  Run 3/5...
    ✓ Tempo: 0.250732 s
  Run 4/5...
    ✓ Tempo: 0.251107 s
  Run 5/5...
    ✓ Tempo: 0.250467 s
  ✓ Tempo mediano: 0.250732 s (5 run validi)
    Speedup: 63.94x, Efficienza: 69.5%
[93/128] Testing 93 threads (8000x8000)
  Cache warm-up...
  Run 1/5...
    ✓ Tempo: 0.247129 s
  Run 2/5...
    ✓ Tempo: 0.246910 s
  Run 3/5...
    ✓ Tempo: 0.247576 s
  Run 4/5...
    ✓ Tempo: 0.247200 s
  Run 5/5...
    ✓ Tempo: 0.247649 s
  ✓ Tempo mediano: 0.247200 s (5 run validi)
    Speedup: 64.85x, Efficienza: 69.7%
[94/128] Testing 94 threads (8000x8000)
  Cache warm-up...
  Run 1/5...
    ✓ Tempo: 0.245277 s
  Run 2/5...
    ✓ Tempo: 0.245481 s
  Run 3/5...
    ✓ Tempo: 0.245442 s
  Run 4/5...
    ✓ Tempo: 0.245458 s
  Run 5/5...
    ✓ Tempo: 0.245492 s
  ✓ Tempo mediano: 0.245458 s (5 run validi)
    Speedup: 65.31x, Efficienza: 69.5%
[95/128] Testing 95 threads (8000x8000)
  Cache warm-up...
  Run 1/5...
    ✓ Tempo: 0.242041 s
  Run 2/5...
    ✓ Tempo: 0.242265 s
  Run 3/5...
    ✓ Tempo: 0.241970 s
  Run 4/5...
    ✓ Tempo: 0.242335 s
  Run 5/5...
    ✓ Tempo: 0.242212 s
  ✓ Tempo mediano: 0.242212 s (5 run validi)
    Speedup: 66.19x, Efficienza: 69.7%
[96/128] Testing 96 threads (8000x8000)
  Cache warm-up...
  Run 1/5...
    ✓ Tempo: 0.239493 s
  Run 2/5...
    ✓ Tempo: 0.239741 s
  Run 3/5...
    ✓ Tempo: 0.239784 s
  Run 4/5...
    ✓ Tempo: 0.239851 s
  Run 5/5...
    ✓ Tempo: 0.240057 s
  ✓ Tempo mediano: 0.239784 s (5 run validi)
    Speedup: 66.86x, Efficienza: 69.6%
[97/128] Testing 97 threads (8000x8000)
  Cache warm-up...
  Run 1/5...
    ✓ Tempo: 0.236512 s
  Run 2/5...
    ✓ Tempo: 0.236829 s
  Run 3/5...
    ✓ Tempo: 0.236688 s
  Run 4/5...
    ✓ Tempo: 0.236871 s
  Run 5/5...
    ✓ Tempo: 0.236686 s
  ✓ Tempo mediano: 0.236688 s (5 run validi)
    Speedup: 67.73x, Efficienza: 69.8%
[98/128] Testing 98 threads (8000x8000)
  Cache warm-up...
  Run 1/5...
    ✓ Tempo: 0.234483 s
  Run 2/5...
    ✓ Tempo: 0.233944 s
  Run 3/5...
    ✓ Tempo: 0.234337 s
  Run 4/5...
    ✓ Tempo: 0.233844 s
  Run 5/5...
    ✓ Tempo: 0.233817 s
  ✓ Tempo mediano: 0.233944 s (5 run validi)
    Speedup: 68.53x, Efficienza: 69.9%
[99/128] Testing 99 threads (8000x8000)
  Cache warm-up...
  Run 1/5...
    ✓ Tempo: 0.231746 s
  Run 2/5...
    ✓ Tempo: 0.231651 s
  Run 3/5...
    ✓ Tempo: 0.231676 s
  Run 4/5...
    ✓ Tempo: 0.232001 s
  Run 5/5...
    ✓ Tempo: 0.231699 s
  ✓ Tempo mediano: 0.231699 s (5 run validi)
    Speedup: 69.19x, Efficienza: 69.9%
[100/128] Testing 100 threads (8000x8000)
  Cache warm-up...
  Run 1/5...
    ✓ Tempo: 0.228317 s
  Run 2/5...
    ✓ Tempo: 0.228542 s
  Run 3/5...
    ✓ Tempo: 0.229039 s
  Run 4/5...
    ✓ Tempo: 0.228149 s
  Run 5/5...
    ✓ Tempo: 0.228235 s
  ✓ Tempo mediano: 0.228317 s (5 run validi)
    Speedup: 70.22x, Efficienza: 70.2%
[101/128] Testing 101 threads (8000x8000)
  Cache warm-up...
  Run 1/5...
    ✓ Tempo: 0.227267 s
  Run 2/5...
    ✓ Tempo: 0.227259 s
  Run 3/5...
    ✓ Tempo: 0.227353 s
  Run 4/5...
    ✓ Tempo: 0.227953 s
  Run 5/5...
    ✓ Tempo: 0.227688 s
  ✓ Tempo mediano: 0.227353 s (5 run validi)
    Speedup: 70.52x, Efficienza: 69.8%
[102/128] Testing 102 threads (8000x8000)
  Cache warm-up...
  Run 1/5...
    ✓ Tempo: 0.227506 s
  Run 2/5...
    ✓ Tempo: 0.228228 s
  Run 3/5...
    ✓ Tempo: 0.227785 s
  Run 4/5...
    ✓ Tempo: 0.227853 s
  Run 5/5...
    ✓ Tempo: 0.227611 s
  ✓ Tempo mediano: 0.227785 s (5 run validi)
    Speedup: 70.38x, Efficienza: 69.0%
[103/128] Testing 103 threads (8000x8000)
  Cache warm-up...
  Run 1/5...
    ✓ Tempo: 0.223028 s
  Run 2/5...
    ✓ Tempo: 0.222880 s
  Run 3/5...
    ✓ Tempo: 0.223141 s
  Run 4/5...
    ✓ Tempo: 0.222951 s
  Run 5/5...
    ✓ Tempo: 0.223194 s
  ✓ Tempo mediano: 0.223028 s (5 run validi)
    Speedup: 71.88x, Efficienza: 69.8%
[104/128] Testing 104 threads (8000x8000)
  Cache warm-up...
  Run 1/5...
    ✓ Tempo: 0.222635 s
  Run 2/5...
    ✓ Tempo: 0.222463 s
  Run 3/5...
    ✓ Tempo: 0.222655 s
  Run 4/5...
    ✓ Tempo: 0.222712 s
  Run 5/5...
    ✓ Tempo: 0.222421 s
  ✓ Tempo mediano: 0.222635 s (5 run validi)
    Speedup: 72.01x, Efficienza: 69.2%
[105/128] Testing 105 threads (8000x8000)
  Cache warm-up...
  Run 1/5...
    ✓ Tempo: 0.219549 s
  Run 2/5...
    ✓ Tempo: 0.219815 s
  Run 3/5...
    ✓ Tempo: 0.220166 s
  Run 4/5...
    ✓ Tempo: 0.219545 s
  Run 5/5...
    ✓ Tempo: 0.219632 s
  ✓ Tempo mediano: 0.219632 s (5 run validi)
    Speedup: 73.00x, Efficienza: 69.5%
[106/128] Testing 106 threads (8000x8000)
  Cache warm-up...
  Run 1/5...
    ✓ Tempo: 0.216868 s
  Run 2/5...
    ✓ Tempo: 0.216897 s
  Run 3/5...
    ✓ Tempo: 0.217827 s
  Run 4/5...
    ✓ Tempo: 0.217950 s
  Run 5/5...
    ✓ Tempo: 0.217678 s
  ✓ Tempo mediano: 0.217678 s (5 run validi)
    Speedup: 73.65x, Efficienza: 69.5%
[107/128] Testing 107 threads (8000x8000)
  Cache warm-up...
  Run 1/5...
    ✓ Tempo: 0.213989 s
  Run 2/5...
    ✓ Tempo: 0.214658 s
  Run 3/5...
    ✓ Tempo: 0.214467 s
  Run 4/5...
    ✓ Tempo: 0.214599 s
  Run 5/5...
    ✓ Tempo: 0.214246 s
  ✓ Tempo mediano: 0.214467 s (5 run validi)
    Speedup: 74.75x, Efficienza: 69.9%
[108/128] Testing 108 threads (8000x8000)
  Cache warm-up...
  Run 1/5...
    ✓ Tempo: 0.212911 s
  Run 2/5...
    ✓ Tempo: 0.213016 s
  Run 3/5...
    ✓ Tempo: 0.212802 s
  Run 4/5...
    ✓ Tempo: 0.212841 s
  Run 5/5...
    ✓ Tempo: 0.212827 s
  ✓ Tempo mediano: 0.212841 s (5 run validi)
    Speedup: 75.32x, Efficienza: 69.7%
[109/128] Testing 109 threads (8000x8000)
  Cache warm-up...
  Run 1/5...
    ✓ Tempo: 0.212956 s
  Run 2/5...
    ✓ Tempo: 0.212976 s
  Run 3/5...
    ✓ Tempo: 0.213435 s
  Run 4/5...
    ✓ Tempo: 0.213499 s
  Run 5/5...
    ✓ Tempo: 0.212849 s
  ✓ Tempo mediano: 0.212976 s (5 run validi)
    Speedup: 75.28x, Efficienza: 69.1%
[110/128] Testing 110 threads (8000x8000)
  Cache warm-up...
  Run 1/5...
    ✓ Tempo: 0.211164 s
  Run 2/5...
    ✓ Tempo: 0.211105 s
  Run 3/5...
    ✓ Tempo: 0.211143 s
  Run 4/5...
    ✓ Tempo: 0.211188 s
  Run 5/5...
    ✓ Tempo: 0.210959 s
  ✓ Tempo mediano: 0.211143 s (5 run validi)
    Speedup: 75.93x, Efficienza: 69.0%
[111/128] Testing 111 threads (8000x8000)
  Cache warm-up...
  Run 1/5...
    ✓ Tempo: 0.208145 s
  Run 2/5...
    ✓ Tempo: 0.207759 s
  Run 3/5...
    ✓ Tempo: 0.207972 s
  Run 4/5...
    ✓ Tempo: 0.208028 s
  Run 5/5...
    ✓ Tempo: 0.207975 s
  ✓ Tempo mediano: 0.207975 s (5 run validi)
    Speedup: 77.09x, Efficienza: 69.4%
[112/128] Testing 112 threads (8000x8000)
  Cache warm-up...
  Run 1/5...
    ✓ Tempo: 0.208353 s
  Run 2/5...
    ✓ Tempo: 0.208513 s
  Run 3/5...
    ✓ Tempo: 0.211676 s
  Run 4/5...
    ✓ Tempo: 0.208603 s
  Run 5/5...
    ✓ Tempo: 0.208848 s
  ✓ Tempo mediano: 0.208603 s (5 run validi)
    Speedup: 76.85x, Efficienza: 68.6%
[113/128] Testing 113 threads (8000x8000)
  Cache warm-up...
  Run 1/5...
    ✓ Tempo: 0.203899 s
  Run 2/5...
    ✓ Tempo: 0.204388 s
  Run 3/5...
    ✓ Tempo: 0.204131 s
  Run 4/5...
    ✓ Tempo: 0.203895 s
  Run 5/5...
    ✓ Tempo: 0.203933 s
  ✓ Tempo mediano: 0.203933 s (5 run validi)
    Speedup: 78.61x, Efficienza: 69.6%
[114/128] Testing 114 threads (8000x8000)
  Cache warm-up...
  Run 1/5...
    ✓ Tempo: 0.203757 s
  Run 2/5...
    ✓ Tempo: 0.203697 s
  Run 3/5...
    ✓ Tempo: 0.203572 s
  Run 4/5...
    ✓ Tempo: 0.203292 s
  Run 5/5...
    ✓ Tempo: 0.203876 s
  ✓ Tempo mediano: 0.203697 s (5 run validi)
    Speedup: 78.71x, Efficienza: 69.0%
[115/128] Testing 115 threads (8000x8000)
  Cache warm-up...
  Run 1/5...
    ✓ Tempo: 0.202108 s
  Run 2/5...
    ✓ Tempo: 0.202051 s
  Run 3/5...
    ✓ Tempo: 0.202107 s
  Run 4/5...
    ✓ Tempo: 0.201856 s
  Run 5/5...
    ✓ Tempo: 0.201735 s
  ✓ Tempo mediano: 0.202051 s (5 run validi)
    Speedup: 79.35x, Efficienza: 69.0%
[116/128] Testing 116 threads (8000x8000)
  Cache warm-up...
  Run 1/5...
    ✓ Tempo: 0.199880 s
  Run 2/5...
    ✓ Tempo: 0.199551 s
  Run 3/5...
    ✓ Tempo: 0.199912 s
  Run 4/5...
    ✓ Tempo: 0.200102 s
  Run 5/5...
    ✓ Tempo: 0.200051 s
  ✓ Tempo mediano: 0.199912 s (5 run validi)
    Speedup: 80.20x, Efficienza: 69.1%
[117/128] Testing 117 threads (8000x8000)
  Cache warm-up...
  Run 1/5...
    ✓ Tempo: 0.198534 s
  Run 2/5...
    ✓ Tempo: 0.198319 s
  Run 3/5...
    ✓ Tempo: 0.198813 s
  Run 4/5...
    ✓ Tempo: 0.198573 s
  Run 5/5...
    ✓ Tempo: 0.198961 s
  ✓ Tempo mediano: 0.198573 s (5 run validi)
    Speedup: 80.74x, Efficienza: 69.0%
[118/128] Testing 118 threads (8000x8000)
  Cache warm-up...
  Run 1/5...
    ✓ Tempo: 0.198582 s
  Run 2/5...
    ✓ Tempo: 0.198201 s
  Run 3/5...
    ✓ Tempo: 0.198363 s
  Run 4/5...
    ✓ Tempo: 0.198610 s
  Run 5/5...
    ✓ Tempo: 0.198664 s
  ✓ Tempo mediano: 0.198582 s (5 run validi)
    Speedup: 80.73x, Efficienza: 68.4%
[119/128] Testing 119 threads (8000x8000)
  Cache warm-up...
  Run 1/5...
    ✓ Tempo: 0.194253 s
  Run 2/5...
    ✓ Tempo: 0.194676 s
  Run 3/5...
    ✓ Tempo: 0.194085 s
  Run 4/5...
    ✓ Tempo: 0.194154 s
  Run 5/5...
    ✓ Tempo: 0.194782 s
  ✓ Tempo mediano: 0.194253 s (5 run validi)
    Speedup: 82.53x, Efficienza: 69.4%
[120/128] Testing 120 threads (8000x8000)
  Cache warm-up...
  Run 1/5...
    ✓ Tempo: 0.193476 s
  Run 2/5...
    ✓ Tempo: 0.193462 s
  Run 3/5...
    ✓ Tempo: 0.193603 s
  Run 4/5...
    ✓ Tempo: 0.193907 s
  Run 5/5...
    ✓ Tempo: 0.193514 s
  ✓ Tempo mediano: 0.193514 s (5 run validi)
    Speedup: 82.85x, Efficienza: 69.0%
[121/128] Testing 121 threads (8000x8000)
  Cache warm-up...
  Run 1/5...
    ✓ Tempo: 0.194132 s
  Run 2/5...
    ✓ Tempo: 0.194078 s
  Run 3/5...
    ✓ Tempo: 0.194158 s
  Run 4/5...
    ✓ Tempo: 0.193930 s
  Run 5/5...
    ✓ Tempo: 0.193973 s
  ✓ Tempo mediano: 0.194078 s (5 run validi)
    Speedup: 82.61x, Efficienza: 68.3%
[122/128] Testing 122 threads (8000x8000)
  Cache warm-up...
  Run 1/5...
    ✓ Tempo: 0.189830 s
  Run 2/5...
    ✓ Tempo: 0.189466 s
  Run 3/5...
    ✓ Tempo: 0.189726 s
  Run 4/5...
    ✓ Tempo: 0.189704 s
  Run 5/5...
    ✓ Tempo: 0.190005 s
  ✓ Tempo mediano: 0.189726 s (5 run validi)
    Speedup: 84.50x, Efficienza: 69.3%
[123/128] Testing 123 threads (8000x8000)
  Cache warm-up...
  Run 1/5...
    ✓ Tempo: 0.189048 s
  Run 2/5...
    ✓ Tempo: 0.189210 s
  Run 3/5...
    ✓ Tempo: 0.189125 s
  Run 4/5...
    ✓ Tempo: 0.189454 s
  Run 5/5...
    ✓ Tempo: 0.189021 s
  ✓ Tempo mediano: 0.189125 s (5 run validi)
    Speedup: 84.77x, Efficienza: 68.9%
[124/128] Testing 124 threads (8000x8000)
  Cache warm-up...
  Run 1/5...
    ✓ Tempo: 0.189141 s
  Run 2/5...
    ✓ Tempo: 0.189291 s
  Run 3/5...
    ✓ Tempo: 0.189057 s
  Run 4/5...
    ✓ Tempo: 0.188974 s
  Run 5/5...
    ✓ Tempo: 0.189141 s
  ✓ Tempo mediano: 0.189141 s (5 run validi)
    Speedup: 84.76x, Efficienza: 68.4%
[125/128] Testing 125 threads (8000x8000)
  Cache warm-up...
  Run 1/5...
    ✓ Tempo: 0.185522 s
  Run 2/5...
    ✓ Tempo: 0.185872 s
  Run 3/5...
    ✓ Tempo: 0.185600 s
  Run 4/5...
    ✓ Tempo: 0.185462 s
  Run 5/5...
    ✓ Tempo: 0.185433 s
  ✓ Tempo mediano: 0.185522 s (5 run validi)
    Speedup: 86.42x, Efficienza: 69.1%
[126/128] Testing 126 threads (8000x8000)
  Cache warm-up...
  Run 1/5...
    ✓ Tempo: 0.184913 s
  Run 2/5...
    ✓ Tempo: 0.184621 s
  Run 3/5...
    ✓ Tempo: 0.184543 s
  Run 4/5...
    ✓ Tempo: 0.184390 s
  Run 5/5...
    ✓ Tempo: 0.184221 s
  ✓ Tempo mediano: 0.184543 s (5 run validi)
    Speedup: 86.87x, Efficienza: 68.9%
[127/128] Testing 127 threads (8000x8000)
  Cache warm-up...
  Run 1/5...
    ✓ Tempo: 0.196574 s
  Run 2/5...
    ✓ Tempo: 0.183918 s
  Run 3/5...
    ✓ Tempo: 0.183929 s
  Run 4/5...
    ✓ Tempo: 0.183485 s
  Run 5/5...
    ✓ Tempo: 0.183886 s
  ✓ Tempo mediano: 0.183918 s (5 run validi)
    Speedup: 87.17x, Efficienza: 68.6%
[128/128] Testing 128 threads (8000x8000)
  Cache warm-up...
  Run 1/5...
    ✓ Tempo: 0.184296 s
  Run 2/5...
    ✓ Tempo: 0.184151 s
  Run 3/5...
    ✓ Tempo: 0.183979 s
  Run 4/5...
    ✓ Tempo: 0.184689 s
  Run 5/5...
    ✓ Tempo: 0.184428 s
  ✓ Tempo mediano: 0.184296 s (5 run validi)
    Speedup: 86.99x, Efficienza: 68.0%

=== STRONG SCALING COMPLETATO ===
File risultati: results/omp_strong_scaling.csv
Righe generate: 129

=== SUMMARY VELOCE ===
Speedup massimo: 87.0x con 128 threads
Efficienza finale: 68.0%

=== GENERAZIONE IMMAGINE MANDELBROT ===
Creando immagine con configurazione ottimale...
Generando immagine con 127 threads (configurazione ottimale)...
1,127,2048,2048,0.031331
✓ Immagine Mandelbrot salvata: results/mandelbrot_strong.pgm
  Risoluzione: 2048x2048
  Thread usati: 127
  Iterazioni: 1000
Convertendo in PNG...
✓ Immagine PNG: results/mandelbrot_strong.png
